838.6s 334 [I 2024-01-06 10:40:23,660] Trial 0 finished with value: 0.43182836546193465 and parameters: {'topK': 1421, 'l1_ratio': 0.0003368120778609152, 'alpha': 0.029412588869919515}. Best is trial 0 with value: 0.43182836546193465.
838.8s 335 SLIMElasticNetRecommender: URM Detected 323 ( 2.6%) users with no interactions.
838.8s 336 SLIMElasticNetRecommender: URM Detected 187 ( 0.8%) items with no interactions.
1138.6s 337 SLIMElasticNetRecommender: Processed 9586 (43.1%) in 5.00 min. Items per second: 31.95
1438.6s 338 SLIMElasticNetRecommender: Processed 20000 (90.0%) in 10.00 min. Items per second: 33.33
1511.9s 339 SLIMElasticNetRecommender: Processed 22222 (100.0%) in 11.22 min. Items per second: 33.00
1525.8s 340 [I 2024-01-06 10:51:50,844] Trial 1 finished with value: 0.43224775231866247 and parameters: {'topK': 1444, 'l1_ratio': 8.487251969438844e-05, 'alpha': 0.02620278860766713}. Best is trial 1 with value: 0.43224775231866247.
1526.0s 341 SLIMElasticNetRecommender: URM Detected 323 ( 2.6%) users with no interactions.
1526.0s 342 SLIMElasticNetRecommender: URM Detected 187 ( 0.8%) items with no interactions.
1825.8s 343 SLIMElasticNetRecommender: Processed 9894 (44.5%) in 5.00 min. Items per second: 32.97
2125.8s 344 SLIMElasticNetRecommender: Processed 20475 (92.1%) in 10.00 min. Items per second: 34.12
2186.5s 345 SLIMElasticNetRecommender: Processed 22222 (100.0%) in 11.01 min. Items per second: 33.63
2200.3s 346 [I 2024-01-06 11:03:05,348] Trial 2 finished with value: 0.43234030907061144 and parameters: {'topK': 1333, 'l1_ratio': 0.00042124187439817343, 'alpha': 0.025653231329091808}. Best is trial 2 with value: 0.43234030907061144.
2200.5s 347 SLIMElasticNetRecommender: URM Detected 323 ( 2.6%) users with no interactions.
2200.5s 348 SLIMElasticNetRecommender: URM Detected 187 ( 0.8%) items with no interactions.
2500.3s 349 SLIMElasticNetRecommender: Processed 9366 (42.1%) in 5.00 min. Items per second: 31.21
2800.4s 350 SLIMElasticNetRecommender: Processed 19548 (88.0%) in 10.00 min. Items per second: 32.58
2889.1s 351 SLIMElasticNetRecommender: Processed 22222 (100.0%) in 11.48 min. Items per second: 32.26
2903.9s 352 [I 2024-01-06 11:14:48,938] Trial 3 finished with value: 0.4294759896599962 and parameters: {'topK': 2345, 'l1_ratio': 0.00044556791523338735, 'alpha': 0.0346411982448424}. Best is trial 2 with value: 0.43234030907061144.
2904.1s 353 SLIMElasticNetRecommender: URM Detected 323 ( 2.6%) users with no interactions.
2904.1s 354 SLIMElasticNetRecommender: URM Detected 187 ( 0.8%) items with no interactions.
3203.9s 355 SLIMElasticNetRecommender: Processed 9269 (41.7%) in 5.00 min. Items per second: 30.89
3503.9s 356 SLIMElasticNetRecommender: Processed 19317 (86.9%) in 10.00 min. Items per second: 32.19
3601.7s 357 SLIMElasticNetRecommender: Processed 22222 (100.0%) in 11.63 min. Items per second: 31.84
3615.1s 358 [I 2024-01-06 11:26:40,130] Trial 4 finished with value: 0.4279349164034431 and parameters: {'topK': 6723, 'l1_ratio': 0.00015670386438598153, 'alpha': 0.01329188755025942}. Best is trial 2 with value: 0.43234030907061144.
3615.3s 359 SLIMElasticNetRecommender: URM Detected 323 ( 2.6%) users with no interactions.
3615.3s 360 SLIMElasticNetRecommender: URM Detected 187 ( 0.8%) items with no interactions.
3915.1s 361 SLIMElasticNetRecommender: Processed 9337 (42.0%) in 5.00 min. Items per second: 31.12
4215.1s 362 SLIMElasticNetRecommender: Processed 19505 (87.8%) in 10.00 min. Items per second: 32.51
4305.3s 363 SLIMElasticNetRecommender: Processed 22222 (100.0%) in 11.50 min. Items per second: 32.19
4319.6s 364 [I 2024-01-06 11:38:24,720] Trial 5 finished with value: 0.43279612330481937 and parameters: {'topK': 6694, 'l1_ratio': 0.00013045499205925352, 'alpha': 0.023804011567620346}. Best is trial 5 with value: 0.43279612330481937.
4319.8s 365 SLIMElasticNetRecommender: URM Detected 323 ( 2.6%) users with no interactions.
4319.8s 366 SLIMElasticNetRecommender: URM Detected 187 ( 0.8%) items with no interactions.
4619.7s 367 SLIMElasticNetRecommender: Processed 9430 (42.4%) in 5.00 min. Items per second: 31.43
4919.7s 368 SLIMElasticNetRecommender: Processed 19633 (88.3%) in 10.00 min. Items per second: 32.72
5006.6s 369 SLIMElasticNetRecommender: Processed 22222 (100.0%) in 11.45 min. Items per second: 32.35
5020.4s 370 [I 2024-01-06 11:50:05,507] Trial 6 finished with value: 0.4308648672534142 and parameters: {'topK': 6525, 'l1_ratio': 0.00022620485743588898, 'alpha': 0.0193330378986705}. Best is trial 5 with value: 0.43279612330481937.
5020.6s 371 SLIMElasticNetRecommender: URM Detected 323 ( 2.6%) users with no interactions.
5020.6s 372 SLIMElasticNetRecommender: URM Detected 187 ( 0.8%) items with no interactions.
5320.5s 373 SLIMElasticNetRecommender: Processed 9064 (40.8%) in 5.00 min. Items per second: 30.21
5620.5s 374 SLIMElasticNetRecommender: Processed 19040 (85.7%) in 10.00 min. Items per second: 31.73
5726.9s 375 SLIMElasticNetRecommender: Processed 22222 (100.0%) in 11.77 min. Items per second: 31.45
5741.1s 376 [I 2024-01-06 12:02:06,218] Trial 7 finished with value: 0.43103165886121797 and parameters: {'topK': 4647, 'l1_ratio': 4.6396492505278836e-05, 'alpha': 0.021638996944328068}. Best is trial 5 with value: 0.43279612330481937.
5741.3s 377 SLIMElasticNetRecommender: URM Detected 323 ( 2.6%) users with no interactions.
5741.3s 378 SLIMElasticNetRecommender: URM Detected 187 ( 0.8%) items with no interactions.
6041.2s 379 SLIMElasticNetRecommender: Processed 9194 (41.4%) in 5.00 min. Items per second: 30.64
6341.2s 380 SLIMElasticNetRecommender: Processed 19351 (87.1%) in 10.00 min. Items per second: 32.25
6436.5s 381 SLIMElasticNetRecommender: Processed 22222 (100.0%) in 11.59 min. Items per second: 31.96
6451.6s 382 [I 2024-01-06 12:13:56,723] Trial 8 finished with value: 0.43035621276590663 and parameters: {'topK': 5778, 'l1_ratio': 8.336599714871639e-05, 'alpha': 0.03467187465483611}. Best is trial 5 with value: 0.43279612330481937.
6451.9s 383 SLIMElasticNetRecommender: URM Detected 323 ( 2.6%) users with no interactions.
6451.9s 384 SLIMElasticNetRecommender: URM Detected 187 ( 0.8%) items with no interactions.
6751.7s 385 SLIMElasticNetRecommender: Processed 9292 (41.8%) in 5.00 min. Items per second: 30.97
7051.7s 386 SLIMElasticNetRecommender: Processed 19417 (87.4%) in 10.00 min. Items per second: 32.36
7145.7s 387 SLIMElasticNetRecommender: Processed 22222 (100.0%) in 11.57 min. Items per second: 32.02
7159.7s 388 [I 2024-01-06 12:25:44,786] Trial 9 finished with value: 0.4308493569471204 and parameters: {'topK': 5311, 'l1_ratio': 0.0003261452238040304, 'alpha': 0.0195941583232826}. Best is trial 5 with value: 0.43279612330481937.
7159.9s 389 SLIMElasticNetRecommender: URM Detected 323 ( 2.6%) users with no interactions.
7159.9s 390 SLIMElasticNetRecommender: URM Detected 187 ( 0.8%) items with no interactions.
7459.8s 391 SLIMElasticNetRecommender: Processed 9353 (42.1%) in 5.00 min. Items per second: 31.17
7759.8s 392 SLIMElasticNetRecommender: Processed 19402 (87.3%) in 10.00 min. Items per second: 32.33
7855.0s 393 SLIMElasticNetRecommender: Processed 22222 (100.0%) in 11.59 min. Items per second: 31.96
7868.1s 394 [I 2024-01-06 12:37:33,173] Trial 10 finished with value: 0.4248611598013252 and parameters: {'topK': 3536, 'l1_ratio': 0.0001949509351422953, 'alpha': 0.011411266544061608}. Best is trial 5 with value: 0.43279612330481937.
7868.3s 395 SLIMElasticNetRecommender: URM Detected 323 ( 2.6%) users with no interactions.
7868.3s 396 SLIMElasticNetRecommender: URM Detected 187 ( 0.8%) items with no interactions.
8168.2s 397 SLIMElasticNetRecommender: Processed 9453 (42.5%) in 5.00 min. Items per second: 31.51
8468.2s 398 SLIMElasticNetRecommender: Processed 19759 (88.9%) in 10.00 min. Items per second: 32.93
8550.7s 399 SLIMElasticNetRecommender: Processed 22222 (100.0%) in 11.38 min. Items per second: 32.56
8565.0s 400 [I 2024-01-06 12:49:10,101] Trial 11 finished with value: 0.4313828758081089 and parameters: {'topK': 3106, 'l1_ratio': 0.00046874136728401603, 'alpha': 0.02741721455481865}. Best is trial 5 with value: 0.43279612330481937.
8565.2s 401 SLIMElasticNetRecommender: URM Detected 323 ( 2.6%) users with no interactions.
8565.2s 402 SLIMElasticNetRecommender: URM Detected 187 ( 0.8%) items with no interactions.
8865.1s 403 SLIMElasticNetRecommender: Processed 9588 (43.1%) in 5.00 min. Items per second: 31.95
9165.1s 404 SLIMElasticNetRecommender: Processed 19769 (89.0%) in 10.00 min. Items per second: 32.94
9248.8s 405 SLIMElasticNetRecommender: Processed 22222 (100.0%) in 11.39 min. Items per second: 32.50
9261.8s 406 [I 2024-01-06 13:00:46,928] Trial 12 finished with value: 0.4294386367052493 and parameters: {'topK': 806, 'l1_ratio': 0.00032216678402457294, 'alpha': 0.02344751735508514}. Best is trial 5 with value: 0.43279612330481937.
9262.1s 407 SLIMElasticNetRecommender: URM Detected 323 ( 2.6%) users with no interactions.
9262.1s 408 SLIMElasticNetRecommender: URM Detected 187 ( 0.8%) items with no interactions.
9561.9s 409 SLIMElasticNetRecommender: Processed 9162 (41.2%) in 5.00 min. Items per second: 30.54
9862.0s 410 SLIMElasticNetRecommender: Processed 19158 (86.2%) in 10.00 min. Items per second: 31.93
9965.5s 411 SLIMElasticNetRecommender: Processed 22222 (100.0%) in 11.73 min. Items per second: 31.58
9979.1s 412 [I 2024-01-06 13:12:44,191] Trial 13 finished with value: 0.42903104555784355 and parameters: {'topK': 4404, 'l1_ratio': 0.0001392944523632681, 'alpha': 0.016423144364480703}. Best is trial 5 with value: 0.43279612330481937.
9979.3s 413 SLIMElasticNetRecommender: URM Detected 323 ( 2.6%) users with no interactions.
9979.3s 414 SLIMElasticNetRecommender: URM Detected 187 ( 0.8%) items with no interactions.
10279.2s 415 SLIMElasticNetRecommender: Processed 9273 (41.7%) in 5.00 min. Items per second: 30.91
10579.3s 416 SLIMElasticNetRecommender: Processed 19436 (87.5%) in 10.00 min. Items per second: 32.38
10672.0s 417 SLIMElasticNetRecommender: Processed 22222 (100.0%) in 11.55 min. Items per second: 32.07
10686.7s 418 [I 2024-01-06 13:24:31,748] Trial 14 finished with value: 0.42953140390188943 and parameters: {'topK': 2930, 'l1_ratio': 0.0003815983548181886, 'alpha': 0.03092515627756532}. Best is trial 5 with value: 0.43279612330481937.
10686.9s 419 SLIMElasticNetRecommender: URM Detected 323 ( 2.6%) users with no interactions.
10686.9s 420 SLIMElasticNetRecommender: URM Detected 187 ( 0.8%) items with no interactions.
10986.7s 421 SLIMElasticNetRecommender: Processed 9291 (41.8%) in 5.00 min. Items per second: 30.97
11286.8s 422 SLIMElasticNetRecommender: Processed 19419 (87.4%) in 10.00 min. Items per second: 32.36
11380.8s 423 SLIMElasticNetRecommender: Processed 22222 (100.0%) in 11.57 min. Items per second: 32.01
11395.0s 424 [I 2024-01-06 13:36:20,050] Trial 15 finished with value: 0.4319224897116453 and parameters: {'topK': 2258, 'l1_ratio': 0.0002644936762263956, 'alpha': 0.024349213115333963}. Best is trial 5 with value: 0.43279612330481937.
11395.2s 425 SLIMElasticNetRecommender: URM Detected 323 ( 2.6%) users with no interactions.
11395.2s 426 SLIMElasticNetRecommender: URM Detected 187 ( 0.8%) items with no interactions.
11695.1s 427 SLIMElasticNetRecommender: Processed 9308 (41.9%) in 5.00 min. Items per second: 31.02
11995.1s 428 SLIMElasticNetRecommender: Processed 19532 (87.9%) in 10.00 min. Items per second: 32.55
12084.1s 429 SLIMElasticNetRecommender: Processed 22222 (100.0%) in 11.48 min. Items per second: 32.25
12099.0s 430 [I 2024-01-06 13:48:04,057] Trial 16 finished with value: 0.4296979504784688 and parameters: {'topK': 5873, 'l1_ratio': 0.00041645475230272795, 'alpha': 0.030455777245443492}. Best is trial 5 with value: 0.43279612330481937.
12099.2s 431 SLIMElasticNetRecommender: URM Detected 323 ( 2.6%) users with no interactions.
12099.2s 432 SLIMElasticNetRecommender: URM Detected 187 ( 0.8%) items with no interactions.
12399.0s 433 SLIMElasticNetRecommender: Processed 9294 (41.8%) in 5.00 min. Items per second: 30.98
12699.1s 434 SLIMElasticNetRecommender: Processed 19342 (87.0%) in 10.00 min. Items per second: 32.23
12796.4s 435 SLIMElasticNetRecommender: Processed 22222 (100.0%) in 11.62 min. Items per second: 31.87
12810.0s 436 [I 2024-01-06 13:59:55,086] Trial 17 finished with value: 0.42948446602687407 and parameters: {'topK': 4056, 'l1_ratio': 0.0002654023217683654, 'alpha': 0.01698089436683235}. Best is trial 5 with value: 0.43279612330481937.
12810.2s 437 SLIMElasticNetRecommender: URM Detected 323 ( 2.6%) users with no interactions.
12810.2s 438 SLIMElasticNetRecommender: URM Detected 187 ( 0.8%) items with no interactions.
13110.1s 439 SLIMElasticNetRecommender: Processed 9216 (41.5%) in 5.00 min. Items per second: 30.71
13410.1s 440 SLIMElasticNetRecommender: Processed 19360 (87.1%) in 10.00 min. Items per second: 32.26
13505.7s 441 SLIMElasticNetRecommender: Processed 22222 (100.0%) in 11.59 min. Items per second: 31.94
13520.2s 442 [I 2024-01-06 14:11:45,255] Trial 18 finished with value: 0.4319746203209362 and parameters: {'topK': 6991, 'l1_ratio': 0.0001387996427576088, 'alpha': 0.026763578293228743}. Best is trial 5 with value: 0.43279612330481937.
13520.4s 443 SLIMElasticNetRecommender: URM Detected 323 ( 2.6%) users with no interactions.
13520.4s 444 SLIMElasticNetRecommender: URM Detected 187 ( 0.8%) items with no interactions.
13820.3s 445 SLIMElasticNetRecommender: Processed 8283 (37.3%) in 5.00 min. Items per second: 27.60
14120.3s 446 SLIMElasticNetRecommender: Processed 17660 (79.5%) in 10.00 min. Items per second: 29.43
14276.3s 447 SLIMElasticNetRecommender: Processed 22222 (100.0%) in 12.60 min. Items per second: 29.39
14290.5s 448 [I 2024-01-06 14:24:35,584] Trial 19 finished with value: 0.4304434244482554 and parameters: {'topK': 4745, 'l1_ratio': 9.425035715054217e-06, 'alpha': 0.021170544175979886}. Best is trial 5 with value: 0.43279612330481937.
14290.7s 449 SLIMElasticNetRecommender: URM Detected 323 ( 2.6%) users with no interactions.
14290.7s 450 SLIMElasticNetRecommender: URM Detected 187 ( 0.8%) items with no interactions.
14590.6s 451 SLIMElasticNetRecommender: Processed 9475 (42.6%) in 5.00 min. Items per second: 31.58
14890.6s 452 SLIMElasticNetRecommender: Processed 19563 (88.0%) in 10.00 min. Items per second: 32.60
14980.2s 453 SLIMElasticNetRecommender: Processed 22222 (100.0%) in 11.49 min. Items per second: 32.22
14994.7s 454 [I 2024-01-06 14:36:19,764] Trial 20 finished with value: 0.4320802893797146 and parameters: {'topK': 2229, 'l1_ratio': 0.0003905583419670769, 'alpha': 0.024637807661616655}. Best is trial 5 with value: 0.43279612330481937.
14994.9s 455 SLIMElasticNetRecommender: URM Detected 323 ( 2.6%) users with no interactions.
14994.9s 456 SLIMElasticNetRecommender: URM Detected 187 ( 0.8%) items with no interactions.
15294.8s 457 SLIMElasticNetRecommender: Processed 9158 (41.2%) in 5.00 min. Items per second: 30.52
15594.8s 458 SLIMElasticNetRecommender: Processed 19093 (85.9%) in 10.00 min. Items per second: 31.82
15699.2s 459 SLIMElasticNetRecommender: Processed 22222 (100.0%) in 11.74 min. Items per second: 31.54
15713.0s 460 [I 2024-01-06 14:48:18,043] Trial 21 finished with value: 0.4326242274787117 and parameters: {'topK': 1272, 'l1_ratio': 8.252886204221298e-05, 'alpha': 0.02692338187662506}. Best is trial 5 with value: 0.43279612330481937.
15713.2s 461 SLIMElasticNetRecommender: URM Detected 323 ( 2.6%) users with no interactions.
15713.2s 462 SLIMElasticNetRecommender: URM Detected 187 ( 0.8%) items with no interactions.
16013.0s 463 SLIMElasticNetRecommender: Processed 9363 (42.1%) in 5.00 min. Items per second: 31.20
16313.1s 464 SLIMElasticNetRecommender: Processed 19494 (87.7%) in 10.00 min. Items per second: 32.49
16404.0s 465 SLIMElasticNetRecommender: Processed 22222 (100.0%) in 11.52 min. Items per second: 32.16
16417.5s 466 [I 2024-01-06 15:00:02,556] Trial 22 finished with value: 0.4298796169385043 and parameters: {'topK': 813, 'l1_ratio': 9.071485627846473e-05, 'alpha': 0.02906109720603651}. Best is trial 5 with value: 0.43279612330481937.
16417.7s 467 SLIMElasticNetRecommender: URM Detected 323 ( 2.6%) users with no interactions.
16417.7s 468 SLIMElasticNetRecommender: URM Detected 187 ( 0.8%) items with no interactions.
16717.6s 469 SLIMElasticNetRecommender: Processed 9369 (42.2%) in 5.00 min. Items per second: 31.22
17017.6s 470 SLIMElasticNetRecommender: Processed 19507 (87.8%) in 10.00 min. Items per second: 32.51
17109.0s 471 SLIMElasticNetRecommender: Processed 22222 (100.0%) in 11.52 min. Items per second: 32.14
17123.8s 472 [I 2024-01-06 15:11:48,922] Trial 23 finished with value: 0.4294274656495047 and parameters: {'topK': 1648, 'l1_ratio': 0.0004954181408404914, 'alpha': 0.0319148417035993}. Best is trial 5 with value: 0.43279612330481937.
17124.1s 473 SLIMElasticNetRecommender: URM Detected 323 ( 2.6%) users with no interactions.
17124.1s 474 SLIMElasticNetRecommender: URM Detected 187 ( 0.8%) items with no interactions.
17423.9s 475 SLIMElasticNetRecommender: Processed 9141 (41.1%) in 5.00 min. Items per second: 30.46
17723.9s 476 SLIMElasticNetRecommender: Processed 19072 (85.8%) in 10.00 min. Items per second: 31.78
17829.9s 477 SLIMElasticNetRecommender: Processed 22222 (100.0%) in 11.77 min. Items per second: 31.47
17844.6s 478 [I 2024-01-06 15:23:49,653] Trial 24 finished with value: 0.43193974917915656 and parameters: {'topK': 2985, 'l1_ratio': 0.00018679030191745706, 'alpha': 0.025679600073716755}. Best is trial 5 with value: 0.43279612330481937.
17844.8s 479 SLIMElasticNetRecommender: URM Detected 323 ( 2.6%) users with no interactions.
17844.8s 480 SLIMElasticNetRecommender: URM Detected 187 ( 0.8%) items with no interactions.
18144.6s 481 SLIMElasticNetRecommender: Processed 8014 (36.1%) in 5.00 min. Items per second: 26.71
18444.7s 482 SLIMElasticNetRecommender: Processed 17119 (77.0%) in 10.00 min. Items per second: 28.53
18621.3s 483 SLIMElasticNetRecommender: Processed 22222 (100.0%) in 12.95 min. Items per second: 28.61
18635.8s 484 [I 2024-01-06 15:37:00,900] Trial 25 finished with value: 0.43278737174748794 and parameters: {'topK': 1660, 'l1_ratio': 5.617681568500013e-06, 'alpha': 0.027748252870859497}. Best is trial 5 with value: 0.43279612330481937.
18636.0s 485 SLIMElasticNetRecommender: URM Detected 323 ( 2.6%) users with no interactions.
18636.0s 486 SLIMElasticNetRecommender: URM Detected 187 ( 0.8%) items with no interactions.
18936.0s 487 SLIMElasticNetRecommender: Processed 8669 (39.0%) in 5.00 min. Items per second: 28.88
19236.0s 488 SLIMElasticNetRecommender: Processed 18341 (82.5%) in 10.00 min. Items per second: 30.56
19366.1s 489 SLIMElasticNetRecommender: Processed 22222 (100.0%) in 12.17 min. Items per second: 30.43
19380.4s 490 [I 2024-01-06 15:49:25,485] Trial 26 finished with value: 0.43274373910384273 and parameters: {'topK': 1779, 'l1_ratio': 2.2556142498973747e-05, 'alpha': 0.027626828417093335}. Best is trial 5 with value: 0.43279612330481937.
19380.6s 491 SLIMElasticNetRecommender: URM Detected 323 ( 2.6%) users with no interactions.
19380.6s 492 SLIMElasticNetRecommender: URM Detected 187 ( 0.8%) items with no interactions.
19680.5s 493 SLIMElasticNetRecommender: Processed 7979 (35.9%) in 5.00 min. Items per second: 26.59
19980.5s 494 SLIMElasticNetRecommender: Processed 17072 (76.8%) in 10.00 min. Items per second: 28.45
20157.9s 495 SLIMElasticNetRecommender: Processed 22222 (100.0%) in 12.96 min. Items per second: 28.58
20172.1s 496 [I 2024-01-06 16:02:37,219] Trial 27 finished with value: 0.43221786061943285 and parameters: {'topK': 1993, 'l1_ratio': 5.172795773639052e-06, 'alpha': 0.02814597200626133}. Best is trial 5 with value: 0.43279612330481937.
20172.4s 497 SLIMElasticNetRecommender: URM Detected 323 ( 2.6%) users with no interactions.
20172.4s 498 SLIMElasticNetRecommender: URM Detected 187 ( 0.8%) items with no interactions.
20472.2s 499 SLIMElasticNetRecommender: Processed 9015 (40.6%) in 5.00 min. Items per second: 30.05
20772.2s 500 SLIMElasticNetRecommender: Processed 18997 (85.5%) in 10.00 min. Items per second: 31.66
20879.1s 501 SLIMElasticNetRecommender: Processed 22222 (100.0%) in 11.78 min. Items per second: 31.44
20893.8s 502 [I 2024-01-06 16:14:38,888] Trial 28 finished with value: 0.43115158133165254 and parameters: {'topK': 3455, 'l1_ratio': 4.594368263173319e-05, 'alpha': 0.03209478396026479}. Best is trial 5 with value: 0.43279612330481937.
20894.0s 503 SLIMElasticNetRecommender: URM Detected 323 ( 2.6%) users with no interactions.
20894.0s 504 SLIMElasticNetRecommender: URM Detected 187 ( 0.8%) items with no interactions.
21193.9s 505 SLIMElasticNetRecommender: Processed 8993 (40.5%) in 5.00 min. Items per second: 29.97
21493.9s 506 SLIMElasticNetRecommender: Processed 18943 (85.2%) in 10.00 min. Items per second: 31.57
21604.6s 507 SLIMElasticNetRecommender: Processed 22222 (100.0%) in 11.85 min. Items per second: 31.26
21619.0s 508 [I 2024-01-06 16:26:44,045] Trial 29 finished with value: 0.4312411987405785 and parameters: {'topK': 2645, 'l1_ratio': 4.375883309577427e-05, 'alpha': 0.02257010087719728}. Best is trial 5 with value: 0.43279612330481937.
21619.2s 509 SLIMElasticNetRecommender: URM Detected 323 ( 2.6%) users with no interactions.
21619.2s 510 SLIMElasticNetRecommender: URM Detected 187 ( 0.8%) items with no interactions.
21919.0s 511 SLIMElasticNetRecommender: Processed 9228 (41.5%) in 5.00 min. Items per second: 30.76
22219.0s 512 SLIMElasticNetRecommender: Processed 19384 (87.2%) in 10.00 min. Items per second: 32.30
22313.8s 513 SLIMElasticNetRecommender: Processed 22222 (100.0%) in 11.58 min. Items per second: 31.99
