22328.1s 514 [I 2024-01-06 16:38:33,186] Trial 30 finished with value: 0.43238315021313606 and parameters: {'topK': 1827, 'l1_ratio': 0.00011036277971148445, 'alpha': 0.02920695071179151}. Best is trial 5 with value: 0.43279612330481937.
22328.3s 515 SLIMElasticNetRecommender: URM Detected 323 ( 2.6%) users with no interactions.
22328.3s 516 SLIMElasticNetRecommender: URM Detected 187 ( 0.8%) items with no interactions.
22628.2s 517 SLIMElasticNetRecommender: Processed 9102 (41.0%) in 5.00 min. Items per second: 30.34
22928.2s 518 SLIMElasticNetRecommender: Processed 19088 (85.9%) in 10.00 min. Items per second: 31.81
23032.7s 519 SLIMElasticNetRecommender: Processed 22222 (100.0%) in 11.74 min. Items per second: 31.54
23046.4s 520 [I 2024-01-06 16:50:31,503] Trial 31 finished with value: 0.43223804617918477 and parameters: {'topK': 1096, 'l1_ratio': 3.95734491059831e-05, 'alpha': 0.028491648689873646}. Best is trial 5 with value: 0.43279612330481937.
23046.7s 521 SLIMElasticNetRecommender: URM Detected 323 ( 2.6%) users with no interactions.
23046.7s 522 SLIMElasticNetRecommender: URM Detected 187 ( 0.8%) items with no interactions.
23346.5s 523 SLIMElasticNetRecommender: Processed 9298 (41.8%) in 5.00 min. Items per second: 30.99
23646.5s 524 SLIMElasticNetRecommender: Processed 19410 (87.3%) in 10.00 min. Items per second: 32.35
23740.8s 525 SLIMElasticNetRecommender: Processed 22222 (100.0%) in 11.57 min. Items per second: 32.00
23754.5s 526 [I 2024-01-06 17:02:19,623] Trial 32 finished with value: 0.4312018101545651 and parameters: {'topK': 1351, 'l1_ratio': 7.705532866784798e-05, 'alpha': 0.02425849062318078}. Best is trial 5 with value: 0.43279612330481937.
23754.8s 527 SLIMElasticNetRecommender: URM Detected 323 ( 2.6%) users with no interactions.
23754.8s 528 SLIMElasticNetRecommender: URM Detected 187 ( 0.8%) items with no interactions.
24054.6s 529 SLIMElasticNetRecommender: Processed 9365 (42.1%) in 5.00 min. Items per second: 31.21
24354.6s 530 SLIMElasticNetRecommender: Processed 19502 (87.8%) in 10.00 min. Items per second: 32.50
24445.4s 531 SLIMElasticNetRecommender: Processed 22222 (100.0%) in 11.51 min. Items per second: 32.17
24459.6s 532 [I 2024-01-06 17:14:04,636] Trial 33 finished with value: 0.4319458816455168 and parameters: {'topK': 1462, 'l1_ratio': 0.00011219384935341964, 'alpha': 0.02655154516929584}. Best is trial 5 with value: 0.43279612330481937.
24459.8s 533 SLIMElasticNetRecommender: URM Detected 323 ( 2.6%) users with no interactions.
24459.8s 534 SLIMElasticNetRecommender: URM Detected 187 ( 0.8%) items with no interactions.
24759.7s 535 SLIMElasticNetRecommender: Processed 8850 (39.8%) in 5.00 min. Items per second: 29.49
25059.7s 536 SLIMElasticNetRecommender: Processed 18680 (84.1%) in 10.00 min. Items per second: 31.13
25177.7s 537 SLIMElasticNetRecommender: Processed 22222 (100.0%) in 11.97 min. Items per second: 30.95
25192.4s 538 [I 2024-01-06 17:26:17,505] Trial 34 finished with value: 0.4311127981247883 and parameters: {'topK': 2595, 'l1_ratio': 2.1725206135634894e-05, 'alpha': 0.032811522674867095}. Best is trial 5 with value: 0.43279612330481937.
25192.7s 539 SLIMElasticNetRecommender: URM Detected 323 ( 2.6%) users with no interactions.
25192.7s 540 SLIMElasticNetRecommender: URM Detected 187 ( 0.8%) items with no interactions.
25492.5s 541 SLIMElasticNetRecommender: Processed 9160 (41.2%) in 5.00 min. Items per second: 30.53
25792.5s 542 SLIMElasticNetRecommender: Processed 19188 (86.3%) in 10.00 min. Items per second: 31.98
25893.3s 543 SLIMElasticNetRecommender: Processed 22222 (100.0%) in 11.68 min. Items per second: 31.71
25907.4s 544 [I 2024-01-06 17:38:12,508] Trial 35 finished with value: 0.43205676639294543 and parameters: {'topK': 1964, 'l1_ratio': 6.838405518898408e-05, 'alpha': 0.025331208932732358}. Best is trial 5 with value: 0.43279612330481937.
25907.7s 545 SLIMElasticNetRecommender: URM Detected 323 ( 2.6%) users with no interactions.
25907.7s 546 SLIMElasticNetRecommender: URM Detected 187 ( 0.8%) items with no interactions.
26207.5s 547 SLIMElasticNetRecommender: Processed 9366 (42.1%) in 5.00 min. Items per second: 31.21
26507.5s 548 SLIMElasticNetRecommender: Processed 19520 (87.8%) in 10.00 min. Items per second: 32.53
26598.0s 549 SLIMElasticNetRecommender: Processed 22222 (100.0%) in 11.51 min. Items per second: 32.18
26612.2s 550 [I 2024-01-06 17:49:57,262] Trial 36 finished with value: 0.43224456984762333 and parameters: {'topK': 1280, 'l1_ratio': 0.00011569551217242164, 'alpha': 0.02746420988139797}. Best is trial 5 with value: 0.43279612330481937.
26612.4s 551 SLIMElasticNetRecommender: URM Detected 323 ( 2.6%) users with no interactions.
26612.4s 552 SLIMElasticNetRecommender: URM Detected 187 ( 0.8%) items with no interactions.
26912.3s 553 SLIMElasticNetRecommender: Processed 9287 (41.8%) in 5.00 min. Items per second: 30.95
27212.3s 554 SLIMElasticNetRecommender: Processed 19456 (87.6%) in 10.00 min. Items per second: 32.42
27304.2s 555 SLIMElasticNetRecommender: Processed 22222 (100.0%) in 11.53 min. Items per second: 32.11
27319.1s 556 [I 2024-01-06 18:01:44,168] Trial 37 finished with value: 0.43058813323003886 and parameters: {'topK': 6026, 'l1_ratio': 0.0001873547074496004, 'alpha': 0.03003414290675192}. Best is trial 5 with value: 0.43279612330481937.
27319.3s 557 SLIMElasticNetRecommender: URM Detected 323 ( 2.6%) users with no interactions.
27319.3s 558 SLIMElasticNetRecommender: URM Detected 187 ( 0.8%) items with no interactions.
27619.3s 559 SLIMElasticNetRecommender: Processed 9126 (41.1%) in 5.00 min. Items per second: 30.41
27919.2s 560 SLIMElasticNetRecommender: Processed 19206 (86.4%) in 10.00 min. Items per second: 32.01
28019.0s 561 SLIMElasticNetRecommender: Processed 22222 (100.0%) in 11.66 min. Items per second: 31.75
28033.1s 562 [I 2024-01-06 18:13:38,133] Trial 38 finished with value: 0.4318069992612266 and parameters: {'topK': 5182, 'l1_ratio': 6.738943569485221e-05, 'alpha': 0.022849816901020153}. Best is trial 5 with value: 0.43279612330481937.
28033.3s 563 SLIMElasticNetRecommender: URM Detected 323 ( 2.6%) users with no interactions.
28033.3s 564 SLIMElasticNetRecommender: URM Detected 187 ( 0.8%) items with no interactions.
28333.1s 565 SLIMElasticNetRecommender: Processed 9596 (43.2%) in 5.00 min. Items per second: 31.98
28633.1s 566 SLIMElasticNetRecommender: Processed 19831 (89.2%) in 10.00 min. Items per second: 33.05
28713.9s 567 SLIMElasticNetRecommender: Processed 22222 (100.0%) in 11.35 min. Items per second: 32.64
28727.0s 568 [I 2024-01-06 18:25:12,066] Trial 39 finished with value: 0.4296105563642463 and parameters: {'topK': 1084, 'l1_ratio': 0.0001566439322467639, 'alpha': 0.019829920322257846}. Best is trial 5 with value: 0.43279612330481937.
28727.2s 569 SLIMElasticNetRecommender: URM Detected 323 ( 2.6%) users with no interactions.
28727.2s 570 SLIMElasticNetRecommender: URM Detected 187 ( 0.8%) items with no interactions.
29027.1s 571 SLIMElasticNetRecommender: Processed 8988 (40.4%) in 5.00 min. Items per second: 29.96
29327.1s 572 SLIMElasticNetRecommender: Processed 19017 (85.6%) in 10.00 min. Items per second: 31.69
29433.1s 573 SLIMElasticNetRecommender: Processed 22222 (100.0%) in 11.77 min. Items per second: 31.47
29447.4s 574 [I 2024-01-06 18:37:12,499] Trial 40 finished with value: 0.43259394025457387 and parameters: {'topK': 6289, 'l1_ratio': 3.2914856525374874e-05, 'alpha': 0.025757310226752456}. Best is trial 5 with value: 0.43279612330481937.
29447.6s 575 SLIMElasticNetRecommender: URM Detected 323 ( 2.6%) users with no interactions.
29447.6s 576 SLIMElasticNetRecommender: URM Detected 187 ( 0.8%) items with no interactions.
29747.6s 577 SLIMElasticNetRecommender: Processed 8964 (40.3%) in 5.00 min. Items per second: 29.87
30047.6s 578 SLIMElasticNetRecommender: Processed 18948 (85.3%) in 10.00 min. Items per second: 31.57
30155.8s 579 SLIMElasticNetRecommender: Processed 22222 (100.0%) in 11.80 min. Items per second: 31.37
30170.2s 580 [I 2024-01-06 18:49:15,232] Trial 41 finished with value: 0.4327709677375616 and parameters: {'topK': 6466, 'l1_ratio': 2.6306947189050255e-05, 'alpha': 0.025587622166106355}. Best is trial 5 with value: 0.43279612330481937.
30170.4s 581 SLIMElasticNetRecommender: URM Detected 323 ( 2.6%) users with no interactions.
30170.4s 582 SLIMElasticNetRecommender: URM Detected 187 ( 0.8%) items with no interactions.
30470.2s 583 SLIMElasticNetRecommender: Processed 9212 (41.5%) in 5.00 min. Items per second: 30.70
30770.2s 584 SLIMElasticNetRecommender: Processed 19408 (87.3%) in 10.00 min. Items per second: 32.34
30863.9s 585 SLIMElasticNetRecommender: Processed 22222 (100.0%) in 11.56 min. Items per second: 32.03
30878.4s 586 [I 2024-01-06 19:01:03,452] Trial 42 finished with value: 0.43184063007228457 and parameters: {'topK': 6593, 'l1_ratio': 6.663716559730782e-05, 'alpha': 0.027719867282801725}. Best is trial 5 with value: 0.43279612330481937.
30878.6s 587 SLIMElasticNetRecommender: URM Detected 323 ( 2.6%) users with no interactions.
30878.6s 588 SLIMElasticNetRecommender: URM Detected 187 ( 0.8%) items with no interactions.
31178.4s 589 SLIMElasticNetRecommender: Processed 9360 (42.1%) in 5.00 min. Items per second: 31.20
31478.5s 590 SLIMElasticNetRecommender: Processed 19556 (88.0%) in 10.00 min. Items per second: 32.59
31567.1s 591 SLIMElasticNetRecommender: Processed 22222 (100.0%) in 11.48 min. Items per second: 32.27
31581.0s 592 [I 2024-01-06 19:12:46,100] Trial 43 finished with value: 0.43067467057687203 and parameters: {'topK': 5410, 'l1_ratio': 9.985994481831383e-05, 'alpha': 0.020469601491583975}. Best is trial 5 with value: 0.43279612330481937.
31581.3s 593 SLIMElasticNetRecommender: URM Detected 323 ( 2.6%) users with no interactions.
31581.3s 594 SLIMElasticNetRecommender: URM Detected 187 ( 0.8%) items with no interactions.
31881.1s 595 SLIMElasticNetRecommender: Processed 8747 (39.4%) in 5.00 min. Items per second: 29.15
32181.1s 596 SLIMElasticNetRecommender: Processed 18527 (83.4%) in 10.00 min. Items per second: 30.87
32305.1s 597 SLIMElasticNetRecommender: Processed 22222 (100.0%) in 12.07 min. Items per second: 30.69
32318.8s 598 [I 2024-01-06 19:25:03,902] Trial 44 finished with value: 0.4301982885411264 and parameters: {'topK': 6158, 'l1_ratio': 2.171371823656072e-05, 'alpha': 0.018158799759979062}. Best is trial 5 with value: 0.43279612330481937.
32319.1s 599 SLIMElasticNetRecommender: URM Detected 323 ( 2.6%) users with no interactions.
32319.1s 600 SLIMElasticNetRecommender: URM Detected 187 ( 0.8%) items with no interactions.
32618.9s 601 SLIMElasticNetRecommender: Processed 9230 (41.5%) in 5.00 min. Items per second: 30.76
32918.9s 602 SLIMElasticNetRecommender: Processed 19327 (87.0%) in 10.00 min. Items per second: 32.21
33015.8s 603 SLIMElasticNetRecommender: Processed 22222 (100.0%) in 11.62 min. Items per second: 31.88
33030.1s 604 [I 2024-01-06 19:36:55,211] Trial 45 finished with value: 0.4326878556097416 and parameters: {'topK': 6865, 'l1_ratio': 6.373985510085908e-05, 'alpha': 0.023526116497838853}. Best is trial 5 with value: 0.43279612330481937.
33030.4s 605 SLIMElasticNetRecommender: URM Detected 323 ( 2.6%) users with no interactions.
33030.4s 606 SLIMElasticNetRecommender: URM Detected 187 ( 0.8%) items with no interactions.
33330.2s 607 SLIMElasticNetRecommender: Processed 9200 (41.4%) in 5.00 min. Items per second: 30.66
33630.3s 608 SLIMElasticNetRecommender: Processed 19364 (87.1%) in 10.00 min. Items per second: 32.27
33724.8s 609 SLIMElasticNetRecommender: Processed 22222 (100.0%) in 11.58 min. Items per second: 31.99
33738.8s 610 [I 2024-01-06 19:48:43,900] Trial 46 finished with value: 0.4315511875853608 and parameters: {'topK': 6921, 'l1_ratio': 6.173522503605552e-05, 'alpha': 0.02176229515215827}. Best is trial 5 with value: 0.43279612330481937.
33739.1s 611 SLIMElasticNetRecommender: URM Detected 323 ( 2.6%) users with no interactions.
33739.1s 612 SLIMElasticNetRecommender: URM Detected 187 ( 0.8%) items with no interactions.
34038.9s 613 SLIMElasticNetRecommender: Processed 8349 (37.6%) in 5.00 min. Items per second: 27.83
34338.9s 614 SLIMElasticNetRecommender: Processed 17810 (80.1%) in 10.00 min. Items per second: 29.68
34488.1s 615 SLIMElasticNetRecommender: Processed 22222 (100.0%) in 12.49 min. Items per second: 29.66
34502.3s 616 [I 2024-01-06 20:01:27,403] Trial 47 finished with value: 0.4324510163545934 and parameters: {'topK': 6413, 'l1_ratio': 8.11430429960889e-06, 'alpha': 0.02371091831961522}. Best is trial 5 with value: 0.43279612330481937.
34502.6s 617 SLIMElasticNetRecommender: URM Detected 323 ( 2.6%) users with no interactions.
34502.6s 618 SLIMElasticNetRecommender: URM Detected 187 ( 0.8%) items with no interactions.
34802.4s 619 SLIMElasticNetRecommender: Processed 9417 (42.4%) in 5.00 min. Items per second: 31.38
35102.5s 620 SLIMElasticNetRecommender: Processed 19695 (88.6%) in 10.00 min. Items per second: 32.82
35186.4s 621 SLIMElasticNetRecommender: Processed 22222 (100.0%) in 11.40 min. Items per second: 32.49
35200.6s 622 [I 2024-01-06 20:13:05,642] Trial 48 finished with value: 0.4323682575813606 and parameters: {'topK': 5611, 'l1_ratio': 0.0001295260575133137, 'alpha': 0.02491371983708294}. Best is trial 5 with value: 0.43279612330481937.
35200.8s 623 SLIMElasticNetRecommender: URM Detected 323 ( 2.6%) users with no interactions.
35200.8s 624 SLIMElasticNetRecommender: URM Detected 187 ( 0.8%) items with no interactions.
35500.6s 625 SLIMElasticNetRecommender: Processed 9489 (42.7%) in 5.00 min. Items per second: 31.63
35800.7s 626 SLIMElasticNetRecommender: Processed 19864 (89.4%) in 10.00 min. Items per second: 33.10
35879.7s 627 SLIMElasticNetRecommender: Processed 22222 (100.0%) in 11.32 min. Items per second: 32.73
35893.8s 628 [I 2024-01-06 20:24:38,874] Trial 49 finished with value: 0.43227240221462815 and parameters: {'topK': 6826, 'l1_ratio': 0.00023096804540212256, 'alpha': 0.02322168821493594}. Best is trial 5 with value: 0.43279612330481937.
35894.0s 629 SLIMElasticNetRecommender: URM Detected 323 ( 2.6%) users with no interactions.
35894.0s 630 SLIMElasticNetRecommender: URM Detected 187 ( 0.8%) items with no interactions.
36193.9s 631 SLIMElasticNetRecommender: Processed 8826 (39.7%) in 5.00 min. Items per second: 29.41
36493.9s 632 SLIMElasticNetRecommender: Processed 18618 (83.8%) in 10.00 min. Items per second: 31.03
36615.1s 633 SLIMElasticNetRecommender: Processed 22222 (100.0%) in 12.02 min. Items per second: 30.81
36628.4s 634 [I 2024-01-06 20:36:53,432] Trial 50 finished with value: 0.4280614939381002 and parameters: {'topK': 4982, 'l1_ratio': 2.8964311060126684e-05, 'alpha': 0.013655446527733824}. Best is trial 5 with value: 0.43279612330481937.
36628.6s 635 SLIMElasticNetRecommender: URM Detected 323 ( 2.6%) users with no interactions.
36628.6s 636 SLIMElasticNetRecommender: URM Detected 187 ( 0.8%) items with no interactions.
36928.4s 637 SLIMElasticNetRecommender: Processed 9324 (42.0%) in 5.00 min. Items per second: 31.08
37228.5s 638 SLIMElasticNetRecommender: Processed 19566 (88.0%) in 10.00 min. Items per second: 32.61
37316.2s 639 SLIMElasticNetRecommender: Processed 22222 (100.0%) in 11.46 min. Items per second: 32.31
37330.6s 640 [I 2024-01-06 20:48:35,694] Trial 51 finished with value: 0.4322282023146524 and parameters: {'topK': 6368, 'l1_ratio': 8.82911022104817e-05, 'alpha': 0.026518894461387242}. Best is trial 5 with value: 0.43279612330481937.
37330.9s 641 SLIMElasticNetRecommender: URM Detected 323 ( 2.6%) users with no interactions.
37330.9s 642 SLIMElasticNetRecommender: URM Detected 187 ( 0.8%) items with no interactions.
37630.7s 643 SLIMElasticNetRecommender: Processed 9195 (41.4%) in 5.00 min. Items per second: 30.65
37930.7s 644 SLIMElasticNetRecommender: Processed 19360 (87.1%) in 10.00 min. Items per second: 32.26
38025.5s 645 SLIMElasticNetRecommender: Processed 22222 (100.0%) in 11.58 min. Items per second: 31.98
38039.8s 646 [I 2024-01-06 21:00:24,871] Trial 52 finished with value: 0.43218377154759874 and parameters: {'topK': 6624, 'l1_ratio': 5.107851881790693e-05, 'alpha': 0.02665441145472564}. Best is trial 5 with value: 0.43279612330481937.
38040.0s 647 SLIMElasticNetRecommender: URM Detected 323 ( 2.6%) users with no interactions.
38040.0s 648 SLIMElasticNetRecommender: URM Detected 187 ( 0.8%) items with no interactions.
38339.9s 649 SLIMElasticNetRecommender: Processed 9447 (42.5%) in 5.00 min. Items per second: 31.48
38639.9s 650 SLIMElasticNetRecommender: Processed 19800 (89.1%) in 10.00 min. Items per second: 33.00
38720.5s 651 SLIMElasticNetRecommender: Processed 22222 (100.0%) in 11.34 min. Items per second: 32.65
38735.2s 652 [I 2024-01-06 21:12:00,280] Trial 53 finished with value: 0.43104683664828486 and parameters: {'topK': 4083, 'l1_ratio': 0.00016899731157462113, 'alpha': 0.029739372627218395}. Best is trial 5 with value: 0.43279612330481937.
38735.4s 653 SLIMElasticNetRecommender: URM Detected 323 ( 2.6%) users with no interactions.
38735.4s 654 SLIMElasticNetRecommender: URM Detected 187 ( 0.8%) items with no interactions.
39035.4s 655 SLIMElasticNetRecommender: Processed 9235 (41.6%) in 5.00 min. Items per second: 30.78
39335.5s 656 SLIMElasticNetRecommender: Processed 19338 (87.0%) in 10.00 min. Items per second: 32.22
39432.5s 657 SLIMElasticNetRecommender: Processed 22222 (100.0%) in 11.62 min. Items per second: 31.87
39446.3s 658 [I 2024-01-06 21:23:51,387] Trial 54 finished with value: 0.4300827141542866 and parameters: {'topK': 1760, 'l1_ratio': 5.048341390044041e-05, 'alpha': 0.02157436298755222}. Best is trial 5 with value: 0.43279612330481937.
39446.5s 659 SLIMElasticNetRecommender: URM Detected 323 ( 2.6%) users with no interactions.
39446.5s 660 SLIMElasticNetRecommender: URM Detected 187 ( 0.8%) items with no interactions.
39746.4s 661 SLIMElasticNetRecommender: Processed 9302 (41.9%) in 5.00 min. Items per second: 31.00
40046.4s 662 SLIMElasticNetRecommender: Processed 19576 (88.1%) in 10.00 min. Items per second: 32.62
40133.1s 663 SLIMElasticNetRecommender: Processed 22222 (100.0%) in 11.45 min. Items per second: 32.36
40148.1s 664 [I 2024-01-06 21:35:33,135] Trial 55 finished with value: 0.4304345255301771 and parameters: {'topK': 5853, 'l1_ratio': 8.838721047937165e-05, 'alpha': 0.030903631962214982}. Best is trial 5 with value: 0.43279612330481937.
40148.3s 665 SLIMElasticNetRecommender: URM Detected 323 ( 2.6%) users with no interactions.
40148.3s 666 SLIMElasticNetRecommender: URM Detected 187 ( 0.8%) items with no interactions.
40448.2s 667 SLIMElasticNetRecommender: Processed 9575 (43.1%) in 5.00 min. Items per second: 31.91
40748.2s 668 SLIMElasticNetRecommender: Processed 19977 (89.9%) in 10.00 min. Items per second: 33.29
40823.0s 669 SLIMElasticNetRecommender: Processed 22222 (100.0%) in 11.25 min. Items per second: 32.92
40837.2s 670 [I 2024-01-06 21:47:02,301] Trial 56 finished with value: 0.4323029079587417 and parameters: {'topK': 6723, 'l1_ratio': 0.00030394498804763514, 'alpha': 0.023990716981179647}. Best is trial 5 with value: 0.43279612330481937.
40837.5s 671 SLIMElasticNetRecommender: URM Detected 323 ( 2.6%) users with no interactions.
40837.5s 672 SLIMElasticNetRecommender: URM Detected 187 ( 0.8%) items with no interactions.
41137.3s 673 SLIMElasticNetRecommender: Processed 9010 (40.5%) in 5.00 min. Items per second: 30.03
41437.4s 674 SLIMElasticNetRecommender: Processed 19062 (85.8%) in 10.00 min. Items per second: 31.77
41542.4s 675 SLIMElasticNetRecommender: Processed 22222 (100.0%) in 11.75 min. Items per second: 31.52
41556.8s 676 [I 2024-01-06 21:59:01,865] Trial 57 finished with value: 0.43265476465368696 and parameters: {'topK': 3646, 'l1_ratio': 3.104827886725137e-05, 'alpha': 0.025269448543236293}. Best is trial 5 with value: 0.43279612330481937.
41557.0s 677 SLIMElasticNetRecommender: URM Detected 323 ( 2.6%) users with no interactions.
41557.0s 678 SLIMElasticNetRecommender: URM Detected 187 ( 0.8%) items with no interactions.
41856.9s 679 SLIMElasticNetRecommender: Processed 8885 (40.0%) in 5.00 min. Items per second: 29.61
42156.9s 680 SLIMElasticNetRecommender: Processed 18765 (84.4%) in 10.00 min. Items per second: 31.27
42271.5s 681 SLIMElasticNetRecommender: Processed 22222 (100.0%) in 11.91 min. Items per second: 31.10
42285.7s 682 [I 2024-01-06 22:11:10,754] Trial 58 finished with value: 0.4324822521331198 and parameters: {'topK': 3533, 'l1_ratio': 2.2203855131302927e-05, 'alpha': 0.025167858516045694}. Best is trial 5 with value: 0.43279612330481937.
42285.9s 683 SLIMElasticNetRecommender: URM Detected 323 ( 2.6%) users with no interactions.
42285.9s 684 SLIMElasticNetRecommender: URM Detected 187 ( 0.8%) items with no interactions.
42585.8s 685 SLIMElasticNetRecommender: Processed 8405 (37.8%) in 5.00 min. Items per second: 28.01
42885.8s 686 SLIMElasticNetRecommender: Processed 17936 (80.7%) in 10.00 min. Items per second: 29.89
43028.8s 687 SLIMElasticNetRecommender: Processed 22222 (100.0%) in 12.38 min. Items per second: 29.90
43043.4s 688 [I 2024-01-06 22:23:48,430] Trial 59 finished with value: 0.43179859630009243 and parameters: {'topK': 4451, 'l1_ratio': 8.414969653596541e-06, 'alpha': 0.02853824508772589}. Best is trial 5 with value: 0.43279612330481937.
43044.1s 689 SLIMElasticNetRecommender: URM Detected 164 ( 1.3%) users with no interactions.
43044.1s 690 SLIMElasticNetRecommender: URM Detected 70 ( 0.3%) items with no interactions.