6.6s 1 Cloning into 'RecSys'...
8.0s 2 remote: Enumerating objects: 1668, done.[K
8.1s 3 remote: Counting objects:   0% (1/805)[Kremote: Counting objects:   1% (9/805)[Kremote: Counting objects:   2% (17/805)[Kremote: Counting objects:   3% (25/805)[Kremote: Counting objects:   4% (33/805)[Kremote: Counting objects:   5% (41/805)[Kremote: Counting objects:   6% (49/805)[Kremote: Counting objects:   7% (57/805)[Kremote: Counting objects:   8% (65/805)[Kremote: Counting objects:   9% (73/805)[Kremote: Counting objects:  10% (81/805)[Kremote: Counting objects:  11% (89/805)[Kremote: Counting objects:  12% (97/805)[Kremote: Counting objects:  13% (105/805)[Kremote: Counting objects:  14% (113/805)[Kremote: Counting objects:  15% (121/805)[Kremote: Counting objects:  16% (129/805)[Kremote: Counting objects:  17% (137/805)[Kremote: Counting objects:  18% (145/805)[Kremote: Counting objects:  19% (153/805)[Kremote: Counting objects:  20% (161/805)[Kremote: Counting objects:  21% (170/805)[Kremote: Counting objects:  22% (178/805)[Kremote: Counting objects:  23% (186/805)[Kremote: Counting objects:  24% (194/805)[Kremote: Counting objects:  25% (202/805)[Kremote: Counting objects:  26% (210/805)[Kremote: Counting objects:  27% (218/805)[Kremote: Counting objects:  28% (226/805)[Kremote: Counting objects:  29% (234/805)[Kremote: Counting objects:  30% (242/805)[Kremote: Counting objects:  31% (250/805)[Kremote: Counting objects:  32% (258/805)[Kremote: Counting objects:  33% (266/805)[Kremote: Counting objects:  34% (274/805)[Kremote: Counting objects:  35% (282/805)[Kremote: Counting objects:  36% (290/805)[Kremote: Counting objects:  37% (298/805)[Kremote: Counting objects:  38% (306/805)[Kremote: Counting objects:  39% (314/805)[Kremote: Counting objects:  40% (322/805)[Kremote: Counting objects:  41% (331/805)[Kremote: Counting objects:  42% (339/805)[Kremote: Counting objects:  43% (347/805)[Kremote: Counting objects:  44% (355/805)[Kremote: Counting objects:  45% (363/805)[Kremote: Counting objects:  46% (371/805)[Kremote: Counting objects:  47% (379/805)[Kremote: Counting objects:  48% (387/805)[Kremote: Counting objects:  49% (395/805)[Kremote: Counting objects:  50% (403/805)[Kremote: Counting objects:  51% (411/805)[Kremote: Counting objects:  52% (419/805)[Kremote: Counting objects:  53% (427/805)[Kremote: Counting objects:  54% (435/805)[Kremote: Counting objects:  55% (443/805)[Kremote: Counting objects:  56% (451/805)[Kremote: Counting objects:  57% (459/805)[Kremote: Counting objects:  58% (467/805)[Kremote: Counting objects:  59% (475/805)[Kremote: Counting objects:  60% (483/805)[Kremote: Counting objects:  61% (492/805)[Kremote: Counting objects:  62% (500/805)[Kremote: Counting objects:  63% (508/805)[Kremote: Counting objects:  64% (516/805)[Kremote: Counting objects:  65% (524/805)[Kremote: Counting objects:  66% (532/805)[Kremote: Counting objects:  67% (540/805)[Kremote: Counting objects:  68% (548/805)[Kremote: Counting objects:  69% (556/805)[Kremote: Counting objects:  70% (564/805)[Kremote: Counting objects:  71% (572/805)[Kremote: Counting objects:  72% (580/805)[Kremote: Counting objects:  73% (588/805)[Kremote: Counting objects:  74% (596/805)[Kremote: Counting objects:  75% (604/805)[Kremote: Counting objects:  76% (612/805)[Kremote: Counting objects:  77% (620/805)[Kremote: Counting objects:  78% (628/805)[Kremote: Counting objects:  79% (636/805)[Kremote: Counting objects:  80% (644/805)[Kremote: Counting objects:  81% (653/805)[Kremote: Counting objects:  82% (661/805)[Kremote: Counting objects:  83% (669/805)[Kremote: Counting objects:  84% (677/805)[Kremote: Counting objects:  85% (685/805)[Kremote: Counting objects:  86% (693/805)[Kremote: Counting objects:  87% (701/805)[Kremote: Counting objects:  88% (709/805)[Kremote: Counting objects:  89% (717/805)[Kremote: Counting objects:  90% (725/805)[Kremote: Counting objects:  91% (733/805)[Kremote: Counting objects:  92% (741/805)[Kremote: Counting objects:  93% (749/805)[Kremote: Counting objects:  94% (757/805)[Kremote: Counting objects:  95% (765/805)[Kremote: Counting objects:  96% (773/805)[Kremote: Counting objects:  97% (781/805)[Kremote: Counting objects:  98% (789/805)[Kremote: Counting objects:  99% (797/805)[Kremote: Counting objects: 100% (805/805)[Kremote: Counting objects: 100% (805/805), done.[K
8.1s 4 remote: Compressing objects:   0% (1/422)[Kremote: Compressing objects:   1% (5/422)[Kremote: Compressing objects:   2% (9/422)[Kremote: Compressing objects:   3% (13/422)[Kremote: Compressing objects:   4% (17/422)[Kremote: Compressing objects:   5% (22/422)[Kremote: Compressing objects:   6% (26/422)[Kremote: Compressing objects:   7% (30/422)[Kremote: Compressing objects:   8% (34/422)[Kremote: Compressing objects:   9% (38/422)[Kremote: Compressing objects:  10% (43/422)[Kremote: Compressing objects:  11% (47/422)[Kremote: Compressing objects:  12% (51/422)[Kremote: Compressing objects:  13% (55/422)[Kremote: Compressing objects:  14% (60/422)[Kremote: Compressing objects:  15% (64/422)[Kremote: Compressing objects:  16% (68/422)[Kremote: Compressing objects:  17% (72/422)[Kremote: Compressing objects:  18% (76/422)[Kremote: Compressing objects:  19% (81/422)[Kremote: Compressing objects:  20% (85/422)[Kremote: Compressing objects:  21% (89/422)[Kremote: Compressing objects:  22% (93/422)[Kremote: Compressing objects:  23% (98/422)[Kremote: Compressing objects:  24% (102/422)[Kremote: Compressing objects:  25% (106/422)[Kremote: Compressing objects:  26% (110/422)[Kremote: Compressing objects:  27% (114/422)[Kremote: Compressing objects:  28% (119/422)[Kremote: Compressing objects:  29% (123/422)[Kremote: Compressing objects:  30% (127/422)[Kremote: Compressing objects:  31% (131/422)[Kremote: Compressing objects:  32% (136/422)[Kremote: Compressing objects:  33% (140/422)[Kremote: Compressing objects:  34% (144/422)[Kremote: Compressing objects:  35% (148/422)[Kremote: Compressing objects:  36% (152/422)[Kremote: Compressing objects:  37% (157/422)[Kremote: Compressing objects:  38% (161/422)[Kremote: Compressing objects:  39% (165/422)[Kremote: Compressing objects:  40% (169/422)[Kremote: Compressing objects:  41% (174/422)[Kremote: Compressing objects:  42% (178/422)[Kremote: Compressing objects:  43% (182/422)[Kremote: Compressing objects:  44% (186/422)[Kremote: Compressing objects:  45% (190/422)[Kremote: Compressing objects:  46% (195/422)[Kremote: Compressing objects:  47% (199/422)[Kremote: Compressing objects:  48% (203/422)[Kremote: Compressing objects:  49% (207/422)[Kremote: Compressing objects:  50% (211/422)[Kremote: Compressing objects:  51% (216/422)[Kremote: Compressing objects:  52% (220/422)[Kremote: Compressing objects:  53% (224/422)[Kremote: Compressing objects:  54% (228/422)[Kremote: Compressing objects:  55% (233/422)[Kremote: Compressing objects:  56% (237/422)[Kremote: Compressing objects:  57% (241/422)[Kremote: Compressing objects:  58% (245/422)[Kremote: Compressing objects:  59% (249/422)[Kremote: Compressing objects:  60% (254/422)[Kremote: Compressing objects:  61% (258/422)[Kremote: Compressing objects:  62% (262/422)[Kremote: Compressing objects:  63% (266/422)[Kremote: Compressing objects:  64% (271/422)[Kremote: Compressing objects:  65% (275/422)[Kremote: Compressing objects:  66% (279/422)[Kremote: Compressing objects:  67% (283/422)[Kremote: Compressing objects:  68% (287/422)[Kremote: Compressing objects:  69% (292/422)[Kremote: Compressing objects:  70% (296/422)[Kremote: Compressing objects:  71% (300/422)[Kremote: Compressing objects:  72% (304/422)[Kremote: Compressing objects:  73% (309/422)[Kremote: Compressing objects:  74% (313/422)[Kremote: Compressing objects:  75% (317/422)[Kremote: Compressing objects:  76% (321/422)[Kremote: Compressing objects:  77% (325/422)[Kremote: Compressing objects:  78% (330/422)[Kremote: Compressing objects:  79% (334/422)[Kremote: Compressing objects:  80% (338/422)[Kremote: Compressing objects:  81% (342/422)[Kremote: Compressing objects:  82% (347/422)[Kremote: Compressing objects:  83% (351/422)[Kremote: Compressing objects:  84% (355/422)[Kremote: Compressing objects:  85% (359/422)[Kremote: Compressing objects:  86% (363/422)[Kremote: Compressing objects:  87% (368/422)[Kremote: Compressing objects:  88% (372/422)[Kremote: Compressing objects:  89% (376/422)[Kremote: Compressing objects:  90% (380/422)[Kremote: Compressing objects:  91% (385/422)[Kremote: Compressing objects:  92% (389/422)[Kremote: Compressing objects:  93% (393/422)[Kremote: Compressing objects:  94% (397/422)[Kremote: Compressing objects:  95% (401/422)[Kremote: Compressing objects:  96% (406/422)[Kremote: Compressing objects:  97% (410/422)[Kremote: Compressing objects:  98% (414/422)[Kremote: Compressing objects:  99% (418/422)[Kremote: Compressing objects: 100% (422/422)[Kremote: Compressing objects: 100% (422/422), done.[K
9.4s 5 Receiving objects:   0% (1/1668)Receiving objects:   1% (17/1668)Receiving objects:   2% (34/1668)Receiving objects:   3% (51/1668)Receiving objects:   4% (67/1668)Receiving objects:   5% (84/1668)Receiving objects:   6% (101/1668)Receiving objects:   7% (117/1668)Receiving objects:   8% (134/1668)Receiving objects:   9% (151/1668)Receiving objects:  10% (167/1668)Receiving objects:  11% (184/1668)Receiving objects:  12% (201/1668)Receiving objects:  13% (217/1668)Receiving objects:  14% (234/1668)Receiving objects:  15% (251/1668)Receiving objects:  16% (267/1668)Receiving objects:  17% (284/1668)Receiving objects:  18% (301/1668)Receiving objects:  19% (317/1668), 5.75 MiB | 11.48 MiB/sReceiving objects:  20% (334/1668), 5.75 MiB | 11.48 MiB/sReceiving objects:  21% (351/1668), 5.75 MiB | 11.48 MiB/sReceiving objects:  22% (367/1668), 5.75 MiB | 11.48 MiB/sReceiving objects:  23% (384/1668), 5.75 MiB | 11.48 MiB/sReceiving objects:  23% (389/1668), 16.50 MiB | 16.49 MiB/sReceiving objects:  24% (401/1668), 16.50 MiB | 16.49 MiB/sReceiving objects:  25% (417/1668), 16.50 MiB | 16.49 MiB/sReceiving objects:  26% (434/1668), 16.50 MiB | 16.49 MiB/sReceiving objects:  27% (451/1668), 16.50 MiB | 16.49 MiB/sReceiving objects:  28% (468/1668), 16.50 MiB | 16.49 MiB/sReceiving objects:  29% (484/1668), 16.50 MiB | 16.49 MiB/sReceiving objects:  30% (501/1668), 16.50 MiB | 16.49 MiB/sReceiving objects:  31% (518/1668), 16.50 MiB | 16.49 MiB/sReceiving objects:  32% (534/1668), 16.50 MiB | 16.49 MiB/sReceiving objects:  33% (551/1668), 16.50 MiB | 16.49 MiB/sReceiving objects:  34% (568/1668), 16.50 MiB | 16.49 MiB/sReceiving objects:  35% (584/1668), 16.50 MiB | 16.49 MiB/sReceiving objects:  36% (601/1668), 16.50 MiB | 16.49 MiB/sReceiving objects:  37% (618/1668), 16.50 MiB | 16.49 MiB/sReceiving objects:  38% (634/1668), 16.50 MiB | 16.49 MiB/sReceiving objects:  39% (651/1668), 16.50 MiB | 16.49 MiB/sReceiving objects:  40% (668/1668), 16.50 MiB | 16.49 MiB/sReceiving objects:  41% (684/1668), 16.50 MiB | 16.49 MiB/sReceiving objects:  42% (701/1668), 16.50 MiB | 16.49 MiB/sReceiving objects:  43% (718/1668), 16.50 MiB | 16.49 MiB/sReceiving objects:  44% (734/1668), 16.50 MiB | 16.49 MiB/sReceiving objects:  45% (751/1668), 16.50 MiB | 16.49 MiB/sReceiving objects:  46% (768/1668), 16.50 MiB | 16.49 MiB/sReceiving objects:  47% (784/1668), 16.50 MiB | 16.49 MiB/sReceiving objects:  48% (801/1668), 16.50 MiB | 16.49 MiB/sReceiving objects:  49% (818/1668), 16.50 MiB | 16.49 MiB/sReceiving objects:  50% (834/1668), 16.50 MiB | 16.49 MiB/sReceiving objects:  51% (851/1668), 16.50 MiB | 16.49 MiB/sReceiving objects:  52% (868/1668), 16.50 MiB | 16.49 MiB/sReceiving objects:  53% (885/1668), 16.50 MiB | 16.49 MiB/sReceiving objects:  54% (901/1668), 16.50 MiB | 16.49 MiB/sReceiving objects:  55% (918/1668), 16.50 MiB | 16.49 MiB/sReceiving objects:  56% (935/1668), 16.50 MiB | 16.49 MiB/sReceiving objects:  57% (951/1668), 16.50 MiB | 16.49 MiB/sReceiving objects:  58% (968/1668), 16.50 MiB | 16.49 MiB/sReceiving objects:  59% (985/1668), 16.50 MiB | 16.49 MiB/sReceiving objects:  60% (1001/1668), 16.50 MiB | 16.49 MiB/sReceiving objects:  61% (1018/1668), 16.50 MiB | 16.49 MiB/sReceiving objects:  62% (1035/1668), 16.50 MiB | 16.49 MiB/sReceiving objects:  63% (1051/1668), 16.50 MiB | 16.49 MiB/sReceiving objects:  64% (1068/1668), 16.50 MiB | 16.49 MiB/sReceiving objects:  65% (1085/1668), 16.50 MiB | 16.49 MiB/sReceiving objects:  66% (1101/1668), 16.50 MiB | 16.49 MiB/sReceiving objects:  67% (1118/1668), 16.50 MiB | 16.49 MiB/sReceiving objects:  68% (1135/1668), 16.50 MiB | 16.49 MiB/sReceiving objects:  69% (1151/1668), 16.50 MiB | 16.49 MiB/sReceiving objects:  70% (1168/1668), 16.50 MiB | 16.49 MiB/sReceiving objects:  71% (1185/1668), 16.50 MiB | 16.49 MiB/sReceiving objects:  72% (1201/1668), 16.50 MiB | 16.49 MiB/sReceiving objects:  73% (1218/1668), 16.50 MiB | 16.49 MiB/sReceiving objects:  74% (1235/1668), 16.50 MiB | 16.49 MiB/sReceiving objects:  75% (1251/1668), 16.50 MiB | 16.49 MiB/sReceiving objects:  76% (1268/1668), 16.50 MiB | 16.49 MiB/sReceiving objects:  77% (1285/1668), 16.50 MiB | 16.49 MiB/sReceiving objects:  78% (1302/1668), 16.50 MiB | 16.49 MiB/sReceiving objects:  79% (1318/1668), 16.50 MiB | 16.49 MiB/sReceiving objects:  80% (1335/1668), 16.50 MiB | 16.49 MiB/sReceiving objects:  81% (1352/1668), 16.50 MiB | 16.49 MiB/sReceiving objects:  82% (1368/1668), 16.50 MiB | 16.49 MiB/sReceiving objects:  83% (1385/1668), 16.50 MiB | 16.49 MiB/sReceiving objects:  84% (1402/1668), 16.50 MiB | 16.49 MiB/sReceiving objects:  85% (1418/1668), 16.50 MiB | 16.49 MiB/sReceiving objects:  86% (1435/1668), 16.50 MiB | 16.49 MiB/sReceiving objects:  87% (1452/1668), 16.50 MiB | 16.49 MiB/sReceiving objects:  88% (1468/1668), 16.50 MiB | 16.49 MiB/sReceiving objects:  89% (1485/1668), 16.50 MiB | 16.49 MiB/sReceiving objects:  90% (1502/1668), 16.50 MiB | 16.49 MiB/sReceiving objects:  91% (1518/1668), 16.50 MiB | 16.49 MiB/sremote: Total 1668 (delta 461), reused 635 (delta 363), pack-reused 863[K
9.4s 6 Receiving objects:  92% (1535/1668), 16.50 MiB | 16.49 MiB/sReceiving objects:  93% (1552/1668), 16.50 MiB | 16.49 MiB/sReceiving objects:  94% (1568/1668), 16.50 MiB | 16.49 MiB/sReceiving objects:  95% (1585/1668), 16.50 MiB | 16.49 MiB/sReceiving objects:  96% (1602/1668), 16.50 MiB | 16.49 MiB/sReceiving objects:  97% (1618/1668), 16.50 MiB | 16.49 MiB/sReceiving objects:  98% (1635/1668), 16.50 MiB | 16.49 MiB/sReceiving objects:  99% (1652/1668), 16.50 MiB | 16.49 MiB/sReceiving objects: 100% (1668/1668), 16.50 MiB | 16.49 MiB/sReceiving objects: 100% (1668/1668), 23.19 MiB | 18.67 MiB/s, done.
9.4s 7 Resolving deltas:   0% (0/860)Resolving deltas:   4% (38/860)Resolving deltas:   5% (46/860)Resolving deltas:   6% (53/860)Resolving deltas:   7% (68/860)Resolving deltas:   8% (70/860)Resolving deltas:   9% (85/860)Resolving deltas:  10% (93/860)Resolving deltas:  12% (105/860)Resolving deltas:  14% (126/860)Resolving deltas:  15% (134/860)Resolving deltas:  16% (145/860)Resolving deltas:  17% (147/860)Resolving deltas:  18% (155/860)Resolving deltas:  20% (172/860)Resolving deltas:  23% (202/860)Resolving deltas:  27% (236/860)Resolving deltas:  28% (241/860)Resolving deltas:  29% (252/860)Resolving deltas:  30% (259/860)Resolving deltas:  31% (268/860)Resolving deltas:  32% (282/860)Resolving deltas:  33% (284/860)Resolving deltas:  34% (293/860)Resolving deltas:  35% (301/860)Resolving deltas:  36% (311/860)Resolving deltas:  37% (320/860)Resolving deltas:  38% (327/860)Resolving deltas:  39% (336/860)Resolving deltas:  41% (355/860)Resolving deltas:  42% (364/860)Resolving deltas:  43% (370/860)Resolving deltas:  44% (380/860)Resolving deltas:  45% (387/860)Resolving deltas:  46% (396/860)Resolving deltas:  47% (406/860)Resolving deltas:  62% (538/860)Resolving deltas:  67% (581/860)Resolving deltas:  69% (596/860)Resolving deltas:  71% (613/860)Resolving deltas:  74% (643/860)Resolving deltas:  75% (646/860)Resolving deltas:  76% (656/860)Resolving deltas:  77% (669/860)Resolving deltas:  78% (676/860)Resolving deltas:  79% (680/860)Resolving deltas:  80% (689/860)Resolving deltas:  81% (700/860)Resolving deltas:  82% (707/860)Resolving deltas:  83% (715/860)Resolving deltas:  85% (732/860)Resolving deltas:  86% (741/860)Resolving deltas:  87% (753/860)Resolving deltas:  88% (757/860)Resolving deltas:  89% (766/860)Resolving deltas:  90% (775/860)Resolving deltas:  91% (783/860)Resolving deltas:  92% (792/860)Resolving deltas:  93% (805/860)Resolving deltas:  94% (814/860)Resolving deltas:  96% (833/860)Resolving deltas:  97% (836/860)Resolving deltas:  98% (843/860)Resolving deltas:  99% (855/860)Resolving deltas: 100% (860/860)Resolving deltas: 100% (860/860), done.
10.0s 8 /kaggle/working/RecSys
11.1s 9 run_compile_all_cython: Found 10 Cython files in 4 folders...
11.1s 10 run_compile_all_cython: All files will be compiled using your current python environment: '/opt/conda/bin/python'
11.1s 11 Compiling [1/10]: MatrixFactorizationImpressions_Cython_Epoch.pyx...
14.6s 12 In file included from [01m[K/opt/conda/lib/python3.10/site-packages/numpy/core/include/numpy/ndarraytypes.h:1940[m[K,
14.6s 13 from [01m[K/opt/conda/lib/python3.10/site-packages/numpy/core/include/numpy/ndarrayobject.h:12[m[K,
14.6s 14 from [01m[K/opt/conda/lib/python3.10/site-packages/numpy/core/include/numpy/arrayobject.h:5[m[K,
14.6s 15 from [01m[KMatrixFactorizationImpressions_Cython_Epoch.c:1109[m[K:
14.6s 16 [01m[K/opt/conda/lib/python3.10/site-packages/numpy/core/include/numpy/npy_1_7_deprecated_api.h:17:2:[m[K [01;35m[Kwarning: [m[K#warning "Using deprecated NumPy API, disable it with " "#define NPY_NO_DEPRECATED_API NPY_1_7_API_VERSION" [[01;35m[K-Wcpp[m[K]
14.6s 17 17 | #[01;35m[Kwarning[m[K "Using deprecated NumPy API, disable it with " \
14.6s 18 |  [01;35m[K^~~~~~~[m[K
17.0s 19 [01m[KMatrixFactorizationImpressions_Cython_Epoch.c:[m[K In function '[01m[K__pyx_f_43MatrixFactorizationImpressions_Cython_Epoch_32MatrixFactorization_Cython_Epoch_sampleBPR_Cython[m[K':
17.0s 20 [01m[KMatrixFactorizationImpressions_Cython_Epoch.c:29633:17:[m[K [01;35m[Kwarning: [m[K'[01m[K__pyx_v_start_pos_impression_items[m[K' may be used uninitialized in this function [[01;35m[K-Wmaybe-uninitialized[m[K]
17.0s 21 29633 |       [01;35m[K__pyx_t_4 = (__pyx_v_start_pos_impression_items + __pyx_v_index)[m[K;
17.0s 22 |       [01;35m[K~~~~~~~~~~^~~~~~~~~~~~~~~~~~~~~~~~~~~~~~~~~~~~~~~~~~~~~~~~~~~~~~[m[K
21.5s 23 [01m[KMatrixFactorizationImpressions_Cython_Epoch.c:[m[K In function '[01m[K__pyx_pf_43MatrixFactorizationImpressions_Cython_Epoch_32MatrixFactorization_Cython_Epoch_10epochIteration_Cython_ASY_SVD_SGD[m[K':
21.5s 24 [01m[KMatrixFactorizationImpressions_Cython_Epoch.c:25469:7:[m[K [01;35m[Kwarning: [m[K'[01m[K__pyx_v_end_pos_seen_items[m[K' may be used uninitialized in this function [[01;35m[K-Wmaybe-uninitialized[m[K]
21.5s 25 25469 |       [01;35m[Kfor[m[K (__pyx_t_21 = __pyx_v_start_pos_seen_items; __pyx_t_21 < __pyx_t_20; __pyx_t_21+=1) {
21.5s 26 |       [01;35m[K^~~[m[K
21.5s 27 [01m[KMatrixFactorizationImpressions_Cython_Epoch.c:25469:7:[m[K [01;35m[Kwarning: [m[K'[01m[K__pyx_v_start_pos_seen_items[m[K' may be used uninitialized in this function [[01;35m[K-Wmaybe-uninitialized[m[K]
28.8s 28 /opt/conda/lib/python3.10/site-packages/Cython/Compiler/Main.py:381: FutureWarning: Cython directive 'language_level' not set, using '3str' for now (Py3). This has changed from earlier releases! File: /kaggle/working/RecSys/Recommenders/MatrixFactorization/Cython/MatrixFactorizationImpressions_Cython_Epoch.pyx
28.8s 29 tree = Parsing.p_module(s, pxd, full_module_name)
30.8s 30 Compiling [1/10]: MatrixFactorizationImpressions_Cython_Epoch.pyx... PASS
30.8s 31 
30.8s 32 Compiling [2/10]: MatrixFactorization_Cython_Epoch.pyx...
33.6s 33 In file included from [01m[K/opt/conda/lib/python3.10/site-packages/numpy/core/include/numpy/ndarraytypes.h:1940[m[K,
33.6s 34 from [01m[K/opt/conda/lib/python3.10/site-packages/numpy/core/include/numpy/ndarrayobject.h:12[m[K,
33.6s 35 from [01m[K/opt/conda/lib/python3.10/site-packages/numpy/core/include/numpy/arrayobject.h:5[m[K,
33.6s 36 from [01m[KMatrixFactorization_Cython_Epoch.c:1109[m[K:
33.6s 37 [01m[K/opt/conda/lib/python3.10/site-packages/numpy/core/include/numpy/npy_1_7_deprecated_api.h:17:2:[m[K [01;35m[Kwarning: [m[K#warning "Using deprecated NumPy API, disable it with " "#define NPY_NO_DEPRECATED_API NPY_1_7_API_VERSION" [[01;35m[K-Wcpp[m[K]
33.6s 38 17 | #[01;35m[Kwarning[m[K "Using deprecated NumPy API, disable it with " \
33.6s 39 |  [01;35m[K^~~~~~~[m[K
40.7s 40 [01m[KMatrixFactorization_Cython_Epoch.c:[m[K In function '[01m[K__pyx_pf_32MatrixFactorization_Cython_Epoch_32MatrixFactorization_Cython_Epoch_10epochIteration_Cython_ASY_SVD_SGD[m[K':
40.7s 41 [01m[KMatrixFactorization_Cython_Epoch.c:25609:9:[m[K [01;35m[Kwarning: [m[K'[01m[K__pyx_v_end_pos_seen_items[m[K' may be used uninitialized in this function [[01;35m[K-Wmaybe-uninitialized[m[K]
40.7s 42 25609 |         [01;35m[Kfor[m[K (__pyx_t_21 = __pyx_v_start_pos_seen_items; __pyx_t_21 < __pyx_t_20; __pyx_t_21+=1) {
40.7s 43 |         [01;35m[K^~~[m[K
40.7s 44 [01m[KMatrixFac