6293.6s 384 [I 2023-12-07 00:42:54,795] Trial 106 finished with value: 0.08102930934054978 and parameters: {'weight_1': 0.46414969258427013, 'weight_2': 0.3340609241245155}. Best is trial 67 with value: 0.08126263554134562.
6293.8s 385 ScoresHybridRecommender: URM Detected 318 ( 2.5%) users with no interactions.
6293.8s 386 ScoresHybridRecommender: URM Detected 217 ( 1.0%) items with no interactions.
6346.7s 387 [I 2023-12-07 00:43:47,895] Trial 107 finished with value: 0.08126021324855146 and parameters: {'weight_1': 0.42828059001393953, 'weight_2': 0.27055903431906975}. Best is trial 67 with value: 0.08126263554134562.
6346.9s 388 ScoresHybridRecommender: URM Detected 318 ( 2.5%) users with no interactions.
6346.9s 389 ScoresHybridRecommender: URM Detected 217 ( 1.0%) items with no interactions.
6399.9s 390 [I 2023-12-07 00:44:41,082] Trial 108 finished with value: 0.08106578937338076 and parameters: {'weight_1': 0.4090551979025651, 'weight_2': 0.2679124148561172}. Best is trial 67 with value: 0.08126263554134562.
6400.1s 391 ScoresHybridRecommender: URM Detected 318 ( 2.5%) users with no interactions.
6400.1s 392 ScoresHybridRecommender: URM Detected 217 ( 1.0%) items with no interactions.
6454.6s 393 [I 2023-12-07 00:45:35,753] Trial 109 finished with value: 0.08072604638655506 and parameters: {'weight_1': 0.356685263978122, 'weight_2': 0.25136138296213806}. Best is trial 67 with value: 0.08126263554134562.
6454.7s 394 ScoresHybridRecommender: URM Detected 318 ( 2.5%) users with no interactions.
6454.7s 395 ScoresHybridRecommender: URM Detected 217 ( 1.0%) items with no interactions.
6508.4s 396 [I 2023-12-07 00:46:29,626] Trial 110 finished with value: 0.0812142640714898 and parameters: {'weight_1': 0.44288673669501843, 'weight_2': 0.23174597700166374}. Best is trial 67 with value: 0.08126263554134562.
6508.6s 397 ScoresHybridRecommender: URM Detected 318 ( 2.5%) users with no interactions.
6508.6s 398 ScoresHybridRecommender: URM Detected 217 ( 1.0%) items with no interactions.
6562.5s 399 [I 2023-12-07 00:47:23,728] Trial 111 finished with value: 0.08112839282079588 and parameters: {'weight_1': 0.43558855487571463, 'weight_2': 0.2358219260163906}. Best is trial 67 with value: 0.08126263554134562.
6562.7s 400 ScoresHybridRecommender: URM Detected 318 ( 2.5%) users with no interactions.
6562.7s 401 ScoresHybridRecommender: URM Detected 217 ( 1.0%) items with no interactions.
6617.3s 402 [I 2023-12-07 00:48:18,531] Trial 112 finished with value: 0.08107475819593093 and parameters: {'weight_1': 0.4868342133893871, 'weight_2': 0.2305405882829254}. Best is trial 67 with value: 0.08126263554134562.
6617.5s 403 ScoresHybridRecommender: URM Detected 318 ( 2.5%) users with no interactions.
6617.5s 404 ScoresHybridRecommender: URM Detected 217 ( 1.0%) items with no interactions.
6671.3s 405 [I 2023-12-07 00:49:12,500] Trial 113 finished with value: 0.08122550110901486 and parameters: {'weight_1': 0.44738225790717595, 'weight_2': 0.24974117426857026}. Best is trial 67 with value: 0.08126263554134562.
6671.5s 406 ScoresHybridRecommender: URM Detected 318 ( 2.5%) users with no interactions.
6671.5s 407 ScoresHybridRecommender: URM Detected 217 ( 1.0%) items with no interactions.
6724.7s 408 [I 2023-12-07 00:50:05,899] Trial 114 finished with value: 0.08105627473218387 and parameters: {'weight_1': 0.5083652277353625, 'weight_2': 0.24855563080625928}. Best is trial 67 with value: 0.08126263554134562.
6724.9s 409 ScoresHybridRecommender: URM Detected 318 ( 2.5%) users with no interactions.
6724.9s 410 ScoresHybridRecommender: URM Detected 217 ( 1.0%) items with no interactions.
6778.3s 411 [I 2023-12-07 00:50:59,472] Trial 115 finished with value: 0.08117152791806465 and parameters: {'weight_1': 0.45214594694183524, 'weight_2': 0.26886136922614623}. Best is trial 67 with value: 0.08126263554134562.
6778.5s 412 ScoresHybridRecommender: URM Detected 318 ( 2.5%) users with no interactions.
6778.5s 413 ScoresHybridRecommender: URM Detected 217 ( 1.0%) items with no interactions.
6832.0s 414 [I 2023-12-07 00:51:53,156] Trial 116 finished with value: 0.08094667142103618 and parameters: {'weight_1': 0.5309629167254121, 'weight_2': 0.279030402051857}. Best is trial 67 with value: 0.08126263554134562.
6832.1s 415 ScoresHybridRecommender: URM Detected 318 ( 2.5%) users with no interactions.
6832.1s 416 ScoresHybridRecommender: URM Detected 217 ( 1.0%) items with no interactions.
6886.8s 417 [I 2023-12-07 00:52:48,009] Trial 117 finished with value: 0.080891170098679 and parameters: {'weight_1': 0.3848504751359128, 'weight_2': 0.22232742546256518}. Best is trial 67 with value: 0.08126263554134562.
6887.0s 418 ScoresHybridRecommender: URM Detected 318 ( 2.5%) users with no interactions.
6887.0s 419 ScoresHybridRecommender: URM Detected 217 ( 1.0%) items with no interactions.
6942.5s 420 [I 2023-12-07 00:53:43,709] Trial 118 finished with value: 0.08123656114450234 and parameters: {'weight_1': 0.4451535289907291, 'weight_2': 0.2577528916576646}. Best is trial 67 with value: 0.08126263554134562.
6942.7s 421 ScoresHybridRecommender: URM Detected 318 ( 2.5%) users with no interactions.
6942.7s 422 ScoresHybridRecommender: URM Detected 217 ( 1.0%) items with no interactions.
6997.3s 423 [I 2023-12-07 00:54:38,456] Trial 119 finished with value: 0.08120544798944347 and parameters: {'weight_1': 0.4743973990198615, 'weight_2': 0.2573250283985411}. Best is trial 67 with value: 0.08126263554134562.
6997.4s 424 ScoresHybridRecommender: URM Detected 318 ( 2.5%) users with no interactions.
6997.4s 425 ScoresHybridRecommender: URM Detected 217 ( 1.0%) items with no interactions.
7052.0s 426 [I 2023-12-07 00:55:33,235] Trial 120 finished with value: 0.08115191520292797 and parameters: {'weight_1': 0.47579990963471674, 'weight_2': 0.25938792165464375}. Best is trial 67 with value: 0.08126263554134562.
7052.2s 427 ScoresHybridRecommender: URM Detected 318 ( 2.5%) users with no interactions.
7052.2s 428 ScoresHybridRecommender: URM Detected 217 ( 1.0%) items with no interactions.
7106.5s 429 [I 2023-12-07 00:56:27,706] Trial 121 finished with value: 0.08117662020125502 and parameters: {'weight_1': 0.4442974000360573, 'weight_2': 0.24385093662997526}. Best is trial 67 with value: 0.08126263554134562.
7106.7s 430 ScoresHybridRecommender: URM Detected 318 ( 2.5%) users with no interactions.
7106.7s 431 ScoresHybridRecommender: URM Detected 217 ( 1.0%) items with no interactions.
7106.7s 432 Error: Weights sum is 0.9999999999999999, but must be 1.0
7161.5s 433 [I 2023-12-07 00:57:22,740] Trial 122 finished with value: 0.0811028260825351 and parameters: {'weight_1': 0.49266810538685885, 'weight_2': 0.25223625411475836}. Best is trial 67 with value: 0.08126263554134562.
7161.7s 434 ScoresHybridRecommender: URM Detected 318 ( 2.5%) users with no interactions.
7161.7s 435 ScoresHybridRecommender: URM Detected 217 ( 1.0%) items with no interactions.
7216.2s 436 [I 2023-12-07 00:58:17,372] Trial 123 finished with value: 0.08122975168691243 and parameters: {'weight_1': 0.45631555335566704, 'weight_2': 0.2281141884385786}. Best is trial 67 with value: 0.08126263554134562.
7216.4s 437 ScoresHybridRecommender: URM Detected 318 ( 2.5%) users with no interactions.
7216.4s 438 ScoresHybridRecommender: URM Detected 217 ( 1.0%) items with no interactions.
7270.6s 439 [I 2023-12-07 00:59:11,783] Trial 124 finished with value: 0.08122394822168161 and parameters: {'weight_1': 0.46028820376480495, 'weight_2': 0.23154532491288632}. Best is trial 67 with value: 0.08126263554134562.
7270.8s 440 ScoresHybridRecommender: URM Detected 318 ( 2.5%) users with no interactions.
7270.8s 441 ScoresHybridRecommender: URM Detected 217 ( 1.0%) items with no interactions.
7324.0s 442 [I 2023-12-07 01:00:05,222] Trial 125 finished with value: 0.08112936735403384 and parameters: {'weight_1': 0.47030104524472016, 'weight_2': 0.21367923283600188}. Best is trial 67 with value: 0.08126263554134562.
7324.2s 443 ScoresHybridRecommender: URM Detected 318 ( 2.5%) users with no interactions.
7324.2s 444 ScoresHybridRecommender: URM Detected 217 ( 1.0%) items with no interactions.
7379.5s 445 [I 2023-12-07 01:01:00,730] Trial 126 finished with value: 0.08117865463430748 and parameters: {'weight_1': 0.5539099856221539, 'weight_2': 0.23850490795106846}. Best is trial 67 with value: 0.08126263554134562.
7379.7s 446 ScoresHybridRecommender: URM Detected 318 ( 2.5%) users with no interactions.
7379.7s 447 ScoresHybridRecommender: URM Detected 217 ( 1.0%) items with no interactions.
7435.2s 448 [I 2023-12-07 01:01:56,396] Trial 127 finished with value: 0.08112898068817927 and parameters: {'weight_1': 0.5119799320558573, 'weight_2': 0.2292285026012167}. Best is trial 67 with value: 0.08126263554134562.
7435.4s 449 ScoresHybridRecommender: URM Detected 318 ( 2.5%) users with no interactions.
7435.4s 450 ScoresHybridRecommender: URM Detected 217 ( 1.0%) items with no interactions.
7490.8s 451 [I 2023-12-07 01:02:52,021] Trial 128 finished with value: 0.08109334366353795 and parameters: {'weight_1': 0.4597087365711291, 'weight_2': 0.26314277994989066}. Best is trial 67 with value: 0.08126263554134562.
7491.0s 452 ScoresHybridRecommender: URM Detected 318 ( 2.5%) users with no interactions.
7491.0s 453 ScoresHybridRecommender: URM Detected 217 ( 1.0%) items with no interactions.
7546.9s 454 [I 2023-12-07 01:03:48,097] Trial 129 finished with value: 0.08108397456184807 and parameters: {'weight_1': 0.5363676213828557, 'weight_2': 0.28041243328639365}. Best is trial 67 with value: 0.08126263554134562.
7547.1s 455 ScoresHybridRecommender: URM Detected 318 ( 2.5%) users with no interactions.
7547.1s 456 ScoresHybridRecommender: URM Detected 217 ( 1.0%) items with no interactions.
7602.7s 457 [I 2023-12-07 01:04:43,876] Trial 130 finished with value: 0.08104451580872236 and parameters: {'weight_1': 0.44444477660990833, 'weight_2': 0.2017437143918374}. Best is trial 67 with value: 0.08126263554134562.
7602.9s 458 ScoresHybridRecommender: URM Detected 318 ( 2.5%) users with no interactions.
7602.9s 459 ScoresHybridRecommender: URM Detected 217 ( 1.0%) items with no interactions.
7657.3s 460 [I 2023-12-07 01:05:38,499] Trial 131 finished with value: 0.08094495473324909 and parameters: {'weight_1': 0.42316368878473887, 'weight_2': 0.21689579972451742}. Best is trial 67 with value: 0.08126263554134562.
7657.5s 461 ScoresHybridRecommender: URM Detected 318 ( 2.5%) users with no interactions.
7657.5s 462 ScoresHybridRecommender: URM Detected 217 ( 1.0%) items with no interactions.
7712.2s 463 [I 2023-12-07 01:06:33,406] Trial 132 finished with value: 0.08108257369404276 and parameters: {'weight_1': 0.48902788516529194, 'weight_2': 0.23073261436459772}. Best is trial 67 with value: 0.08126263554134562.
7712.4s 464 ScoresHybridRecommender: URM Detected 318 ( 2.5%) users with no interactions.
7712.4s 465 ScoresHybridRecommender: URM Detected 217 ( 1.0%) items with no interactions.
7767.2s 466 [I 2023-12-07 01:07:28,374] Trial 133 finished with value: 0.08113186989802237 and parameters: {'weight_1': 0.3970134735942601, 'weight_2': 0.29258294097923837}. Best is trial 67 with value: 0.08126263554134562.
7767.4s 467 ScoresHybridRecommender: URM Detected 318 ( 2.5%) users with no interactions.
7767.4s 468 ScoresHybridRecommender: URM Detected 217 ( 1.0%) items with no interactions.
7819.6s 469 [I 2023-12-07 01:08:20,846] Trial 134 finished with value: 0.08115581198533009 and parameters: {'weight_1': 0.46852915280705293, 'weight_2': 0.2678228252285713}. Best is trial 67 with value: 0.08126263554134562.
7819.8s 470 ScoresHybridRecommender: URM Detected 318 ( 2.5%) users with no interactions.
7819.8s 471 ScoresHybridRecommender: URM Detected 217 ( 1.0%) items with no interactions.
7873.5s 472 [I 2023-12-07 01:09:14,709] Trial 135 finished with value: 0.08120507292015147 and parameters: {'weight_1': 0.4310583289143711, 'weight_2': 0.25633925955272857}. Best is trial 67 with value: 0.08126263554134562.
7873.7s 473 ScoresHybridRecommender: URM Detected 318 ( 2.5%) users with no interactions.
7873.7s 474 ScoresHybridRecommender: URM Detected 217 ( 1.0%) items with no interactions.
7928.2s 475 [I 2023-12-07 01:10:09,389] Trial 136 finished with value: 0.08116723080521249 and parameters: {'weight_1': 0.45103956345387114, 'weight_2': 0.25655282901589394}. Best is trial 67 with value: 0.08126263554134562.
7928.4s 476 ScoresHybridRecommender: URM Detected 318 ( 2.5%) users with no interactions.
7928.4s 477 ScoresHybridRecommender: URM Detected 217 ( 1.0%) items with no interactions.
7983.7s 478 [I 2023-12-07 01:11:04,877] Trial 137 finished with value: 0.08112124028844103 and parameters: {'weight_1': 0.5038965700353111, 'weight_2': 0.24062485964182434}. Best is trial 67 with value: 0.08126263554134562.
7983.9s 479 ScoresHybridRecommender: URM Detected 318 ( 2.5%) users with no interactions.
7983.9s 480 ScoresHybridRecommender: URM Detected 217 ( 1.0%) items with no interactions.
8038.2s 481 [I 2023-12-07 01:11:59,389] Trial 138 finished with value: 0.0812011423944145 and parameters: {'weight_1': 0.4114550739654602, 'weight_2': 0.27938553132321564}. Best is trial 67 with value: 0.08126263554134562.
8038.4s 482 ScoresHybridRecommender: URM Detected 318 ( 2.5%) users with no interactions.
8038.4s 483 ScoresHybridRecommender: URM Detected 217 ( 1.0%) items with no interactions.
8094.1s 484 [I 2023-12-07 01:12:55,297] Trial 139 finished with value: 0.08050095709459962 and parameters: {'weight_1': 0.36739696891473195, 'weight_2': 0.18619738367839161}. Best is trial 67 with value: 0.08126263554134562.
8094.3s 485 ScoresHybridRecommender: URM Detected 318 ( 2.5%) users with no interactions.
8094.3s 486 ScoresHybridRecommender: URM Detected 217 ( 1.0%) items with no interactions.
8151.3s 487 [I 2023-12-07 01:13:52,502] Trial 140 finished with value: 0.08086564636383356 and parameters: {'weight_1': 0.39066006984164936, 'weight_2': 0.22432006202090804}. Best is trial 67 with value: 0.08126263554134562.
8151.5s 488 ScoresHybridRecommender: URM Detected 318 ( 2.5%) users with no interactions.
8151.5s 489 ScoresHybridRecommender: URM Detected 217 ( 1.0%) items with no interactions.
8208.9s 490 [I 2023-12-07 01:14:50,049] Trial 141 finished with value: 0.08123172054173086 and parameters: {'weight_1': 0.4135525976014447, 'weight_2': 0.27709427248888213}. Best is trial 67 with value: 0.08126263554134562.
8209.0s 491 ScoresHybridRecommender: URM Detected 318 ( 2.5%) users with no interactions.
8209.0s 492 ScoresHybridRecommender: URM Detected 217 ( 1.0%) items with no interactions.
8265.0s 493 [I 2023-12-07 01:15:46,185] Trial 142 finished with value: 0.08120676371763164 and parameters: {'weight_1': 0.4362687407807764, 'weight_2': 0.2747761170839469}. Best is trial 67 with value: 0.08126263554134562.
8265.2s 494 ScoresHybridRecommender: URM Detected 318 ( 2.5%) users with no interactions.
8265.2s 495 ScoresHybridRecommender: URM Detected 217 ( 1.0%) items with no interactions.
8321.2s 496 [I 2023-12-07 01:16:42,345] Trial 143 finished with value: 0.08122866556315121 and parameters: {'weight_1': 0.4364105149640131, 'weight_2': 0.2672672276511661}. Best is trial 67 with value: 0.08126263554134562.
8321.3s 497 ScoresHybridRecommender: URM Detected 318 ( 2.5%) users with no interactions.
8321.3s 498 ScoresHybridRecommender: URM Detected 217 ( 1.0%) items with no interactions.
8377.8s 499 [I 2023-12-07 01:17:38,982] Trial 144 finished with value: 0.081241092169673 and parameters: {'weight_1': 0.45858841451257476, 'weight_2': 0.24558977703240886}. Best is trial 67 with value: 0.08126263554134562.
8378.0s 500 ScoresHybridRecommender: URM Detected 318 ( 2.5%) users with no interactions.
8378.0s 501 ScoresHybridRecommender: URM Detected 217 ( 1.0%) items with no interactions.
8434.2s 502 [I 2023-12-07 01:18:35,359] Trial 145 finished with value: 0.08122547631603294 and parameters: {'weight_1': 0.44878651842948153, 'weight_2': 0.24175118029501952}. Best is trial 67 with value: 0.08126263554134562.
8434.3s 503 ScoresHybridRecommender: URM Detected 318 ( 2.5%) users with no interactions.
8434.3s 504 ScoresHybridRecommender: URM Detected 217 ( 1.0%) items with no interactions.
8489.1s 505 [I 2023-12-07 01:19:30,246] Trial 146 finished with value: 0.08127506937543715 and parameters: {'weight_1': 0.460406920131441, 'weight_2': 0.23492510585861737}. Best is trial 146 with value: 0.08127506937543715.
8489.2s 506 ScoresHybridRecommender: URM Detected 318 ( 2.5%) users with no interactions.
8489.2s 507 ScoresHybridRecommender: URM Detected 217 ( 1.0%) items with no interactions.
8545.1s 508 [I 2023-12-07 01:20:26,274] Trial 147 finished with value: 0.08126751056115873 and parameters: {'weight_1': 0.45579090960841123, 'weight_2': 0.23645003189155853}. Best is trial 146 with value: 0.08127506937543715.
8545.3s 509 ScoresHybridRecommender: URM Detected 318 ( 2.5%) users with no interactions.
8545.3s 510 ScoresHybridRecommender: URM Detected 217 ( 1.0%) items with no interactions.
8599.3s 511 [I 2023-12-07 01:21:20,537] Trial 148 finished with value: 0.08122892912276669 and parameters: {'weight_1': 0.4512160182435874, 'weight_2': 0.23244393835807217}. Best is trial 146 with value: 0.08127506937543715.
8599.5s 512 ScoresHybridRecommender: URM Detected 318 ( 2.5%) users with no interactions.
8599.5s 513 ScoresHybridRecommender: URM Detected 217 ( 1.0%) items with no interactions.
8655.8s 514 [I 2023-12-07 01:22:17,015] Trial 149 finished with value: 0.081238336416164 and parameters: {'weight_1': 0.46086646877844595, 'weight_2': 0.2453673742264547}. Best is trial 146 with value: 0.08127506937543715.
8656.0s 515 ScoresHybridRecommender: URM Detected 318 ( 2.5%) users with no interactions.
8656.0s 516 ScoresHybridRecommender: URM Detected 217 ( 1.0%) items with no interactions.
8711.6s 517 [I 2023-12-07 01:23:12,830] Trial 150 finished with value: 0.08108692627925347 and parameters: {'weight_1': 0.5013107396529737, 'weight_2': 0.2434385218357894}. Best is trial 146 with value: 0.08127506937543715.
8711.8s 518 ScoresHybridRecommender: URM Detected 318 ( 2.5%) users with no interactions.
8711.8s 519 ScoresHybridRecommender: URM Detected 217 ( 1.0%) items with no interactions.
8767.9s 520 [I 2023-12-07 01:24:09,089] Trial 151 finished with value: 0.08120746657363122 and parameters: {'weight_1': 0.46129795476370317, 'weight_2': 0.21195777810737124}. Best is trial 146 with value: 0.08127506937543715.
8768.1s 521 ScoresHybridRecommender: URM Detected 318 ( 2.5%) users with no interactions.
8768.1s 522 ScoresHybridRecommender: URM Detected 217 ( 1.0%) items with no interactions.
8768.1s 523 Error: Weights sum is 0.9999999999999999, but must be 1.0
8824.0s 524 [I 2023-12-07 01:25:05,188] Trial 152 finished with value: 0.08107642891376164 and parameters: {'weight_1': 0.48578798186732314, 'weight_2': 0.236222608833162}. Best is trial 146 with value: 0.08127506937543715.
8824.2s 525 ScoresHybridRecommender: URM Detected 318 ( 2.5%) users with no interactions.
8824.2s 526 ScoresHybridRecommender: URM Detected 217 ( 1.0%) items with no interactions.
8878.7s 527 [I 2023-12-07 01:25:59,911] Trial 153 finished with value: 0.08120328282291842 and parameters: {'weight_1': 0.45801195283923957, 'weight_2': 0.22094035108026933}. Best is trial 146 with value: 0.08127506937543715.
8878.9s 528 ScoresHybridRecommender: URM Detected 318 ( 2.5%) users with no interactions.
8878.9s 529 ScoresHybridRecommender: URM Detected 217 ( 1.0%) items with no interactions.
8934.8s 530 [I 2023-12-07 01:26:56,034] Trial 154 finished with value: 0.08111819122106498 and parameters: {'weight_1': 0.48357485003710443, 'weight_2': 0.2472824913876876}. Best is trial 146 with value: 0.08127506937543715.
8935.0s 531 ScoresHybridRecommender: URM Detected 318 ( 2.5%) users with no interactions.
8935.0s 532 ScoresHybridRecommender: URM Detected 217 ( 1.0%) items with no interactions.
8989.9s 533 [I 2023-12-07 01:27:51,066] Trial 155 finished with value: 0.08093429837253316 and parameters: {'weight_1': 0.5118845515681204, 'weight_2': 0.26321187220906883}. Best is trial 146 with value: 0.08127506937543715.
8990.1s 534 ScoresHybridRecommender: URM Detected 318 ( 2.5%) users with no interactions.
8990.1s 535 ScoresHybridRecommender: URM Detected 217 ( 1.0%) items with no interactions.
9045.6s 536 [I 2023-12-07 01:28:46,787] Trial 156 finished with value: 0.08115191248127687 and parameters: {'weight_1': 0.45391635162538546, 'weight_2': 0.20157371190008633}. Best is trial 146 with value: 0.08127506937543715.
9045.8s 537 ScoresHybridRecommender: URM Detected 318 ( 2.5%) users with no interactions.
9045.8s 538 ScoresHybridRecommender: URM Detected 217 ( 1.0%) items with no interactions.
9100.8s 539 [I 2023-12-07 01:29:41,937] Trial 157 finished with value: 0.08118956522855766 and parameters: {'weight_1': 0.40264910935052417, 'weight_2': 0.28848303562413297}. Best is trial 146 with value: 0.08127506937543715.
9100.9s 540 ScoresHybridRecommender: URM Detected 318 ( 2.5%) users with no interactions.
9100.9s 541 ScoresHybridRecommender: URM Detected 217 ( 1.0%) items with no interactions.
9156.3s 542 [I 2023-12-07 01:30:37,430] Trial 158 finished with value: 0.08107737126053012 and parameters: {'weight_1': 0.5283790604163069, 'weight_2': 0.2357010734505384}. Best is trial 146 with value: 0.08127506937543715.
9156.4s 543 ScoresHybridRecommender: URM Detected 318 ( 2.5%) users with no interactions.
9156.4s 544 ScoresHybridRecommender: URM Detected 217 ( 1.0%) items with no interactions.
9210.2s 545 [I 2023-12-07 01:31:31,414] Trial 159 finished with value: 0.08116046901725793 and parameters: {'weight_1': 0.4711820280119166, 'weight_2': 0.24638626083120238}. Best is trial 146 with value: 0.08127506937543715.
9210.4s 546 ScoresHybridRecommender: URM Detected 318 ( 2.5%) users with no interactions.
9210.4s 547 ScoresHybridRecommender: URM Detected 217 ( 1.0%) items with no interactions.
