20670.4s 1198 [I 2023-12-07 04:42:31,562] Trial 370 finished with value: 0.08095508043463334 and parameters: {'weight_1': 0.3676998284575164, 'weight_2': 0.2930302856861221}. Best is trial 211 with value: 0.08129001476678617.
20670.6s 1199 ScoresHybridRecommender: URM Detected 318 ( 2.5%) users with no interactions.
20670.6s 1200 ScoresHybridRecommender: URM Detected 217 ( 1.0%) items with no interactions.
20723.7s 1201 [I 2023-12-07 04:43:24,813] Trial 371 finished with value: 0.08113419422999751 and parameters: {'weight_1': 0.38209018591580407, 'weight_2': 0.2872939295891767}. Best is trial 211 with value: 0.08129001476678617.
20723.8s 1202 ScoresHybridRecommender: URM Detected 318 ( 2.5%) users with no interactions.
20723.8s 1203 ScoresHybridRecommender: URM Detected 217 ( 1.0%) items with no interactions.
20776.9s 1204 [I 2023-12-07 04:44:18,072] Trial 372 finished with value: 0.08112295020450952 and parameters: {'weight_1': 0.3847057691822117, 'weight_2': 0.3073369243682744}. Best is trial 211 with value: 0.08129001476678617.
20777.1s 1205 ScoresHybridRecommender: URM Detected 318 ( 2.5%) users with no interactions.
20777.1s 1206 ScoresHybridRecommender: URM Detected 217 ( 1.0%) items with no interactions.
20828.7s 1207 [I 2023-12-07 04:45:09,845] Trial 373 finished with value: 0.08093981694180295 and parameters: {'weight_1': 0.3421155779421635, 'weight_2': 0.323351419864257}. Best is trial 211 with value: 0.08129001476678617.
20828.8s 1208 ScoresHybridRecommender: URM Detected 318 ( 2.5%) users with no interactions.
20828.8s 1209 ScoresHybridRecommender: URM Detected 217 ( 1.0%) items with no interactions.
20881.5s 1210 [I 2023-12-07 04:46:02,708] Trial 374 finished with value: 0.08054506857272467 and parameters: {'weight_1': 0.2980533472186819, 'weight_2': 0.2988348008815211}. Best is trial 211 with value: 0.08129001476678617.
20881.7s 1211 ScoresHybridRecommender: URM Detected 318 ( 2.5%) users with no interactions.
20881.7s 1212 ScoresHybridRecommender: URM Detected 217 ( 1.0%) items with no interactions.
20935.9s 1213 [I 2023-12-07 04:46:57,084] Trial 375 finished with value: 0.08121999754183777 and parameters: {'weight_1': 0.39284081728054787, 'weight_2': 0.2850943192322367}. Best is trial 211 with value: 0.08129001476678617.
20936.1s 1214 ScoresHybridRecommender: URM Detected 318 ( 2.5%) users with no interactions.
20936.1s 1215 ScoresHybridRecommender: URM Detected 217 ( 1.0%) items with no interactions.
20990.2s 1216 [I 2023-12-07 04:47:51,390] Trial 376 finished with value: 0.07773155450177717 and parameters: {'weight_1': 0.10495858161915061, 'weight_2': 0.1748058120215758}. Best is trial 211 with value: 0.08129001476678617.
20990.4s 1217 ScoresHybridRecommender: URM Detected 318 ( 2.5%) users with no interactions.
20990.4s 1218 ScoresHybridRecommender: URM Detected 217 ( 1.0%) items with no interactions.
21041.8s 1219 [I 2023-12-07 04:48:42,995] Trial 377 finished with value: 0.08110781092116225 and parameters: {'weight_1': 0.3666782285679678, 'weight_2': 0.3168598820773275}. Best is trial 211 with value: 0.08129001476678617.
21042.0s 1220 ScoresHybridRecommender: URM Detected 318 ( 2.5%) users with no interactions.
21042.0s 1221 ScoresHybridRecommender: URM Detected 217 ( 1.0%) items with no interactions.
21094.2s 1222 [I 2023-12-07 04:49:35,348] Trial 378 finished with value: 0.08086837370556026 and parameters: {'weight_1': 0.3597753800585295, 'weight_2': 0.2847408143117033}. Best is trial 211 with value: 0.08129001476678617.
21094.3s 1223 ScoresHybridRecommender: URM Detected 318 ( 2.5%) users with no interactions.
21094.3s 1224 ScoresHybridRecommender: URM Detected 217 ( 1.0%) items with no interactions.
21146.4s 1225 [I 2023-12-07 04:50:27,536] Trial 379 finished with value: 0.08114692737975203 and parameters: {'weight_1': 0.40120458402350223, 'weight_2': 0.29825481255320685}. Best is trial 211 with value: 0.08129001476678617.
21146.5s 1226 ScoresHybridRecommender: URM Detected 318 ( 2.5%) users with no interactions.
21146.5s 1227 ScoresHybridRecommender: URM Detected 217 ( 1.0%) items with no interactions.
21198.8s 1228 [I 2023-12-07 04:51:20,007] Trial 380 finished with value: 0.0810573190747529 and parameters: {'weight_1': 0.3822947418978235, 'weight_2': 0.27834187505740626}. Best is trial 211 with value: 0.08129001476678617.
21199.0s 1229 ScoresHybridRecommender: URM Detected 318 ( 2.5%) users with no interactions.
21199.0s 1230 ScoresHybridRecommender: URM Detected 217 ( 1.0%) items with no interactions.
21250.3s 1231 [I 2023-12-07 04:52:11,489] Trial 381 finished with value: 0.08112425407349091 and parameters: {'weight_1': 0.41226103824415283, 'weight_2': 0.31126048865277695}. Best is trial 211 with value: 0.08129001476678617.
21250.5s 1232 ScoresHybridRecommender: URM Detected 318 ( 2.5%) users with no interactions.
21250.5s 1233 ScoresHybridRecommender: URM Detected 217 ( 1.0%) items with no interactions.
21301.7s 1234 [I 2023-12-07 04:53:02,839] Trial 382 finished with value: 0.08083840148632274 and parameters: {'weight_1': 0.6557624542705194, 'weight_2': 0.29986595178592}. Best is trial 211 with value: 0.08129001476678617.
21301.8s 1235 ScoresHybridRecommender: URM Detected 318 ( 2.5%) users with no interactions.
21301.8s 1236 ScoresHybridRecommender: URM Detected 217 ( 1.0%) items with no interactions.
21354.1s 1237 [I 2023-12-07 04:53:55,274] Trial 383 finished with value: 0.08113194571134844 and parameters: {'weight_1': 0.4028131636448214, 'weight_2': 0.2750655403928487}. Best is trial 211 with value: 0.08129001476678617.
21354.3s 1238 ScoresHybridRecommender: URM Detected 318 ( 2.5%) users with no interactions.
21354.3s 1239 ScoresHybridRecommender: URM Detected 217 ( 1.0%) items with no interactions.
21407.6s 1240 [I 2023-12-07 04:54:48,744] Trial 384 finished with value: 0.0807313522381261 and parameters: {'weight_1': 0.31499498654743774, 'weight_2': 0.3222188807681316}. Best is trial 211 with value: 0.08129001476678617.
21407.7s 1241 ScoresHybridRecommender: URM Detected 318 ( 2.5%) users with no interactions.
21407.7s 1242 ScoresHybridRecommender: URM Detected 217 ( 1.0%) items with no interactions.
21461.8s 1243 [I 2023-12-07 04:55:42,977] Trial 385 finished with value: 0.0811600327750214 and parameters: {'weight_1': 0.5699158348076098, 'weight_2': 0.2904994934600579}. Best is trial 211 with value: 0.08129001476678617.
21462.0s 1244 ScoresHybridRecommender: URM Detected 318 ( 2.5%) users with no interactions.
21462.0s 1245 ScoresHybridRecommender: URM Detected 217 ( 1.0%) items with no interactions.
21515.0s 1246 [I 2023-12-07 04:56:36,110] Trial 386 finished with value: 0.08122169900043133 and parameters: {'weight_1': 0.41310083910561896, 'weight_2': 0.2734701319441349}. Best is trial 211 with value: 0.08129001476678617.
21515.1s 1247 ScoresHybridRecommender: URM Detected 318 ( 2.5%) users with no interactions.
21515.1s 1248 ScoresHybridRecommender: URM Detected 217 ( 1.0%) items with no interactions.
21569.5s 1249 [I 2023-12-07 04:57:30,664] Trial 387 finished with value: 0.08076362989312684 and parameters: {'weight_1': 0.34394534649609987, 'weight_2': 0.2851812039162959}. Best is trial 211 with value: 0.08129001476678617.
21569.7s 1250 ScoresHybridRecommender: URM Detected 318 ( 2.5%) users with no interactions.
21569.7s 1251 ScoresHybridRecommender: URM Detected 217 ( 1.0%) items with no interactions.
21623.3s 1252 [I 2023-12-07 04:58:24,450] Trial 388 finished with value: 0.08061327471304718 and parameters: {'weight_1': 0.35581054906479137, 'weight_2': 0.48008000659943073}. Best is trial 211 with value: 0.08129001476678617.
21623.4s 1253 ScoresHybridRecommender: URM Detected 318 ( 2.5%) users with no interactions.
21623.4s 1254 ScoresHybridRecommender: URM Detected 217 ( 1.0%) items with no interactions.
21676.6s 1255 [I 2023-12-07 04:59:17,729] Trial 389 finished with value: 0.079013612996776 and parameters: {'weight_1': 0.184418553904256, 'weight_2': 0.19392805505521907}. Best is trial 211 with value: 0.08129001476678617.
21676.7s 1256 ScoresHybridRecommender: URM Detected 318 ( 2.5%) users with no interactions.
21676.7s 1257 ScoresHybridRecommender: URM Detected 217 ( 1.0%) items with no interactions.
21729.5s 1258 [I 2023-12-07 05:00:10,681] Trial 390 finished with value: 0.08125522629791986 and parameters: {'weight_1': 0.4287954017620204, 'weight_2': 0.2701208905764488}. Best is trial 211 with value: 0.08129001476678617.
21729.7s 1259 ScoresHybridRecommender: URM Detected 318 ( 2.5%) users with no interactions.
21729.7s 1260 ScoresHybridRecommender: URM Detected 217 ( 1.0%) items with no interactions.
21783.3s 1261 [I 2023-12-07 05:01:04,429] Trial 391 finished with value: 0.07986398248477947 and parameters: {'weight_1': 0.38906750130635076, 'weight_2': 0.04946409848979627}. Best is trial 211 with value: 0.08129001476678617.
21783.4s 1262 ScoresHybridRecommender: URM Detected 318 ( 2.5%) users with no interactions.
21783.4s 1263 ScoresHybridRecommender: URM Detected 217 ( 1.0%) items with no interactions.
21834.7s 1264 [I 2023-12-07 05:01:55,853] Trial 392 finished with value: 0.08126335722866723 and parameters: {'weight_1': 0.42595130874221665, 'weight_2': 0.2648779403556197}. Best is trial 211 with value: 0.08129001476678617.
21834.8s 1265 ScoresHybridRecommender: URM Detected 318 ( 2.5%) users with no interactions.
21834.8s 1266 ScoresHybridRecommender: URM Detected 217 ( 1.0%) items with no interactions.
21887.3s 1267 [I 2023-12-07 05:02:48,506] Trial 393 finished with value: 0.08123831840406855 and parameters: {'weight_1': 0.4266121278188002, 'weight_2': 0.26716735098681643}. Best is trial 211 with value: 0.08129001476678617.
21887.5s 1268 ScoresHybridRecommender: URM Detected 318 ( 2.5%) users with no interactions.
21887.5s 1269 ScoresHybridRecommender: URM Detected 217 ( 1.0%) items with no interactions.
21939.7s 1270 [I 2023-12-07 05:03:40,815] Trial 394 finished with value: 0.08120520642768538 and parameters: {'weight_1': 0.42291822884986957, 'weight_2': 0.2688826777148338}. Best is trial 211 with value: 0.08129001476678617.
21939.8s 1271 ScoresHybridRecommender: URM Detected 318 ( 2.5%) users with no interactions.
21939.8s 1272 ScoresHybridRecommender: URM Detected 217 ( 1.0%) items with no interactions.
21993.0s 1273 [I 2023-12-07 05:04:34,172] Trial 395 finished with value: 0.08114394952568071 and parameters: {'weight_1': 0.3806726200168355, 'weight_2': 0.28292696140335266}. Best is trial 211 with value: 0.08129001476678617.
21993.2s 1274 ScoresHybridRecommender: URM Detected 318 ( 2.5%) users with no interactions.
21993.2s 1275 ScoresHybridRecommender: URM Detected 217 ( 1.0%) items with no interactions.
22046.7s 1276 [I 2023-12-07 05:05:27,863] Trial 396 finished with value: 0.08110617863388979 and parameters: {'weight_1': 0.401042706309767, 'weight_2': 0.3880189398394096}. Best is trial 211 with value: 0.08129001476678617.
22046.9s 1277 ScoresHybridRecommender: URM Detected 318 ( 2.5%) users with no interactions.
22046.9s 1278 ScoresHybridRecommender: URM Detected 217 ( 1.0%) items with no interactions.
22098.5s 1279 [I 2023-12-07 05:06:19,615] Trial 397 finished with value: 0.08105114135397957 and parameters: {'weight_1': 0.5942144935541727, 'weight_2': 0.29337784253557453}. Best is trial 211 with value: 0.08129001476678617.
22098.6s 1280 ScoresHybridRecommender: URM Detected 318 ( 2.5%) users with no interactions.
22098.6s 1281 ScoresHybridRecommender: URM Detected 217 ( 1.0%) items with no interactions.
22151.4s 1282 [I 2023-12-07 05:07:12,604] Trial 398 finished with value: 0.08115335172405734 and parameters: {'weight_1': 0.42315718637819044, 'weight_2': 0.30866925505762405}. Best is trial 211 with value: 0.08129001476678617.
22151.6s 1283 ScoresHybridRecommender: URM Detected 318 ( 2.5%) users with no interactions.
22151.6s 1284 ScoresHybridRecommender: URM Detected 217 ( 1.0%) items with no interactions.
22206.0s 1285 [I 2023-12-07 05:08:07,175] Trial 399 finished with value: 0.0801672415843317 and parameters: {'weight_1': 0.25212679334996524, 'weight_2': 0.31593042506170504}. Best is trial 211 with value: 0.08129001476678617.
