9263.5s 548 [I 2023-12-07 01:32:24,646] Trial 160 finished with value: 0.08090513654820493 and parameters: {'weight_1': 0.41923140920319996, 'weight_2': 0.22562375413347288}. Best is trial 146 with value: 0.08127506937543715.
9263.6s 549 ScoresHybridRecommender: URM Detected 318 ( 2.5%) users with no interactions.
9263.6s 550 ScoresHybridRecommender: URM Detected 217 ( 1.0%) items with no interactions.
9319.5s 551 [I 2023-12-07 01:33:20,669] Trial 161 finished with value: 0.0811053312337418 and parameters: {'weight_1': 0.44681762384484147, 'weight_2': 0.21177070879351348}. Best is trial 146 with value: 0.08127506937543715.
9319.7s 552 ScoresHybridRecommender: URM Detected 318 ( 2.5%) users with no interactions.
9319.7s 553 ScoresHybridRecommender: URM Detected 217 ( 1.0%) items with no interactions.
9319.7s 554 Error: Weights sum is 0.9999999999999999, but must be 1.0
9373.9s 555 [I 2023-12-07 01:34:15,054] Trial 162 finished with value: 0.08114665484717917 and parameters: {'weight_1': 0.43912348862151734, 'weight_2': 0.23410226348572413}. Best is trial 146 with value: 0.08127506937543715.
9374.0s 556 ScoresHybridRecommender: URM Detected 318 ( 2.5%) users with no interactions.
9374.0s 557 ScoresHybridRecommender: URM Detected 217 ( 1.0%) items with no interactions.
9429.4s 558 [I 2023-12-07 01:35:10,552] Trial 163 finished with value: 0.08095829523172479 and parameters: {'weight_1': 0.38342957818483214, 'weight_2': 0.2660700112205359}. Best is trial 146 with value: 0.08127506937543715.
9429.5s 559 ScoresHybridRecommender: URM Detected 318 ( 2.5%) users with no interactions.
9429.5s 560 ScoresHybridRecommender: URM Detected 217 ( 1.0%) items with no interactions.
9485.2s 561 [I 2023-12-07 01:36:06,439] Trial 164 finished with value: 0.08120133384469262 and parameters: {'weight_1': 0.448705008498577, 'weight_2': 0.2502256576751288}. Best is trial 146 with value: 0.08127506937543715.
9485.4s 562 ScoresHybridRecommender: URM Detected 318 ( 2.5%) users with no interactions.
9485.4s 563 ScoresHybridRecommender: URM Detected 217 ( 1.0%) items with no interactions.
9541.1s 564 [I 2023-12-07 01:37:02,297] Trial 165 finished with value: 0.08105322416228024 and parameters: {'weight_1': 0.4934958670751782, 'weight_2': 0.2310858261966624}. Best is trial 146 with value: 0.08127506937543715.
9541.3s 565 ScoresHybridRecommender: URM Detected 318 ( 2.5%) users with no interactions.
9541.3s 566 ScoresHybridRecommender: URM Detected 217 ( 1.0%) items with no interactions.
9595.5s 567 [I 2023-12-07 01:37:56,695] Trial 166 finished with value: 0.08121970315961145 and parameters: {'weight_1': 0.42174923896454125, 'weight_2': 0.26876673324388883}. Best is trial 146 with value: 0.08127506937543715.
9595.7s 568 ScoresHybridRecommender: URM Detected 318 ( 2.5%) users with no interactions.
9595.7s 569 ScoresHybridRecommender: URM Detected 217 ( 1.0%) items with no interactions.
9651.4s 570 [I 2023-12-07 01:38:52,548] Trial 167 finished with value: 0.08121545631781277 and parameters: {'weight_1': 0.41349936557194944, 'weight_2': 0.2713083769958423}. Best is trial 146 with value: 0.08127506937543715.
9651.5s 571 ScoresHybridRecommender: URM Detected 318 ( 2.5%) users with no interactions.
9651.5s 572 ScoresHybridRecommender: URM Detected 217 ( 1.0%) items with no interactions.
9706.5s 573 [I 2023-12-07 01:39:47,647] Trial 168 finished with value: 0.08115436525693773 and parameters: {'weight_1': 0.46825832777528387, 'weight_2': 0.2572550390231013}. Best is trial 146 with value: 0.08127506937543715.
9706.6s 574 ScoresHybridRecommender: URM Detected 318 ( 2.5%) users with no interactions.
9706.6s 575 ScoresHybridRecommender: URM Detected 217 ( 1.0%) items with no interactions.
9706.6s 576 Error: Weights sum is 0.9999999999999999, but must be 1.0
9761.8s 577 [I 2023-12-07 01:40:42,974] Trial 169 finished with value: 0.08112540364928401 and parameters: {'weight_1': 0.4248950436781069, 'weight_2': 0.3016590159522742}. Best is trial 146 with value: 0.08127506937543715.
9762.0s 578 ScoresHybridRecommender: URM Detected 318 ( 2.5%) users with no interactions.
9762.0s 579 ScoresHybridRecommender: URM Detected 217 ( 1.0%) items with no interactions.
9818.0s 580 [I 2023-12-07 01:41:39,150] Trial 170 finished with value: 0.081181666254406 and parameters: {'weight_1': 0.4023396447423309, 'weight_2': 0.29083699951018194}. Best is trial 146 with value: 0.08127506937543715.
9818.1s 581 ScoresHybridRecommender: URM Detected 318 ( 2.5%) users with no interactions.
9818.1s 582 ScoresHybridRecommender: URM Detected 217 ( 1.0%) items with no interactions.
9872.9s 583 [I 2023-12-07 01:42:34,056] Trial 171 finished with value: 0.08123335829074378 and parameters: {'weight_1': 0.4163746644865911, 'weight_2': 0.2755941355016196}. Best is trial 146 with value: 0.08127506937543715.
9873.0s 584 ScoresHybridRecommender: URM Detected 318 ( 2.5%) users with no interactions.
9873.0s 585 ScoresHybridRecommender: URM Detected 217 ( 1.0%) items with no interactions.
9928.6s 586 [I 2023-12-07 01:43:29,808] Trial 172 finished with value: 0.08066137390197062 and parameters: {'weight_1': 0.3724024136747962, 'weight_2': 0.196350948878056}. Best is trial 146 with value: 0.08127506937543715.
9928.8s 587 ScoresHybridRecommender: URM Detected 318 ( 2.5%) users with no interactions.
9928.8s 588 ScoresHybridRecommender: URM Detected 217 ( 1.0%) items with no interactions.
9983.9s 589 [I 2023-12-07 01:44:25,089] Trial 173 finished with value: 0.08120959597998564 and parameters: {'weight_1': 0.4296204931749088, 'weight_2': 0.2735241766809946}. Best is trial 146 with value: 0.08127506937543715.
9984.1s 590 ScoresHybridRecommender: URM Detected 318 ( 2.5%) users with no interactions.
9984.1s 591 ScoresHybridRecommender: URM Detected 217 ( 1.0%) items with no interactions.
10038.2s 592 [I 2023-12-07 01:45:19,443] Trial 174 finished with value: 0.08090941642740027 and parameters: {'weight_1': 0.3898714015667127, 'weight_2': 0.21797035311814303}. Best is trial 146 with value: 0.08127506937543715.
10038.4s 593 ScoresHybridRecommender: URM Detected 318 ( 2.5%) users with no interactions.
10038.4s 594 ScoresHybridRecommender: URM Detected 217 ( 1.0%) items with no interactions.
10094.1s 595 [I 2023-12-07 01:46:15,318] Trial 175 finished with value: 0.08117019755767578 and parameters: {'weight_1': 0.4657515904938435, 'weight_2': 0.25055218502790677}. Best is trial 146 with value: 0.08127506937543715.
10094.3s 596 ScoresHybridRecommender: URM Detected 318 ( 2.5%) users with no interactions.
10094.3s 597 ScoresHybridRecommender: URM Detected 217 ( 1.0%) items with no interactions.
10150.2s 598 [I 2023-12-07 01:47:11,377] Trial 176 finished with value: 0.08119304159812427 and parameters: {'weight_1': 0.44615068008907144, 'weight_2': 0.2640290502671208}. Best is trial 146 with value: 0.08127506937543715.
10150.4s 599 ScoresHybridRecommender: URM Detected 318 ( 2.5%) users with no interactions.
10150.4s 600 ScoresHybridRecommender: URM Detected 217 ( 1.0%) items with no interactions.
10205.9s 601 [I 2023-12-07 01:48:07,089] Trial 177 finished with value: 0.0811332775085622 and parameters: {'weight_1': 0.4121972338047197, 'weight_2': 0.2855559489817337}. Best is trial 146 with value: 0.08127506937543715.
10206.1s 602 ScoresHybridRecommender: URM Detected 318 ( 2.5%) users with no interactions.
10206.1s 603 ScoresHybridRecommender: URM Detected 217 ( 1.0%) items with no interactions.
10260.5s 604 [I 2023-12-07 01:49:01,721] Trial 178 finished with value: 0.08112721702508983 and parameters: {'weight_1': 0.4768288165541782, 'weight_2': 0.2448176639547062}. Best is trial 146 with value: 0.08127506937543715.
10260.7s 605 ScoresHybridRecommender: URM Detected 318 ( 2.5%) users with no interactions.
10260.7s 606 ScoresHybridRecommender: URM Detected 217 ( 1.0%) items with no interactions.
10314.4s 607 [I 2023-12-07 01:49:55,604] Trial 179 finished with value: 0.08125327863190868 and parameters: {'weight_1': 0.4333186346961929, 'weight_2': 0.267105551377148}. Best is trial 146 with value: 0.08127506937543715.
10314.6s 608 ScoresHybridRecommender: URM Detected 318 ( 2.5%) users with no interactions.
10314.6s 609 ScoresHybridRecommender: URM Detected 217 ( 1.0%) items with no interactions.
10370.0s 610 [I 2023-12-07 01:50:51,160] Trial 180 finished with value: 0.0807958438879354 and parameters: {'weight_1': 0.35289347850944713, 'weight_2': 0.28164089239791534}. Best is trial 146 with value: 0.08127506937543715.
10370.2s 611 ScoresHybridRecommender: URM Detected 318 ( 2.5%) users with no interactions.
10370.2s 612 ScoresHybridRecommender: URM Detected 217 ( 1.0%) items with no interactions.
10426.5s 613 [I 2023-12-07 01:51:47,648] Trial 181 finished with value: 0.08128695718619622 and parameters: {'weight_1': 0.4311102715667559, 'weight_2': 0.2614799128702159}. Best is trial 181 with value: 0.08128695718619622.
10426.6s 614 ScoresHybridRecommender: URM Detected 318 ( 2.5%) users with no interactions.
10426.6s 615 ScoresHybridRecommender: URM Detected 217 ( 1.0%) items with no interactions.
10484.2s 616 [I 2023-12-07 01:52:45,347] Trial 182 finished with value: 0.08122529536404663 and parameters: {'weight_1': 0.42143814541115554, 'weight_2': 0.2656239910088969}. Best is trial 181 with value: 0.08128695718619622.
10484.3s 617 ScoresHybridRecommender: URM Detected 318 ( 2.5%) users with no interactions.
10484.3s 618 ScoresHybridRecommender: URM Detected 217 ( 1.0%) items with no interactions.
10541.7s 619 [I 2023-12-07 01:53:42,899] Trial 183 finished with value: 0.0811675680646673 and parameters: {'weight_1': 0.451866728167954, 'weight_2': 0.2552946751243468}. Best is trial 181 with value: 0.08128695718619622.
10541.9s 620 ScoresHybridRecommender: URM Detected 318 ( 2.5%) users with no interactions.
10541.9s 621 ScoresHybridRecommender: URM Detected 217 ( 1.0%) items with no interactions.
10598.5s 622 [I 2023-12-07 01:54:39,714] Trial 184 finished with value: 0.08097846937330291 and parameters: {'weight_1': 0.40650316152165894, 'weight_2': 0.2414990321024048}. Best is trial 181 with value: 0.08128695718619622.
10598.7s 623 ScoresHybridRecommender: URM Detected 318 ( 2.5%) users with no interactions.
10598.7s 624 ScoresHybridRecommender: URM Detected 217 ( 1.0%) items with no interactions.
10655.0s 625 [I 2023-12-07 01:55:36,210] Trial 185 finished with value: 0.08116700815907348 and parameters: {'weight_1': 0.4845114373094305, 'weight_2': 0.2605112994575503}. Best is trial 181 with value: 0.08128695718619622.
10655.2s 626 ScoresHybridRecommender: URM Detected 318 ( 2.5%) users with no interactions.
10655.2s 627 ScoresHybridRecommender: URM Detected 217 ( 1.0%) items with no interactions.
10712.1s 628 [I 2023-12-07 01:56:33,249] Trial 186 finished with value: 0.08120908482744862 and parameters: {'weight_1': 0.4333256966328567, 'weight_2': 0.27347708870586585}. Best is trial 181 with value: 0.08128695718619622.
10712.2s 629 ScoresHybridRecommender: URM Detected 318 ( 2.5%) users with no interactions.
10712.2s 630 ScoresHybridRecommender: URM Detected 217 ( 1.0%) items with no interactions.
10767.1s 631 [I 2023-12-07 01:57:28,278] Trial 187 finished with value: 0.08095234060143486 and parameters: {'weight_1': 0.3884768837609685, 'weight_2': 0.22199846208496196}. Best is trial 181 with value: 0.08128695718619622.
10767.3s 632 ScoresHybridRecommender: URM Detected 318 ( 2.5%) users with no interactions.
10767.3s 633 ScoresHybridRecommender: URM Detected 217 ( 1.0%) items with no interactions.
10823.2s 634 [I 2023-12-07 01:58:24,402] Trial 188 finished with value: 0.08126152799496683 and parameters: {'weight_1': 0.45660022209548784, 'weight_2': 0.2385712330666149}. Best is trial 181 with value: 0.08128695718619622.
10823.4s 635 ScoresHybridRecommender: URM Detected 318 ( 2.5%) users with no interactions.
10823.4s 636 ScoresHybridRecommender: URM Detected 217 ( 1.0%) items with no interactions.
10878.7s 637 [I 2023-12-07 01:59:19,936] Trial 189 finished with value: 0.08102554176625157 and parameters: {'weight_1': 0.5016151140916951, 'weight_2': 0.25236304726213415}. Best is trial 181 with value: 0.08128695718619622.
10878.9s 638 ScoresHybridRecommender: URM Detected 318 ( 2.5%) users with no interactions.
10878.9s 639 ScoresHybridRecommender: URM Detected 217 ( 1.0%) items with no interactions.
10936.0s 640 [I 2023-12-07 02:00:17,172] Trial 190 finished with value: 0.08116721101622605 and parameters: {'weight_1': 0.442710745533259, 'weight_2': 0.29680376742756426}. Best is trial 181 with value: 0.08128695718619622.
10936.2s 641 ScoresHybridRecommender: URM Detected 318 ( 2.5%) users with no interactions.
10936.2s 642 ScoresHybridRecommender: URM Detected 217 ( 1.0%) items with no interactions.
10992.2s 643 [I 2023-12-07 02:01:13,378] Trial 191 finished with value: 0.08122252738634389 and parameters: {'weight_1': 0.46329430706884994, 'weight_2': 0.23408250552692303}. Best is trial 181 with value: 0.08128695718619622.
10992.4s 644 ScoresHybridRecommender: URM Detected 318 ( 2.5%) users with no interactions.
10992.4s 645 ScoresHybridRecommender: URM Detected 217 ( 1.0%) items with no interactions.
11048.7s 646 [I 2023-12-07 02:02:09,891] Trial 192 finished with value: 0.0812231714682341 and parameters: {'weight_1': 0.463415812523737, 'weight_2': 0.24739257675665297}. Best is trial 181 with value: 0.08128695718619622.
11048.9s 647 ScoresHybridRecommender: URM Detected 318 ( 2.5%) users with no interactions.
11048.9s 648 ScoresHybridRecommender: URM Detected 217 ( 1.0%) items with no interactions.
11106.2s 649 [I 2023-12-07 02:03:07,430] Trial 193 finished with value: 0.08122928585523283 and parameters: {'weight_1': 0.4202928258693522, 'weight_2': 0.2658062326749636}. Best is trial 181 with value: 0.08128695718619622.
11106.4s 650 ScoresHybridRecommender: URM Detected 318 ( 2.5%) users with no interactions.
11106.4s 651 ScoresHybridRecommender: URM Detected 217 ( 1.0%) items with no interactions.
11162.1s 652 [I 2023-12-07 02:04:03,314] Trial 194 finished with value: 0.08115369513304149 and parameters: {'weight_1': 0.4155429891000165, 'weight_2': 0.28179198994392757}. Best is trial 181 with value: 0.08128695718619622.
11162.3s 653 ScoresHybridRecommender: URM Detected 318 ( 2.5%) users with no interactions.
11162.3s 654 ScoresHybridRecommender: URM Detected 217 ( 1.0%) items with no interactions.
11216.8s 655 [I 2023-12-07 02:04:57,962] Trial 195 finished with value: 0.08107231773378915 and parameters: {'weight_1': 0.39727722925583875, 'weight_2': 0.26710940207927936}. Best is trial 181 with value: 0.08128695718619622.
11217.0s 656 ScoresHybridRecommender: URM Detected 318 ( 2.5%) users with no interactions.
11217.0s 657 ScoresHybridRecommender: URM Detected 217 ( 1.0%) items with no interactions.
11271.2s 658 [I 2023-12-07 02:05:52,341] Trial 196 finished with value: 0.08127706234529249 and parameters: {'weight_1': 0.43123342410614945, 'weight_2': 0.25968315276246484}. Best is trial 181 with value: 0.08128695718619622.
11271.3s 659 ScoresHybridRecommender: URM Detected 318 ( 2.5%) users with no interactions.
11271.3s 660 ScoresHybridRecommender: URM Detected 217 ( 1.0%) items with no interactions.
11326.8s 661 [I 2023-12-07 02:06:47,951] Trial 197 finished with value: 0.08120153652347845 and parameters: {'weight_1': 0.4382061003048061, 'weight_2': 0.24125399972989559}. Best is trial 181 with value: 0.08128695718619622.
11326.9s 662 ScoresHybridRecommender: URM Detected 318 ( 2.5%) users with no interactions.
11326.9s 663 ScoresHybridRecommender: URM Detected 217 ( 1.0%) items with no interactions.
11326.9s 664 Error: Weights sum is 0.9999999999999999, but must be 1.0
11381.9s 665 [I 2023-12-07 02:07:43,089] Trial 198 finished with value: 0.08116954847315035 and parameters: {'weight_1': 0.47955884311882796, 'weight_2': 0.2598994171883854}. Best is trial 181 with value: 0.08128695718619622.
11382.1s 666 ScoresHybridRecommender: URM Detected 318 ( 2.5%) users with no interactions.
11382.1s 667 ScoresHybridRecommender: URM Detected 217 ( 1.0%) items with no interactions.
11437.5s 668 [I 2023-12-07 02:08:38,720] Trial 199 finished with value: 0.08111791579769757 and parameters: {'weight_1': 0.3666656948710269, 'weight_2': 0.30409108965980924}. Best is trial 181 with value: 0.08128695718619622.
11437.7s 669 ScoresHybridRecommender: URM Detected 318 ( 2.5%) users with no interactions.
11437.7s 670 ScoresHybridRecommender: URM Detected 217 ( 1.0%) items with no interactions.
11492.9s 671 [I 2023-12-07 02:09:34,110] Trial 200 finished with value: 0.0812206870218186 and parameters: {'weight_1': 0.44506228616111504, 'weight_2': 0.2763247797304023}. Best is trial 181 with value: 0.08128695718619622.
11493.1s 672 ScoresHybridRecommender: URM Detected 318 ( 2.5%) users with no interactions.
11493.1s 673 ScoresHybridRecommender: URM Detected 217 ( 1.0%) items with no interactions.
11493.1s 674 Error: Weights sum is 0.9999999999999999, but must be 1.0
11547.9s 675 [I 2023-12-07 02:10:29,116] Trial 201 finished with value: 0.08116754055761172 and parameters: {'weight_1': 0.4227588926187104, 'weight_2': 0.2589283663341023}. Best is trial 181 with value: 0.08128695718619622.
11548.1s 676 ScoresHybridRecommender: URM Detected 318 ( 2.5%) users with no interactions.
11548.1s 677 ScoresHybridRecommender: URM Detected 217 ( 1.0%) items with no interactions.
11603.3s 678 [I 2023-12-07 02:11:24,519] Trial 202 finished with value: 0.08109923610604512 and parameters: {'weight_1': 0.4032909206020965, 'weight_2': 0.2715526875292354}. Best is trial 181 with value: 0.08128695718619622.
11603.5s 679 ScoresHybridRecommender: URM Detected 318 ( 2.5%) users with no interactions.
11603.5s 680 ScoresHybridRecommender: URM Detected 217 ( 1.0%) items with no interactions.
11659.5s 681 [I 2023-12-07 02:12:20,716] Trial 203 finished with value: 0.08118227829822615 and parameters: {'weight_1': 0.42661640739084844, 'weight_2': 0.2903469152928883}. Best is trial 181 with value: 0.08128695718619622.
11659.7s 682 ScoresHybridRecommender: URM Detected 318 ( 2.5%) users with no interactions.
11659.7s 683 ScoresHybridRecommender: URM Detected 217 ( 1.0%) items with no interactions.
11715.7s 684 [I 2023-12-07 02:13:16,889] Trial 204 finished with value: 0.08078838361759667 and parameters: {'weight_1': 0.3819474248539107, 'weight_2': 0.21336238160681903}. Best is trial 181 with value: 0.08128695718619622.
11715.9s 685 ScoresHybridRecommender: URM Detected 318 ( 2.5%) users with no interactions.
11715.9s 686 ScoresHybridRecommender: URM Detected 217 ( 1.0%) items with no interactions.
11772.3s 687 [I 2023-12-07 02:14:13,449] Trial 205 finished with value: 0.08124450402564709 and parameters: {'weight_1': 0.4560729880406314, 'weight_2': 0.24882870998468962}. Best is trial 181 with value: 0.08128695718619622.
11772.4s 688 ScoresHybridRecommender: URM Detected 318 ( 2.5%) users with no interactions.
11772.4s 689 ScoresHybridRecommender: URM Detected 217 ( 1.0%) items with no interactions.
11828.5s 690 [I 2023-12-07 02:15:09,710] Trial 206 finished with value: 0.08123971087099939 and parameters: {'weight_1': 0.4507857201785452, 'weight_2': 0.24316225553834264}. Best is trial 181 with value: 0.08128695718619622.
11828.7s 691 ScoresHybridRecommender: URM Detected 318 ( 2.5%) users with no interactions.
11828.7s 692 ScoresHybridRecommender: URM Detected 217 ( 1.0%) items with no interactions.
11884.7s 693 [I 2023-12-07 02:16:05,857] Trial 207 finished with value: 0.08108874562681768 and parameters: {'weight_1': 0.4954537039671566, 'weight_2': 0.2500046943096618}. Best is trial 181 with value: 0.08128695718619622.
11884.8s 694 ScoresHybridRecommender: URM Detected 318 ( 2.5%) users with no interactions.
11884.8s 695 ScoresHybridRecommender: URM Detected 217 ( 1.0%) items with no interactions.
11884.8s 696 Error: Weights sum is 0.9999999999999999, but must be 1.0
11942.0s 697 [I 2023-12-07 02:17:03,167] Trial 208 finished with value: 0.08120663426271375 and parameters: {'weight_1': 0.4613188960915923, 'weight_2': 0.22670650640012066}. Best is trial 181 with value: 0.08128695718619622.
11942.1s 698 /opt/conda/lib/python3.10/site-packages/optuna/samplers/_tpe/sampler.py:494: RuntimeWarning: invalid value encountered in subtract
11942.1s 699 score = log_l - log_g
11942.2s 700 ScoresHybridRecommender: URM Detected 318 ( 2.5%) users with no interactions.
11942.2s 701 ScoresHybridRecommender: URM Detected 217 ( 1.0%) items with no interactions.
11942.2s 702 Error: Weights sum is 0.9999999999999999, but must be 1.0
11997.4s 703 [I 2023-12-07 02:17:58,535] Trial 209 finished with value: 0.07558338198875558 and parameters: {'weight_1': 0.9942005222264437, 'weight_2': 0.4485701493971961}. Best is trial 181 with value: 0.08128695718619622.
11997.5s 704 ScoresHybridRecommender: URM Detected 318 ( 2.5%) users with no interactions.
11997.5s 705 ScoresHybridRecommender: URM Detected 217 ( 1.0%) items with no interactions.
12054.6s 706 [I 2023-12-07 02:18:55,820] Trial 210 finished with value: 0.08119190115055368 and parameters: {'weight_1': 0.47694847297832765, 'weight_2': 0.25217796511565727}. Best is trial 181 with value: 0.08128695718619622.
12054.8s 707 ScoresHybridRecommender: URM Detected 318 ( 2.5%) users with no interactions.
12054.8s 708 ScoresHybridRecommender: URM Detected 217 ( 1.0%) items with no interactions.
12110.6s 709 [I 2023-12-07 02:19:51,813] Trial 211 finished with value: 0.08129001476678617 and parameters: {'weight_1': 0.4593812349689276, 'weight_2': 0.23995853247871946}. Best is trial 211 with value: 0.08129001476678617.
12110.8s 710 ScoresHybridRecommender: URM Detected 318 ( 2.5%) users with no interactions.
12110.8s 711 ScoresHybridRecommender: URM Detected 217 ( 1.0%) items with no interactions.
