20023.1s 854 [I 2023-12-05 21:46:28,245] Trial 268 finished with value: 0.07904254535233776 and parameters: {'weight_1': 0.4044236168137665, 'weight_2': 0.23750866654523442}. Best is trial 147 with value: 0.07957527933249149.
20023.2s 855 ScoresHybridRecommender: URM Detected 334 ( 2.6%) users with no interactions.
20023.2s 856 ScoresHybridRecommender: URM Detected 194 ( 0.9%) items with no interactions.
20093.4s 857 [I 2023-12-05 21:47:38,613] Trial 269 finished with value: 0.07943873796958469 and parameters: {'weight_1': 0.5461053487186511, 'weight_2': 0.25533352774779466}. Best is trial 147 with value: 0.07957527933249149.
20093.6s 858 ScoresHybridRecommender: URM Detected 334 ( 2.6%) users with no interactions.
20093.6s 859 ScoresHybridRecommender: URM Detected 194 ( 0.9%) items with no interactions.
20164.3s 860 [I 2023-12-05 21:48:49,523] Trial 270 finished with value: 0.0793512111823382 and parameters: {'weight_1': 0.4296389540052703, 'weight_2': 0.47253832674901497}. Best is trial 147 with value: 0.07957527933249149.
20164.5s 861 ScoresHybridRecommender: URM Detected 334 ( 2.6%) users with no interactions.
20164.5s 862 ScoresHybridRecommender: URM Detected 194 ( 0.9%) items with no interactions.
20235.0s 863 [I 2023-12-05 21:50:00,189] Trial 271 finished with value: 0.07945005054671736 and parameters: {'weight_1': 0.5101982612507725, 'weight_2': 0.24737521661691375}. Best is trial 147 with value: 0.07957527933249149.
20235.1s 864 ScoresHybridRecommender: URM Detected 334 ( 2.6%) users with no interactions.
20235.1s 865 ScoresHybridRecommender: URM Detected 194 ( 0.9%) items with no interactions.
20306.3s 866 [I 2023-12-05 21:51:11,502] Trial 272 finished with value: 0.07948933555795129 and parameters: {'weight_1': 0.4646682661126263, 'weight_2': 0.307195823418868}. Best is trial 147 with value: 0.07957527933249149.
20306.4s 867 ScoresHybridRecommender: URM Detected 334 ( 2.6%) users with no interactions.
20306.4s 868 ScoresHybridRecommender: URM Detected 194 ( 0.9%) items with no interactions.
20377.4s 869 [I 2023-12-05 21:52:22,596] Trial 273 finished with value: 0.0793640982625458 and parameters: {'weight_1': 0.629891041116785, 'weight_2': 0.2745371926604145}. Best is trial 147 with value: 0.07957527933249149.
20377.5s 870 ScoresHybridRecommender: URM Detected 334 ( 2.6%) users with no interactions.
20377.5s 871 ScoresHybridRecommender: URM Detected 194 ( 0.9%) items with no interactions.
20447.8s 872 [I 2023-12-05 21:53:32,982] Trial 274 finished with value: 0.07946787594850833 and parameters: {'weight_1': 0.5966954117491713, 'weight_2': 0.284914666497253}. Best is trial 147 with value: 0.07957527933249149.
20447.9s 873 ScoresHybridRecommender: URM Detected 334 ( 2.6%) users with no interactions.
20447.9s 874 ScoresHybridRecommender: URM Detected 194 ( 0.9%) items with no interactions.
20518.6s 875 [I 2023-12-05 21:54:43,781] Trial 275 finished with value: 0.0794962312793721 and parameters: {'weight_1': 0.5605549362731082, 'weight_2': 0.2668081102965168}. Best is trial 147 with value: 0.07957527933249149.
20518.7s 876 ScoresHybridRecommender: URM Detected 334 ( 2.6%) users with no interactions.
20518.7s 877 ScoresHybridRecommender: URM Detected 194 ( 0.9%) items with no interactions.
20589.5s 878 [I 2023-12-05 21:55:54,742] Trial 276 finished with value: 0.07937844728809453 and parameters: {'weight_1': 0.5329567928304735, 'weight_2': 0.26141870153339114}. Best is trial 147 with value: 0.07957527933249149.
20589.7s 879 ScoresHybridRecommender: URM Detected 334 ( 2.6%) users with no interactions.
20589.7s 880 ScoresHybridRecommender: URM Detected 194 ( 0.9%) items with no interactions.
20661.0s 881 [I 2023-12-05 21:57:06,222] Trial 277 finished with value: 0.07720622290723643 and parameters: {'weight_1': 0.25513049986404474, 'weight_2': 0.23447474986299666}. Best is trial 147 with value: 0.07957527933249149.
20661.2s 882 ScoresHybridRecommender: URM Detected 334 ( 2.6%) users with no interactions.
20661.2s 883 ScoresHybridRecommender: URM Detected 194 ( 0.9%) items with no interactions.
20732.3s 884 [I 2023-12-05 21:58:17,474] Trial 278 finished with value: 0.07950512834659874 and parameters: {'weight_1': 0.5872747017745786, 'weight_2': 0.2774400842270011}. Best is trial 147 with value: 0.07957527933249149.
20732.4s 885 ScoresHybridRecommender: URM Detected 334 ( 2.6%) users with no interactions.
20732.4s 886 ScoresHybridRecommender: URM Detected 194 ( 0.9%) items with no interactions.
20803.4s 887 [I 2023-12-05 21:59:28,618] Trial 279 finished with value: 0.07949139180977718 and parameters: {'weight_1': 0.48822893289338926, 'weight_2': 0.25053488778123567}. Best is trial 147 with value: 0.07957527933249149.
20803.6s 888 ScoresHybridRecommender: URM Detected 334 ( 2.6%) users with no interactions.
20803.6s 889 ScoresHybridRecommender: URM Detected 194 ( 0.9%) items with no interactions.
20875.8s 890 [I 2023-12-05 22:00:40,950] Trial 280 finished with value: 0.07954827476601482 and parameters: {'weight_1': 0.5650457591381406, 'weight_2': 0.27212216665032923}. Best is trial 147 with value: 0.07957527933249149.
20875.9s 891 ScoresHybridRecommender: URM Detected 334 ( 2.6%) users with no interactions.
20875.9s 892 ScoresHybridRecommender: URM Detected 194 ( 0.9%) items with no interactions.
20947.7s 893 [I 2023-12-05 22:01:52,880] Trial 281 finished with value: 0.07944206040186677 and parameters: {'weight_1': 0.5714349428436919, 'weight_2': 0.2727442182569505}. Best is trial 147 with value: 0.07957527933249149.
20947.8s 894 ScoresHybridRecommender: URM Detected 334 ( 2.6%) users with no interactions.
20947.8s 895 ScoresHybridRecommender: URM Detected 194 ( 0.9%) items with no interactions.
21019.4s 896 [I 2023-12-05 22:03:04,573] Trial 282 finished with value: 0.07944244314921485 and parameters: {'weight_1': 0.6106243033861628, 'weight_2': 0.28148832495178333}. Best is trial 147 with value: 0.07957527933249149.
21019.5s 897 ScoresHybridRecommender: URM Detected 334 ( 2.6%) users with no interactions.
21019.5s 898 ScoresHybridRecommender: URM Detected 194 ( 0.9%) items with no interactions.
21091.8s 899 [I 2023-12-05 22:04:17,003] Trial 283 finished with value: 0.07931043886609654 and parameters: {'weight_1': 0.6508948649614317, 'weight_2': 0.27216241596398405}. Best is trial 147 with value: 0.07957527933249149.
21091.9s 900 ScoresHybridRecommender: URM Detected 334 ( 2.6%) users with no interactions.
21091.9s 901 ScoresHybridRecommender: URM Detected 194 ( 0.9%) items with no interactions.
21164.1s 902 [I 2023-12-05 22:05:29,282] Trial 284 finished with value: 0.07944885081101982 and parameters: {'weight_1': 0.5565371562867606, 'weight_2': 0.2874617987409781}. Best is trial 147 with value: 0.07957527933249149.
21164.2s 903 ScoresHybridRecommender: URM Detected 334 ( 2.6%) users with no interactions.
21164.2s 904 ScoresHybridRecommender: URM Detected 194 ( 0.9%) items with no interactions.
21235.7s 905 [I 2023-12-05 22:06:40,948] Trial 285 finished with value: 0.07882184720900492 and parameters: {'weight_1': 0.587969253660322, 'weight_2': 0.0021480739042237518}. Best is trial 147 with value: 0.07957527933249149.
21235.9s 906 ScoresHybridRecommender: URM Detected 334 ( 2.6%) users with no interactions.
21235.9s 907 ScoresHybridRecommender: URM Detected 194 ( 0.9%) items with no interactions.
21307.1s 908 [I 2023-12-05 22:07:52,308] Trial 286 finished with value: 0.07939928005441602 and parameters: {'weight_1': 0.5233866940384925, 'weight_2': 0.2580204192262226}. Best is trial 147 with value: 0.07957527933249149.
21307.3s 909 ScoresHybridRecommender: URM Detected 334 ( 2.6%) users with no interactions.
21307.3s 910 ScoresHybridRecommender: URM Detected 194 ( 0.9%) items with no interactions.
21377.6s 911 [I 2023-12-05 22:09:02,841] Trial 287 finished with value: 0.07866060492206577 and parameters: {'weight_1': 0.7327510821190147, 'weight_2': 0.26288114244300426}. Best is trial 147 with value: 0.07957527933249149.
21377.8s 912 ScoresHybridRecommender: URM Detected 334 ( 2.6%) users with no interactions.
21377.8s 913 ScoresHybridRecommender: URM Detected 194 ( 0.9%) items with no interactions.
21448.8s 914 [I 2023-12-05 22:10:14,040] Trial 288 finished with value: 0.07937642644443008 and parameters: {'weight_1': 0.6213872112616892, 'weight_2': 0.28804850410292243}. Best is trial 147 with value: 0.07957527933249149.
21449.0s 915 ScoresHybridRecommender: URM Detected 334 ( 2.6%) users with no interactions.
21449.0s 916 ScoresHybridRecommender: URM Detected 194 ( 0.9%) items with no interactions.
21519.7s 917 [I 2023-12-05 22:11:24,951] Trial 289 finished with value: 0.07941238601232554 and parameters: {'weight_1': 0.5456733905046667, 'weight_2': 0.3020964992613663}. Best is trial 147 with value: 0.07957527933249149.
21519.9s 918 ScoresHybridRecommender: URM Detected 334 ( 2.6%) users with no interactions.
21519.9s 919 ScoresHybridRecommender: URM Detected 194 ( 0.9%) items with no interactions.
21590.9s 920 [I 2023-12-05 22:12:36,150] Trial 290 finished with value: 0.07947119056073754 and parameters: {'weight_1': 0.574886476600915, 'weight_2': 0.26839344397723003}. Best is trial 147 with value: 0.07957527933249149.
21591.1s 921 ScoresHybridRecommender: URM Detected 334 ( 2.6%) users with no interactions.
21591.1s 922 ScoresHybridRecommender: URM Detected 194 ( 0.9%) items with no interactions.
21661.9s 923 [I 2023-12-05 22:13:47,068] Trial 291 finished with value: 0.07946564871738042 and parameters: {'weight_1': 0.6047901966106349, 'weight_2': 0.19441622371723705}. Best is trial 147 with value: 0.07957527933249149.
21662.0s 924 ScoresHybridRecommender: URM Detected 334 ( 2.6%) users with no interactions.
21662.0s 925 ScoresHybridRecommender: URM Detected 194 ( 0.9%) items with no interactions.
21732.6s 926 [I 2023-12-05 22:14:57,810] Trial 292 finished with value: 0.07935984584107003 and parameters: {'weight_1': 0.5117390467643712, 'weight_2': 0.31062537141479507}. Best is trial 147 with value: 0.07957527933249149.
21732.8s 927 ScoresHybridRecommender: URM Detected 334 ( 2.6%) users with no interactions.
21732.8s 928 ScoresHybridRecommender: URM Detected 194 ( 0.9%) items with no interactions.
21804.6s 929 [I 2023-12-05 22:16:09,817] Trial 293 finished with value: 0.07940117306192462 and parameters: {'weight_1': 0.5384429389028154, 'weight_2': 0.29300571484400956}. Best is trial 147 with value: 0.07957527933249149.
21804.8s 930 ScoresHybridRecommender: URM Detected 334 ( 2.6%) users with no interactions.
21804.8s 931 ScoresHybridRecommender: URM Detected 194 ( 0.9%) items with no interactions.
21875.4s 932 [I 2023-12-05 22:17:20,595] Trial 294 finished with value: 0.07945876171721239 and parameters: {'weight_1': 0.5638757346965555, 'weight_2': 0.2800435287976234}. Best is trial 147 with value: 0.07957527933249149.
21875.5s 933 ScoresHybridRecommender: URM Detected 334 ( 2.6%) users with no interactions.
21875.5s 934 ScoresHybridRecommender: URM Detected 194 ( 0.9%) items with no interactions.
21946.2s 935 [I 2023-12-05 22:18:31,388] Trial 295 finished with value: 0.07950953678328902 and parameters: {'weight_1': 0.5893528724689324, 'weight_2': 0.27348683186968287}. Best is trial 147 with value: 0.07957527933249149.
21946.3s 936 ScoresHybridRecommender: URM Detected 334 ( 2.6%) users with no interactions.
21946.3s 937 ScoresHybridRecommender: URM Detected 194 ( 0.9%) items with no interactions.
22017.0s 938 [I 2023-12-05 22:19:42,184] Trial 296 finished with value: 0.07921180108969354 and parameters: {'weight_1': 0.3893048141117381, 'weight_2': 0.3172417106811774}. Best is trial 147 with value: 0.07957527933249149.
22017.1s 939 ScoresHybridRecommender: URM Detected 334 ( 2.6%) users with no interactions.
22017.1s 940 ScoresHybridRecommender: URM Detected 194 ( 0.9%) items with no interactions.
22088.1s 941 [I 2023-12-05 22:20:53,287] Trial 297 finished with value: 0.07936135176149155 and parameters: {'weight_1': 0.6259330775329585, 'weight_2': 0.28500575604063677}. Best is trial 147 with value: 0.07957527933249149.
22088.2s 942 ScoresHybridRecommender: URM Detected 334 ( 2.6%) users with no interactions.
22088.2s 943 ScoresHybridRecommender: URM Detected 194 ( 0.9%) items with no interactions.
22159.0s 944 [I 2023-12-05 22:22:04,178] Trial 298 finished with value: 0.0794857345662215 and parameters: {'weight_1': 0.5509962823181911, 'weight_2': 0.2583996677826794}. Best is trial 147 with value: 0.07957527933249149.
22159.1s 945 ScoresHybridRecommender: URM Detected 334 ( 2.6%) users with no interactions.
22159.1s 946 ScoresHybridRecommender: URM Detected 194 ( 0.9%) items with no interactions.
22159.1s 947 Error: Weights sum is 0.9999999999999999, but must be 1.0
22229.3s 948 [I 2023-12-05 22:23:14,555] Trial 299 finished with value: 0.07868174722859068 and parameters: {'weight_1': 0.36020741664575023, 'weight_2': 0.23141765022225744}. Best is trial 147 with value: 0.07957527933249149.
22229.5s 949 ScoresHybridRecommender: URM Detected 334 ( 2.6%) users with no interactions.
22229.5s 950 ScoresHybridRecommender: URM Detected 194 ( 0.9%) items with no interactions.
22299.8s 951 [I 2023-12-05 22:24:25,040] Trial 300 finished with value: 0.07945200884893527 and parameters: {'weight_1': 0.5762863495480788, 'weight_2': 0.26691029201663435}. Best is trial 147 with value: 0.07957527933249149.
22300.0s 952 ScoresHybridRecommender: URM Detected 334 ( 2.6%) users with no interactions.
22300.0s 953 ScoresHybridRecommender: URM Detected 194 ( 0.9%) items with no interactions.
22370.3s 954 [I 2023-12-05 22:25:35,488] Trial 301 finished with value: 0.0794829750338802 and parameters: {'weight_1': 0.4934452622712044, 'weight_2': 0.24709906932807885}. Best is trial 147 with value: 0.07957527933249149.
22370.4s 955 ScoresHybridRecommender: URM Detected 334 ( 2.6%) users with no interactions.
22370.4s 956 ScoresHybridRecommender: URM Detected 194 ( 0.9%) items with no interactions.
22440.7s 957 [I 2023-12-05 22:26:45,881] Trial 302 finished with value: 0.07944033373445386 and parameters: {'weight_1': 0.5957887674551434, 'weight_2': 0.2756497782202001}. Best is trial 147 with value: 0.07957527933249149.
22440.8s 958 ScoresHybridRecommender: URM Detected 334 ( 2.6%) users with no interactions.
22440.8s 959 ScoresHybridRecommender: URM Detected 194 ( 0.9%) items with no interactions.
22511.3s 960 [I 2023-12-05 22:27:56,497] Trial 303 finished with value: 0.07945352630383938 and parameters: {'weight_1': 0.522075902104594, 'weight_2': 0.29832050532259646}. Best is trial 147 with value: 0.07957527933249149.
22511.4s 961 ScoresHybridRecommender: URM Detected 334 ( 2.6%) users with no interactions.
22511.4s 962 ScoresHybridRecommender: URM Detected 194 ( 0.9%) items with no interactions.
22582.4s 963 [I 2023-12-05 22:29:07,508] Trial 304 finished with value: 0.0794432240435573 and parameters: {'weight_1': 0.4482206582489393, 'weight_2': 0.3186352926238467}. Best is trial 147 with value: 0.07957527933249149.
22582.5s 964 ScoresHybridRecommender: URM Detected 334 ( 2.6%) users with no interactions.
22582.5s 965 ScoresHybridRecommender: URM Detected 194 ( 0.9%) items with no interactions.
22653.4s 966 [I 2023-12-05 22:30:18,636] Trial 305 finished with value: 0.07889029989385782 and parameters: {'weight_1': 0.5684390076414731, 'weight_2': 0.024029562014343836}. Best is trial 147 with value: 0.07957527933249149.
22653.6s 967 ScoresHybridRecommender: URM Detected 334 ( 2.6%) users with no interactions.
22653.6s 968 ScoresHybridRecommender: URM Detected 194 ( 0.9%) items with no interactions.
22724.5s 969 [I 2023-12-05 22:31:29,685] Trial 306 finished with value: 0.07945222023840533 and parameters: {'weight_1': 0.5413958176397068, 'weight_2': 0.2929889523945427}. Best is trial 147 with value: 0.07957527933249149.
22724.6s 970 /opt/conda/lib/python3.10/site-packages/optuna/samplers/_tpe/sampler.py:494: RuntimeWarning: invalid value encountered in subtract
22724.6s 971 score = log_l - log_g
22724.6s 972 ScoresHybridRecommender: URM Detected 334 ( 2.6%) users with no interactions.
22724.6s 973 ScoresHybridRecommender: URM Detected 194 ( 0.9%) items with no interactions.
22795.1s 974 [I 2023-12-05 22:32:40,330] Trial 307 finished with value: 0.07394626332973474 and parameters: {'weight_1': 0.9428895402088598, 'weight_2': 0.4935539831254937}. Best is trial 147 with value: 0.07957527933249149.
22795.3s 975 ScoresHybridRecommender: URM Detected 334 ( 2.6%) users with no interactions.
22795.3s 976 ScoresHybridRecommender: URM Detected 194 ( 0.9%) items with no interactions.
22866.6s 977 [I 2023-12-05 22:33:51,792] Trial 308 finished with value: 0.07911994964378871 and parameters: {'weight_1': 0.609454960949825, 'weight_2': 0.08089852561585388}. Best is trial 147 with value: 0.07957527933249149.
22866.7s 978 ScoresHybridRecommender: URM Detected 334 ( 2.6%) users with no interactions.
22866.7s 979 ScoresHybridRecommender: URM Detected 194 ( 0.9%) items with no interactions.
22937.9s 980 [I 2023-12-05 22:35:03,085] Trial 309 finished with value: 0.07921377360182369 and parameters: {'weight_1': 0.6664734678130312, 'weight_2': 0.2813782057225965}. Best is trial 147 with value: 0.07957527933249149.
22938.0s 981 ScoresHybridRecommender: URM Detected 334 ( 2.6%) users with no interactions.
22938.0s 982 ScoresHybridRecommender: URM Detected 194 ( 0.9%) items with no interactions.
23009.1s 983 [I 2023-12-05 22:36:14,338] Trial 310 finished with value: 0.07837458455942017 and parameters: {'weight_1': 0.7803250544903387, 'weight_2': 0.2185053939354347}. Best is trial 147 with value: 0.07957527933249149.
23009.3s 984 ScoresHybridRecommender: URM Detected 334 ( 2.6%) users with no interactions.
23009.3s 985 ScoresHybridRecommender: URM Detected 194 ( 0.9%) items with no interactions.
23080.5s 986 [I 2023-12-05 22:37:25,668] Trial 311 finished with value: 0.07947650702319316 and parameters: {'weight_1': 0.5874790722618813, 'weight_2': 0.2665811197893593}. Best is trial 147 with value: 0.07957527933249149.
23080.6s 987 ScoresHybridRecommender: URM Detected 334 ( 2.6%) users with no interactions.
23080.6s 988 ScoresHybridRecommender: URM Detected 194 ( 0.9%) items with no interactions.
23151.4s 989 [I 2023-12-05 22:38:36,615] Trial 312 finished with value: 0.07929682275826566 and parameters: {'weight_1': 0.6426999570612283, 'weight_2': 0.2855840598250942}. Best is trial 147 with value: 0.07957527933249149.
23151.6s 990 ScoresHybridRecommender: URM Detected 334 ( 2.6%) users with no interactions.
23151.6s 991 ScoresHybridRecommender: URM Detected 194 ( 0.9%) items with no interactions.
23222.6s 992 [I 2023-12-05 22:39:47,839] Trial 313 finished with value: 0.07948903438710993 and parameters: {'weight_1': 0.5592016766925524, 'weight_2': 0.2529481872186556}. Best is trial 147 with value: 0.07957527933249149.
23222.8s 993 ScoresHybridRecommender: URM Detected 334 ( 2.6%) users with no interactions.
23222.8s 994 ScoresHybridRecommender: URM Detected 194 ( 0.9%) items with no interactions.
23294.5s 995 [I 2023-12-05 22:40:59,704] Trial 314 finished with value: 0.0790586123125898 and parameters: {'weight_1': 0.47573351852667506, 'weight_2': 0.16368747325942712}. Best is trial 147 with value: 0.07957527933249149.
23294.6s 996 ScoresHybridRecommender: URM Detected 334 ( 2.6%) users with no interactions.
23294.6s 997 ScoresHybridRecommender: URM Detected 194 ( 0.9%) items with no interactions.
23365.9s 998 [I 2023-12-05 22:42:11,079] Trial 315 finished with value: 0.07940347194942131 and parameters: {'weight_1': 0.5321803157640914, 'weight_2': 0.3266035515032513}. Best is trial 147 with value: 0.07957527933249149.
23366.0s 999 ScoresHybridRecommender: URM Detected 334 ( 2.6%) users with no interactions.
23366.0s 1000 ScoresHybridRecommender: URM Detected 194 ( 0.9%) items with no interactions.
23437.0s 1001 [I 2023-12-05 22:43:22,181] Trial 316 finished with value: 0.07944308959415744 and parameters: {'weight_1': 0.5102060580662627, 'weight_2': 0.30543580489781313}. Best is trial 147 with value: 0.07957527933249149.
23437.1s 1002 ScoresHybridRecommender: URM Detected 334 ( 2.6%) users with no interactions.
23437.1s 1003 ScoresHybridRecommender: URM Detected 194 ( 0.9%) items with no interactions.
23508.3s 1004 [I 2023-12-05 22:44:33,512] Trial 317 finished with value: 0.0794744225973799 and parameters: {'weight_1': 0.5785717941003445, 'weight_2': 0.2729924393645143}. Best is trial 147 with value: 0.07957527933249149.
23508.5s 1005 ScoresHybridRecommender: URM Detected 334 ( 2.6%) users with no interactions.
23508.5s 1006 ScoresHybridRecommender: URM Detected 194 ( 0.9%) items with no interactions.
23578.7s 1007 [I 2023-12-05 22:45:43,868] Trial 318 finished with value: 0.07944367932863208 and parameters: {'weight_1': 0.5538892547749278, 'weight_2': 0.261525352407584}. Best is trial 147 with value: 0.07957527933249149.
23578.8s 1008 ScoresHybridRecommender: URM Detected 334 ( 2.6%) users with no interactions.
23578.8s 1009 ScoresHybridRecommender: URM Detected 194 ( 0.9%) items with no interactions.
23649.2s 1010 [I 2023-12-05 22:46:54,440] Trial 319 finished with value: 0.079460284933682 and parameters: {'weight_1': 0.6007622433572699, 'weight_2': 0.28920559947555735}. Best is trial 147 with value: 0.07957527933249149.
23649.4s 1011 ScoresHybridRecommender: URM Detected 334 ( 2.6%) users with no interactions.
23649.4s 1012 ScoresHybridRecommender: URM Detected 194 ( 0.9%) items with no interactions.
23720.1s 1013 [I 2023-12-05 22:48:05,258] Trial 320 finished with value: 0.07938575602647138 and parameters: {'weight_1': 0.6236350860498246, 'weight_2': 0.2797676280621756}. Best is trial 147 with value: 0.07957527933249149.
23720.2s 1014 ScoresHybridRecommender: URM Detected 334 ( 2.6%) users with no interactions.
23720.2s 1015 ScoresHybridRecommender: URM Detected 194 ( 0.9%) items with no interactions.
