17867.1s 1037 [I 2023-12-07 03:55:48,283] Trial 317 finished with value: 0.08126060070012385 and parameters: {'weight_1': 0.4641709493819062, 'weight_2': 0.23710891738404605}. Best is trial 211 with value: 0.08129001476678617.
17867.3s 1038 ScoresHybridRecommender: URM Detected 318 ( 2.5%) users with no interactions.
17867.3s 1039 ScoresHybridRecommender: URM Detected 217 ( 1.0%) items with no interactions.
17919.7s 1040 [I 2023-12-07 03:56:40,856] Trial 318 finished with value: 0.08119598836140683 and parameters: {'weight_1': 0.46761012752302755, 'weight_2': 0.23484464440068856}. Best is trial 211 with value: 0.08129001476678617.
17919.8s 1041 ScoresHybridRecommender: URM Detected 318 ( 2.5%) users with no interactions.
17919.8s 1042 ScoresHybridRecommender: URM Detected 217 ( 1.0%) items with no interactions.
17972.6s 1043 [I 2023-12-07 03:57:33,803] Trial 319 finished with value: 0.0809933242672942 and parameters: {'weight_1': 0.543569253794052, 'weight_2': 0.2413708703820036}. Best is trial 211 with value: 0.08129001476678617.
17972.8s 1044 ScoresHybridRecommender: URM Detected 318 ( 2.5%) users with no interactions.
17972.8s 1045 ScoresHybridRecommender: URM Detected 217 ( 1.0%) items with no interactions.
18026.0s 1046 [I 2023-12-07 03:58:27,198] Trial 320 finished with value: 0.08100607033800898 and parameters: {'weight_1': 0.5270601970095414, 'weight_2': 0.2436427960842744}. Best is trial 211 with value: 0.08129001476678617.
18026.2s 1047 ScoresHybridRecommender: URM Detected 318 ( 2.5%) users with no interactions.
18026.2s 1048 ScoresHybridRecommender: URM Detected 217 ( 1.0%) items with no interactions.
18077.6s 1049 [I 2023-12-07 03:59:18,730] Trial 321 finished with value: 0.08099157266064527 and parameters: {'weight_1': 0.49617495177483956, 'weight_2': 0.22232266186148963}. Best is trial 211 with value: 0.08129001476678617.
18077.7s 1050 ScoresHybridRecommender: URM Detected 318 ( 2.5%) users with no interactions.
18077.7s 1051 ScoresHybridRecommender: URM Detected 217 ( 1.0%) items with no interactions.
18132.1s 1052 [I 2023-12-07 04:00:13,292] Trial 322 finished with value: 0.081213947373908 and parameters: {'weight_1': 0.4661325962401537, 'weight_2': 0.23145568427187005}. Best is trial 211 with value: 0.08129001476678617.
18132.3s 1053 ScoresHybridRecommender: URM Detected 318 ( 2.5%) users with no interactions.
18132.3s 1054 ScoresHybridRecommender: URM Detected 217 ( 1.0%) items with no interactions.
18187.1s 1055 [I 2023-12-07 04:01:08,227] Trial 323 finished with value: 0.08119467254149941 and parameters: {'weight_1': 0.4481656989134801, 'weight_2': 0.25628170342948514}. Best is trial 211 with value: 0.08129001476678617.
18187.2s 1056 ScoresHybridRecommender: URM Detected 318 ( 2.5%) users with no interactions.
18187.2s 1057 ScoresHybridRecommender: URM Detected 217 ( 1.0%) items with no interactions.
18239.5s 1058 [I 2023-12-07 04:02:00,644] Trial 324 finished with value: 0.08114203482239712 and parameters: {'weight_1': 0.4859521822171151, 'weight_2': 0.24897357161532802}. Best is trial 211 with value: 0.08129001476678617.
18239.6s 1059 ScoresHybridRecommender: URM Detected 318 ( 2.5%) users with no interactions.
18239.6s 1060 ScoresHybridRecommender: URM Detected 217 ( 1.0%) items with no interactions.
18291.8s 1061 [I 2023-12-07 04:02:52,936] Trial 325 finished with value: 0.08101912102549327 and parameters: {'weight_1': 0.43423923026094396, 'weight_2': 0.21227841499787045}. Best is trial 211 with value: 0.08129001476678617.
18291.9s 1062 ScoresHybridRecommender: URM Detected 318 ( 2.5%) users with no interactions.
18291.9s 1063 ScoresHybridRecommender: URM Detected 217 ( 1.0%) items with no interactions.
18345.4s 1064 [I 2023-12-07 04:03:46,603] Trial 326 finished with value: 0.08107229711489042 and parameters: {'weight_1': 0.5120787832207904, 'weight_2': 0.23766153712191204}. Best is trial 211 with value: 0.08129001476678617.
18345.6s 1065 ScoresHybridRecommender: URM Detected 318 ( 2.5%) users with no interactions.
18345.6s 1066 ScoresHybridRecommender: URM Detected 217 ( 1.0%) items with no interactions.
18399.3s 1067 [I 2023-12-07 04:04:40,468] Trial 327 finished with value: 0.08102559307802586 and parameters: {'weight_1': 0.46248838136580633, 'weight_2': 0.2826757862513264}. Best is trial 211 with value: 0.08129001476678617.
18399.5s 1068 ScoresHybridRecommender: URM Detected 318 ( 2.5%) users with no interactions.
18399.5s 1069 ScoresHybridRecommender: URM Detected 217 ( 1.0%) items with no interactions.
18453.2s 1070 [I 2023-12-07 04:05:34,360] Trial 328 finished with value: 0.08089486385402524 and parameters: {'weight_1': 0.39248750851308434, 'weight_2': 0.20710538685588425}. Best is trial 211 with value: 0.08129001476678617.
18453.4s 1071 ScoresHybridRecommender: URM Detected 318 ( 2.5%) users with no interactions.
18453.4s 1072 ScoresHybridRecommender: URM Detected 217 ( 1.0%) items with no interactions.
18505.3s 1073 [I 2023-12-07 04:06:26,508] Trial 329 finished with value: 0.08112730376775884 and parameters: {'weight_1': 0.42438546908550545, 'weight_2': 0.32187135528761573}. Best is trial 211 with value: 0.08129001476678617.
18505.5s 1074 ScoresHybridRecommender: URM Detected 318 ( 2.5%) users with no interactions.
18505.5s 1075 ScoresHybridRecommender: URM Detected 217 ( 1.0%) items with no interactions.
18559.3s 1076 [I 2023-12-07 04:07:20,454] Trial 330 finished with value: 0.08118613041717147 and parameters: {'weight_1': 0.47425392709098285, 'weight_2': 0.22711811191004366}. Best is trial 211 with value: 0.08129001476678617.
18559.5s 1077 ScoresHybridRecommender: URM Detected 318 ( 2.5%) users with no interactions.
18559.5s 1078 ScoresHybridRecommender: URM Detected 217 ( 1.0%) items with no interactions.
18613.4s 1079 [I 2023-12-07 04:08:14,522] Trial 331 finished with value: 0.07652377215141472 and parameters: {'weight_1': 0.015444470282411804, 'weight_2': 0.19621497830311654}. Best is trial 211 with value: 0.08129001476678617.
18613.5s 1080 ScoresHybridRecommender: URM Detected 318 ( 2.5%) users with no interactions.
18613.5s 1081 ScoresHybridRecommender: URM Detected 217 ( 1.0%) items with no interactions.
18665.6s 1082 [I 2023-12-07 04:09:06,822] Trial 332 finished with value: 0.08113303226633983 and parameters: {'weight_1': 0.44778479701599017, 'weight_2': 0.2959896588552753}. Best is trial 211 with value: 0.08129001476678617.
18665.8s 1083 ScoresHybridRecommender: URM Detected 318 ( 2.5%) users with no interactions.
18665.8s 1084 ScoresHybridRecommender: URM Detected 217 ( 1.0%) items with no interactions.
18717.4s 1085 [I 2023-12-07 04:09:58,606] Trial 333 finished with value: 0.07892695237471611 and parameters: {'weight_1': 0.3322861542076973, 'weight_2': 0.009020625098427049}. Best is trial 211 with value: 0.08129001476678617.
18717.6s 1086 ScoresHybridRecommender: URM Detected 318 ( 2.5%) users with no interactions.
18717.6s 1087 ScoresHybridRecommender: URM Detected 217 ( 1.0%) items with no interactions.
18770.4s 1088 [I 2023-12-07 04:10:51,619] Trial 334 finished with value: 0.08070476230553873 and parameters: {'weight_1': 0.4068720104917491, 'weight_2': 0.14847706960261003}. Best is trial 211 with value: 0.08129001476678617.
18770.6s 1089 ScoresHybridRecommender: URM Detected 318 ( 2.5%) users with no interactions.
18770.6s 1090 ScoresHybridRecommender: URM Detected 217 ( 1.0%) items with no interactions.
18824.9s 1091 [I 2023-12-07 04:11:46,102] Trial 335 finished with value: 0.0806786207266782 and parameters: {'weight_1': 0.37108691933110516, 'weight_2': 0.2129425764537906}. Best is trial 211 with value: 0.08129001476678617.
18825.1s 1092 ScoresHybridRecommender: URM Detected 318 ( 2.5%) users with no interactions.
18825.1s 1093 ScoresHybridRecommender: URM Detected 217 ( 1.0%) items with no interactions.
18876.3s 1094 [I 2023-12-07 04:12:37,435] Trial 336 finished with value: 0.08118285289255504 and parameters: {'weight_1': 0.4526117089177291, 'weight_2': 0.2591614766502541}. Best is trial 211 with value: 0.08129001476678617.
18876.4s 1095 ScoresHybridRecommender: URM Detected 318 ( 2.5%) users with no interactions.
18876.4s 1096 ScoresHybridRecommender: URM Detected 217 ( 1.0%) items with no interactions.
18926.7s 1097 [I 2023-12-07 04:13:27,844] Trial 337 finished with value: 0.0811231320801874 and parameters: {'weight_1': 0.4854731645461293, 'weight_2': 0.2460693352526216}. Best is trial 211 with value: 0.08129001476678617.
18926.8s 1098 ScoresHybridRecommender: URM Detected 318 ( 2.5%) users with no interactions.
18926.8s 1099 ScoresHybridRecommender: URM Detected 217 ( 1.0%) items with no interactions.
18978.5s 1100 [I 2023-12-07 04:14:19,620] Trial 338 finished with value: 0.08121536284844093 and parameters: {'weight_1': 0.4249067089463391, 'weight_2': 0.26974430912456493}. Best is trial 211 with value: 0.08129001476678617.
18978.6s 1101 ScoresHybridRecommender: URM Detected 318 ( 2.5%) users with no interactions.
18978.6s 1102 ScoresHybridRecommender: URM Detected 217 ( 1.0%) items with no interactions.
19031.2s 1103 [I 2023-12-07 04:15:12,371] Trial 339 finished with value: 0.07989829306639142 and parameters: {'weight_1': 0.8070484959095656, 'weight_2': 0.19206956061570066}. Best is trial 211 with value: 0.08129001476678617.
19031.4s 1104 ScoresHybridRecommender: URM Detected 318 ( 2.5%) users with no interactions.
19031.4s 1105 ScoresHybridRecommender: URM Detected 217 ( 1.0%) items with no interactions.
19084.5s 1106 [I 2023-12-07 04:16:05,597] Trial 340 finished with value: 0.08121435025555732 and parameters: {'weight_1': 0.4673057903397192, 'weight_2': 0.23597241418897844}. Best is trial 211 with value: 0.08129001476678617.
19084.6s 1107 ScoresHybridRecommender: URM Detected 318 ( 2.5%) users with no interactions.
19084.6s 1108 ScoresHybridRecommender: URM Detected 217 ( 1.0%) items with no interactions.
19137.4s 1109 [I 2023-12-07 04:16:58,564] Trial 341 finished with value: 0.08115259277384759 and parameters: {'weight_1': 0.4418247455757251, 'weight_2': 0.22132476526917372}. Best is trial 211 with value: 0.08129001476678617.
19137.6s 1110 ScoresHybridRecommender: URM Detected 318 ( 2.5%) users with no interactions.
19137.6s 1111 ScoresHybridRecommender: URM Detected 217 ( 1.0%) items with no interactions.
19190.6s 1112 [I 2023-12-07 04:17:51,746] Trial 342 finished with value: 0.08100251183110023 and parameters: {'weight_1': 0.5118429771035049, 'weight_2': 0.25345842146021236}. Best is trial 211 with value: 0.08129001476678617.
19190.7s 1113 ScoresHybridRecommender: URM Detected 318 ( 2.5%) users with no interactions.
19190.7s 1114 ScoresHybridRecommender: URM Detected 217 ( 1.0%) items with no interactions.
19243.8s 1115 [I 2023-12-07 04:18:44,931] Trial 343 finished with value: 0.07691613392343033 and parameters: {'weight_1': 0.05063932007506511, 'weight_2': 0.17490812958885954}. Best is trial 211 with value: 0.08129001476678617.
19243.9s 1116 ScoresHybridRecommender: URM Detected 318 ( 2.5%) users with no interactions.
19243.9s 1117 ScoresHybridRecommender: URM Detected 217 ( 1.0%) items with no interactions.
19295.4s 1118 [I 2023-12-07 04:19:36,579] Trial 344 finished with value: 0.08112538315123995 and parameters: {'weight_1': 0.4016395795596631, 'weight_2': 0.2854345560022935}. Best is trial 211 with value: 0.08129001476678617.
19295.6s 1119 ScoresHybridRecommender: URM Detected 318 ( 2.5%) users with no interactions.
19295.6s 1120 ScoresHybridRecommender: URM Detected 217 ( 1.0%) items with no interactions.
19349.4s 1121 [I 2023-12-07 04:20:30,544] Trial 345 finished with value: 0.08119038027676487 and parameters: {'weight_1': 0.5527526192880434, 'weight_2': 0.2416066772507686}. Best is trial 211 with value: 0.08129001476678617.
19349.5s 1122 ScoresHybridRecommender: URM Detected 318 ( 2.5%) users with no interactions.
19349.5s 1123 ScoresHybridRecommender: URM Detected 217 ( 1.0%) items with no interactions.
19401.7s 1124 [I 2023-12-07 04:21:22,881] Trial 346 finished with value: 0.07936303313725185 and parameters: {'weight_1': 0.9141577495820485, 'weight_2': 0.08572839494913448}. Best is trial 211 with value: 0.08129001476678617.
19401.9s 1125 ScoresHybridRecommender: URM Detected 318 ( 2.5%) users with no interactions.
19401.9s 1126 ScoresHybridRecommender: URM Detected 217 ( 1.0%) items with no interactions.
19454.4s 1127 [I 2023-12-07 04:22:15,550] Trial 347 finished with value: 0.08114683944000295 and parameters: {'weight_1': 0.42030176347121906, 'weight_2': 0.27785319149305004}. Best is trial 211 with value: 0.08129001476678617.
19454.5s 1128 ScoresHybridRecommender: URM Detected 318 ( 2.5%) users with no interactions.
19454.5s 1129 ScoresHybridRecommender: URM Detected 217 ( 1.0%) items with no interactions.
19506.3s 1130 [I 2023-12-07 04:23:07,394] Trial 348 finished with value: 0.08118828434177391 and parameters: {'weight_1': 0.48696859214349386, 'weight_2': 0.26091007813898426}. Best is trial 211 with value: 0.08129001476678617.
19506.4s 1131 ScoresHybridRecommender: URM Detected 318 ( 2.5%) users with no interactions.
19506.4s 1132 ScoresHybridRecommender: URM Detected 217 ( 1.0%) items with no interactions.
19558.6s 1133 [I 2023-12-07 04:23:59,748] Trial 349 finished with value: 0.08116982459090619 and parameters: {'weight_1': 0.45224195973627457, 'weight_2': 0.26933606873084637}. Best is trial 211 with value: 0.08129001476678617.
19558.7s 1134 ScoresHybridRecommender: URM Detected 318 ( 2.5%) users with no interactions.
19558.7s 1135 ScoresHybridRecommender: URM Detected 217 ( 1.0%) items with no interactions.
19610.1s 1136 [I 2023-12-07 04:24:51,317] Trial 350 finished with value: 0.08105089485242999 and parameters: {'weight_1': 0.43368284490356324, 'weight_2': 0.22174481713323682}. Best is trial 211 with value: 0.08129001476678617.
19610.3s 1137 ScoresHybridRecommender: URM Detected 318 ( 2.5%) users with no interactions.
19610.3s 1138 ScoresHybridRecommender: URM Detected 217 ( 1.0%) items with no interactions.
19663.5s 1139 [I 2023-12-07 04:25:44,680] Trial 351 finished with value: 0.08116004824647693 and parameters: {'weight_1': 0.4647243163338822, 'weight_2': 0.24905948231772881}. Best is trial 211 with value: 0.08129001476678617.
19663.7s 1140 ScoresHybridRecommender: URM Detected 318 ( 2.5%) users with no interactions.
19663.7s 1141 ScoresHybridRecommender: URM Detected 217 ( 1.0%) items with no interactions.
19663.7s 1142 Error: Weights sum is 0.9999999999999999, but must be 1.0
19717.4s 1143 [I 2023-12-07 04:26:38,595] Trial 352 finished with value: 0.08123710718322165 and parameters: {'weight_1': 0.3861265097550392, 'weight_2': 0.29978971066543914}. Best is trial 211 with value: 0.08129001476678617.
19717.6s 1144 ScoresHybridRecommender: URM Detected 318 ( 2.5%) users with no interactions.
19717.6s 1145 ScoresHybridRecommender: URM Detected 217 ( 1.0%) items with no interactions.
19770.9s 1146 [I 2023-12-07 04:27:32,085] Trial 353 finished with value: 0.08113055799978915 and parameters: {'weight_1': 0.36798579177181784, 'weight_2': 0.3105599354509497}. Best is trial 211 with value: 0.08129001476678617.
19771.1s 1147 ScoresHybridRecommender: URM Detected 318 ( 2.5%) users with no interactions.
19771.1s 1148 ScoresHybridRecommender: URM Detected 217 ( 1.0%) items with no interactions.
19823.2s 1149 [I 2023-12-07 04:28:24,363] Trial 354 finished with value: 0.08086442822317265 and parameters: {'weight_1': 0.3562534320648568, 'weight_2': 0.30182812580266577}. Best is trial 211 with value: 0.08129001476678617.
19823.4s 1150 ScoresHybridRecommender: URM Detected 318 ( 2.5%) users with no interactions.
19823.4s 1151 ScoresHybridRecommender: URM Detected 217 ( 1.0%) items with no interactions.
19877.6s 1152 [I 2023-12-07 04:29:18,771] Trial 355 finished with value: 0.08119557899486755 and parameters: {'weight_1': 0.39357604763523135, 'weight_2': 0.2937707563241945}. Best is trial 211 with value: 0.08129001476678617.
19877.8s 1153 ScoresHybridRecommender: URM Detected 318 ( 2.5%) users with no interactions.
19877.8s 1154 ScoresHybridRecommender: URM Detected 217 ( 1.0%) items with no interactions.
19930.0s 1155 [I 2023-12-07 04:30:11,147] Trial 356 finished with value: 0.08066470511971718 and parameters: {'weight_1': 0.40495852935630705, 'weight_2': 0.13412621904835043}. Best is trial 211 with value: 0.08129001476678617.
19930.1s 1156 ScoresHybridRecommender: URM Detected 318 ( 2.5%) users with no interactions.
19930.1s 1157 ScoresHybridRecommender: URM Detected 217 ( 1.0%) items with no interactions.
19930.1s 1158 Error: Weights sum is 0.9999999999999999, but must be 1.0
19982.4s 1159 [I 2023-12-07 04:31:03,604] Trial 357 finished with value: 0.08123721735927468 and parameters: {'weight_1': 0.38575581509072915, 'weight_2': 0.2902210082765747}. Best is trial 211 with value: 0.08129001476678617.
19982.6s 1160 ScoresHybridRecommender: URM Detected 318 ( 2.5%) users with no interactions.
19982.6s 1161 ScoresHybridRecommender: URM Detected 217 ( 1.0%) items with no interactions.
20035.5s 1162 [I 2023-12-07 04:31:56,627] Trial 358 finished with value: 0.08082139393319525 and parameters: {'weight_1': 0.3414481145414298, 'weight_2': 0.3080012038163675}. Best is trial 211 with value: 0.08129001476678617.
20035.6s 1163 ScoresHybridRecommender: URM Detected 318 ( 2.5%) users with no interactions.
20035.6s 1164 ScoresHybridRecommender: URM Detected 217 ( 1.0%) items with no interactions.
20088.7s 1165 [I 2023-12-07 04:32:49,899] Trial 359 finished with value: 0.08107265722565567 and parameters: {'weight_1': 0.3788247979151884, 'weight_2': 0.3141243985733099}. Best is trial 211 with value: 0.08129001476678617.
20088.9s 1166 ScoresHybridRecommender: URM Detected 318 ( 2.5%) users with no interactions.
20088.9s 1167 ScoresHybridRecommender: URM Detected 217 ( 1.0%) items with no interactions.
20143.6s 1168 [I 2023-12-07 04:33:44,737] Trial 360 finished with value: 0.08070234612952597 and parameters: {'weight_1': 0.32381482946953144, 'weight_2': 0.3212679810342821}. Best is trial 211 with value: 0.08129001476678617.
20143.7s 1169 ScoresHybridRecommender: URM Detected 318 ( 2.5%) users with no interactions.
20143.7s 1170 ScoresHybridRecommender: URM Detected 217 ( 1.0%) items with no interactions.
20198.1s 1171 [I 2023-12-07 04:34:39,275] Trial 361 finished with value: 0.08126540133762408 and parameters: {'weight_1': 0.38529694329599223, 'weight_2': 0.29352667287251744}. Best is trial 211 with value: 0.08129001476678617.
20198.3s 1172 ScoresHybridRecommender: URM Detected 318 ( 2.5%) users with no interactions.
20198.3s 1173 ScoresHybridRecommender: URM Detected 217 ( 1.0%) items with no interactions.
20250.8s 1174 [I 2023-12-07 04:35:31,959] Trial 362 finished with value: 0.08095655487824283 and parameters: {'weight_1': 0.36814778752699895, 'weight_2': 0.29284371273084914}. Best is trial 211 with value: 0.08129001476678617.
20251.0s 1175 ScoresHybridRecommender: URM Detected 318 ( 2.5%) users with no interactions.
20251.0s 1176 ScoresHybridRecommender: URM Detected 217 ( 1.0%) items with no interactions.
20302.9s 1177 [I 2023-12-07 04:36:24,101] Trial 363 finished with value: 0.08125853762833754 and parameters: {'weight_1': 0.38925153367699356, 'weight_2': 0.2957785549189568}. Best is trial 211 with value: 0.08129001476678617.
20303.1s 1178 ScoresHybridRecommender: URM Detected 318 ( 2.5%) users with no interactions.
20303.1s 1179 ScoresHybridRecommender: URM Detected 217 ( 1.0%) items with no interactions.
20356.7s 1180 [I 2023-12-07 04:37:17,896] Trial 364 finished with value: 0.08123758153174593 and parameters: {'weight_1': 0.3829102066550952, 'weight_2': 0.2928023618249932}. Best is trial 211 with value: 0.08129001476678617.
20356.9s 1181 ScoresHybridRecommender: URM Detected 318 ( 2.5%) users with no interactions.
20356.9s 1182 ScoresHybridRecommender: URM Detected 217 ( 1.0%) items with no interactions.
20408.0s 1183 [I 2023-12-07 04:38:09,135] Trial 365 finished with value: 0.08088355160239265 and parameters: {'weight_1': 0.35448870941640226, 'weight_2': 0.2982798423114488}. Best is trial 211 with value: 0.08129001476678617.
20408.1s 1184 ScoresHybridRecommender: URM Detected 318 ( 2.5%) users with no interactions.
20408.1s 1185 ScoresHybridRecommender: URM Detected 217 ( 1.0%) items with no interactions.
20462.0s 1186 [I 2023-12-07 04:39:03,191] Trial 366 finished with value: 0.0811612848578789 and parameters: {'weight_1': 0.3786699640224166, 'weight_2': 0.30533911062924873}. Best is trial 211 with value: 0.08129001476678617.
20462.2s 1187 ScoresHybridRecommender: URM Detected 318 ( 2.5%) users with no interactions.
20462.2s 1188 ScoresHybridRecommender: URM Detected 217 ( 1.0%) items with no interactions.
20513.1s 1189 [I 2023-12-07 04:39:54,240] Trial 367 finished with value: 0.0812850887246074 and parameters: {'weight_1': 0.3884649207997688, 'weight_2': 0.2912249451320545}. Best is trial 211 with value: 0.08129001476678617.
20513.2s 1190 ScoresHybridRecommender: URM Detected 318 ( 2.5%) users with no interactions.
20513.2s 1191 ScoresHybridRecommender: URM Detected 217 ( 1.0%) items with no interactions.
20564.3s 1192 [I 2023-12-07 04:40:45,458] Trial 368 finished with value: 0.08108959433892964 and parameters: {'weight_1': 0.39411737768734373, 'weight_2': 0.3362276669860915}. Best is trial 211 with value: 0.08129001476678617.
20564.4s 1193 ScoresHybridRecommender: URM Detected 318 ( 2.5%) users with no interactions.
20564.4s 1194 ScoresHybridRecommender: URM Detected 217 ( 1.0%) items with no interactions.
20616.5s 1195 [I 2023-12-07 04:41:37,651] Trial 369 finished with value: 0.08092598756738241 and parameters: {'weight_1': 0.343209448443562, 'weight_2': 0.3276226585592176}. Best is trial 211 with value: 0.08129001476678617.
20616.6s 1196 ScoresHybridRecommender: URM Detected 318 ( 2.5%) users with no interactions.
20616.6s 1197 ScoresHybridRecommender: URM Detected 217 ( 1.0%) items with no interactions.
