8393.5s 367 [I 2023-12-05 18:32:38,730] Trial 106 finished with value: 0.07947266752372831 and parameters: {'weight_1': 0.5904906930703192, 'weight_2': 0.2912507100718491}. Best is trial 61 with value: 0.07954546861474306.
8393.7s 368 ScoresHybridRecommender: URM Detected 334 ( 2.6%) users with no interactions.
8393.7s 369 ScoresHybridRecommender: URM Detected 194 ( 0.9%) items with no interactions.
8466.3s 370 [I 2023-12-05 18:33:51,520] Trial 107 finished with value: 0.07941572292860034 and parameters: {'weight_1': 0.6134886097351294, 'weight_2': 0.265387629680845}. Best is trial 61 with value: 0.07954546861474306.
8466.5s 371 ScoresHybridRecommender: URM Detected 334 ( 2.6%) users with no interactions.
8466.5s 372 ScoresHybridRecommender: URM Detected 194 ( 0.9%) items with no interactions.
8539.0s 373 [I 2023-12-05 18:35:04,257] Trial 108 finished with value: 0.07937860153139148 and parameters: {'weight_1': 0.5421996852515301, 'weight_2': 0.24773207024410202}. Best is trial 61 with value: 0.07954546861474306.
8539.2s 374 ScoresHybridRecommender: URM Detected 334 ( 2.6%) users with no interactions.
8539.2s 375 ScoresHybridRecommender: URM Detected 194 ( 0.9%) items with no interactions.
8612.1s 376 [I 2023-12-05 18:36:17,352] Trial 109 finished with value: 0.07944299769807314 and parameters: {'weight_1': 0.5088519544043365, 'weight_2': 0.23434667413986393}. Best is trial 61 with value: 0.07954546861474306.
8612.3s 377 ScoresHybridRecommender: URM Detected 334 ( 2.6%) users with no interactions.
8612.3s 378 ScoresHybridRecommender: URM Detected 194 ( 0.9%) items with no interactions.
8684.8s 379 [I 2023-12-05 18:37:30,006] Trial 110 finished with value: 0.07920767715676116 and parameters: {'weight_1': 0.4609783163572683, 'weight_2': 0.21636515962222905}. Best is trial 61 with value: 0.07954546861474306.
8684.9s 380 ScoresHybridRecommender: URM Detected 334 ( 2.6%) users with no interactions.
8684.9s 381 ScoresHybridRecommender: URM Detected 194 ( 0.9%) items with no interactions.
8757.2s 382 [I 2023-12-05 18:38:42,450] Trial 111 finished with value: 0.0794779853840032 and parameters: {'weight_1': 0.5617225040474066, 'weight_2': 0.28368143011565894}. Best is trial 61 with value: 0.07954546861474306.
8757.4s 383 ScoresHybridRecommender: URM Detected 334 ( 2.6%) users with no interactions.
8757.4s 384 ScoresHybridRecommender: URM Detected 194 ( 0.9%) items with no interactions.
8829.8s 385 [I 2023-12-05 18:39:55,007] Trial 112 finished with value: 0.07946640324505054 and parameters: {'weight_1': 0.5697335185913511, 'weight_2': 0.30083796848318084}. Best is trial 61 with value: 0.07954546861474306.
8829.9s 386 ScoresHybridRecommender: URM Detected 334 ( 2.6%) users with no interactions.
8829.9s 387 ScoresHybridRecommender: URM Detected 194 ( 0.9%) items with no interactions.
8902.8s 388 [I 2023-12-05 18:41:08,036] Trial 113 finished with value: 0.07938144354861372 and parameters: {'weight_1': 0.5453183955507938, 'weight_2': 0.3106546012130986}. Best is trial 61 with value: 0.07954546861474306.
8903.0s 389 ScoresHybridRecommender: URM Detected 334 ( 2.6%) users with no interactions.
8903.0s 390 ScoresHybridRecommender: URM Detected 194 ( 0.9%) items with no interactions.
8975.0s 391 [I 2023-12-05 18:42:20,207] Trial 114 finished with value: 0.07950508526547634 and parameters: {'weight_1': 0.5913217684691152, 'weight_2': 0.28322666121357415}. Best is trial 61 with value: 0.07954546861474306.
8975.1s 392 ScoresHybridRecommender: URM Detected 334 ( 2.6%) users with no interactions.
8975.1s 393 ScoresHybridRecommender: URM Detected 194 ( 0.9%) items with no interactions.
9047.0s 394 [I 2023-12-05 18:43:32,286] Trial 115 finished with value: 0.07942834945754153 and parameters: {'weight_1': 0.5963224943995853, 'weight_2': 0.28252072259364974}. Best is trial 61 with value: 0.07954546861474306.
9047.2s 395 ScoresHybridRecommender: URM Detected 334 ( 2.6%) users with no interactions.
9047.2s 396 ScoresHybridRecommender: URM Detected 194 ( 0.9%) items with no interactions.
9118.9s 397 [I 2023-12-05 18:44:44,121] Trial 116 finished with value: 0.07935906683234871 and parameters: {'weight_1': 0.6317194670969887, 'weight_2': 0.27344607577472513}. Best is trial 61 with value: 0.07954546861474306.
9119.1s 398 ScoresHybridRecommender: URM Detected 334 ( 2.6%) users with no interactions.
9119.1s 399 ScoresHybridRecommender: URM Detected 194 ( 0.9%) items with no interactions.
9190.7s 400 [I 2023-12-05 18:45:55,927] Trial 117 finished with value: 0.07933353904908595 and parameters: {'weight_1': 0.530011777163156, 'weight_2': 0.24418081497711225}. Best is trial 61 with value: 0.07954546861474306.
9190.9s 401 ScoresHybridRecommender: URM Detected 334 ( 2.6%) users with no interactions.
9190.9s 402 ScoresHybridRecommender: URM Detected 194 ( 0.9%) items with no interactions.
9262.8s 403 [I 2023-12-05 18:47:08,048] Trial 118 finished with value: 0.07917134123104999 and parameters: {'weight_1': 0.6624181211423446, 'weight_2': 0.2913869667377293}. Best is trial 61 with value: 0.07954546861474306.
9263.0s 404 ScoresHybridRecommender: URM Detected 334 ( 2.6%) users with no interactions.
9263.0s 405 ScoresHybridRecommender: URM Detected 194 ( 0.9%) items with no interactions.
9263.0s 406 Error: Weights sum is 0.9999999999999999, but must be 1.0
9335.3s 407 [I 2023-12-05 18:48:20,516] Trial 119 finished with value: 0.07943919760404482 and parameters: {'weight_1': 0.49036621913040584, 'weight_2': 0.3346033787947794}. Best is trial 61 with value: 0.07954546861474306.
9335.5s 408 ScoresHybridRecommender: URM Detected 334 ( 2.6%) users with no interactions.
9335.5s 409 ScoresHybridRecommender: URM Detected 194 ( 0.9%) items with no interactions.
9408.3s 410 [I 2023-12-05 18:49:33,579] Trial 120 finished with value: 0.07948012326351862 and parameters: {'weight_1': 0.5814096783280924, 'weight_2': 0.25274021636498883}. Best is trial 61 with value: 0.07954546861474306.
9408.5s 411 ScoresHybridRecommender: URM Detected 334 ( 2.6%) users with no interactions.
9408.5s 412 ScoresHybridRecommender: URM Detected 194 ( 0.9%) items with no interactions.
9480.7s 413 [I 2023-12-05 18:50:45,922] Trial 121 finished with value: 0.07943522386769789 and parameters: {'weight_1': 0.6145584056636221, 'weight_2': 0.2641307692515932}. Best is trial 61 with value: 0.07954546861474306.
9480.9s 414 ScoresHybridRecommender: URM Detected 334 ( 2.6%) users with no interactions.
9480.9s 415 ScoresHybridRecommender: URM Detected 194 ( 0.9%) items with no interactions.
9553.3s 416 [I 2023-12-05 18:51:58,499] Trial 122 finished with value: 0.07947595111340623 and parameters: {'weight_1': 0.5658022850840674, 'weight_2': 0.307114459690276}. Best is trial 61 with value: 0.07954546861474306.
9553.4s 417 ScoresHybridRecommender: URM Detected 334 ( 2.6%) users with no interactions.
9553.4s 418 ScoresHybridRecommender: URM Detected 194 ( 0.9%) items with no interactions.
9625.9s 419 [I 2023-12-05 18:53:11,096] Trial 123 finished with value: 0.07941773121973894 and parameters: {'weight_1': 0.5530872751103643, 'weight_2': 0.31769984524847183}. Best is trial 61 with value: 0.07954546861474306.
9626.0s 420 ScoresHybridRecommender: URM Detected 334 ( 2.6%) users with no interactions.
9626.0s 421 ScoresHybridRecommender: URM Detected 194 ( 0.9%) items with no interactions.
9698.0s 422 [I 2023-12-05 18:54:23,218] Trial 124 finished with value: 0.0794392642323953 and parameters: {'weight_1': 0.5179579155881883, 'weight_2': 0.29906207205447755}. Best is trial 61 with value: 0.07954546861474306.
9698.2s 423 ScoresHybridRecommender: URM Detected 334 ( 2.6%) users with no interactions.
9698.2s 424 ScoresHybridRecommender: URM Detected 194 ( 0.9%) items with no interactions.
9770.4s 425 [I 2023-12-05 18:55:35,628] Trial 125 finished with value: 0.07956708807918872 and parameters: {'weight_1': 0.5773213947470835, 'weight_2': 0.2837055809860818}. Best is trial 125 with value: 0.07956708807918872.
9770.6s 426 ScoresHybridRecommender: URM Detected 334 ( 2.6%) users with no interactions.
9770.6s 427 ScoresHybridRecommender: URM Detected 194 ( 0.9%) items with no interactions.
9842.5s 428 [I 2023-12-05 18:56:47,755] Trial 126 finished with value: 0.07949253058320674 and parameters: {'weight_1': 0.5899969084768508, 'weight_2': 0.2786296375561692}. Best is trial 125 with value: 0.07956708807918872.
9842.7s 429 ScoresHybridRecommender: URM Detected 334 ( 2.6%) users with no interactions.
9842.7s 430 ScoresHybridRecommender: URM Detected 194 ( 0.9%) items with no interactions.
9914.8s 431 [I 2023-12-05 18:58:00,004] Trial 127 finished with value: 0.07935594577251771 and parameters: {'weight_1': 0.6362654832528065, 'weight_2': 0.2712335377392382}. Best is trial 125 with value: 0.07956708807918872.
9914.9s 432 ScoresHybridRecommender: URM Detected 334 ( 2.6%) users with no interactions.
9914.9s 433 ScoresHybridRecommender: URM Detected 194 ( 0.9%) items with no interactions.
9987.2s 434 [I 2023-12-05 18:59:12,433] Trial 128 finished with value: 0.07883864864887749 and parameters: {'weight_1': 0.69570369159763, 'weight_2': 0.2872346551803271}. Best is trial 125 with value: 0.07956708807918872.
9987.4s 435 ScoresHybridRecommender: URM Detected 334 ( 2.6%) users with no interactions.
9987.4s 436 ScoresHybridRecommender: URM Detected 194 ( 0.9%) items with no interactions.
10061.4s 437 [I 2023-12-05 19:00:26,602] Trial 129 finished with value: 0.0793280178335815 and parameters: {'weight_1': 0.545412228489823, 'weight_2': 0.2337312725939609}. Best is trial 125 with value: 0.07956708807918872.
10061.6s 438 ScoresHybridRecommender: URM Detected 334 ( 2.6%) users with no interactions.
10061.6s 439 ScoresHybridRecommender: URM Detected 194 ( 0.9%) items with no interactions.
10134.2s 440 [I 2023-12-05 19:01:39,487] Trial 130 finished with value: 0.07941399600434966 and parameters: {'weight_1': 0.6059894084973145, 'weight_2': 0.2976933637488269}. Best is trial 125 with value: 0.07956708807918872.
10134.4s 441 ScoresHybridRecommender: URM Detected 334 ( 2.6%) users with no interactions.
10134.4s 442 ScoresHybridRecommender: URM Detected 194 ( 0.9%) items with no interactions.
10206.7s 443 [I 2023-12-05 19:02:51,943] Trial 131 finished with value: 0.07949058818344307 and parameters: {'weight_1': 0.5831426763570796, 'weight_2': 0.27770076818687944}. Best is trial 125 with value: 0.07956708807918872.
10206.9s 444 ScoresHybridRecommender: URM Detected 334 ( 2.6%) users with no interactions.
10206.9s 445 ScoresHybridRecommender: URM Detected 194 ( 0.9%) items with no interactions.
10278.6s 446 [I 2023-12-05 19:04:03,883] Trial 132 finished with value: 0.07947068760449569 and parameters: {'weight_1': 0.5907027521797865, 'weight_2': 0.2649900721911854}. Best is trial 125 with value: 0.07956708807918872.
10278.8s 447 ScoresHybridRecommender: URM Detected 334 ( 2.6%) users with no interactions.
10278.8s 448 ScoresHybridRecommender: URM Detected 194 ( 0.9%) items with no interactions.
10350.7s 449 [I 2023-12-05 19:05:15,967] Trial 133 finished with value: 0.07939829790166476 and parameters: {'weight_1': 0.6183297766777883, 'weight_2': 0.27839695515558643}. Best is trial 125 with value: 0.07956708807918872.
10350.9s 450 ScoresHybridRecommender: URM Detected 334 ( 2.6%) users with no interactions.
10350.9s 451 ScoresHybridRecommender: URM Detected 194 ( 0.9%) items with no interactions.
10421.5s 452 [I 2023-12-05 19:06:26,688] Trial 134 finished with value: 0.0794778323490012 and parameters: {'weight_1': 0.504974388226326, 'weight_2': 0.2517013828083917}. Best is trial 125 with value: 0.07956708807918872.
10421.6s 453 ScoresHybridRecommender: URM Detected 334 ( 2.6%) users with no interactions.
10421.6s 454 ScoresHybridRecommender: URM Detected 194 ( 0.9%) items with no interactions.
10492.8s 455 [I 2023-12-05 19:07:38,036] Trial 135 finished with value: 0.07947368011426413 and parameters: {'weight_1': 0.5765875660500128, 'weight_2': 0.2601288267724393}. Best is trial 125 with value: 0.07956708807918872.
10493.0s 456 ScoresHybridRecommender: URM Detected 334 ( 2.6%) users with no interactions.
10493.0s 457 ScoresHybridRecommender: URM Detected 194 ( 0.9%) items with no interactions.
10564.9s 458 [I 2023-12-05 19:08:50,176] Trial 136 finished with value: 0.07957001178150207 and parameters: {'weight_1': 0.5274802363698999, 'weight_2': 0.31385635504408593}. Best is trial 136 with value: 0.07957001178150207.
10565.1s 459 ScoresHybridRecommender: URM Detected 334 ( 2.6%) users with no interactions.
10565.1s 460 ScoresHybridRecommender: URM Detected 194 ( 0.9%) items with no interactions.
10636.9s 461 [I 2023-12-05 19:10:02,154] Trial 137 finished with value: 0.07954765386773832 and parameters: {'weight_1': 0.5282343898576694, 'weight_2': 0.31757563911524345}. Best is trial 136 with value: 0.07957001178150207.
10637.1s 462 ScoresHybridRecommender: URM Detected 334 ( 2.6%) users with no interactions.
10637.1s 463 ScoresHybridRecommender: URM Detected 194 ( 0.9%) items with no interactions.
10710.8s 464 [I 2023-12-05 19:11:15,985] Trial 138 finished with value: 0.07948294279301496 and parameters: {'weight_1': 0.47907698253373865, 'weight_2': 0.3155121797077466}. Best is trial 136 with value: 0.07957001178150207.
10710.9s 465 ScoresHybridRecommender: URM Detected 334 ( 2.6%) users with no interactions.
10710.9s 466 ScoresHybridRecommender: URM Detected 194 ( 0.9%) items with no interactions.
10783.5s 467 [I 2023-12-05 19:12:28,742] Trial 139 finished with value: 0.07936874672430165 and parameters: {'weight_1': 0.5385137327358868, 'weight_2': 0.32580414021063187}. Best is trial 136 with value: 0.07957001178150207.
10783.7s 468 ScoresHybridRecommender: URM Detected 334 ( 2.6%) users with no interactions.
10783.7s 469 ScoresHybridRecommender: URM Detected 194 ( 0.9%) items with no interactions.
10856.0s 470 [I 2023-12-05 19:13:41,189] Trial 140 finished with value: 0.07948262227758439 and parameters: {'weight_1': 0.5187568863254461, 'weight_2': 0.2910049587891888}. Best is trial 136 with value: 0.07957001178150207.
10856.1s 471 ScoresHybridRecommender: URM Detected 334 ( 2.6%) users with no interactions.
10856.1s 472 ScoresHybridRecommender: URM Detected 194 ( 0.9%) items with no interactions.
10929.1s 473 [I 2023-12-05 19:14:54,271] Trial 141 finished with value: 0.07946190433786302 and parameters: {'weight_1': 0.557160348943237, 'weight_2': 0.3036754987393194}. Best is trial 136 with value: 0.07957001178150207.
10929.2s 474 ScoresHybridRecommender: URM Detected 334 ( 2.6%) users with no interactions.
10929.2s 475 ScoresHybridRecommender: URM Detected 194 ( 0.9%) items with no interactions.
11003.5s 476 [I 2023-12-05 19:16:08,724] Trial 142 finished with value: 0.07948071506810907 and parameters: {'weight_1': 0.5270654741523424, 'weight_2': 0.3106445984082241}. Best is trial 136 with value: 0.07957001178150207.
11003.7s 477 ScoresHybridRecommender: URM Detected 334 ( 2.6%) users with no interactions.
11003.7s 478 ScoresHybridRecommender: URM Detected 194 ( 0.9%) items with no interactions.
11076.5s 479 [I 2023-12-05 19:17:21,726] Trial 143 finished with value: 0.07942364628283177 and parameters: {'weight_1': 0.5014937751196961, 'weight_2': 0.3361238098132415}. Best is trial 136 with value: 0.07957001178150207.
11076.7s 480 ScoresHybridRecommender: URM Detected 334 ( 2.6%) users with no interactions.
11076.7s 481 ScoresHybridRecommender: URM Detected 194 ( 0.9%) items with no interactions.
11149.3s 482 [I 2023-12-05 19:18:34,554] Trial 144 finished with value: 0.07940128121654721 and parameters: {'weight_1': 0.5477593360146383, 'weight_2': 0.32326336861906446}. Best is trial 136 with value: 0.07957001178150207.
11149.5s 483 ScoresHybridRecommender: URM Detected 334 ( 2.6%) users with no interactions.
11149.5s 484 ScoresHybridRecommender: URM Detected 194 ( 0.9%) items with no interactions.
11222.4s 485 [I 2023-12-05 19:19:47,669] Trial 145 finished with value: 0.07950872698485914 and parameters: {'weight_1': 0.5699427332988982, 'weight_2': 0.2958777435384963}. Best is trial 136 with value: 0.07957001178150207.
11222.6s 486 ScoresHybridRecommender: URM Detected 334 ( 2.6%) users with no interactions.
11222.6s 487 ScoresHybridRecommender: URM Detected 194 ( 0.9%) items with no interactions.
11296.5s 488 [I 2023-12-05 19:21:01,698] Trial 146 finished with value: 0.07942366655496697 and parameters: {'weight_1': 0.6038999892885382, 'weight_2': 0.2950806376857295}. Best is trial 136 with value: 0.07957001178150207.
11296.6s 489 ScoresHybridRecommender: URM Detected 334 ( 2.6%) users with no interactions.
11296.6s 490 ScoresHybridRecommender: URM Detected 194 ( 0.9%) items with no interactions.
11369.0s 491 [I 2023-12-05 19:22:14,254] Trial 147 finished with value: 0.07957527933249149 and parameters: {'weight_1': 0.5272619261098761, 'weight_2': 0.31376275017936683}. Best is trial 147 with value: 0.07957527933249149.
11369.2s 492 ScoresHybridRecommender: URM Detected 334 ( 2.6%) users with no interactions.
11369.2s 493 ScoresHybridRecommender: URM Detected 194 ( 0.9%) items with no interactions.
11444.1s 494 [I 2023-12-05 19:23:29,360] Trial 148 finished with value: 0.07942698479757937 and parameters: {'weight_1': 0.4759946901225937, 'weight_2': 0.35966761886141135}. Best is trial 147 with value: 0.07957527933249149.
11444.3s 495 ScoresHybridRecommender: URM Detected 334 ( 2.6%) users with no interactions.
11444.3s 496 ScoresHybridRecommender: URM Detected 194 ( 0.9%) items with no interactions.
11517.5s 497 [I 2023-12-05 19:24:42,726] Trial 149 finished with value: 0.07950382120460714 and parameters: {'weight_1': 0.5288660347451619, 'weight_2': 0.31675411813033166}. Best is trial 147 with value: 0.07957527933249149.
11517.7s 498 ScoresHybridRecommender: URM Detected 334 ( 2.6%) users with no interactions.
11517.7s 499 ScoresHybridRecommender: URM Detected 194 ( 0.9%) items with no interactions.
11590.3s 500 [I 2023-12-05 19:25:55,554] Trial 150 finished with value: 0.07943661172775937 and parameters: {'weight_1': 0.5025845140864914, 'weight_2': 0.33758933540590386}. Best is trial 147 with value: 0.07957527933249149.
11590.5s 501 ScoresHybridRecommender: URM Detected 334 ( 2.6%) users with no interactions.
11590.5s 502 ScoresHybridRecommender: URM Detected 194 ( 0.9%) items with no interactions.
11663.5s 503 [I 2023-12-05 19:27:08,729] Trial 151 finished with value: 0.07946672085221371 and parameters: {'weight_1': 0.527257563113148, 'weight_2': 0.3213243800309706}. Best is trial 147 with value: 0.07957527933249149.
11663.7s 504 ScoresHybridRecommender: URM Detected 334 ( 2.6%) users with no interactions.
11663.7s 505 ScoresHybridRecommender: URM Detected 194 ( 0.9%) items with no interactions.
11736.6s 506 [I 2023-12-05 19:28:21,837] Trial 152 finished with value: 0.07947519582743764 and parameters: {'weight_1': 0.5725613282939314, 'weight_2': 0.3062568782997951}. Best is trial 147 with value: 0.07957527933249149.
11736.8s 507 ScoresHybridRecommender: URM Detected 334 ( 2.6%) users with no interactions.
11736.8s 508 ScoresHybridRecommender: URM Detected 194 ( 0.9%) items with no interactions.
11809.7s 509 [I 2023-12-05 19:29:34,967] Trial 153 finished with value: 0.07945547723944688 and parameters: {'weight_1': 0.541855748694833, 'weight_2': 0.32642179331128784}. Best is trial 147 with value: 0.07957527933249149.
11809.9s 510 ScoresHybridRecommender: URM Detected 334 ( 2.6%) users with no interactions.
11809.9s 511 ScoresHybridRecommender: URM Detected 194 ( 0.9%) items with no interactions.
11882.4s 512 [I 2023-12-05 19:30:47,633] Trial 154 finished with value: 0.07946573727003184 and parameters: {'weight_1': 0.49031389626401883, 'weight_2': 0.3506320268242893}. Best is trial 147 with value: 0.07957527933249149.
11882.6s 513 ScoresHybridRecommender: URM Detected 334 ( 2.6%) users with no interactions.
11882.6s 514 ScoresHybridRecommender: URM Detected 194 ( 0.9%) items with no interactions.
11954.7s 515 [I 2023-12-05 19:31:59,969] Trial 155 finished with value: 0.07932659462860737 and parameters: {'weight_1': 0.4584386612710848, 'weight_2': 0.34293278292780305}. Best is trial 147 with value: 0.07957527933249149.
11954.9s 516 ScoresHybridRecommender: URM Detected 334 ( 2.6%) users with no interactions.
11954.9s 517 ScoresHybridRecommender: URM Detected 194 ( 0.9%) items with no interactions.
12027.0s 518 [I 2023-12-05 19:33:12,248] Trial 156 finished with value: 0.07950313360199344 and parameters: {'weight_1': 0.529073489715671, 'weight_2': 0.31668786528030607}. Best is trial 147 with value: 0.07957527933249149.
12027.2s 519 ScoresHybridRecommender: URM Detected 334 ( 2.6%) users with no interactions.
12027.2s 520 ScoresHybridRecommender: URM Detected 194 ( 0.9%) items with no interactions.
12099.5s 521 [I 2023-12-05 19:34:24,742] Trial 157 finished with value: 0.0795038635249289 and parameters: {'weight_1': 0.5806312653044197, 'weight_2': 0.29675169551155717}. Best is trial 147 with value: 0.07957527933249149.
12099.7s 522 ScoresHybridRecommender: URM Detected 334 ( 2.6%) users with no interactions.
12099.7s 523 ScoresHybridRecommender: URM Detected 194 ( 0.9%) items with no interactions.
12171.9s 524 [I 2023-12-05 19:35:37,109] Trial 158 finished with value: 0.07949602015609494 and parameters: {'weight_1': 0.5991378415427533, 'weight_2': 0.28433446534237666}. Best is trial 147 with value: 0.07957527933249149.
12172.0s 525 ScoresHybridRecommender: URM Detected 334 ( 2.6%) users with no interactions.
12172.0s 526 ScoresHybridRecommender: URM Detected 194 ( 0.9%) items with no interactions.
12244.5s 527 [I 2023-12-05 19:36:49,772] Trial 159 finished with value: 0.07949799757164887 and parameters: {'weight_1': 0.5745807489817356, 'weight_2': 0.29610073632511574}. Best is trial 147 with value: 0.07957527933249149.
12244.7s 528 ScoresHybridRecommender: URM Detected 334 ( 2.6%) users with no interactions.
12244.7s 529 ScoresHybridRecommender: URM Detected 194 ( 0.9%) items with no interactions.
