3442.3s 220 [I 2023-12-06 23:55:23,498] Trial 53 finished with value: 0.08115887923899562 and parameters: {'weight_1': 0.439479663407661, 'weight_2': 0.37065932686803527}. Best is trial 51 with value: 0.08120821944896553.
3442.5s 221 ScoresHybridRecommender: URM Detected 318 ( 2.5%) users with no interactions.
3442.5s 222 ScoresHybridRecommender: URM Detected 217 ( 1.0%) items with no interactions.
3496.2s 223 [I 2023-12-06 23:56:17,390] Trial 54 finished with value: 0.08112207503601987 and parameters: {'weight_1': 0.4441815781060383, 'weight_2': 0.3721075311358683}. Best is trial 51 with value: 0.08120821944896553.
3496.4s 224 ScoresHybridRecommender: URM Detected 318 ( 2.5%) users with no interactions.
3496.4s 225 ScoresHybridRecommender: URM Detected 217 ( 1.0%) items with no interactions.
3549.6s 226 [I 2023-12-06 23:57:10,845] Trial 55 finished with value: 0.08100328352251286 and parameters: {'weight_1': 0.5323553633366335, 'weight_2': 0.33654994456762233}. Best is trial 51 with value: 0.08120821944896553.
3549.8s 227 ScoresHybridRecommender: URM Detected 318 ( 2.5%) users with no interactions.
3549.8s 228 ScoresHybridRecommender: URM Detected 217 ( 1.0%) items with no interactions.
3602.6s 229 [I 2023-12-06 23:58:03,812] Trial 56 finished with value: 0.0811255938920448 and parameters: {'weight_1': 0.5836982093042025, 'weight_2': 0.3175545783291101}. Best is trial 51 with value: 0.08120821944896553.
3602.8s 230 ScoresHybridRecommender: URM Detected 318 ( 2.5%) users with no interactions.
3602.8s 231 ScoresHybridRecommender: URM Detected 217 ( 1.0%) items with no interactions.
3657.1s 232 [I 2023-12-06 23:58:58,280] Trial 57 finished with value: 0.08095242513323768 and parameters: {'weight_1': 0.5088585335215184, 'weight_2': 0.27700512202042693}. Best is trial 51 with value: 0.08120821944896553.
3657.3s 233 ScoresHybridRecommender: URM Detected 318 ( 2.5%) users with no interactions.
3657.3s 234 ScoresHybridRecommender: URM Detected 217 ( 1.0%) items with no interactions.
3711.9s 235 [I 2023-12-06 23:59:53,128] Trial 58 finished with value: 0.08096859942358424 and parameters: {'weight_1': 0.4751416434719589, 'weight_2': 0.3743641944551731}. Best is trial 51 with value: 0.08120821944896553.
3712.1s 236 ScoresHybridRecommender: URM Detected 318 ( 2.5%) users with no interactions.
3712.1s 237 ScoresHybridRecommender: URM Detected 217 ( 1.0%) items with no interactions.
3769.5s 238 [I 2023-12-07 00:00:50,722] Trial 59 finished with value: 0.08123698229522507 and parameters: {'weight_1': 0.42449232115795815, 'weight_2': 0.2611521895851741}. Best is trial 59 with value: 0.08123698229522507.
3769.7s 239 ScoresHybridRecommender: URM Detected 318 ( 2.5%) users with no interactions.
3769.7s 240 ScoresHybridRecommender: URM Detected 217 ( 1.0%) items with no interactions.
3825.9s 241 [I 2023-12-07 00:01:47,051] Trial 60 finished with value: 0.08118297418411508 and parameters: {'weight_1': 0.431520017709231, 'weight_2': 0.2486979656239342}. Best is trial 59 with value: 0.08123698229522507.
3826.0s 242 ScoresHybridRecommender: URM Detected 318 ( 2.5%) users with no interactions.
3826.0s 243 ScoresHybridRecommender: URM Detected 217 ( 1.0%) items with no interactions.
3880.8s 244 [I 2023-12-07 00:02:42,009] Trial 61 finished with value: 0.08103532751790685 and parameters: {'weight_1': 0.41964753189539156, 'weight_2': 0.24621110316565598}. Best is trial 59 with value: 0.08123698229522507.
3881.0s 245 ScoresHybridRecommender: URM Detected 318 ( 2.5%) users with no interactions.
3881.0s 246 ScoresHybridRecommender: URM Detected 217 ( 1.0%) items with no interactions.
3935.8s 247 [I 2023-12-07 00:03:36,991] Trial 62 finished with value: 0.08096083734782994 and parameters: {'weight_1': 0.5269502739614966, 'weight_2': 0.265266465242918}. Best is trial 59 with value: 0.08123698229522507.
3936.0s 248 ScoresHybridRecommender: URM Detected 318 ( 2.5%) users with no interactions.
3936.0s 249 ScoresHybridRecommender: URM Detected 217 ( 1.0%) items with no interactions.
3989.5s 250 [I 2023-12-07 00:04:30,746] Trial 63 finished with value: 0.08100935179824632 and parameters: {'weight_1': 0.4402949683063445, 'weight_2': 0.20703147700567576}. Best is trial 59 with value: 0.08123698229522507.
3989.7s 251 ScoresHybridRecommender: URM Detected 318 ( 2.5%) users with no interactions.
3989.7s 252 ScoresHybridRecommender: URM Detected 217 ( 1.0%) items with no interactions.
4043.8s 253 [I 2023-12-07 00:05:25,008] Trial 64 finished with value: 0.08109748678525648 and parameters: {'weight_1': 0.4964298467292459, 'weight_2': 0.2402890795351305}. Best is trial 59 with value: 0.08123698229522507.
4044.0s 254 ScoresHybridRecommender: URM Detected 318 ( 2.5%) users with no interactions.
4044.0s 255 ScoresHybridRecommender: URM Detected 217 ( 1.0%) items with no interactions.
4098.9s 256 [I 2023-12-07 00:06:20,073] Trial 65 finished with value: 0.08113896982598753 and parameters: {'weight_1': 0.41303416492493167, 'weight_2': 0.30772087000862197}. Best is trial 59 with value: 0.08123698229522507.
4099.1s 257 ScoresHybridRecommender: URM Detected 318 ( 2.5%) users with no interactions.
4099.1s 258 ScoresHybridRecommender: URM Detected 217 ( 1.0%) items with no interactions.
4153.1s 259 [I 2023-12-07 00:07:14,307] Trial 66 finished with value: 0.08075613368979279 and parameters: {'weight_1': 0.35298717060497087, 'weight_2': 0.2715804372405958}. Best is trial 59 with value: 0.08123698229522507.
4153.3s 260 ScoresHybridRecommender: URM Detected 318 ( 2.5%) users with no interactions.
4153.3s 261 ScoresHybridRecommender: URM Detected 217 ( 1.0%) items with no interactions.
4207.1s 262 [I 2023-12-07 00:08:08,342] Trial 67 finished with value: 0.08126263554134562 and parameters: {'weight_1': 0.3899720396808292, 'weight_2': 0.29373451693268443}. Best is trial 67 with value: 0.08126263554134562.
4207.3s 263 ScoresHybridRecommender: URM Detected 318 ( 2.5%) users with no interactions.
4207.3s 264 ScoresHybridRecommender: URM Detected 217 ( 1.0%) items with no interactions.
4260.8s 265 [I 2023-12-07 00:09:01,995] Trial 68 finished with value: 0.08090781726748172 and parameters: {'weight_1': 0.39351272834289874, 'weight_2': 0.2413390418751225}. Best is trial 67 with value: 0.08126263554134562.
4261.0s 266 ScoresHybridRecommender: URM Detected 318 ( 2.5%) users with no interactions.
4261.0s 267 ScoresHybridRecommender: URM Detected 217 ( 1.0%) items with no interactions.
4261.0s 268 Error: Weights sum is 0.9999999999999999, but must be 1.0
4314.4s 269 [I 2023-12-07 00:09:55,600] Trial 69 finished with value: 0.08041538704643476 and parameters: {'weight_1': 0.3254717152174728, 'weight_2': 0.20314444092261438}. Best is trial 67 with value: 0.08126263554134562.
4314.6s 270 ScoresHybridRecommender: URM Detected 318 ( 2.5%) users with no interactions.
4314.6s 271 ScoresHybridRecommender: URM Detected 217 ( 1.0%) items with no interactions.
4368.4s 272 [I 2023-12-07 00:10:49,628] Trial 70 finished with value: 0.08091609020656307 and parameters: {'weight_1': 0.3811016171840953, 'weight_2': 0.2610153437352669}. Best is trial 67 with value: 0.08126263554134562.
4368.6s 273 ScoresHybridRecommender: URM Detected 318 ( 2.5%) users with no interactions.
4368.6s 274 ScoresHybridRecommender: URM Detected 217 ( 1.0%) items with no interactions.
4422.8s 275 [I 2023-12-07 00:11:43,994] Trial 71 finished with value: 0.08106725955393655 and parameters: {'weight_1': 0.4563770287549087, 'weight_2': 0.28464872611100467}. Best is trial 67 with value: 0.08126263554134562.
4423.0s 276 ScoresHybridRecommender: URM Detected 318 ( 2.5%) users with no interactions.
4423.0s 277 ScoresHybridRecommender: URM Detected 217 ( 1.0%) items with no interactions.
4476.3s 278 [I 2023-12-07 00:12:37,527] Trial 72 finished with value: 0.08114533622702014 and parameters: {'weight_1': 0.43070372261938866, 'weight_2': 0.29650748758421097}. Best is trial 67 with value: 0.08126263554134562.
4476.5s 279 ScoresHybridRecommender: URM Detected 318 ( 2.5%) users with no interactions.
4476.5s 280 ScoresHybridRecommender: URM Detected 217 ( 1.0%) items with no interactions.
4529.4s 281 [I 2023-12-07 00:13:30,578] Trial 73 finished with value: 0.08105918098366376 and parameters: {'weight_1': 0.48632662139416644, 'weight_2': 0.32878744314952435}. Best is trial 67 with value: 0.08126263554134562.
4529.6s 282 ScoresHybridRecommender: URM Detected 318 ( 2.5%) users with no interactions.
4529.6s 283 ScoresHybridRecommender: URM Detected 217 ( 1.0%) items with no interactions.
4582.5s 284 [I 2023-12-07 00:14:23,738] Trial 74 finished with value: 0.08100164030069391 and parameters: {'weight_1': 0.3715883191140402, 'weight_2': 0.34973496682480376}. Best is trial 67 with value: 0.08126263554134562.
4582.7s 285 ScoresHybridRecommender: URM Detected 318 ( 2.5%) users with no interactions.
4582.7s 286 ScoresHybridRecommender: URM Detected 217 ( 1.0%) items with no interactions.
4635.7s 287 [I 2023-12-07 00:15:16,915] Trial 75 finished with value: 0.0808690342097249 and parameters: {'weight_1': 0.3535219602948732, 'weight_2': 0.3054416715915435}. Best is trial 67 with value: 0.08126263554134562.
4635.9s 288 ScoresHybridRecommender: URM Detected 318 ( 2.5%) users with no interactions.
4635.9s 289 ScoresHybridRecommender: URM Detected 217 ( 1.0%) items with no interactions.
4635.9s 290 Error: Weights sum is 0.9999999999999999, but must be 1.0
4690.0s 291 [I 2023-12-07 00:16:11,155] Trial 76 finished with value: 0.08110056989090034 and parameters: {'weight_1': 0.4017695350860044, 'weight_2': 0.3253198150948112}. Best is trial 67 with value: 0.08126263554134562.
4690.1s 292 ScoresHybridRecommender: URM Detected 318 ( 2.5%) users with no interactions.
4690.1s 293 ScoresHybridRecommender: URM Detected 217 ( 1.0%) items with no interactions.
4690.1s 294 Error: Weights sum is 0.9999999999999999, but must be 1.0
4742.7s 295 [I 2023-12-07 00:17:03,910] Trial 77 finished with value: 0.08101089015325502 and parameters: {'weight_1': 0.4570444533222026, 'weight_2': 0.29305594933104173}. Best is trial 67 with value: 0.08126263554134562.
4742.9s 296 ScoresHybridRecommender: URM Detected 318 ( 2.5%) users with no interactions.
4742.9s 297 ScoresHybridRecommender: URM Detected 217 ( 1.0%) items with no interactions.
4795.5s 298 [I 2023-12-07 00:17:56,656] Trial 78 finished with value: 0.0805265567375818 and parameters: {'weight_1': 0.29770737753405396, 'weight_2': 0.3841426387897204}. Best is trial 67 with value: 0.08126263554134562.
4795.6s 299 ScoresHybridRecommender: URM Detected 318 ( 2.5%) users with no interactions.
4795.6s 300 ScoresHybridRecommender: URM Detected 217 ( 1.0%) items with no interactions.
4850.7s 301 [I 2023-12-07 00:18:51,859] Trial 79 finished with value: 0.08121877472933312 and parameters: {'weight_1': 0.4343385333462393, 'weight_2': 0.3499072384855042}. Best is trial 67 with value: 0.08126263554134562.
4850.8s 302 ScoresHybridRecommender: URM Detected 318 ( 2.5%) users with no interactions.
4850.8s 303 ScoresHybridRecommender: URM Detected 217 ( 1.0%) items with no interactions.
4904.2s 304 [I 2023-12-07 00:19:45,452] Trial 80 finished with value: 0.08103540811161954 and parameters: {'weight_1': 0.5161646283870773, 'weight_2': 0.36252124673346797}. Best is trial 67 with value: 0.08126263554134562.
4904.4s 305 ScoresHybridRecommender: URM Detected 318 ( 2.5%) users with no interactions.
4904.4s 306 ScoresHybridRecommender: URM Detected 217 ( 1.0%) items with no interactions.
4959.1s 307 [I 2023-12-07 00:20:40,319] Trial 81 finished with value: 0.08116626525080131 and parameters: {'weight_1': 0.4291785297235182, 'weight_2': 0.3455235140283895}. Best is trial 67 with value: 0.08126263554134562.
4959.3s 308 ScoresHybridRecommender: URM Detected 318 ( 2.5%) users with no interactions.
4959.3s 309 ScoresHybridRecommender: URM Detected 217 ( 1.0%) items with no interactions.
5013.8s 310 [I 2023-12-07 00:21:35,008] Trial 82 finished with value: 0.08115020764838263 and parameters: {'weight_1': 0.3985100676644593, 'weight_2': 0.3644683648316962}. Best is trial 67 with value: 0.08126263554134562.
5014.0s 311 ScoresHybridRecommender: URM Detected 318 ( 2.5%) users with no interactions.
5014.0s 312 ScoresHybridRecommender: URM Detected 217 ( 1.0%) items with no interactions.
5014.0s 313 Error: Weights sum is 0.9999999999999999, but must be 1.0
5067.6s 314 [I 2023-12-07 00:22:28,826] Trial 83 finished with value: 0.08109707658359458 and parameters: {'weight_1': 0.4245028767896088, 'weight_2': 0.3450015830284282}. Best is trial 67 with value: 0.08126263554134562.
5067.8s 315 ScoresHybridRecommender: URM Detected 318 ( 2.5%) users with no interactions.
5067.8s 316 ScoresHybridRecommender: URM Detected 217 ( 1.0%) items with no interactions.
5067.8s 317 Error: Weights sum is 0.9999999999999999, but must be 1.0
5120.8s 318 [I 2023-12-07 00:23:22,046] Trial 84 finished with value: 0.08094552008889123 and parameters: {'weight_1': 0.35804338999025637, 'weight_2': 0.3986295066747175}. Best is trial 67 with value: 0.08126263554134562.
5121.0s 319 ScoresHybridRecommender: URM Detected 318 ( 2.5%) users with no interactions.
5121.0s 320 ScoresHybridRecommender: URM Detected 217 ( 1.0%) items with no interactions.
5174.6s 321 [I 2023-12-07 00:24:15,784] Trial 85 finished with value: 0.08109151736516704 and parameters: {'weight_1': 0.47841789802728124, 'weight_2': 0.3232064671803849}. Best is trial 67 with value: 0.08126263554134562.
5174.8s 322 ScoresHybridRecommender: URM Detected 318 ( 2.5%) users with no interactions.
5174.8s 323 ScoresHybridRecommender: URM Detected 217 ( 1.0%) items with no interactions.
5228.6s 324 [I 2023-12-07 00:25:09,767] Trial 86 finished with value: 0.08068409616794134 and parameters: {'weight_1': 0.33237396679200815, 'weight_2': 0.41773749048721553}. Best is trial 67 with value: 0.08126263554134562.
5228.8s 325 ScoresHybridRecommender: URM Detected 318 ( 2.5%) users with no interactions.
5228.8s 326 ScoresHybridRecommender: URM Detected 217 ( 1.0%) items with no interactions.
5283.1s 327 [I 2023-12-07 00:26:04,270] Trial 87 finished with value: 0.08109275147672676 and parameters: {'weight_1': 0.4398531771185614, 'weight_2': 0.33602929763494266}. Best is trial 67 with value: 0.08126263554134562.
5283.3s 328 ScoresHybridRecommender: URM Detected 318 ( 2.5%) users with no interactions.
5283.3s 329 ScoresHybridRecommender: URM Detected 217 ( 1.0%) items with no interactions.
5337.1s 330 [I 2023-12-07 00:26:58,343] Trial 88 finished with value: 0.0810069360511227 and parameters: {'weight_1': 0.3740709524621413, 'weight_2': 0.394011661406229}. Best is trial 67 with value: 0.08126263554134562.
5337.3s 331 ScoresHybridRecommender: URM Detected 318 ( 2.5%) users with no interactions.
5337.3s 332 ScoresHybridRecommender: URM Detected 217 ( 1.0%) items with no interactions.
5390.3s 333 [I 2023-12-07 00:27:51,493] Trial 89 finished with value: 0.0810636585397445 and parameters: {'weight_1': 0.465252778120281, 'weight_2': 0.34415448876366295}. Best is trial 67 with value: 0.08126263554134562.
5390.5s 334 ScoresHybridRecommender: URM Detected 318 ( 2.5%) users with no interactions.
5390.5s 335 ScoresHybridRecommender: URM Detected 217 ( 1.0%) items with no interactions.
5443.1s 336 [I 2023-12-07 00:28:44,274] Trial 90 finished with value: 0.08108239543747477 and parameters: {'weight_1': 0.40577397101071766, 'weight_2': 0.3133550293282284}. Best is trial 67 with value: 0.08126263554134562.
5443.3s 337 ScoresHybridRecommender: URM Detected 318 ( 2.5%) users with no interactions.
5443.3s 338 ScoresHybridRecommender: URM Detected 217 ( 1.0%) items with no interactions.
5496.4s 339 [I 2023-12-07 00:29:37,615] Trial 91 finished with value: 0.08112542106741698 and parameters: {'weight_1': 0.3898329257107269, 'weight_2': 0.3718868335803785}. Best is trial 67 with value: 0.08126263554134562.
5496.6s 340 ScoresHybridRecommender: URM Detected 318 ( 2.5%) users with no interactions.
5496.6s 341 ScoresHybridRecommender: URM Detected 217 ( 1.0%) items with no interactions.
5549.1s 342 [I 2023-12-07 00:30:30,284] Trial 92 finished with value: 0.08117293291318596 and parameters: {'weight_1': 0.4027341206454179, 'weight_2': 0.35782387714852953}. Best is trial 67 with value: 0.08126263554134562.
5549.3s 343 ScoresHybridRecommender: URM Detected 318 ( 2.5%) users with no interactions.
5549.3s 344 ScoresHybridRecommender: URM Detected 217 ( 1.0%) items with no interactions.
5603.0s 345 [I 2023-12-07 00:31:24,169] Trial 93 finished with value: 0.08120769305999843 and parameters: {'weight_1': 0.4297355603133526, 'weight_2': 0.35845059445572136}. Best is trial 67 with value: 0.08126263554134562.
5603.2s 346 ScoresHybridRecommender: URM Detected 318 ( 2.5%) users with no interactions.
5603.2s 347 ScoresHybridRecommender: URM Detected 217 ( 1.0%) items with no interactions.
5656.8s 348 [I 2023-12-07 00:32:18,009] Trial 94 finished with value: 0.08100302430478756 and parameters: {'weight_1': 0.49840992343896706, 'weight_2': 0.3551904642733065}. Best is trial 67 with value: 0.08126263554134562.
5657.0s 349 ScoresHybridRecommender: URM Detected 318 ( 2.5%) users with no interactions.
5657.0s 350 ScoresHybridRecommender: URM Detected 217 ( 1.0%) items with no interactions.
5708.9s 351 [I 2023-12-07 00:33:10,149] Trial 95 finished with value: 0.08100325156208436 and parameters: {'weight_1': 0.45446947925284964, 'weight_2': 0.3867247897277461}. Best is trial 67 with value: 0.08126263554134562.
5709.1s 352 ScoresHybridRecommender: URM Detected 318 ( 2.5%) users with no interactions.
5709.1s 353 ScoresHybridRecommender: URM Detected 217 ( 1.0%) items with no interactions.
5760.5s 354 [I 2023-12-07 00:34:01,690] Trial 96 finished with value: 0.08118301175174311 and parameters: {'weight_1': 0.42715509259312134, 'weight_2': 0.36280961967211395}. Best is trial 67 with value: 0.08126263554134562.
5760.7s 355 ScoresHybridRecommender: URM Detected 318 ( 2.5%) users with no interactions.
5760.7s 356 ScoresHybridRecommender: URM Detected 217 ( 1.0%) items with no interactions.
5813.8s 357 [I 2023-12-07 00:34:55,030] Trial 97 finished with value: 0.08119627489704016 and parameters: {'weight_1': 0.41022030573101387, 'weight_2': 0.27891181202729337}. Best is trial 67 with value: 0.08126263554134562.
5814.0s 358 ScoresHybridRecommender: URM Detected 318 ( 2.5%) users with no interactions.
5814.0s 359 ScoresHybridRecommender: URM Detected 217 ( 1.0%) items with no interactions.
5867.8s 360 [I 2023-12-07 00:35:48,990] Trial 98 finished with value: 0.08075856201707243 and parameters: {'weight_1': 0.34598769128719653, 'weight_2': 0.27564595764056626}. Best is trial 67 with value: 0.08126263554134562.
5868.0s 361 ScoresHybridRecommender: URM Detected 318 ( 2.5%) users with no interactions.
5868.0s 362 ScoresHybridRecommender: URM Detected 217 ( 1.0%) items with no interactions.
5922.2s 363 [I 2023-12-07 00:36:43,405] Trial 99 finished with value: 0.08109531039508326 and parameters: {'weight_1': 0.4293004065616013, 'weight_2': 0.3297251244858751}. Best is trial 67 with value: 0.08126263554134562.
5922.4s 364 ScoresHybridRecommender: URM Detected 318 ( 2.5%) users with no interactions.
5922.4s 365 ScoresHybridRecommender: URM Detected 217 ( 1.0%) items with no interactions.
5975.4s 366 [I 2023-12-07 00:37:36,621] Trial 100 finished with value: 0.08102227494546128 and parameters: {'weight_1': 0.4772037996379654, 'weight_2': 0.2890116946471884}. Best is trial 67 with value: 0.08126263554134562.
5975.6s 367 ScoresHybridRecommender: URM Detected 318 ( 2.5%) users with no interactions.
5975.6s 368 ScoresHybridRecommender: URM Detected 217 ( 1.0%) items with no interactions.
6029.3s 369 [I 2023-12-07 00:38:30,455] Trial 101 finished with value: 0.08113580562707075 and parameters: {'weight_1': 0.41709622431622395, 'weight_2': 0.25658305339207}. Best is trial 67 with value: 0.08126263554134562.
6029.4s 370 ScoresHybridRecommender: URM Detected 318 ( 2.5%) users with no interactions.
6029.4s 371 ScoresHybridRecommender: URM Detected 217 ( 1.0%) items with no interactions.
6083.5s 372 [I 2023-12-07 00:39:24,696] Trial 102 finished with value: 0.08111326100204028 and parameters: {'weight_1': 0.37235494031057753, 'weight_2': 0.3138547080108645}. Best is trial 67 with value: 0.08126263554134562.
6083.7s 373 ScoresHybridRecommender: URM Detected 318 ( 2.5%) users with no interactions.
6083.7s 374 ScoresHybridRecommender: URM Detected 217 ( 1.0%) items with no interactions.
6136.1s 375 [I 2023-12-07 00:40:17,274] Trial 103 finished with value: 0.08118172263119444 and parameters: {'weight_1': 0.41029802610568433, 'weight_2': 0.35145472848213044}. Best is trial 67 with value: 0.08126263554134562.
6136.3s 376 ScoresHybridRecommender: URM Detected 318 ( 2.5%) users with no interactions.
6136.3s 377 ScoresHybridRecommender: URM Detected 217 ( 1.0%) items with no interactions.
6187.9s 378 [I 2023-12-07 00:41:09,056] Trial 104 finished with value: 0.08112135598199699 and parameters: {'weight_1': 0.38283792673918, 'weight_2': 0.36092769790238094}. Best is trial 67 with value: 0.08126263554134562.
6188.0s 379 ScoresHybridRecommender: URM Detected 318 ( 2.5%) users with no interactions.
6188.0s 380 ScoresHybridRecommender: URM Detected 217 ( 1.0%) items with no interactions.
6240.8s 381 [I 2023-12-07 00:42:01,966] Trial 105 finished with value: 0.08076332752691329 and parameters: {'weight_1': 0.3171068705261498, 'weight_2': 0.2988922807060241}. Best is trial 67 with value: 0.08126263554134562.
6241.0s 382 ScoresHybridRecommender: URM Detected 318 ( 2.5%) users with no interactions.
6241.0s 383 ScoresHybridRecommender: URM Detected 217 ( 1.0%) items with no interactions.
