12317.9s 530 [I 2023-12-05 19:38:03,159] Trial 160 finished with value: 0.0792596335075129 and parameters: {'weight_1': 0.6413166671192035, 'weight_2': 0.2701045753101269}. Best is trial 147 with value: 0.07957527933249149.
12318.1s 531 ScoresHybridRecommender: URM Detected 334 ( 2.6%) users with no interactions.
12318.1s 532 ScoresHybridRecommender: URM Detected 194 ( 0.9%) items with no interactions.
12390.3s 533 [I 2023-12-05 19:39:15,516] Trial 161 finished with value: 0.07948926420003982 and parameters: {'weight_1': 0.5565700632846426, 'weight_2': 0.3111419688297169}. Best is trial 147 with value: 0.07957527933249149.
12390.5s 534 ScoresHybridRecommender: URM Detected 334 ( 2.6%) users with no interactions.
12390.5s 535 ScoresHybridRecommender: URM Detected 194 ( 0.9%) items with no interactions.
12462.6s 536 [I 2023-12-05 19:40:27,870] Trial 162 finished with value: 0.07934932604800855 and parameters: {'weight_1': 0.6216874875364098, 'weight_2': 0.30412169506574815}. Best is trial 147 with value: 0.07957527933249149.
12462.8s 537 ScoresHybridRecommender: URM Detected 334 ( 2.6%) users with no interactions.
12462.8s 538 ScoresHybridRecommender: URM Detected 194 ( 0.9%) items with no interactions.
12535.0s 539 [I 2023-12-05 19:41:40,225] Trial 163 finished with value: 0.07944077572920792 and parameters: {'weight_1': 0.5154274840299896, 'weight_2': 0.32391460558256907}. Best is trial 147 with value: 0.07957527933249149.
12535.2s 540 ScoresHybridRecommender: URM Detected 334 ( 2.6%) users with no interactions.
12535.2s 541 ScoresHybridRecommender: URM Detected 194 ( 0.9%) items with no interactions.
12607.4s 542 [I 2023-12-05 19:42:52,651] Trial 164 finished with value: 0.07949955338933229 and parameters: {'weight_1': 0.5850968527101637, 'weight_2': 0.2940587224632882}. Best is trial 147 with value: 0.07957527933249149.
12607.6s 543 ScoresHybridRecommender: URM Detected 334 ( 2.6%) users with no interactions.
12607.6s 544 ScoresHybridRecommender: URM Detected 194 ( 0.9%) items with no interactions.
12680.4s 545 [I 2023-12-05 19:44:05,653] Trial 165 finished with value: 0.07937920337047472 and parameters: {'weight_1': 0.5499400487414897, 'weight_2': 0.310277513840328}. Best is trial 147 with value: 0.07957527933249149.
12680.6s 546 ScoresHybridRecommender: URM Detected 334 ( 2.6%) users with no interactions.
12680.6s 547 ScoresHybridRecommender: URM Detected 194 ( 0.9%) items with no interactions.
12754.1s 548 [I 2023-12-05 19:45:19,317] Trial 166 finished with value: 0.07948485436255825 and parameters: {'weight_1': 0.5674734432469668, 'weight_2': 0.2828171050363893}. Best is trial 147 with value: 0.07957527933249149.
12754.3s 549 ScoresHybridRecommender: URM Detected 334 ( 2.6%) users with no interactions.
12754.3s 550 ScoresHybridRecommender: URM Detected 194 ( 0.9%) items with no interactions.
12828.5s 551 [I 2023-12-05 19:46:33,770] Trial 167 finished with value: 0.07940004843166695 and parameters: {'weight_1': 0.5340671343650678, 'weight_2': 0.3327212456881492}. Best is trial 147 with value: 0.07957527933249149.
12828.7s 552 ScoresHybridRecommender: URM Detected 334 ( 2.6%) users with no interactions.
12828.7s 553 ScoresHybridRecommender: URM Detected 194 ( 0.9%) items with no interactions.
12901.4s 554 [I 2023-12-05 19:47:46,677] Trial 168 finished with value: 0.07942504176711557 and parameters: {'weight_1': 0.6067841226798334, 'weight_2': 0.3022990284464865}. Best is trial 147 with value: 0.07957527933249149.
12901.6s 555 ScoresHybridRecommender: URM Detected 334 ( 2.6%) users with no interactions.
12901.6s 556 ScoresHybridRecommender: URM Detected 194 ( 0.9%) items with no interactions.
12973.0s 557 [I 2023-12-05 19:48:58,260] Trial 169 finished with value: 0.07943849806942273 and parameters: {'weight_1': 0.5082639444971306, 'weight_2': 0.2486632001683274}. Best is trial 147 with value: 0.07957527933249149.
12973.2s 558 ScoresHybridRecommender: URM Detected 334 ( 2.6%) users with no interactions.
12973.2s 559 ScoresHybridRecommender: URM Detected 194 ( 0.9%) items with no interactions.
13045.1s 560 [I 2023-12-05 19:50:10,373] Trial 170 finished with value: 0.0795152095218025 and parameters: {'weight_1': 0.5761552484734979, 'weight_2': 0.28786676364997604}. Best is trial 147 with value: 0.07957527933249149.
13045.3s 561 ScoresHybridRecommender: URM Detected 334 ( 2.6%) users with no interactions.
13045.3s 562 ScoresHybridRecommender: URM Detected 194 ( 0.9%) items with no interactions.
13117.1s 563 [I 2023-12-05 19:51:22,316] Trial 171 finished with value: 0.07954921742812453 and parameters: {'weight_1': 0.5668157305743171, 'weight_2': 0.2718947577094786}. Best is trial 147 with value: 0.07957527933249149.
13117.3s 564 ScoresHybridRecommender: URM Detected 334 ( 2.6%) users with no interactions.
13117.3s 565 ScoresHybridRecommender: URM Detected 194 ( 0.9%) items with no interactions.
13188.7s 566 [I 2023-12-05 19:52:33,948] Trial 172 finished with value: 0.07946360651142816 and parameters: {'weight_1': 0.5851526702793712, 'weight_2': 0.2701558164037299}. Best is trial 147 with value: 0.07957527933249149.
13188.9s 567 ScoresHybridRecommender: URM Detected 334 ( 2.6%) users with no interactions.
13188.9s 568 ScoresHybridRecommender: URM Detected 194 ( 0.9%) items with no interactions.
13260.3s 569 [I 2023-12-05 19:53:45,543] Trial 173 finished with value: 0.07948169840624789 and parameters: {'weight_1': 0.5662726759983154, 'weight_2': 0.26315126606887695}. Best is trial 147 with value: 0.07957527933249149.
13260.5s 570 ScoresHybridRecommender: URM Detected 334 ( 2.6%) users with no interactions.
13260.5s 571 ScoresHybridRecommender: URM Detected 194 ( 0.9%) items with no interactions.
13331.5s 572 [I 2023-12-05 19:54:56,746] Trial 174 finished with value: 0.07931827654326305 and parameters: {'weight_1': 0.6231144439172549, 'weight_2': 0.2896306691814657}. Best is trial 147 with value: 0.07957527933249149.
13331.7s 573 ScoresHybridRecommender: URM Detected 334 ( 2.6%) users with no interactions.
13331.7s 574 ScoresHybridRecommender: URM Detected 194 ( 0.9%) items with no interactions.
13402.6s 575 [I 2023-12-05 19:56:07,832] Trial 175 finished with value: 0.07943811629746651 and parameters: {'weight_1': 0.5956346344364569, 'weight_2': 0.276704082626918}. Best is trial 147 with value: 0.07957527933249149.
13402.8s 576 ScoresHybridRecommender: URM Detected 334 ( 2.6%) users with no interactions.
13402.8s 577 ScoresHybridRecommender: URM Detected 194 ( 0.9%) items with no interactions.
13473.9s 578 [I 2023-12-05 19:57:19,086] Trial 176 finished with value: 0.07946634901821024 and parameters: {'weight_1': 0.5520327937433541, 'weight_2': 0.25941401991567464}. Best is trial 147 with value: 0.07957527933249149.
13474.0s 579 ScoresHybridRecommender: URM Detected 334 ( 2.6%) users with no interactions.
13474.0s 580 ScoresHybridRecommender: URM Detected 194 ( 0.9%) items with no interactions.
13546.3s 581 [I 2023-12-05 19:58:31,518] Trial 177 finished with value: 0.07953847783368279 and parameters: {'weight_1': 0.5750155294658443, 'weight_2': 0.2853894222549353}. Best is trial 147 with value: 0.07957527933249149.
13546.5s 582 ScoresHybridRecommender: URM Detected 334 ( 2.6%) users with no interactions.
13546.5s 583 ScoresHybridRecommender: URM Detected 194 ( 0.9%) items with no interactions.
13618.3s 584 [I 2023-12-05 19:59:43,497] Trial 178 finished with value: 0.07949058584774556 and parameters: {'weight_1': 0.5445068135437066, 'weight_2': 0.28377637247161336}. Best is trial 147 with value: 0.07957527933249149.
13618.4s 585 ScoresHybridRecommender: URM Detected 334 ( 2.6%) users with no interactions.
13618.4s 586 ScoresHybridRecommender: URM Detected 194 ( 0.9%) items with no interactions.
13690.7s 587 [I 2023-12-05 20:00:55,934] Trial 179 finished with value: 0.07940851646758569 and parameters: {'weight_1': 0.6027141976823055, 'weight_2': 0.2741252830724291}. Best is trial 147 with value: 0.07957527933249149.
13690.9s 588 ScoresHybridRecommender: URM Detected 334 ( 2.6%) users with no interactions.
13690.9s 589 ScoresHybridRecommender: URM Detected 194 ( 0.9%) items with no interactions.
13763.0s 590 [I 2023-12-05 20:02:08,246] Trial 180 finished with value: 0.07945946408649973 and parameters: {'weight_1': 0.5643211748229409, 'weight_2': 0.254789200293903}. Best is trial 147 with value: 0.07957527933249149.
13763.2s 591 ScoresHybridRecommender: URM Detected 334 ( 2.6%) users with no interactions.
13763.2s 592 ScoresHybridRecommender: URM Detected 194 ( 0.9%) items with no interactions.
13834.0s 593 [I 2023-12-05 20:03:19,272] Trial 181 finished with value: 0.07950641976327096 and parameters: {'weight_1': 0.5813090424152639, 'weight_2': 0.29109501230235796}. Best is trial 147 with value: 0.07957527933249149.
13834.2s 594 ScoresHybridRecommender: URM Detected 334 ( 2.6%) users with no interactions.
13834.2s 595 ScoresHybridRecommender: URM Detected 194 ( 0.9%) items with no interactions.
13905.2s 596 [I 2023-12-05 20:04:30,435] Trial 182 finished with value: 0.07951814331439724 and parameters: {'weight_1': 0.5872488740972509, 'weight_2': 0.28382707310410904}. Best is trial 147 with value: 0.07957527933249149.
13905.4s 597 ScoresHybridRecommender: URM Detected 334 ( 2.6%) users with no interactions.
13905.4s 598 ScoresHybridRecommender: URM Detected 194 ( 0.9%) items with no interactions.
13977.0s 599 [I 2023-12-05 20:05:42,231] Trial 183 finished with value: 0.07930581605798612 and parameters: {'weight_1': 0.6484644420221373, 'weight_2': 0.28702993333244686}. Best is trial 147 with value: 0.07957527933249149.
13977.2s 600 ScoresHybridRecommender: URM Detected 334 ( 2.6%) users with no interactions.
13977.2s 601 ScoresHybridRecommender: URM Detected 194 ( 0.9%) items with no interactions.
14048.7s 602 [I 2023-12-05 20:06:53,931] Trial 184 finished with value: 0.07938145217435566 and parameters: {'weight_1': 0.6240291788956382, 'weight_2': 0.27827254005895685}. Best is trial 147 with value: 0.07957527933249149.
14048.9s 603 ScoresHybridRecommender: URM Detected 334 ( 2.6%) users with no interactions.
14048.9s 604 ScoresHybridRecommender: URM Detected 194 ( 0.9%) items with no interactions.
14120.8s 605 [I 2023-12-05 20:08:06,000] Trial 185 finished with value: 0.0794690290516002 and parameters: {'weight_1': 0.573069645241694, 'weight_2': 0.2680462278066759}. Best is trial 147 with value: 0.07957527933249149.
14120.9s 606 ScoresHybridRecommender: URM Detected 334 ( 2.6%) users with no interactions.
14120.9s 607 ScoresHybridRecommender: URM Detected 194 ( 0.9%) items with no interactions.
14193.2s 608 [I 2023-12-05 20:09:18,434] Trial 186 finished with value: 0.0794404419061834 and parameters: {'weight_1': 0.5961720071911885, 'weight_2': 0.29214732180347847}. Best is trial 147 with value: 0.07957527933249149.
14193.4s 609 ScoresHybridRecommender: URM Detected 334 ( 2.6%) users with no interactions.
14193.4s 610 ScoresHybridRecommender: URM Detected 194 ( 0.9%) items with no interactions.
14265.9s 611 [I 2023-12-05 20:10:31,157] Trial 187 finished with value: 0.07940184378782547 and parameters: {'weight_1': 0.5548770635066352, 'weight_2': 0.2425160063175921}. Best is trial 147 with value: 0.07957527933249149.
14266.1s 612 ScoresHybridRecommender: URM Detected 334 ( 2.6%) users with no interactions.
14266.1s 613 ScoresHybridRecommender: URM Detected 194 ( 0.9%) items with no interactions.
14337.8s 614 [I 2023-12-05 20:11:43,075] Trial 188 finished with value: 0.07942738723998964 and parameters: {'weight_1': 0.6134846060812502, 'weight_2': 0.28273578881445827}. Best is trial 147 with value: 0.07957527933249149.
14338.0s 615 ScoresHybridRecommender: URM Detected 334 ( 2.6%) users with no interactions.
14338.0s 616 ScoresHybridRecommender: URM Detected 194 ( 0.9%) items with no interactions.
14408.8s 617 [I 2023-12-05 20:12:54,061] Trial 189 finished with value: 0.07949143703130265 and parameters: {'weight_1': 0.5836366733806779, 'weight_2': 0.2726914050459629}. Best is trial 147 with value: 0.07957527933249149.
14409.0s 618 ScoresHybridRecommender: URM Detected 334 ( 2.6%) users with no interactions.
14409.0s 619 ScoresHybridRecommender: URM Detected 194 ( 0.9%) items with no interactions.
14480.6s 620 [I 2023-12-05 20:14:05,845] Trial 190 finished with value: 0.0794671065062205 and parameters: {'weight_1': 0.5391679325653514, 'weight_2': 0.30183227749737596}. Best is trial 147 with value: 0.07957527933249149.
14480.8s 621 ScoresHybridRecommender: URM Detected 334 ( 2.6%) users with no interactions.
14480.8s 622 ScoresHybridRecommender: URM Detected 194 ( 0.9%) items with no interactions.
14552.0s 623 [I 2023-12-05 20:15:17,218] Trial 191 finished with value: 0.07944771506129933 and parameters: {'weight_1': 0.5658095461926718, 'weight_2': 0.29054574819223267}. Best is trial 147 with value: 0.07957527933249149.
14552.2s 624 ScoresHybridRecommender: URM Detected 334 ( 2.6%) users with no interactions.
14552.2s 625 ScoresHybridRecommender: URM Detected 194 ( 0.9%) items with no interactions.
14623.8s 626 [I 2023-12-05 20:16:28,993] Trial 192 finished with value: 0.07941333701827638 and parameters: {'weight_1': 0.5244401651878333, 'weight_2': 0.2560187492986477}. Best is trial 147 with value: 0.07957527933249149.
14623.9s 627 ScoresHybridRecommender: URM Detected 334 ( 2.6%) users with no interactions.
14623.9s 628 ScoresHybridRecommender: URM Detected 194 ( 0.9%) items with no interactions.
14694.9s 629 [I 2023-12-05 20:17:40,093] Trial 193 finished with value: 0.07945556914114722 and parameters: {'weight_1': 0.5811813430650822, 'weight_2': 0.2633194050951735}. Best is trial 147 with value: 0.07957527933249149.
14695.0s 630 ScoresHybridRecommender: URM Detected 334 ( 2.6%) users with no interactions.
14695.0s 631 ScoresHybridRecommender: URM Detected 194 ( 0.9%) items with no interactions.
14765.9s 632 [I 2023-12-05 20:18:51,138] Trial 194 finished with value: 0.07943266551849415 and parameters: {'weight_1': 0.5457288697906961, 'weight_2': 0.3059335245638428}. Best is trial 147 with value: 0.07957527933249149.
14766.1s 633 ScoresHybridRecommender: URM Detected 334 ( 2.6%) users with no interactions.
14766.1s 634 ScoresHybridRecommender: URM Detected 194 ( 0.9%) items with no interactions.
14836.8s 635 [I 2023-12-05 20:20:02,035] Trial 195 finished with value: 0.07947551897879528 and parameters: {'weight_1': 0.5952783362284766, 'weight_2': 0.2976596684509111}. Best is trial 147 with value: 0.07957527933249149.
14837.0s 636 ScoresHybridRecommender: URM Detected 334 ( 2.6%) users with no interactions.
14837.0s 637 ScoresHybridRecommender: URM Detected 194 ( 0.9%) items with no interactions.
14907.4s 638 [I 2023-12-05 20:21:12,612] Trial 196 finished with value: 0.0794206299940343 and parameters: {'weight_1': 0.510993032494929, 'weight_2': 0.23452241216575168}. Best is trial 147 with value: 0.07957527933249149.
14907.6s 639 ScoresHybridRecommender: URM Detected 334 ( 2.6%) users with no interactions.
14907.6s 640 ScoresHybridRecommender: URM Detected 194 ( 0.9%) items with no interactions.
14978.5s 641 [I 2023-12-05 20:22:23,689] Trial 197 finished with value: 0.07950457525627805 and parameters: {'weight_1': 0.5570636383509063, 'weight_2': 0.28012984255891776}. Best is trial 147 with value: 0.07957527933249149.
14978.6s 642 ScoresHybridRecommender: URM Detected 334 ( 2.6%) users with no interactions.
14978.6s 643 ScoresHybridRecommender: URM Detected 194 ( 0.9%) items with no interactions.
15049.7s 644 [I 2023-12-05 20:23:34,901] Trial 198 finished with value: 0.07944681423362955 and parameters: {'weight_1': 0.5662687141244529, 'weight_2': 0.27813225768290445}. Best is trial 147 with value: 0.07957527933249149.
15049.8s 645 ScoresHybridRecommender: URM Detected 334 ( 2.6%) users with no interactions.
15049.8s 646 ScoresHybridRecommender: URM Detected 194 ( 0.9%) items with no interactions.
15121.1s 647 [I 2023-12-05 20:24:46,337] Trial 199 finished with value: 0.07937826715856039 and parameters: {'weight_1': 0.6141601876133692, 'weight_2': 0.2868908970576683}. Best is trial 147 with value: 0.07957527933249149.
15121.3s 648 ScoresHybridRecommender: URM Detected 334 ( 2.6%) users with no interactions.
15121.3s 649 ScoresHybridRecommender: URM Detected 194 ( 0.9%) items with no interactions.
15192.3s 650 [I 2023-12-05 20:25:57,486] Trial 200 finished with value: 0.07948041865858892 and parameters: {'weight_1': 0.5533400196505099, 'weight_2': 0.26951701712355164}. Best is trial 147 with value: 0.07957527933249149.
15192.4s 651 ScoresHybridRecommender: URM Detected 334 ( 2.6%) users with no interactions.
15192.4s 652 ScoresHybridRecommender: URM Detected 194 ( 0.9%) items with no interactions.
15263.3s 653 [I 2023-12-05 20:27:08,526] Trial 201 finished with value: 0.0794156517702235 and parameters: {'weight_1': 0.5339701689499469, 'weight_2': 0.31401053857784716}. Best is trial 147 with value: 0.07957527933249149.
15263.5s 654 ScoresHybridRecommender: URM Detected 334 ( 2.6%) users with no interactions.
15263.5s 655 ScoresHybridRecommender: URM Detected 194 ( 0.9%) items with no interactions.
15334.2s 656 [I 2023-12-05 20:28:19,404] Trial 202 finished with value: 0.07955054329043906 and parameters: {'weight_1': 0.5814429237244768, 'weight_2': 0.28163171544793497}. Best is trial 147 with value: 0.07957527933249149.
15334.3s 657 ScoresHybridRecommender: URM Detected 334 ( 2.6%) users with no interactions.
15334.3s 658 ScoresHybridRecommender: URM Detected 194 ( 0.9%) items with no interactions.
15405.5s 659 [I 2023-12-05 20:29:30,742] Trial 203 finished with value: 0.07954261087715554 and parameters: {'weight_1': 0.5832756824694277, 'weight_2': 0.2820337616768264}. Best is trial 147 with value: 0.07957527933249149.
15405.7s 660 ScoresHybridRecommender: URM Detected 334 ( 2.6%) users with no interactions.
15405.7s 661 ScoresHybridRecommender: URM Detected 194 ( 0.9%) items with no interactions.
15477.0s 662 [I 2023-12-05 20:30:42,211] Trial 204 finished with value: 0.07946962519074846 and parameters: {'weight_1': 0.5990443217021161, 'weight_2': 0.28775657665567067}. Best is trial 147 with value: 0.07957527933249149.
15477.2s 663 ScoresHybridRecommender: URM Detected 334 ( 2.6%) users with no interactions.
15477.2s 664 ScoresHybridRecommender: URM Detected 194 ( 0.9%) items with no interactions.
15548.5s 665 [I 2023-12-05 20:31:53,719] Trial 205 finished with value: 0.07950509446300726 and parameters: {'weight_1': 0.5818472582881441, 'weight_2': 0.2955509383160464}. Best is trial 147 with value: 0.07957527933249149.
15548.7s 666 ScoresHybridRecommender: URM Detected 334 ( 2.6%) users with no interactions.
15548.7s 667 ScoresHybridRecommender: URM Detected 194 ( 0.9%) items with no interactions.
15619.5s 668 [I 2023-12-05 20:33:04,717] Trial 206 finished with value: 0.07948214798755267 and parameters: {'weight_1': 0.577275953488924, 'weight_2': 0.2942863921756467}. Best is trial 147 with value: 0.07957527933249149.
15619.7s 669 ScoresHybridRecommender: URM Detected 334 ( 2.6%) users with no interactions.
15619.7s 670 ScoresHybridRecommender: URM Detected 194 ( 0.9%) items with no interactions.
15690.5s 671 [I 2023-12-05 20:34:15,748] Trial 207 finished with value: 0.07934595132191632 and parameters: {'weight_1': 0.6356388682630079, 'weight_2': 0.29663483500495386}. Best is trial 147 with value: 0.07957527933249149.
15690.7s 672 ScoresHybridRecommender: URM Detected 334 ( 2.6%) users with no interactions.
15690.7s 673 ScoresHybridRecommender: URM Detected 194 ( 0.9%) items with no interactions.
15761.7s 674 [I 2023-12-05 20:35:26,973] Trial 208 finished with value: 0.07949769359606831 and parameters: {'weight_1': 0.5832367405849532, 'weight_2': 0.27567361627179543}. Best is trial 147 with value: 0.07957527933249149.
15761.9s 675 ScoresHybridRecommender: URM Detected 334 ( 2.6%) users with no interactions.
15761.9s 676 ScoresHybridRecommender: URM Detected 194 ( 0.9%) items with no interactions.
15833.4s 677 [I 2023-12-05 20:36:38,650] Trial 209 finished with value: 0.07938215573186914 and parameters: {'weight_1': 0.6148400441755695, 'weight_2': 0.30410774104506755}. Best is trial 147 with value: 0.07957527933249149.
15833.6s 678 ScoresHybridRecommender: URM Detected 334 ( 2.6%) users with no interactions.
15833.6s 679 ScoresHybridRecommender: URM Detected 194 ( 0.9%) items with no interactions.
15904.5s 680 [I 2023-12-05 20:37:49,726] Trial 210 finished with value: 0.07913084177692108 and parameters: {'weight_1': 0.6657882124779464, 'weight_2': 0.28885283984934285}. Best is trial 147 with value: 0.07957527933249149.
15904.7s 681 ScoresHybridRecommender: URM Detected 334 ( 2.6%) users with no interactions.
15904.7s 682 ScoresHybridRecommender: URM Detected 194 ( 0.9%) items with no interactions.
15975.2s 683 [I 2023-12-05 20:39:00,477] Trial 211 finished with value: 0.07946679843102354 and parameters: {'weight_1': 0.5883332003386408, 'weight_2': 0.2668027408523008}. Best is trial 147 with value: 0.07957527933249149.
15975.4s 684 ScoresHybridRecommender: URM Detected 334 ( 2.6%) users with no interactions.
15975.4s 685 ScoresHybridRecommender: URM Detected 194 ( 0.9%) items with no interactions.
16046.6s 686 [I 2023-12-05 20:40:11,840] Trial 212 finished with value: 0.07949182314086928 and parameters: {'weight_1': 0.5698409684496896, 'weight_2': 0.28000482519383313}. Best is trial 147 with value: 0.07957527933249149.
16046.8s 687 ScoresHybridRecommender: URM Detected 334 ( 2.6%) users with no interactions.
16046.8s 688 ScoresHybridRecommender: URM Detected 194 ( 0.9%) items with no interactions.
16117.6s 689 [I 2023-12-05 20:41:22,831] Trial 213 finished with value: 0.0794478684098161 and parameters: {'weight_1': 0.5970285134410213, 'weight_2': 0.29839373253238893}. Best is trial 147 with value: 0.07957527933249149.
16117.8s 690 ScoresHybridRecommender: URM Detected 334 ( 2.6%) users with no interactions.
16117.8s 691 ScoresHybridRecommender: URM Detected 194 ( 0.9%) items with no interactions.
