23790.6s 1016 [I 2023-12-05 22:49:15,772] Trial 321 finished with value: 0.07947843187657538 and parameters: {'weight_1': 0.5698546082887611, 'weight_2': 0.24359690375791476}. Best is trial 147 with value: 0.07957527933249149.
23790.7s 1017 ScoresHybridRecommender: URM Detected 334 ( 2.6%) users with no interactions.
23790.7s 1018 ScoresHybridRecommender: URM Detected 194 ( 0.9%) items with no interactions.
23861.3s 1019 [I 2023-12-05 22:50:26,478] Trial 322 finished with value: 0.07947774483305892 and parameters: {'weight_1': 0.5390867109918439, 'weight_2': 0.30024205711613244}. Best is trial 147 with value: 0.07957527933249149.
23861.4s 1020 ScoresHybridRecommender: URM Detected 334 ( 2.6%) users with no interactions.
23861.4s 1021 ScoresHybridRecommender: URM Detected 194 ( 0.9%) items with no interactions.
23932.2s 1022 [I 2023-12-05 22:51:37,452] Trial 323 finished with value: 0.07948847593999073 and parameters: {'weight_1': 0.589531286819724, 'weight_2': 0.2718872747062758}. Best is trial 147 with value: 0.07957527933249149.
23932.4s 1023 ScoresHybridRecommender: URM Detected 334 ( 2.6%) users with no interactions.
23932.4s 1024 ScoresHybridRecommender: URM Detected 194 ( 0.9%) items with no interactions.
24003.1s 1025 [I 2023-12-05 22:52:48,294] Trial 324 finished with value: 0.0794581379505192 and parameters: {'weight_1': 0.5637508367820033, 'weight_2': 0.2542848833278701}. Best is trial 147 with value: 0.07957527933249149.
24003.2s 1026 ScoresHybridRecommender: URM Detected 334 ( 2.6%) users with no interactions.
24003.2s 1027 ScoresHybridRecommender: URM Detected 194 ( 0.9%) items with no interactions.
24074.1s 1028 [I 2023-12-05 22:53:59,290] Trial 325 finished with value: 0.07944080210015296 and parameters: {'weight_1': 0.5012113008166649, 'weight_2': 0.22690748463411514}. Best is trial 147 with value: 0.07957527933249149.
24074.2s 1029 ScoresHybridRecommender: URM Detected 334 ( 2.6%) users with no interactions.
24074.2s 1030 ScoresHybridRecommender: URM Detected 194 ( 0.9%) items with no interactions.
24145.3s 1031 [I 2023-12-05 22:55:10,507] Trial 326 finished with value: 0.07940571310318746 and parameters: {'weight_1': 0.6171170258294754, 'weight_2': 0.27871756170366985}. Best is trial 147 with value: 0.07957527933249149.
24145.4s 1032 ScoresHybridRecommender: URM Detected 334 ( 2.6%) users with no interactions.
24145.4s 1033 ScoresHybridRecommender: URM Detected 194 ( 0.9%) items with no interactions.
24217.3s 1034 [I 2023-12-05 22:56:22,462] Trial 327 finished with value: 0.0794849642071683 and parameters: {'weight_1': 0.5214593743241399, 'weight_2': 0.3054224910369622}. Best is trial 147 with value: 0.07957527933249149.
24217.4s 1035 ScoresHybridRecommender: URM Detected 334 ( 2.6%) users with no interactions.
24217.4s 1036 ScoresHybridRecommender: URM Detected 194 ( 0.9%) items with no interactions.
24288.1s 1037 [I 2023-12-05 22:57:33,267] Trial 328 finished with value: 0.07943049032610477 and parameters: {'weight_1': 0.5481644493466987, 'weight_2': 0.2920963589033513}. Best is trial 147 with value: 0.07957527933249149.
24288.2s 1038 ScoresHybridRecommender: URM Detected 334 ( 2.6%) users with no interactions.
24288.2s 1039 ScoresHybridRecommender: URM Detected 194 ( 0.9%) items with no interactions.
24359.1s 1040 [I 2023-12-05 22:58:44,277] Trial 329 finished with value: 0.076907048582212 and parameters: {'weight_1': 0.179312166096547, 'weight_2': 0.362161278882266}. Best is trial 147 with value: 0.07957527933249149.
24359.2s 1041 ScoresHybridRecommender: URM Detected 334 ( 2.6%) users with no interactions.
24359.2s 1042 ScoresHybridRecommender: URM Detected 194 ( 0.9%) items with no interactions.
24429.8s 1043 [I 2023-12-05 22:59:55,032] Trial 330 finished with value: 0.07946260734118614 and parameters: {'weight_1': 0.5960493232340985, 'weight_2': 0.20602961615647256}. Best is trial 147 with value: 0.07957527933249149.
24430.0s 1044 ScoresHybridRecommender: URM Detected 334 ( 2.6%) users with no interactions.
24430.0s 1045 ScoresHybridRecommender: URM Detected 194 ( 0.9%) items with no interactions.
24501.7s 1046 [I 2023-12-05 23:01:06,905] Trial 331 finished with value: 0.07946903391964574 and parameters: {'weight_1': 0.5763054568597951, 'weight_2': 0.2629052777278248}. Best is trial 147 with value: 0.07957527933249149.
24501.8s 1047 ScoresHybridRecommender: URM Detected 334 ( 2.6%) users with no interactions.
24501.8s 1048 ScoresHybridRecommender: URM Detected 194 ( 0.9%) items with no interactions.
24574.4s 1049 [I 2023-12-05 23:02:19,652] Trial 332 finished with value: 0.07925899946906965 and parameters: {'weight_1': 0.6353133319550122, 'weight_2': 0.2845386385411449}. Best is trial 147 with value: 0.07957527933249149.
24574.6s 1050 ScoresHybridRecommender: URM Detected 334 ( 2.6%) users with no interactions.
24574.6s 1051 ScoresHybridRecommender: URM Detected 194 ( 0.9%) items with no interactions.
24646.2s 1052 [I 2023-12-05 23:03:31,376] Trial 333 finished with value: 0.07929863953427271 and parameters: {'weight_1': 0.4153373756055735, 'weight_2': 0.33247837022628185}. Best is trial 147 with value: 0.07957527933249149.
24646.3s 1053 ScoresHybridRecommender: URM Detected 334 ( 2.6%) users with no interactions.
24646.3s 1054 ScoresHybridRecommender: URM Detected 194 ( 0.9%) items with no interactions.
24717.5s 1055 [I 2023-12-05 23:04:42,688] Trial 334 finished with value: 0.07948967244514282 and parameters: {'weight_1': 0.5531101482634336, 'weight_2': 0.25363208159768674}. Best is trial 147 with value: 0.07957527933249149.
24717.6s 1056 ScoresHybridRecommender: URM Detected 334 ( 2.6%) users with no interactions.
24717.6s 1057 ScoresHybridRecommender: URM Detected 194 ( 0.9%) items with no interactions.
24789.1s 1058 [I 2023-12-05 23:05:54,307] Trial 335 finished with value: 0.07866577558002791 and parameters: {'weight_1': 0.5340640925881298, 'weight_2': 0.03659952050318094}. Best is trial 147 with value: 0.07957527933249149.
24789.2s 1059 ScoresHybridRecommender: URM Detected 334 ( 2.6%) users with no interactions.
24789.2s 1060 ScoresHybridRecommender: URM Detected 194 ( 0.9%) items with no interactions.
24860.5s 1061 [I 2023-12-05 23:07:05,717] Trial 336 finished with value: 0.07942824047029552 and parameters: {'weight_1': 0.6061245126848374, 'weight_2': 0.2704941260478355}. Best is trial 147 with value: 0.07957527933249149.
24860.7s 1062 ScoresHybridRecommender: URM Detected 334 ( 2.6%) users with no interactions.
24860.7s 1063 ScoresHybridRecommender: URM Detected 194 ( 0.9%) items with no interactions.
24933.5s 1064 [I 2023-12-05 23:08:18,672] Trial 337 finished with value: 0.07938484572651762 and parameters: {'weight_1': 0.46320518034857777, 'weight_2': 0.24416901883269837}. Best is trial 147 with value: 0.07957527933249149.
24933.6s 1065 ScoresHybridRecommender: URM Detected 334 ( 2.6%) users with no interactions.
24933.6s 1066 ScoresHybridRecommender: URM Detected 194 ( 0.9%) items with no interactions.
25005.8s 1067 [I 2023-12-05 23:09:30,987] Trial 338 finished with value: 0.07950796874397464 and parameters: {'weight_1': 0.5771275965999111, 'weight_2': 0.28920951850019105}. Best is trial 147 with value: 0.07957527933249149.
25005.9s 1068 ScoresHybridRecommender: URM Detected 334 ( 2.6%) users with no interactions.
25005.9s 1069 ScoresHybridRecommender: URM Detected 194 ( 0.9%) items with no interactions.
25078.1s 1070 [I 2023-12-05 23:10:43,243] Trial 339 finished with value: 0.07948611705537241 and parameters: {'weight_1': 0.5204191456012403, 'weight_2': 0.31049519902917316}. Best is trial 147 with value: 0.07957527933249149.
25078.2s 1071 ScoresHybridRecommender: URM Detected 334 ( 2.6%) users with no interactions.
25078.2s 1072 ScoresHybridRecommender: URM Detected 194 ( 0.9%) items with no interactions.
25150.2s 1073 [I 2023-12-05 23:11:55,418] Trial 340 finished with value: 0.0794635764426809 and parameters: {'weight_1': 0.5921390507782293, 'weight_2': 0.27722191300467847}. Best is trial 147 with value: 0.07957527933249149.
25150.4s 1074 ScoresHybridRecommender: URM Detected 334 ( 2.6%) users with no interactions.
25150.4s 1075 ScoresHybridRecommender: URM Detected 194 ( 0.9%) items with no interactions.
25221.2s 1076 [I 2023-12-05 23:13:06,436] Trial 341 finished with value: 0.0794798982526017 and parameters: {'weight_1': 0.5601212900195291, 'weight_2': 0.29490025249247814}. Best is trial 147 with value: 0.07957527933249149.
25221.4s 1077 ScoresHybridRecommender: URM Detected 334 ( 2.6%) users with no interactions.
25221.4s 1078 ScoresHybridRecommender: URM Detected 194 ( 0.9%) items with no interactions.
25292.9s 1079 [I 2023-12-05 23:14:18,084] Trial 342 finished with value: 0.07893258358927877 and parameters: {'weight_1': 0.683242069496713, 'weight_2': 0.2855741694014741}. Best is trial 147 with value: 0.07957527933249149.
25293.0s 1080 ScoresHybridRecommender: URM Detected 334 ( 2.6%) users with no interactions.
25293.0s 1081 ScoresHybridRecommender: URM Detected 194 ( 0.9%) items with no interactions.
25364.0s 1082 [I 2023-12-05 23:15:29,232] Trial 343 finished with value: 0.07949012478621739 and parameters: {'weight_1': 0.4868469502355125, 'weight_2': 0.24390971028465908}. Best is trial 147 with value: 0.07957527933249149.
25364.2s 1083 ScoresHybridRecommender: URM Detected 334 ( 2.6%) users with no interactions.
25364.2s 1084 ScoresHybridRecommender: URM Detected 194 ( 0.9%) items with no interactions.
25434.5s 1085 [I 2023-12-05 23:16:39,721] Trial 344 finished with value: 0.07889780449278892 and parameters: {'weight_1': 0.5743867925165442, 'weight_2': 0.013380626245320548}. Best is trial 147 with value: 0.07957527933249149.
25434.7s 1086 ScoresHybridRecommender: URM Detected 334 ( 2.6%) users with no interactions.
25434.7s 1087 ScoresHybridRecommender: URM Detected 194 ( 0.9%) items with no interactions.
25505.3s 1088 [I 2023-12-05 23:17:50,461] Trial 345 finished with value: 0.07941826198046734 and parameters: {'weight_1': 0.6152751905014274, 'weight_2': 0.26889448138458094}. Best is trial 147 with value: 0.07957527933249149.
25505.4s 1089 ScoresHybridRecommender: URM Detected 334 ( 2.6%) users with no interactions.
25505.4s 1090 ScoresHybridRecommender: URM Detected 194 ( 0.9%) items with no interactions.
25576.6s 1091 [I 2023-12-05 23:19:01,820] Trial 346 finished with value: 0.07943275820592083 and parameters: {'weight_1': 0.5411880933517759, 'weight_2': 0.25824524942043287}. Best is trial 147 with value: 0.07957527933249149.
25576.8s 1092 ScoresHybridRecommender: URM Detected 334 ( 2.6%) users with no interactions.
25576.8s 1093 ScoresHybridRecommender: URM Detected 194 ( 0.9%) items with no interactions.
25648.4s 1094 [I 2023-12-05 23:20:13,579] Trial 347 finished with value: 0.07948966466951761 and parameters: {'weight_1': 0.5905296823196804, 'weight_2': 0.2765454962461703}. Best is trial 147 with value: 0.07957527933249149.
25648.5s 1095 ScoresHybridRecommender: URM Detected 334 ( 2.6%) users with no interactions.
25648.5s 1096 ScoresHybridRecommender: URM Detected 194 ( 0.9%) items with no interactions.
25718.6s 1097 [I 2023-12-05 23:21:23,761] Trial 348 finished with value: 0.0794494880075266 and parameters: {'weight_1': 0.5559530759506174, 'weight_2': 0.2952801782049299}. Best is trial 147 with value: 0.07957527933249149.
25718.7s 1098 ScoresHybridRecommender: URM Detected 334 ( 2.6%) users with no interactions.
25718.7s 1099 ScoresHybridRecommender: URM Detected 194 ( 0.9%) items with no interactions.
25788.7s 1100 [I 2023-12-05 23:22:33,876] Trial 349 finished with value: 0.07937263270331979 and parameters: {'weight_1': 0.5231840892695121, 'weight_2': 0.23655342619437317}. Best is trial 147 with value: 0.07957527933249149.
25788.8s 1101 ScoresHybridRecommender: URM Detected 334 ( 2.6%) users with no interactions.
25788.8s 1102 ScoresHybridRecommender: URM Detected 194 ( 0.9%) items with no interactions.
25859.1s 1103 [I 2023-12-05 23:23:44,287] Trial 350 finished with value: 0.0794263383937033 and parameters: {'weight_1': 0.498516693846553, 'weight_2': 0.3179624294796175}. Best is trial 147 with value: 0.07957527933249149.
25859.2s 1104 ScoresHybridRecommender: URM Detected 334 ( 2.6%) users with no interactions.
25859.2s 1105 ScoresHybridRecommender: URM Detected 194 ( 0.9%) items with no interactions.
25929.7s 1106 [I 2023-12-05 23:24:54,936] Trial 351 finished with value: 0.07933633242126438 and parameters: {'weight_1': 0.6365033826139835, 'weight_2': 0.16047365080179607}. Best is trial 147 with value: 0.07957527933249149.
25929.9s 1107 ScoresHybridRecommender: URM Detected 334 ( 2.6%) users with no interactions.
25929.9s 1108 ScoresHybridRecommender: URM Detected 194 ( 0.9%) items with no interactions.
26000.9s 1109 [I 2023-12-05 23:26:06,135] Trial 352 finished with value: 0.07951181073901306 and parameters: {'weight_1': 0.5691523846363281, 'weight_2': 0.26131217207154844}. Best is trial 147 with value: 0.07957527933249149.
26001.1s 1110 ScoresHybridRecommender: URM Detected 334 ( 2.6%) users with no interactions.
26001.1s 1111 ScoresHybridRecommender: URM Detected 194 ( 0.9%) items with no interactions.
26071.5s 1112 [I 2023-12-05 23:27:16,682] Trial 353 finished with value: 0.07944581032118012 and parameters: {'weight_1': 0.6076056489777105, 'weight_2': 0.2807265043754327}. Best is trial 147 with value: 0.07957527933249149.
26071.6s 1113 ScoresHybridRecommender: URM Detected 334 ( 2.6%) users with no interactions.
26071.6s 1114 ScoresHybridRecommender: URM Detected 194 ( 0.9%) items with no interactions.
26142.2s 1115 [I 2023-12-05 23:28:27,366] Trial 354 finished with value: 0.07939323254505981 and parameters: {'weight_1': 0.5421782028487101, 'weight_2': 0.30742686538509867}. Best is trial 147 with value: 0.07957527933249149.
26142.3s 1116 ScoresHybridRecommender: URM Detected 334 ( 2.6%) users with no interactions.
26142.3s 1117 ScoresHybridRecommender: URM Detected 194 ( 0.9%) items with no interactions.
26212.9s 1118 [I 2023-12-05 23:29:38,060] Trial 355 finished with value: 0.07807804661845735 and parameters: {'weight_1': 0.2650307537222997, 'weight_2': 0.3519177865653142}. Best is trial 147 with value: 0.07957527933249149.
26213.0s 1119 ScoresHybridRecommender: URM Detected 334 ( 2.6%) users with no interactions.
26213.0s 1120 ScoresHybridRecommender: URM Detected 194 ( 0.9%) items with no interactions.
26285.0s 1121 [I 2023-12-05 23:30:50,153] Trial 356 finished with value: 0.07943002902468348 and parameters: {'weight_1': 0.5837346048754437, 'weight_2': 0.2680015442486246}. Best is trial 147 with value: 0.07957527933249149.
26285.1s 1122 /opt/conda/lib/python3.10/site-packages/optuna/samplers/_tpe/sampler.py:494: RuntimeWarning: invalid value encountered in subtract
26285.1s 1123 score = log_l - log_g
26285.1s 1124 ScoresHybridRecommender: URM Detected 334 ( 2.6%) users with no interactions.
26285.1s 1125 ScoresHybridRecommender: URM Detected 194 ( 0.9%) items with no interactions.
26357.4s 1126 [I 2023-12-05 23:32:02,562] Trial 357 finished with value: 0.0745667713690985 and parameters: {'weight_1': 0.9775154161860754, 'weight_2': 0.3789492950064919}. Best is trial 147 with value: 0.07957527933249149.
26357.5s 1127 ScoresHybridRecommender: URM Detected 334 ( 2.6%) users with no interactions.
26357.5s 1128 ScoresHybridRecommender: URM Detected 194 ( 0.9%) items with no interactions.
26430.0s 1129 [I 2023-12-05 23:33:15,174] Trial 358 finished with value: 0.07320304984136491 and parameters: {'weight_1': 0.054478652507445324, 'weight_2': 0.21174373009872569}. Best is trial 147 with value: 0.07957527933249149.
26430.1s 1130 ScoresHybridRecommender: URM Detected 334 ( 2.6%) users with no interactions.
26430.1s 1131 ScoresHybridRecommender: URM Detected 194 ( 0.9%) items with no interactions.
26502.0s 1132 [I 2023-12-05 23:34:27,179] Trial 359 finished with value: 0.07929057981007843 and parameters: {'weight_1': 0.6505585149685671, 'weight_2': 0.2833995712481936}. Best is trial 147 with value: 0.07957527933249149.
26502.1s 1133 ScoresHybridRecommender: URM Detected 334 ( 2.6%) users with no interactions.
26502.1s 1134 ScoresHybridRecommender: URM Detected 194 ( 0.9%) items with no interactions.
26573.1s 1135 [I 2023-12-05 23:35:38,335] Trial 360 finished with value: 0.07945830666368911 and parameters: {'weight_1': 0.4493575539702355, 'weight_2': 0.3253097441599856}. Best is trial 147 with value: 0.07957527933249149.
26573.3s 1136 ScoresHybridRecommender: URM Detected 334 ( 2.6%) users with no interactions.
26573.3s 1137 ScoresHybridRecommender: URM Detected 194 ( 0.9%) items with no interactions.
26644.5s 1138 [I 2023-12-05 23:36:49,676] Trial 361 finished with value: 0.07945327251928391 and parameters: {'weight_1': 0.5623273707560248, 'weight_2': 0.2982998780458256}. Best is trial 147 with value: 0.07957527933249149.
26644.6s 1139 ScoresHybridRecommender: URM Detected 334 ( 2.6%) users with no interactions.
26644.6s 1140 ScoresHybridRecommender: URM Detected 194 ( 0.9%) items with no interactions.
26715.5s 1141 [I 2023-12-05 23:38:00,710] Trial 362 finished with value: 0.0794567052306689 and parameters: {'weight_1': 0.5081226170364812, 'weight_2': 0.2502480146122607}. Best is trial 147 with value: 0.07957527933249149.
26715.7s 1142 ScoresHybridRecommender: URM Detected 334 ( 2.6%) users with no interactions.
26715.7s 1143 ScoresHybridRecommender: URM Detected 194 ( 0.9%) items with no interactions.
26786.8s 1144 [I 2023-12-05 23:39:11,982] Trial 363 finished with value: 0.07947084642910773 and parameters: {'weight_1': 0.5921049231488097, 'weight_2': 0.271613926111406}. Best is trial 147 with value: 0.07957527933249149.
26786.9s 1145 ScoresHybridRecommender: URM Detected 334 ( 2.6%) users with no interactions.
26786.9s 1146 ScoresHybridRecommender: URM Detected 194 ( 0.9%) items with no interactions.
26857.8s 1147 [I 2023-12-05 23:40:23,026] Trial 364 finished with value: 0.0794467213393996 and parameters: {'weight_1': 0.5395503314636525, 'weight_2': 0.30336504048775725}. Best is trial 147 with value: 0.07957527933249149.
26858.0s 1148 ScoresHybridRecommender: URM Detected 334 ( 2.6%) users with no interactions.
26858.0s 1149 ScoresHybridRecommender: URM Detected 194 ( 0.9%) items with no interactions.
26928.9s 1150 [I 2023-12-05 23:41:34,098] Trial 365 finished with value: 0.07941800485757161 and parameters: {'weight_1': 0.6165733560198949, 'weight_2': 0.17686506458908505}. Best is trial 147 with value: 0.07957527933249149.
26929.0s 1151 ScoresHybridRecommender: URM Detected 334 ( 2.6%) users with no interactions.
26929.0s 1152 ScoresHybridRecommender: URM Detected 194 ( 0.9%) items with no interactions.
26999.7s 1153 [I 2023-12-05 23:42:44,936] Trial 366 finished with value: 0.0748180691959684 and parameters: {'weight_1': 0.1252381037301299, 'weight_2': 0.21041629373196089}. Best is trial 147 with value: 0.07957527933249149.
26999.9s 1154 ScoresHybridRecommender: URM Detected 334 ( 2.6%) users with no interactions.
26999.9s 1155 ScoresHybridRecommender: URM Detected 194 ( 0.9%) items with no interactions.
27071.1s 1156 [I 2023-12-05 23:43:56,329] Trial 367 finished with value: 0.07913020141155341 and parameters: {'weight_1': 0.5681276436803223, 'weight_2': 0.11830541561719166}. Best is trial 147 with value: 0.07957527933249149.
27071.3s 1157 ScoresHybridRecommender: URM Detected 334 ( 2.6%) users with no interactions.
27071.3s 1158 ScoresHybridRecommender: URM Detected 194 ( 0.9%) items with no interactions.
27142.6s 1159 [I 2023-12-05 23:45:07,756] Trial 368 finished with value: 0.07940020997929656 and parameters: {'weight_1': 0.5277918694704126, 'weight_2': 0.25592282697121055}. Best is trial 147 with value: 0.07957527933249149.
27142.7s 1160 ScoresHybridRecommender: URM Detected 334 ( 2.6%) users with no interactions.
27142.7s 1161 ScoresHybridRecommender: URM Detected 194 ( 0.9%) items with no interactions.
27214.3s 1162 [I 2023-12-05 23:46:19,459] Trial 369 finished with value: 0.07942243334584988 and parameters: {'weight_1': 0.6050853393961194, 'weight_2': 0.2755619619164569}. Best is trial 147 with value: 0.07957527933249149.
27214.4s 1163 ScoresHybridRecommender: URM Detected 334 ( 2.6%) users with no interactions.
27214.4s 1164 ScoresHybridRecommender: URM Detected 194 ( 0.9%) items with no interactions.
27285.2s 1165 [I 2023-12-05 23:47:30,360] Trial 370 finished with value: 0.07835130097151936 and parameters: {'weight_1': 0.34216420284897187, 'weight_2': 0.22332802221794382}. Best is trial 147 with value: 0.07957527933249149.
27285.3s 1166 ScoresHybridRecommender: URM Detected 334 ( 2.6%) users with no interactions.
27285.3s 1167 ScoresHybridRecommender: URM Detected 194 ( 0.9%) items with no interactions.
27356.7s 1168 [I 2023-12-05 23:48:41,935] Trial 371 finished with value: 0.07948275141356274 and parameters: {'weight_1': 0.585912995153082, 'weight_2': 0.28887418882548965}. Best is trial 147 with value: 0.07957527933249149.
27356.9s 1169 ScoresHybridRecommender: URM Detected 334 ( 2.6%) users with no interactions.
27356.9s 1170 ScoresHybridRecommender: URM Detected 194 ( 0.9%) items with no interactions.
27428.2s 1171 [I 2023-12-05 23:49:53,370] Trial 372 finished with value: 0.07888379682114673 and parameters: {'weight_1': 0.5549371997139314, 'weight_2': 0.06590431565560742}. Best is trial 147 with value: 0.07957527933249149.
27428.3s 1172 ScoresHybridRecommender: URM Detected 334 ( 2.6%) users with no interactions.
27428.3s 1173 ScoresHybridRecommender: URM Detected 194 ( 0.9%) items with no interactions.
27499.6s 1174 [I 2023-12-05 23:51:04,756] Trial 373 finished with value: 0.07947189434594444 and parameters: {'weight_1': 0.5775925428540138, 'weight_2': 0.26163478331047607}. Best is trial 147 with value: 0.07957527933249149.
27499.7s 1175 ScoresHybridRecommender: URM Detected 334 ( 2.6%) users with no interactions.
27499.7s 1176 ScoresHybridRecommender: URM Detected 194 ( 0.9%) items with no interactions.
