4482.5s 205 [I 2023-12-05 17:27:27,806] Trial 52 finished with value: 0.07945557178202377 and parameters: {'weight_1': 0.5144204718667618, 'weight_2': 0.29395917364250185}. Best is trial 34 with value: 0.07951321118008653.
4482.7s 206 ScoresHybridRecommender: URM Detected 334 ( 2.6%) users with no interactions.
4482.7s 207 ScoresHybridRecommender: URM Detected 194 ( 0.9%) items with no interactions.
4554.9s 208 [I 2023-12-05 17:28:40,160] Trial 53 finished with value: 0.07929072795803588 and parameters: {'weight_1': 0.43593768743262995, 'weight_2': 0.3268408695092426}. Best is trial 34 with value: 0.07951321118008653.
4555.1s 209 ScoresHybridRecommender: URM Detected 334 ( 2.6%) users with no interactions.
4555.1s 210 ScoresHybridRecommender: URM Detected 194 ( 0.9%) items with no interactions.
4626.9s 211 [I 2023-12-05 17:29:52,180] Trial 54 finished with value: 0.07945922663119695 and parameters: {'weight_1': 0.49241955460225983, 'weight_2': 0.3098892425132886}. Best is trial 34 with value: 0.07951321118008653.
4627.1s 212 ScoresHybridRecommender: URM Detected 334 ( 2.6%) users with no interactions.
4627.1s 213 ScoresHybridRecommender: URM Detected 194 ( 0.9%) items with no interactions.
4699.5s 214 [I 2023-12-05 17:31:04,778] Trial 55 finished with value: 0.07945988523824805 and parameters: {'weight_1': 0.5351216353708638, 'weight_2': 0.26911252703832866}. Best is trial 34 with value: 0.07951321118008653.
4699.7s 215 ScoresHybridRecommender: URM Detected 334 ( 2.6%) users with no interactions.
4699.7s 216 ScoresHybridRecommender: URM Detected 194 ( 0.9%) items with no interactions.
4771.4s 217 [I 2023-12-05 17:32:16,542] Trial 56 finished with value: 0.07873520017972124 and parameters: {'weight_1': 0.4097087126914346, 'weight_2': 0.18673533983883242}. Best is trial 34 with value: 0.07951321118008653.
4771.5s 218 ScoresHybridRecommender: URM Detected 334 ( 2.6%) users with no interactions.
4771.5s 219 ScoresHybridRecommender: URM Detected 194 ( 0.9%) items with no interactions.
4843.3s 220 [I 2023-12-05 17:33:28,538] Trial 57 finished with value: 0.07945647644007349 and parameters: {'weight_1': 0.47647550741598466, 'weight_2': 0.344378197660023}. Best is trial 34 with value: 0.07951321118008653.
4843.5s 221 ScoresHybridRecommender: URM Detected 334 ( 2.6%) users with no interactions.
4843.5s 222 ScoresHybridRecommender: URM Detected 194 ( 0.9%) items with no interactions.
4914.7s 223 [I 2023-12-05 17:34:39,988] Trial 58 finished with value: 0.07948379988231194 and parameters: {'weight_1': 0.5701740781687583, 'weight_2': 0.28581268337619853}. Best is trial 34 with value: 0.07951321118008653.
4914.9s 224 ScoresHybridRecommender: URM Detected 334 ( 2.6%) users with no interactions.
4914.9s 225 ScoresHybridRecommender: URM Detected 194 ( 0.9%) items with no interactions.
4986.3s 226 [I 2023-12-05 17:35:51,588] Trial 59 finished with value: 0.07949003261072868 and parameters: {'weight_1': 0.5644052814091344, 'weight_2': 0.2849253097306096}. Best is trial 34 with value: 0.07951321118008653.
4986.5s 227 ScoresHybridRecommender: URM Detected 334 ( 2.6%) users with no interactions.
4986.5s 228 ScoresHybridRecommender: URM Detected 194 ( 0.9%) items with no interactions.
5057.9s 229 [I 2023-12-05 17:37:03,200] Trial 60 finished with value: 0.07930268909646512 and parameters: {'weight_1': 0.6471025888986991, 'weight_2': 0.28952911485381705}. Best is trial 34 with value: 0.07951321118008653.
5058.1s 230 ScoresHybridRecommender: URM Detected 334 ( 2.6%) users with no interactions.
5058.1s 231 ScoresHybridRecommender: URM Detected 194 ( 0.9%) items with no interactions.
5129.7s 232 [I 2023-12-05 17:38:14,978] Trial 61 finished with value: 0.07954546861474306 and parameters: {'weight_1': 0.5809761525348209, 'weight_2': 0.246764285343529}. Best is trial 61 with value: 0.07954546861474306.
5129.9s 233 ScoresHybridRecommender: URM Detected 334 ( 2.6%) users with no interactions.
5129.9s 234 ScoresHybridRecommender: URM Detected 194 ( 0.9%) items with no interactions.
5201.2s 235 [I 2023-12-05 17:39:26,413] Trial 62 finished with value: 0.07945602368300578 and parameters: {'weight_1': 0.5986282835768448, 'weight_2': 0.285815918172043}. Best is trial 61 with value: 0.07954546861474306.
5201.3s 236 ScoresHybridRecommender: URM Detected 334 ( 2.6%) users with no interactions.
5201.3s 237 ScoresHybridRecommender: URM Detected 194 ( 0.9%) items with no interactions.
5273.3s 238 [I 2023-12-05 17:40:38,550] Trial 63 finished with value: 0.07950873007351066 and parameters: {'weight_1': 0.5577374752709532, 'weight_2': 0.2778117107690386}. Best is trial 61 with value: 0.07954546861474306.
5273.5s 239 ScoresHybridRecommender: URM Detected 334 ( 2.6%) users with no interactions.
5273.5s 240 ScoresHybridRecommender: URM Detected 194 ( 0.9%) items with no interactions.
5346.2s 241 [I 2023-12-05 17:41:51,411] Trial 64 finished with value: 0.07952100356331754 and parameters: {'weight_1': 0.5474616166528631, 'weight_2': 0.2678509508486783}. Best is trial 61 with value: 0.07954546861474306.
5346.3s 242 ScoresHybridRecommender: URM Detected 334 ( 2.6%) users with no interactions.
5346.3s 243 ScoresHybridRecommender: URM Detected 194 ( 0.9%) items with no interactions.
5420.0s 244 [I 2023-12-05 17:43:05,208] Trial 65 finished with value: 0.07930458645200655 and parameters: {'weight_1': 0.5336555169615348, 'weight_2': 0.24906530660012544}. Best is trial 61 with value: 0.07954546861474306.
5420.1s 245 ScoresHybridRecommender: URM Detected 334 ( 2.6%) users with no interactions.
5420.1s 246 ScoresHybridRecommender: URM Detected 194 ( 0.9%) items with no interactions.
5492.1s 247 [I 2023-12-05 17:44:17,384] Trial 66 finished with value: 0.079409626071495 and parameters: {'weight_1': 0.6087305138399942, 'weight_2': 0.27545590785579155}. Best is trial 61 with value: 0.07954546861474306.
5492.3s 248 ScoresHybridRecommender: URM Detected 334 ( 2.6%) users with no interactions.
5492.3s 249 ScoresHybridRecommender: URM Detected 194 ( 0.9%) items with no interactions.
5563.8s 250 [I 2023-12-05 17:45:29,084] Trial 67 finished with value: 0.07927897771903476 and parameters: {'weight_1': 0.6470395800403643, 'weight_2': 0.26961363817017675}. Best is trial 61 with value: 0.07954546861474306.
5564.0s 251 ScoresHybridRecommender: URM Detected 334 ( 2.6%) users with no interactions.
5564.0s 252 ScoresHybridRecommender: URM Detected 194 ( 0.9%) items with no interactions.
5635.9s 253 [I 2023-12-05 17:46:41,190] Trial 68 finished with value: 0.07943768120560868 and parameters: {'weight_1': 0.5175290801505279, 'weight_2': 0.3049352873245519}. Best is trial 61 with value: 0.07954546861474306.
5636.1s 254 ScoresHybridRecommender: URM Detected 334 ( 2.6%) users with no interactions.
5636.1s 255 ScoresHybridRecommender: URM Detected 194 ( 0.9%) items with no interactions.
5707.8s 256 [I 2023-12-05 17:47:53,040] Trial 69 finished with value: 0.07945755958544617 and parameters: {'weight_1': 0.44899859874669046, 'weight_2': 0.3206889829342457}. Best is trial 61 with value: 0.07954546861474306.
5708.0s 257 ScoresHybridRecommender: URM Detected 334 ( 2.6%) users with no interactions.
5708.0s 258 ScoresHybridRecommender: URM Detected 194 ( 0.9%) items with no interactions.
5779.9s 259 [I 2023-12-05 17:49:05,197] Trial 70 finished with value: 0.07937197681338637 and parameters: {'weight_1': 0.5442596835037767, 'weight_2': 0.24704128448665122}. Best is trial 61 with value: 0.07954546861474306.
5780.1s 260 ScoresHybridRecommender: URM Detected 334 ( 2.6%) users with no interactions.
5780.1s 261 ScoresHybridRecommender: URM Detected 194 ( 0.9%) items with no interactions.
5851.5s 262 [I 2023-12-05 17:50:16,765] Trial 71 finished with value: 0.07945417375203866 and parameters: {'weight_1': 0.6064583917272385, 'weight_2': 0.27858616568307615}. Best is trial 61 with value: 0.07954546861474306.
5851.7s 263 ScoresHybridRecommender: URM Detected 334 ( 2.6%) users with no interactions.
5851.7s 264 ScoresHybridRecommender: URM Detected 194 ( 0.9%) items with no interactions.
5923.4s 265 [I 2023-12-05 17:51:28,649] Trial 72 finished with value: 0.0794478115618747 and parameters: {'weight_1': 0.5788285489692474, 'weight_2': 0.2640534138570489}. Best is trial 61 with value: 0.07954546861474306.
5923.6s 266 ScoresHybridRecommender: URM Detected 334 ( 2.6%) users with no interactions.
5923.6s 267 ScoresHybridRecommender: URM Detected 194 ( 0.9%) items with no interactions.
5994.7s 268 [I 2023-12-05 17:52:39,950] Trial 73 finished with value: 0.0795051845157286 and parameters: {'weight_1': 0.5613517273798988, 'weight_2': 0.3009028637299037}. Best is trial 61 with value: 0.07954546861474306.
5994.9s 269 ScoresHybridRecommender: URM Detected 334 ( 2.6%) users with no interactions.
5994.9s 270 ScoresHybridRecommender: URM Detected 194 ( 0.9%) items with no interactions.
6066.7s 271 [I 2023-12-05 17:53:51,912] Trial 74 finished with value: 0.0795041670145008 and parameters: {'weight_1': 0.5140064156279675, 'weight_2': 0.3341468569703297}. Best is trial 61 with value: 0.07954546861474306.
6066.9s 272 ScoresHybridRecommender: URM Detected 334 ( 2.6%) users with no interactions.
6066.9s 273 ScoresHybridRecommender: URM Detected 194 ( 0.9%) items with no interactions.
6137.9s 274 [I 2023-12-05 17:55:03,133] Trial 75 finished with value: 0.07943974175083868 and parameters: {'weight_1': 0.5107378070426657, 'weight_2': 0.3321464935768717}. Best is trial 61 with value: 0.07954546861474306.
6138.1s 275 ScoresHybridRecommender: URM Detected 334 ( 2.6%) users with no interactions.
6138.1s 276 ScoresHybridRecommender: URM Detected 194 ( 0.9%) items with no interactions.
6209.4s 277 [I 2023-12-05 17:56:14,688] Trial 76 finished with value: 0.07943483262339583 and parameters: {'weight_1': 0.5550192101507706, 'weight_2': 0.3135384022065797}. Best is trial 61 with value: 0.07954546861474306.
6209.6s 278 ScoresHybridRecommender: URM Detected 334 ( 2.6%) users with no interactions.
6209.6s 279 ScoresHybridRecommender: URM Detected 194 ( 0.9%) items with no interactions.
6280.6s 280 [I 2023-12-05 17:57:25,824] Trial 77 finished with value: 0.07920450996619845 and parameters: {'weight_1': 0.6534602255418105, 'weight_2': 0.29321567004448257}. Best is trial 61 with value: 0.07954546861474306.
6280.8s 281 ScoresHybridRecommender: URM Detected 334 ( 2.6%) users with no interactions.
6280.8s 282 ScoresHybridRecommender: URM Detected 194 ( 0.9%) items with no interactions.
6351.6s 283 [I 2023-12-05 17:58:36,847] Trial 78 finished with value: 0.07934315432579526 and parameters: {'weight_1': 0.6290647369438771, 'weight_2': 0.2991779533908371}. Best is trial 61 with value: 0.07954546861474306.
6351.8s 284 ScoresHybridRecommender: URM Detected 334 ( 2.6%) users with no interactions.
6351.8s 285 ScoresHybridRecommender: URM Detected 194 ( 0.9%) items with no interactions.
6423.5s 286 [I 2023-12-05 17:59:48,786] Trial 79 finished with value: 0.07910395498216165 and parameters: {'weight_1': 0.6786568643902589, 'weight_2': 0.27849304207643283}. Best is trial 61 with value: 0.07954546861474306.
6423.7s 287 ScoresHybridRecommender: URM Detected 334 ( 2.6%) users with no interactions.
6423.7s 288 ScoresHybridRecommender: URM Detected 194 ( 0.9%) items with no interactions.
6497.9s 289 [I 2023-12-05 18:01:03,121] Trial 80 finished with value: 0.07945969790121887 and parameters: {'weight_1': 0.5534344448125682, 'weight_2': 0.256071636641617}. Best is trial 61 with value: 0.07954546861474306.
6498.1s 290 ScoresHybridRecommender: URM Detected 334 ( 2.6%) users with no interactions.
6498.1s 291 ScoresHybridRecommender: URM Detected 194 ( 0.9%) items with no interactions.
6572.1s 292 [I 2023-12-05 18:02:17,342] Trial 81 finished with value: 0.0793718656148651 and parameters: {'weight_1': 0.5122303706515497, 'weight_2': 0.3143959932646195}. Best is trial 61 with value: 0.07954546861474306.
6572.3s 293 ScoresHybridRecommender: URM Detected 334 ( 2.6%) users with no interactions.
6572.3s 294 ScoresHybridRecommender: URM Detected 194 ( 0.9%) items with no interactions.
6644.8s 295 [I 2023-12-05 18:03:30,001] Trial 82 finished with value: 0.07947905808605842 and parameters: {'weight_1': 0.5924592465295121, 'weight_2': 0.29811661754047447}. Best is trial 61 with value: 0.07954546861474306.
6644.9s 296 ScoresHybridRecommender: URM Detected 334 ( 2.6%) users with no interactions.
6644.9s 297 ScoresHybridRecommender: URM Detected 194 ( 0.9%) items with no interactions.
6718.0s 298 [I 2023-12-05 18:04:43,251] Trial 83 finished with value: 0.07944313019466896 and parameters: {'weight_1': 0.4703357068787522, 'weight_2': 0.3317587347092439}. Best is trial 61 with value: 0.07954546861474306.
6718.2s 299 ScoresHybridRecommender: URM Detected 334 ( 2.6%) users with no interactions.
6718.2s 300 ScoresHybridRecommender: URM Detected 194 ( 0.9%) items with no interactions.
6791.4s 301 [I 2023-12-05 18:05:56,672] Trial 84 finished with value: 0.07946639049081769 and parameters: {'weight_1': 0.5349113967511971, 'weight_2': 0.31021675603691784}. Best is trial 61 with value: 0.07954546861474306.
6791.6s 302 ScoresHybridRecommender: URM Detected 334 ( 2.6%) users with no interactions.
6791.6s 303 ScoresHybridRecommender: URM Detected 194 ( 0.9%) items with no interactions.
6865.0s 304 [I 2023-12-05 18:07:10,272] Trial 85 finished with value: 0.07940455832855917 and parameters: {'weight_1': 0.4420037203691977, 'weight_2': 0.34664037699195865}. Best is trial 61 with value: 0.07954546861474306.
6865.2s 305 ScoresHybridRecommender: URM Detected 334 ( 2.6%) users with no interactions.
6865.2s 306 ScoresHybridRecommender: URM Detected 194 ( 0.9%) items with no interactions.
6938.1s 307 [I 2023-12-05 18:08:23,331] Trial 86 finished with value: 0.07944321749200904 and parameters: {'weight_1': 0.4974383263307865, 'weight_2': 0.26773508821542297}. Best is trial 61 with value: 0.07954546861474306.
6938.3s 308 ScoresHybridRecommender: URM Detected 334 ( 2.6%) users with no interactions.
6938.3s 309 ScoresHybridRecommender: URM Detected 194 ( 0.9%) items with no interactions.
7010.5s 310 [I 2023-12-05 18:09:35,708] Trial 87 finished with value: 0.07949496414178542 and parameters: {'weight_1': 0.5644018788059996, 'weight_2': 0.28604564049907}. Best is trial 61 with value: 0.07954546861474306.
7010.7s 311 ScoresHybridRecommender: URM Detected 334 ( 2.6%) users with no interactions.
7010.7s 312 ScoresHybridRecommender: URM Detected 194 ( 0.9%) items with no interactions.
7083.3s 313 [I 2023-12-05 18:10:48,490] Trial 88 finished with value: 0.07934946349402132 and parameters: {'weight_1': 0.6224874222727838, 'weight_2': 0.28302137367413566}. Best is trial 61 with value: 0.07954546861474306.
7083.4s 314 ScoresHybridRecommender: URM Detected 334 ( 2.6%) users with no interactions.
7083.4s 315 ScoresHybridRecommender: URM Detected 194 ( 0.9%) items with no interactions.
7155.2s 316 [I 2023-12-05 18:12:00,451] Trial 89 finished with value: 0.07947682808219154 and parameters: {'weight_1': 0.5776236947676913, 'weight_2': 0.23878984111169893}. Best is trial 61 with value: 0.07954546861474306.
7155.4s 317 ScoresHybridRecommender: URM Detected 334 ( 2.6%) users with no interactions.
7155.4s 318 ScoresHybridRecommender: URM Detected 194 ( 0.9%) items with no interactions.
7227.0s 319 [I 2023-12-05 18:13:12,290] Trial 90 finished with value: 0.07945740567387746 and parameters: {'weight_1': 0.5629471738682241, 'weight_2': 0.2558106363018141}. Best is trial 61 with value: 0.07954546861474306.
7227.2s 320 ScoresHybridRecommender: URM Detected 334 ( 2.6%) users with no interactions.
7227.2s 321 ScoresHybridRecommender: URM Detected 194 ( 0.9%) items with no interactions.
7299.1s 322 [I 2023-12-05 18:14:24,333] Trial 91 finished with value: 0.07946880412953061 and parameters: {'weight_1': 0.5225903984654426, 'weight_2': 0.29444321494655784}. Best is trial 61 with value: 0.07954546861474306.
7299.3s 323 ScoresHybridRecommender: URM Detected 334 ( 2.6%) users with no interactions.
7299.3s 324 ScoresHybridRecommender: URM Detected 194 ( 0.9%) items with no interactions.
7371.0s 325 [I 2023-12-05 18:15:36,199] Trial 92 finished with value: 0.07940918280403891 and parameters: {'weight_1': 0.6031611918849369, 'weight_2': 0.3049307216123194}. Best is trial 61 with value: 0.07954546861474306.
7371.1s 326 ScoresHybridRecommender: URM Detected 334 ( 2.6%) users with no interactions.
7371.1s 327 ScoresHybridRecommender: URM Detected 194 ( 0.9%) items with no interactions.
7444.0s 328 [I 2023-12-05 18:16:49,203] Trial 93 finished with value: 0.07948306440114687 and parameters: {'weight_1': 0.5505973272942943, 'weight_2': 0.2671631584985456}. Best is trial 61 with value: 0.07954546861474306.
7444.1s 329 ScoresHybridRecommender: URM Detected 334 ( 2.6%) users with no interactions.
7444.1s 330 ScoresHybridRecommender: URM Detected 194 ( 0.9%) items with no interactions.
7515.9s 331 [I 2023-12-05 18:18:01,101] Trial 94 finished with value: 0.07948416133130504 and parameters: {'weight_1': 0.4928855524499208, 'weight_2': 0.32335535285422895}. Best is trial 61 with value: 0.07954546861474306.
7516.0s 332 ScoresHybridRecommender: URM Detected 334 ( 2.6%) users with no interactions.
7516.0s 333 ScoresHybridRecommender: URM Detected 194 ( 0.9%) items with no interactions.
7588.6s 334 [I 2023-12-05 18:19:13,800] Trial 95 finished with value: 0.07954057095261098 and parameters: {'weight_1': 0.5801677998315672, 'weight_2': 0.28476887728136036}. Best is trial 61 with value: 0.07954546861474306.
7588.7s 335 ScoresHybridRecommender: URM Detected 334 ( 2.6%) users with no interactions.
7588.7s 336 ScoresHybridRecommender: URM Detected 194 ( 0.9%) items with no interactions.
7661.1s 337 [I 2023-12-05 18:20:26,353] Trial 96 finished with value: 0.07946266326526291 and parameters: {'weight_1': 0.5920405506230766, 'weight_2': 0.27800067285192165}. Best is trial 61 with value: 0.07954546861474306.
7661.3s 338 ScoresHybridRecommender: URM Detected 334 ( 2.6%) users with no interactions.
7661.3s 339 ScoresHybridRecommender: URM Detected 194 ( 0.9%) items with no interactions.
7733.9s 340 [I 2023-12-05 18:21:39,171] Trial 97 finished with value: 0.07942145066298159 and parameters: {'weight_1': 0.6128750941205575, 'weight_2': 0.28968065127802384}. Best is trial 61 with value: 0.07954546861474306.
7734.1s 341 ScoresHybridRecommender: URM Detected 334 ( 2.6%) users with no interactions.
7734.1s 342 ScoresHybridRecommender: URM Detected 194 ( 0.9%) items with no interactions.
7807.2s 343 [I 2023-12-05 18:22:52,428] Trial 98 finished with value: 0.07952950057857125 and parameters: {'weight_1': 0.572287141480465, 'weight_2': 0.25972741547875505}. Best is trial 61 with value: 0.07954546861474306.
7807.4s 344 ScoresHybridRecommender: URM Detected 334 ( 2.6%) users with no interactions.
7807.4s 345 ScoresHybridRecommender: URM Detected 194 ( 0.9%) items with no interactions.
7881.8s 346 [I 2023-12-05 18:24:07,032] Trial 99 finished with value: 0.07929179294764804 and parameters: {'weight_1': 0.6543666110671505, 'weight_2': 0.27469839698891374}. Best is trial 61 with value: 0.07954546861474306.
7882.0s 347 ScoresHybridRecommender: URM Detected 334 ( 2.6%) users with no interactions.
7882.0s 348 ScoresHybridRecommender: URM Detected 194 ( 0.9%) items with no interactions.
7955.2s 349 [I 2023-12-05 18:25:20,454] Trial 100 finished with value: 0.07932148987869071 and parameters: {'weight_1': 0.5364700084894716, 'weight_2': 0.22378660518678212}. Best is trial 61 with value: 0.07954546861474306.
7955.4s 350 ScoresHybridRecommender: URM Detected 334 ( 2.6%) users with no interactions.
7955.4s 351 ScoresHybridRecommender: URM Detected 194 ( 0.9%) items with no interactions.
8028.2s 352 [I 2023-12-05 18:26:33,411] Trial 101 finished with value: 0.07953539788942944 and parameters: {'weight_1': 0.5766976642090801, 'weight_2': 0.25640800355892457}. Best is trial 61 with value: 0.07954546861474306.
8028.3s 353 ScoresHybridRecommender: URM Detected 334 ( 2.6%) users with no interactions.
8028.3s 354 ScoresHybridRecommender: URM Detected 194 ( 0.9%) items with no interactions.
8101.9s 355 [I 2023-12-05 18:27:47,102] Trial 102 finished with value: 0.0794519497586969 and parameters: {'weight_1': 0.5819288222032826, 'weight_2': 0.2586636866718818}. Best is trial 61 with value: 0.07954546861474306.
8102.0s 356 ScoresHybridRecommender: URM Detected 334 ( 2.6%) users with no interactions.
8102.0s 357 ScoresHybridRecommender: URM Detected 194 ( 0.9%) items with no interactions.
8174.2s 358 [I 2023-12-05 18:28:59,438] Trial 103 finished with value: 0.07934916461213039 and parameters: {'weight_1': 0.6325527412975867, 'weight_2': 0.2716724993816229}. Best is trial 61 with value: 0.07954546861474306.
8174.4s 359 ScoresHybridRecommender: URM Detected 334 ( 2.6%) users with no interactions.
8174.4s 360 ScoresHybridRecommender: URM Detected 194 ( 0.9%) items with no interactions.
8247.4s 361 [I 2023-12-05 18:30:12,623] Trial 104 finished with value: 0.07937474831091744 and parameters: {'weight_1': 0.5197944567815667, 'weight_2': 0.2428028758595219}. Best is trial 61 with value: 0.07954546861474306.
8247.6s 362 ScoresHybridRecommender: URM Detected 334 ( 2.6%) users with no interactions.
8247.6s 363 ScoresHybridRecommender: URM Detected 194 ( 0.9%) items with no interactions.
8320.9s 364 [I 2023-12-05 18:31:26,189] Trial 105 finished with value: 0.07948826510151183 and parameters: {'weight_1': 0.5627111712368735, 'weight_2': 0.25756526129877777}. Best is trial 61 with value: 0.07954546861474306.
8321.1s 365 ScoresHybridRecommender: URM Detected 334 ( 2.6%) users with no interactions.
8321.1s 366 ScoresHybridRecommender: URM Detected 194 ( 0.9%) items with no interactions.
