12165.0s 712 [I 2023-12-07 02:20:46,227] Trial 212 finished with value: 0.08120469898063873 and parameters: {'weight_1': 0.4429771428150395, 'weight_2': 0.23666614058163107}. Best is trial 211 with value: 0.08129001476678617.
12165.2s 713 ScoresHybridRecommender: URM Detected 318 ( 2.5%) users with no interactions.
12165.2s 714 ScoresHybridRecommender: URM Detected 217 ( 1.0%) items with no interactions.
12220.5s 715 [I 2023-12-07 02:21:41,652] Trial 213 finished with value: 0.08115705004496937 and parameters: {'weight_1': 0.4603424549687422, 'weight_2': 0.25704032653383857}. Best is trial 211 with value: 0.08129001476678617.
12220.6s 716 ScoresHybridRecommender: URM Detected 318 ( 2.5%) users with no interactions.
12220.6s 717 ScoresHybridRecommender: URM Detected 217 ( 1.0%) items with no interactions.
12276.4s 718 [I 2023-12-07 02:22:37,599] Trial 214 finished with value: 0.08106452791818688 and parameters: {'weight_1': 0.4339249151144797, 'weight_2': 0.22554193347497178}. Best is trial 211 with value: 0.08129001476678617.
12276.6s 719 ScoresHybridRecommender: URM Detected 318 ( 2.5%) users with no interactions.
12276.6s 720 ScoresHybridRecommender: URM Detected 217 ( 1.0%) items with no interactions.
12335.7s 721 [I 2023-12-07 02:23:36,842] Trial 215 finished with value: 0.08105720597352407 and parameters: {'weight_1': 0.48809539142627234, 'weight_2': 0.2417711922389979}. Best is trial 211 with value: 0.08129001476678617.
12335.8s 722 ScoresHybridRecommender: URM Detected 318 ( 2.5%) users with no interactions.
12335.8s 723 ScoresHybridRecommender: URM Detected 217 ( 1.0%) items with no interactions.
12391.3s 724 [I 2023-12-07 02:24:32,490] Trial 216 finished with value: 0.08094458231323286 and parameters: {'weight_1': 0.5186825619776249, 'weight_2': 0.26144275777112547}. Best is trial 211 with value: 0.08129001476678617.
12391.5s 725 ScoresHybridRecommender: URM Detected 318 ( 2.5%) users with no interactions.
12391.5s 726 ScoresHybridRecommender: URM Detected 217 ( 1.0%) items with no interactions.
12449.8s 727 [I 2023-12-07 02:25:30,950] Trial 217 finished with value: 0.08119623979980385 and parameters: {'weight_1': 0.4097704441269124, 'weight_2': 0.2808031316206999}. Best is trial 211 with value: 0.08129001476678617.
12449.9s 728 ScoresHybridRecommender: URM Detected 318 ( 2.5%) users with no interactions.
12449.9s 729 ScoresHybridRecommender: URM Detected 217 ( 1.0%) items with no interactions.
12508.0s 730 [I 2023-12-07 02:26:29,208] Trial 218 finished with value: 0.08122035658663769 and parameters: {'weight_1': 0.4520197089974467, 'weight_2': 0.24636923448348264}. Best is trial 211 with value: 0.08129001476678617.
12508.2s 731 ScoresHybridRecommender: URM Detected 318 ( 2.5%) users with no interactions.
12508.2s 732 ScoresHybridRecommender: URM Detected 217 ( 1.0%) items with no interactions.
12563.5s 733 [I 2023-12-07 02:27:24,724] Trial 219 finished with value: 0.08112637762188886 and parameters: {'weight_1': 0.43236609297294076, 'weight_2': 0.2337517287602568}. Best is trial 211 with value: 0.08129001476678617.
12563.7s 734 ScoresHybridRecommender: URM Detected 318 ( 2.5%) users with no interactions.
12563.7s 735 ScoresHybridRecommender: URM Detected 217 ( 1.0%) items with no interactions.
12563.7s 736 Error: Weights sum is 0.9999999999999999, but must be 1.0
12619.5s 737 [I 2023-12-07 02:28:20,695] Trial 220 finished with value: 0.08114003325606857 and parameters: {'weight_1': 0.4738513698411135, 'weight_2': 0.2662131745701438}. Best is trial 211 with value: 0.08129001476678617.
12619.7s 738 ScoresHybridRecommender: URM Detected 318 ( 2.5%) users with no interactions.
12619.7s 739 ScoresHybridRecommender: URM Detected 217 ( 1.0%) items with no interactions.
12676.3s 740 [I 2023-12-07 02:29:17,524] Trial 221 finished with value: 0.08012255879443646 and parameters: {'weight_1': 0.7776849054828234, 'weight_2': 0.21949510709105619}. Best is trial 211 with value: 0.08129001476678617.
12676.5s 741 ScoresHybridRecommender: URM Detected 318 ( 2.5%) users with no interactions.
12676.5s 742 ScoresHybridRecommender: URM Detected 217 ( 1.0%) items with no interactions.
12733.7s 743 [I 2023-12-07 02:30:14,856] Trial 222 finished with value: 0.08123456701914163 and parameters: {'weight_1': 0.4510133469076439, 'weight_2': 0.24002928527975645}. Best is trial 211 with value: 0.08129001476678617.
12733.8s 744 ScoresHybridRecommender: URM Detected 318 ( 2.5%) users with no interactions.
12733.8s 745 ScoresHybridRecommender: URM Detected 217 ( 1.0%) items with no interactions.
12791.0s 746 [I 2023-12-07 02:31:12,154] Trial 223 finished with value: 0.0812323188956091 and parameters: {'weight_1': 0.45481351869104064, 'weight_2': 0.24967066630231333}. Best is trial 211 with value: 0.08129001476678617.
12791.1s 747 ScoresHybridRecommender: URM Detected 318 ( 2.5%) users with no interactions.
12791.1s 748 ScoresHybridRecommender: URM Detected 217 ( 1.0%) items with no interactions.
12847.0s 749 [I 2023-12-07 02:32:08,225] Trial 224 finished with value: 0.0811997031749921 and parameters: {'weight_1': 0.4616084805326541, 'weight_2': 0.2532453375866484}. Best is trial 211 with value: 0.08129001476678617.
12847.2s 750 ScoresHybridRecommender: URM Detected 318 ( 2.5%) users with no interactions.
12847.2s 751 ScoresHybridRecommender: URM Detected 217 ( 1.0%) items with no interactions.
12902.4s 752 [I 2023-12-07 02:33:03,601] Trial 225 finished with value: 0.08098780431270698 and parameters: {'weight_1': 0.4156133703971348, 'weight_2': 0.23146457551429456}. Best is trial 211 with value: 0.08129001476678617.
12902.6s 753 ScoresHybridRecommender: URM Detected 318 ( 2.5%) users with no interactions.
12902.6s 754 ScoresHybridRecommender: URM Detected 217 ( 1.0%) items with no interactions.
12954.8s 755 [I 2023-12-07 02:33:55,949] Trial 226 finished with value: 0.0764642601206744 and parameters: {'weight_1': 0.02959071335506236, 'weight_2': 0.1713616392399968}. Best is trial 211 with value: 0.08129001476678617.
12954.9s 756 ScoresHybridRecommender: URM Detected 318 ( 2.5%) users with no interactions.
12954.9s 757 ScoresHybridRecommender: URM Detected 217 ( 1.0%) items with no interactions.
12954.9s 758 Error: Weights sum is 0.9999999999999999, but must be 1.0
13011.1s 759 [I 2023-12-07 02:34:52,258] Trial 227 finished with value: 0.08120973981139089 and parameters: {'weight_1': 0.43001492458761165, 'weight_2': 0.27248372073460836}. Best is trial 211 with value: 0.08129001476678617.
13011.2s 760 ScoresHybridRecommender: URM Detected 318 ( 2.5%) users with no interactions.
13011.2s 761 ScoresHybridRecommender: URM Detected 217 ( 1.0%) items with no interactions.
13065.8s 762 [I 2023-12-07 02:35:46,972] Trial 228 finished with value: 0.08096213752487326 and parameters: {'weight_1': 0.39619899307033685, 'weight_2': 0.20998453188702187}. Best is trial 211 with value: 0.08129001476678617.
13066.0s 763 ScoresHybridRecommender: URM Detected 318 ( 2.5%) users with no interactions.
13066.0s 764 ScoresHybridRecommender: URM Detected 217 ( 1.0%) items with no interactions.
13120.5s 765 [I 2023-12-07 02:36:41,630] Trial 229 finished with value: 0.08113853997467527 and parameters: {'weight_1': 0.4776398714258113, 'weight_2': 0.2404449128499673}. Best is trial 211 with value: 0.08129001476678617.
13120.6s 766 ScoresHybridRecommender: URM Detected 318 ( 2.5%) users with no interactions.
13120.6s 767 ScoresHybridRecommender: URM Detected 217 ( 1.0%) items with no interactions.
13177.5s 768 [I 2023-12-07 02:37:38,713] Trial 230 finished with value: 0.08110836272232584 and parameters: {'weight_1': 0.4462561107775815, 'weight_2': 0.2829956955407346}. Best is trial 211 with value: 0.08129001476678617.
13177.7s 769 ScoresHybridRecommender: URM Detected 318 ( 2.5%) users with no interactions.
13177.7s 770 ScoresHybridRecommender: URM Detected 217 ( 1.0%) items with no interactions.
13234.6s 771 [I 2023-12-07 02:38:35,818] Trial 231 finished with value: 0.08116302565125458 and parameters: {'weight_1': 0.45859674361357883, 'weight_2': 0.25204430033114683}. Best is trial 211 with value: 0.08129001476678617.
13234.8s 772 ScoresHybridRecommender: URM Detected 318 ( 2.5%) users with no interactions.
13234.8s 773 ScoresHybridRecommender: URM Detected 217 ( 1.0%) items with no interactions.
13291.9s 774 [I 2023-12-07 02:39:33,126] Trial 232 finished with value: 0.08116481833325717 and parameters: {'weight_1': 0.43253257162573444, 'weight_2': 0.24301761616283807}. Best is trial 211 with value: 0.08129001476678617.
13292.1s 775 ScoresHybridRecommender: URM Detected 318 ( 2.5%) users with no interactions.
13292.1s 776 ScoresHybridRecommender: URM Detected 217 ( 1.0%) items with no interactions.
13349.1s 777 [I 2023-12-07 02:40:30,285] Trial 233 finished with value: 0.08116874939840263 and parameters: {'weight_1': 0.4507220647438856, 'weight_2': 0.2627899867166321}. Best is trial 211 with value: 0.08129001476678617.
13349.3s 778 ScoresHybridRecommender: URM Detected 318 ( 2.5%) users with no interactions.
13349.3s 779 ScoresHybridRecommender: URM Detected 217 ( 1.0%) items with no interactions.
13404.1s 780 [I 2023-12-07 02:41:25,281] Trial 234 finished with value: 0.08091147289028368 and parameters: {'weight_1': 0.41475228938345327, 'weight_2': 0.22478903660797375}. Best is trial 211 with value: 0.08129001476678617.
13404.3s 781 ScoresHybridRecommender: URM Detected 318 ( 2.5%) users with no interactions.
13404.3s 782 ScoresHybridRecommender: URM Detected 217 ( 1.0%) items with no interactions.
13460.3s 783 [I 2023-12-07 02:42:21,450] Trial 235 finished with value: 0.08110016538209071 and parameters: {'weight_1': 0.4912924100071525, 'weight_2': 0.2514541320955047}. Best is trial 211 with value: 0.08129001476678617.
13460.4s 784 ScoresHybridRecommender: URM Detected 318 ( 2.5%) users with no interactions.
13460.4s 785 ScoresHybridRecommender: URM Detected 217 ( 1.0%) items with no interactions.
13516.3s 786 [I 2023-12-07 02:43:17,461] Trial 236 finished with value: 0.08121188640036285 and parameters: {'weight_1': 0.4403582314367997, 'weight_2': 0.26940542456042677}. Best is trial 211 with value: 0.08129001476678617.
13516.5s 787 ScoresHybridRecommender: URM Detected 318 ( 2.5%) users with no interactions.
13516.5s 788 ScoresHybridRecommender: URM Detected 217 ( 1.0%) items with no interactions.
13571.1s 789 [I 2023-12-07 02:44:12,330] Trial 237 finished with value: 0.07829763155020729 and parameters: {'weight_1': 0.1226965960569153, 'weight_2': 0.2070389949892315}. Best is trial 211 with value: 0.08129001476678617.
13571.3s 790 ScoresHybridRecommender: URM Detected 318 ( 2.5%) users with no interactions.
13571.3s 791 ScoresHybridRecommender: URM Detected 217 ( 1.0%) items with no interactions.
13571.3s 792 Error: Weights sum is 0.9999999999999999, but must be 1.0
13626.8s 793 [I 2023-12-07 02:45:07,967] Trial 238 finished with value: 0.08114860264828637 and parameters: {'weight_1': 0.4709145835465451, 'weight_2': 0.2407671222518416}. Best is trial 211 with value: 0.08129001476678617.
13627.0s 794 ScoresHybridRecommender: URM Detected 318 ( 2.5%) users with no interactions.
13627.0s 795 ScoresHybridRecommender: URM Detected 217 ( 1.0%) items with no interactions.
13682.4s 796 [I 2023-12-07 02:46:03,580] Trial 239 finished with value: 0.08099743846737976 and parameters: {'weight_1': 0.6253803182858708, 'weight_2': 0.257253202461421}. Best is trial 211 with value: 0.08129001476678617.
13682.6s 797 ScoresHybridRecommender: URM Detected 318 ( 2.5%) users with no interactions.
13682.6s 798 ScoresHybridRecommender: URM Detected 217 ( 1.0%) items with no interactions.
13737.8s 799 [I 2023-12-07 02:46:59,031] Trial 240 finished with value: 0.08118625208820522 and parameters: {'weight_1': 0.4068517533744528, 'weight_2': 0.2879385322177818}. Best is trial 211 with value: 0.08129001476678617.
13738.0s 800 ScoresHybridRecommender: URM Detected 318 ( 2.5%) users with no interactions.
13738.0s 801 ScoresHybridRecommender: URM Detected 217 ( 1.0%) items with no interactions.
13793.9s 802 [I 2023-12-07 02:47:55,086] Trial 241 finished with value: 0.0811910794449573 and parameters: {'weight_1': 0.45200400317655104, 'weight_2': 0.23755268340441085}. Best is trial 211 with value: 0.08129001476678617.
13794.1s 803 ScoresHybridRecommender: URM Detected 318 ( 2.5%) users with no interactions.
13794.1s 804 ScoresHybridRecommender: URM Detected 217 ( 1.0%) items with no interactions.
13848.7s 805 [I 2023-12-07 02:48:49,863] Trial 242 finished with value: 0.08106814825461173 and parameters: {'weight_1': 0.43220539744965986, 'weight_2': 0.226698440903537}. Best is trial 211 with value: 0.08129001476678617.
13848.9s 806 ScoresHybridRecommender: URM Detected 318 ( 2.5%) users with no interactions.
13848.9s 807 ScoresHybridRecommender: URM Detected 217 ( 1.0%) items with no interactions.
13903.3s 808 [I 2023-12-07 02:49:44,493] Trial 243 finished with value: 0.0812284536291632 and parameters: {'weight_1': 0.4552727414605293, 'weight_2': 0.24799872171852905}. Best is trial 211 with value: 0.08129001476678617.
13903.5s 809 ScoresHybridRecommender: URM Detected 318 ( 2.5%) users with no interactions.
13903.5s 810 ScoresHybridRecommender: URM Detected 217 ( 1.0%) items with no interactions.
13960.0s 811 [I 2023-12-07 02:50:41,165] Trial 244 finished with value: 0.08114530008326859 and parameters: {'weight_1': 0.4738624390379309, 'weight_2': 0.24664825191870343}. Best is trial 211 with value: 0.08129001476678617.
13960.2s 812 ScoresHybridRecommender: URM Detected 318 ( 2.5%) users with no interactions.
13960.2s 813 ScoresHybridRecommender: URM Detected 217 ( 1.0%) items with no interactions.
14017.5s 814 [I 2023-12-07 02:51:38,722] Trial 245 finished with value: 0.08115575790067088 and parameters: {'weight_1': 0.45597441954188617, 'weight_2': 0.25814099943948166}. Best is trial 211 with value: 0.08129001476678617.
14017.7s 815 ScoresHybridRecommender: URM Detected 318 ( 2.5%) users with no interactions.
14017.7s 816 ScoresHybridRecommender: URM Detected 217 ( 1.0%) items with no interactions.
14071.2s 817 [I 2023-12-07 02:52:32,344] Trial 246 finished with value: 0.08121464832430912 and parameters: {'weight_1': 0.42832520806903496, 'weight_2': 0.2724538161818848}. Best is trial 211 with value: 0.08129001476678617.
14071.3s 818 ScoresHybridRecommender: URM Detected 318 ( 2.5%) users with no interactions.
14071.3s 819 ScoresHybridRecommender: URM Detected 217 ( 1.0%) items with no interactions.
14125.4s 820 [I 2023-12-07 02:53:26,545] Trial 247 finished with value: 0.08105383493001245 and parameters: {'weight_1': 0.5034444907924336, 'weight_2': 0.24635604321132198}. Best is trial 211 with value: 0.08129001476678617.
14125.5s 821 ScoresHybridRecommender: URM Detected 318 ( 2.5%) users with no interactions.
14125.5s 822 ScoresHybridRecommender: URM Detected 217 ( 1.0%) items with no interactions.
14178.5s 823 [I 2023-12-07 02:54:19,710] Trial 248 finished with value: 0.08097680160147018 and parameters: {'weight_1': 0.3899453158227725, 'weight_2': 0.2238262906616867}. Best is trial 211 with value: 0.08129001476678617.
14178.7s 824 ScoresHybridRecommender: URM Detected 318 ( 2.5%) users with no interactions.
14178.7s 825 ScoresHybridRecommender: URM Detected 217 ( 1.0%) items with no interactions.
14178.7s 826 Error: Weights sum is 0.9999999999999999, but must be 1.0
14233.8s 827 [I 2023-12-07 02:55:14,952] Trial 249 finished with value: 0.08122495601428863 and parameters: {'weight_1': 0.42035512355799315, 'weight_2': 0.26312288867802935}. Best is trial 211 with value: 0.08129001476678617.
14233.9s 828 ScoresHybridRecommender: URM Detected 318 ( 2.5%) users with no interactions.
14233.9s 829 ScoresHybridRecommender: URM Detected 217 ( 1.0%) items with no interactions.
14288.5s 830 [I 2023-12-07 02:56:09,646] Trial 250 finished with value: 0.08120302490925943 and parameters: {'weight_1': 0.44509570531903686, 'weight_2': 0.23770119657631641}. Best is trial 211 with value: 0.08129001476678617.
14288.6s 831 ScoresHybridRecommender: URM Detected 318 ( 2.5%) users with no interactions.
14288.6s 832 ScoresHybridRecommender: URM Detected 217 ( 1.0%) items with no interactions.
14343.3s 833 [I 2023-12-07 02:57:04,434] Trial 251 finished with value: 0.08117483148886802 and parameters: {'weight_1': 0.47176438524337905, 'weight_2': 0.2517494787649193}. Best is trial 211 with value: 0.08129001476678617.
14343.4s 834 ScoresHybridRecommender: URM Detected 318 ( 2.5%) users with no interactions.
14343.4s 835 ScoresHybridRecommender: URM Detected 217 ( 1.0%) items with no interactions.
14343.4s 836 Error: Weights sum is 0.9999999999999999, but must be 1.0
14397.6s 837 [I 2023-12-07 02:57:58,824] Trial 252 finished with value: 0.08050651940498713 and parameters: {'weight_1': 0.48964277780611404, 'weight_2': 0.03280042716025519}. Best is trial 211 with value: 0.08129001476678617.
14397.8s 838 ScoresHybridRecommender: URM Detected 318 ( 2.5%) users with no interactions.
14397.8s 839 ScoresHybridRecommender: URM Detected 217 ( 1.0%) items with no interactions.
14450.1s 840 [I 2023-12-07 02:58:51,273] Trial 253 finished with value: 0.08119956315775738 and parameters: {'weight_1': 0.40733673521723024, 'weight_2': 0.27838948630695265}. Best is trial 211 with value: 0.08129001476678617.
14450.3s 841 ScoresHybridRecommender: URM Detected 318 ( 2.5%) users with no interactions.
14450.3s 842 ScoresHybridRecommender: URM Detected 217 ( 1.0%) items with no interactions.
14504.1s 843 [I 2023-12-07 02:59:45,279] Trial 254 finished with value: 0.08118878654438572 and parameters: {'weight_1': 0.4544764065078339, 'weight_2': 0.26452094306754637}. Best is trial 211 with value: 0.08129001476678617.
14504.3s 844 ScoresHybridRecommender: URM Detected 318 ( 2.5%) users with no interactions.
14504.3s 845 ScoresHybridRecommender: URM Detected 217 ( 1.0%) items with no interactions.
14560.1s 846 [I 2023-12-07 03:00:41,219] Trial 255 finished with value: 0.08102900010178085 and parameters: {'weight_1': 0.4268837202674888, 'weight_2': 0.2317213580703001}. Best is trial 211 with value: 0.08129001476678617.
14560.2s 847 ScoresHybridRecommender: URM Detected 318 ( 2.5%) users with no interactions.
14560.2s 848 ScoresHybridRecommender: URM Detected 217 ( 1.0%) items with no interactions.
14615.8s 849 [I 2023-12-07 03:01:36,988] Trial 256 finished with value: 0.08114166456409469 and parameters: {'weight_1': 0.4663927111487642, 'weight_2': 0.2534435732748581}. Best is trial 211 with value: 0.08129001476678617.
14616.0s 850 ScoresHybridRecommender: URM Detected 318 ( 2.5%) users with no interactions.
14616.0s 851 ScoresHybridRecommender: URM Detected 217 ( 1.0%) items with no interactions.
14671.2s 852 [I 2023-12-07 03:02:32,378] Trial 257 finished with value: 0.08120297841939143 and parameters: {'weight_1': 0.43892308927645446, 'weight_2': 0.2733587857256401}. Best is trial 211 with value: 0.08129001476678617.
14671.4s 853 ScoresHybridRecommender: URM Detected 318 ( 2.5%) users with no interactions.
14671.4s 854 ScoresHybridRecommender: URM Detected 217 ( 1.0%) items with no interactions.
14725.5s 855 [I 2023-12-07 03:03:26,709] Trial 258 finished with value: 0.0810959060146241 and parameters: {'weight_1': 0.4846097928586284, 'weight_2': 0.24428143686038523}. Best is trial 211 with value: 0.08129001476678617.
14725.7s 856 ScoresHybridRecommender: URM Detected 318 ( 2.5%) users with no interactions.
14725.7s 857 ScoresHybridRecommender: URM Detected 217 ( 1.0%) items with no interactions.
14780.3s 858 [I 2023-12-07 03:04:21,442] Trial 259 finished with value: 0.0811529563439745 and parameters: {'weight_1': 0.39505664538033064, 'weight_2': 0.3047374212793302}. Best is trial 211 with value: 0.08129001476678617.
14780.4s 859 ScoresHybridRecommender: URM Detected 318 ( 2.5%) users with no interactions.
14780.4s 860 ScoresHybridRecommender: URM Detected 217 ( 1.0%) items with no interactions.
14834.6s 861 [I 2023-12-07 03:05:15,781] Trial 260 finished with value: 0.08065334173608996 and parameters: {'weight_1': 0.4448478106653556, 'weight_2': 0.09820782996276564}. Best is trial 211 with value: 0.08129001476678617.
14834.8s 862 ScoresHybridRecommender: URM Detected 318 ( 2.5%) users with no interactions.
14834.8s 863 ScoresHybridRecommender: URM Detected 217 ( 1.0%) items with no interactions.
14888.8s 864 [I 2023-12-07 03:06:09,983] Trial 261 finished with value: 0.08112275620038821 and parameters: {'weight_1': 0.3781506089234792, 'weight_2': 0.2935600883036216}. Best is trial 211 with value: 0.08129001476678617.
14889.0s 865 ScoresHybridRecommender: URM Detected 318 ( 2.5%) users with no interactions.
14889.0s 866 ScoresHybridRecommender: URM Detected 217 ( 1.0%) items with no interactions.
14943.5s 867 [I 2023-12-07 03:07:04,656] Trial 262 finished with value: 0.08090318488877941 and parameters: {'weight_1': 0.4110457532822778, 'weight_2': 0.2205997728884251}. Best is trial 211 with value: 0.08129001476678617.
14943.7s 868 ScoresHybridRecommender: URM Detected 318 ( 2.5%) users with no interactions.
14943.7s 869 ScoresHybridRecommender: URM Detected 217 ( 1.0%) items with no interactions.
14997.3s 870 [I 2023-12-07 03:07:58,532] Trial 263 finished with value: 0.08110054574948239 and parameters: {'weight_1': 0.5052032734092398, 'weight_2': 0.23460084337848253}. Best is trial 211 with value: 0.08129001476678617.
14997.5s 871 ScoresHybridRecommender: URM Detected 318 ( 2.5%) users with no interactions.
14997.5s 872 ScoresHybridRecommender: URM Detected 217 ( 1.0%) items with no interactions.
15049.0s 873 [I 2023-12-07 03:08:50,232] Trial 264 finished with value: 0.08110566519597771 and parameters: {'weight_1': 0.4632871467015996, 'weight_2': 0.2612731607613706}. Best is trial 211 with value: 0.08129001476678617.
15049.2s 874 ScoresHybridRecommender: URM Detected 318 ( 2.5%) users with no interactions.
15049.2s 875 ScoresHybridRecommender: URM Detected 217 ( 1.0%) items with no interactions.
