15102.9s 876 [I 2023-12-07 03:09:44,044] Trial 265 finished with value: 0.0812105702630612 and parameters: {'weight_1': 0.42384753084885207, 'weight_2': 0.2740718307059145}. Best is trial 211 with value: 0.08129001476678617.
15103.0s 877 ScoresHybridRecommender: URM Detected 318 ( 2.5%) users with no interactions.
15103.0s 878 ScoresHybridRecommender: URM Detected 217 ( 1.0%) items with no interactions.
15156.7s 879 [I 2023-12-07 03:10:37,899] Trial 266 finished with value: 0.0812533088883381 and parameters: {'weight_1': 0.44100358664569905, 'weight_2': 0.25578736833810445}. Best is trial 211 with value: 0.08129001476678617.
15156.9s 880 ScoresHybridRecommender: URM Detected 318 ( 2.5%) users with no interactions.
15156.9s 881 ScoresHybridRecommender: URM Detected 217 ( 1.0%) items with no interactions.
15211.2s 882 [I 2023-12-07 03:11:32,349] Trial 267 finished with value: 0.08121396029647211 and parameters: {'weight_1': 0.4386938099971247, 'weight_2': 0.2809118964497852}. Best is trial 211 with value: 0.08129001476678617.
15211.3s 883 ScoresHybridRecommender: URM Detected 318 ( 2.5%) users with no interactions.
15211.3s 884 ScoresHybridRecommender: URM Detected 217 ( 1.0%) items with no interactions.
15211.3s 885 Error: Weights sum is 0.9999999999999999, but must be 1.0
15263.5s 886 [I 2023-12-07 03:12:24,684] Trial 268 finished with value: 0.0811782307201062 and parameters: {'weight_1': 0.4768558473123547, 'weight_2': 0.2592852736645269}. Best is trial 211 with value: 0.08129001476678617.
15263.7s 887 ScoresHybridRecommender: URM Detected 318 ( 2.5%) users with no interactions.
15263.7s 888 ScoresHybridRecommender: URM Detected 217 ( 1.0%) items with no interactions.
15317.4s 889 [I 2023-12-07 03:13:18,615] Trial 269 finished with value: 0.08090379000302239 and parameters: {'weight_1': 0.4044292608497474, 'weight_2': 0.21238244042215298}. Best is trial 211 with value: 0.08129001476678617.
15317.6s 890 ScoresHybridRecommender: URM Detected 318 ( 2.5%) users with no interactions.
15317.6s 891 ScoresHybridRecommender: URM Detected 217 ( 1.0%) items with no interactions.
15368.8s 892 [I 2023-12-07 03:14:10,010] Trial 270 finished with value: 0.08107072714653446 and parameters: {'weight_1': 0.37016890854046325, 'weight_2': 0.29627187808042965}. Best is trial 211 with value: 0.08129001476678617.
15369.0s 893 ScoresHybridRecommender: URM Detected 318 ( 2.5%) users with no interactions.
15369.0s 894 ScoresHybridRecommender: URM Detected 217 ( 1.0%) items with no interactions.
15421.2s 895 [I 2023-12-07 03:15:02,356] Trial 271 finished with value: 0.08093073651041667 and parameters: {'weight_1': 0.4242398008416242, 'weight_2': 0.19514524158614982}. Best is trial 211 with value: 0.08129001476678617.
15421.3s 896 ScoresHybridRecommender: URM Detected 318 ( 2.5%) users with no interactions.
15421.3s 897 ScoresHybridRecommender: URM Detected 217 ( 1.0%) items with no interactions.
15475.0s 898 [I 2023-12-07 03:15:56,184] Trial 272 finished with value: 0.08119860895002685 and parameters: {'weight_1': 0.4593280085750092, 'weight_2': 0.24515967512848463}. Best is trial 211 with value: 0.08129001476678617.
15475.2s 899 ScoresHybridRecommender: URM Detected 318 ( 2.5%) users with no interactions.
15475.2s 900 ScoresHybridRecommender: URM Detected 217 ( 1.0%) items with no interactions.
15528.2s 901 [I 2023-12-07 03:16:49,391] Trial 273 finished with value: 0.08110234956652265 and parameters: {'weight_1': 0.5163599472281956, 'weight_2': 0.2356681614895823}. Best is trial 211 with value: 0.08129001476678617.
15528.4s 902 ScoresHybridRecommender: URM Detected 318 ( 2.5%) users with no interactions.
15528.4s 903 ScoresHybridRecommender: URM Detected 217 ( 1.0%) items with no interactions.
15582.7s 904 [I 2023-12-07 03:17:43,839] Trial 274 finished with value: 0.08108943138833093 and parameters: {'weight_1': 0.49221982384764834, 'weight_2': 0.2543812685922742}. Best is trial 211 with value: 0.08129001476678617.
15582.8s 905 ScoresHybridRecommender: URM Detected 318 ( 2.5%) users with no interactions.
15582.8s 906 ScoresHybridRecommender: URM Detected 217 ( 1.0%) items with no interactions.
15636.8s 907 [I 2023-12-07 03:18:37,934] Trial 275 finished with value: 0.08075428691368479 and parameters: {'weight_1': 0.3389624569626548, 'weight_2': 0.28869714166343335}. Best is trial 211 with value: 0.08129001476678617.
15636.9s 908 ScoresHybridRecommender: URM Detected 318 ( 2.5%) users with no interactions.
15636.9s 909 ScoresHybridRecommender: URM Detected 217 ( 1.0%) items with no interactions.
15690.7s 910 [I 2023-12-07 03:19:31,905] Trial 276 finished with value: 0.08119845697605414 and parameters: {'weight_1': 0.44452888583669337, 'weight_2': 0.2689145730783974}. Best is trial 211 with value: 0.08129001476678617.
15690.9s 911 ScoresHybridRecommender: URM Detected 318 ( 2.5%) users with no interactions.
15690.9s 912 ScoresHybridRecommender: URM Detected 217 ( 1.0%) items with no interactions.
15745.7s 913 [I 2023-12-07 03:20:26,872] Trial 277 finished with value: 0.0808854489682261 and parameters: {'weight_1': 0.38889603030810227, 'weight_2': 0.21713683940152229}. Best is trial 211 with value: 0.08129001476678617.
15745.9s 914 ScoresHybridRecommender: URM Detected 318 ( 2.5%) users with no interactions.
15745.9s 915 ScoresHybridRecommender: URM Detected 217 ( 1.0%) items with no interactions.
15800.9s 916 [I 2023-12-07 03:21:22,041] Trial 278 finished with value: 0.08105307821561894 and parameters: {'weight_1': 0.4181269024286022, 'weight_2': 0.2317100316267798}. Best is trial 211 with value: 0.08129001476678617.
15801.0s 917 ScoresHybridRecommender: URM Detected 318 ( 2.5%) users with no interactions.
15801.0s 918 ScoresHybridRecommender: URM Detected 217 ( 1.0%) items with no interactions.
15801.0s 919 Error: Weights sum is 0.9999999999999999, but must be 1.0
15853.0s 920 [I 2023-12-07 03:22:14,205] Trial 279 finished with value: 0.0811756092349429 and parameters: {'weight_1': 0.46791813330395543, 'weight_2': 0.26436422570101026}. Best is trial 211 with value: 0.08129001476678617.
15853.2s 921 ScoresHybridRecommender: URM Detected 318 ( 2.5%) users with no interactions.
15853.2s 922 ScoresHybridRecommender: URM Detected 217 ( 1.0%) items with no interactions.
15907.2s 923 [I 2023-12-07 03:23:08,368] Trial 280 finished with value: 0.08122017584475082 and parameters: {'weight_1': 0.44934982559733716, 'weight_2': 0.2479598363052393}. Best is trial 211 with value: 0.08129001476678617.
15907.4s 924 ScoresHybridRecommender: URM Detected 318 ( 2.5%) users with no interactions.
15907.4s 925 ScoresHybridRecommender: URM Detected 217 ( 1.0%) items with no interactions.
15961.1s 926 [I 2023-12-07 03:24:02,236] Trial 281 finished with value: 0.08119059307602315 and parameters: {'weight_1': 0.4297297494714963, 'weight_2': 0.3140205323681918}. Best is trial 211 with value: 0.08129001476678617.
15961.2s 927 ScoresHybridRecommender: URM Detected 318 ( 2.5%) users with no interactions.
15961.2s 928 ScoresHybridRecommender: URM Detected 217 ( 1.0%) items with no interactions.
16015.1s 929 [I 2023-12-07 03:24:56,241] Trial 282 finished with value: 0.07945690341310763 and parameters: {'weight_1': 0.8928602518334045, 'weight_2': 0.10695576435390805}. Best is trial 211 with value: 0.08129001476678617.
16015.2s 930 ScoresHybridRecommender: URM Detected 318 ( 2.5%) users with no interactions.
16015.2s 931 ScoresHybridRecommender: URM Detected 217 ( 1.0%) items with no interactions.
16068.8s 932 [I 2023-12-07 03:25:50,017] Trial 283 finished with value: 0.0811804344586265 and parameters: {'weight_1': 0.48625480500856844, 'weight_2': 0.25194071954222785}. Best is trial 211 with value: 0.08129001476678617.
16069.0s 933 ScoresHybridRecommender: URM Detected 318 ( 2.5%) users with no interactions.
16069.0s 934 ScoresHybridRecommender: URM Detected 217 ( 1.0%) items with no interactions.
16120.8s 935 [I 2023-12-07 03:26:42,010] Trial 284 finished with value: 0.08114736150959438 and parameters: {'weight_1': 0.4031450027575315, 'weight_2': 0.2789317069091211}. Best is trial 211 with value: 0.08129001476678617.
16121.0s 936 ScoresHybridRecommender: URM Detected 318 ( 2.5%) users with no interactions.
16121.0s 937 ScoresHybridRecommender: URM Detected 217 ( 1.0%) items with no interactions.
16173.2s 938 [I 2023-12-07 03:27:34,333] Trial 285 finished with value: 0.08123348847584369 and parameters: {'weight_1': 0.46603533206454717, 'weight_2': 0.23945431711747833}. Best is trial 211 with value: 0.08129001476678617.
16173.3s 939 ScoresHybridRecommender: URM Detected 318 ( 2.5%) users with no interactions.
16173.3s 940 ScoresHybridRecommender: URM Detected 217 ( 1.0%) items with no interactions.
16227.7s 941 [I 2023-12-07 03:28:28,833] Trial 286 finished with value: 0.08121349414385105 and parameters: {'weight_1': 0.4678283973748021, 'weight_2': 0.22856683677501963}. Best is trial 211 with value: 0.08129001476678617.
16227.8s 942 ScoresHybridRecommender: URM Detected 318 ( 2.5%) users with no interactions.
16227.8s 943 ScoresHybridRecommender: URM Detected 217 ( 1.0%) items with no interactions.
16278.7s 944 [I 2023-12-07 03:29:19,829] Trial 287 finished with value: 0.08117528694044818 and parameters: {'weight_1': 0.44010969721736687, 'weight_2': 0.23743009907049875}. Best is trial 211 with value: 0.08129001476678617.
16278.8s 945 ScoresHybridRecommender: URM Detected 318 ( 2.5%) users with no interactions.
16278.8s 946 ScoresHybridRecommender: URM Detected 217 ( 1.0%) items with no interactions.
16329.4s 947 [I 2023-12-07 03:30:10,594] Trial 288 finished with value: 0.08095044721727847 and parameters: {'weight_1': 0.5330793276009914, 'weight_2': 0.25995263447296124}. Best is trial 211 with value: 0.08129001476678617.
16329.6s 948 ScoresHybridRecommender: URM Detected 318 ( 2.5%) users with no interactions.
16329.6s 949 ScoresHybridRecommender: URM Detected 217 ( 1.0%) items with no interactions.
16383.6s 950 [I 2023-12-07 03:31:04,721] Trial 289 finished with value: 0.08090670330168492 and parameters: {'weight_1': 0.41868138738468513, 'weight_2': 0.2225640238011202}. Best is trial 211 with value: 0.08129001476678617.
16383.7s 951 ScoresHybridRecommender: URM Detected 318 ( 2.5%) users with no interactions.
16383.7s 952 ScoresHybridRecommender: URM Detected 217 ( 1.0%) items with no interactions.
16435.8s 953 [I 2023-12-07 03:31:56,968] Trial 290 finished with value: 0.08108519037374373 and parameters: {'weight_1': 0.5014669768275233, 'weight_2': 0.2422221259574147}. Best is trial 211 with value: 0.08129001476678617.
16436.0s 954 ScoresHybridRecommender: URM Detected 318 ( 2.5%) users with no interactions.
16436.0s 955 ScoresHybridRecommender: URM Detected 217 ( 1.0%) items with no interactions.
16490.0s 956 [I 2023-12-07 03:32:51,133] Trial 291 finished with value: 0.07901979113394814 and parameters: {'weight_1': 0.1839984471874997, 'weight_2': 0.19260852409780815}. Best is trial 211 with value: 0.08129001476678617.
16490.1s 957 ScoresHybridRecommender: URM Detected 318 ( 2.5%) users with no interactions.
16490.1s 958 ScoresHybridRecommender: URM Detected 217 ( 1.0%) items with no interactions.
16543.7s 959 [I 2023-12-07 03:33:44,894] Trial 292 finished with value: 0.08009767201791373 and parameters: {'weight_1': 0.3543288665120033, 'weight_2': 0.6285376636128217}. Best is trial 211 with value: 0.08129001476678617.
16543.9s 960 ScoresHybridRecommender: URM Detected 318 ( 2.5%) users with no interactions.
16543.9s 961 ScoresHybridRecommender: URM Detected 217 ( 1.0%) items with no interactions.
16596.6s 962 [I 2023-12-07 03:34:37,770] Trial 293 finished with value: 0.08108852799639468 and parameters: {'weight_1': 0.4759613807372484, 'weight_2': 0.2700807741401154}. Best is trial 211 with value: 0.08129001476678617.
16596.8s 963 ScoresHybridRecommender: URM Detected 318 ( 2.5%) users with no interactions.
16596.8s 964 ScoresHybridRecommender: URM Detected 217 ( 1.0%) items with no interactions.
16596.8s 965 Error: Weights sum is 0.9999999999999999, but must be 1.0
16649.8s 966 [I 2023-12-07 03:35:31,022] Trial 294 finished with value: 0.07987495790754472 and parameters: {'weight_1': 0.2752133590513383, 'weight_2': 0.18315161955638257}. Best is trial 211 with value: 0.08129001476678617.
16650.0s 967 ScoresHybridRecommender: URM Detected 318 ( 2.5%) users with no interactions.
16650.0s 968 ScoresHybridRecommender: URM Detected 217 ( 1.0%) items with no interactions.
16703.3s 969 [I 2023-12-07 03:36:24,450] Trial 295 finished with value: 0.08082614485446589 and parameters: {'weight_1': 0.39153930566210743, 'weight_2': 0.20495377194685166}. Best is trial 211 with value: 0.08129001476678617.
16703.4s 970 ScoresHybridRecommender: URM Detected 318 ( 2.5%) users with no interactions.
16703.4s 971 ScoresHybridRecommender: URM Detected 217 ( 1.0%) items with no interactions.
16756.7s 972 [I 2023-12-07 03:37:17,905] Trial 296 finished with value: 0.08121675179365682 and parameters: {'weight_1': 0.4365725351638326, 'weight_2': 0.2782822145679187}. Best is trial 211 with value: 0.08129001476678617.
16756.9s 973 ScoresHybridRecommender: URM Detected 318 ( 2.5%) users with no interactions.
16756.9s 974 ScoresHybridRecommender: URM Detected 217 ( 1.0%) items with no interactions.
16809.4s 975 [I 2023-12-07 03:38:10,553] Trial 297 finished with value: 0.08074471724590199 and parameters: {'weight_1': 0.3087279654906643, 'weight_2': 0.3053620513374086}. Best is trial 211 with value: 0.08129001476678617.
16809.5s 976 ScoresHybridRecommender: URM Detected 318 ( 2.5%) users with no interactions.
16809.5s 977 ScoresHybridRecommender: URM Detected 217 ( 1.0%) items with no interactions.
16862.4s 978 [I 2023-12-07 03:39:03,600] Trial 298 finished with value: 0.08118713577514358 and parameters: {'weight_1': 0.45309465920010444, 'weight_2': 0.25835042979941036}. Best is trial 211 with value: 0.08129001476678617.
16862.6s 979 ScoresHybridRecommender: URM Detected 318 ( 2.5%) users with no interactions.
16862.6s 980 ScoresHybridRecommender: URM Detected 217 ( 1.0%) items with no interactions.
16917.3s 981 [I 2023-12-07 03:39:58,467] Trial 299 finished with value: 0.08088310451847028 and parameters: {'weight_1': 0.41439270817007273, 'weight_2': 0.21673628141033074}. Best is trial 211 with value: 0.08129001476678617.
16917.5s 982 ScoresHybridRecommender: URM Detected 318 ( 2.5%) users with no interactions.
16917.5s 983 ScoresHybridRecommender: URM Detected 217 ( 1.0%) items with no interactions.
16969.9s 984 [I 2023-12-07 03:40:51,056] Trial 300 finished with value: 0.0811522667560638 and parameters: {'weight_1': 0.48151463903820146, 'weight_2': 0.24269627313720032}. Best is trial 211 with value: 0.08129001476678617.
16970.0s 985 ScoresHybridRecommender: URM Detected 318 ( 2.5%) users with no interactions.
16970.0s 986 ScoresHybridRecommender: URM Detected 217 ( 1.0%) items with no interactions.
17025.0s 987 [I 2023-12-07 03:41:46,158] Trial 301 finished with value: 0.08120557994670574 and parameters: {'weight_1': 0.4312610902467063, 'weight_2': 0.28748860576795154}. Best is trial 211 with value: 0.08129001476678617.
17025.2s 988 ScoresHybridRecommender: URM Detected 318 ( 2.5%) users with no interactions.
17025.2s 989 ScoresHybridRecommender: URM Detected 217 ( 1.0%) items with no interactions.
17080.3s 990 [I 2023-12-07 03:42:41,435] Trial 302 finished with value: 0.08124004063324827 and parameters: {'weight_1': 0.4635029979147642, 'weight_2': 0.22944455822650373}. Best is trial 211 with value: 0.08129001476678617.
17080.4s 991 ScoresHybridRecommender: URM Detected 318 ( 2.5%) users with no interactions.
17080.4s 992 ScoresHybridRecommender: URM Detected 217 ( 1.0%) items with no interactions.
17080.4s 993 Error: Weights sum is 0.9999999999999999, but must be 1.0
17134.9s 994 [I 2023-12-07 03:43:36,057] Trial 303 finished with value: 0.08123517441877914 and parameters: {'weight_1': 0.458610521558483, 'weight_2': 0.23155723285908678}. Best is trial 211 with value: 0.08129001476678617.
17135.0s 995 ScoresHybridRecommender: URM Detected 318 ( 2.5%) users with no interactions.
17135.0s 996 ScoresHybridRecommender: URM Detected 217 ( 1.0%) items with no interactions.
17188.1s 997 [I 2023-12-07 03:44:29,251] Trial 304 finished with value: 0.0811445849295097 and parameters: {'weight_1': 0.5136244050861181, 'weight_2': 0.22891246718434224}. Best is trial 211 with value: 0.08129001476678617.
17188.2s 998 ScoresHybridRecommender: URM Detected 318 ( 2.5%) users with no interactions.
17188.2s 999 ScoresHybridRecommender: URM Detected 217 ( 1.0%) items with no interactions.
17241.9s 1000 [I 2023-12-07 03:45:23,116] Trial 305 finished with value: 0.08120378169100596 and parameters: {'weight_1': 0.4691955782129939, 'weight_2': 0.23940775359447924}. Best is trial 211 with value: 0.08129001476678617.
17242.1s 1001 ScoresHybridRecommender: URM Detected 318 ( 2.5%) users with no interactions.
17242.1s 1002 ScoresHybridRecommender: URM Detected 217 ( 1.0%) items with no interactions.
17293.5s 1003 [I 2023-12-07 03:46:14,626] Trial 306 finished with value: 0.08060518210217878 and parameters: {'weight_1': 0.7181643919179794, 'weight_2': 0.2363479360574681}. Best is trial 211 with value: 0.08129001476678617.
17293.6s 1004 ScoresHybridRecommender: URM Detected 318 ( 2.5%) users with no interactions.
17293.6s 1005 ScoresHybridRecommender: URM Detected 217 ( 1.0%) items with no interactions.
17345.2s 1006 [I 2023-12-07 03:47:06,406] Trial 307 finished with value: 0.08102165940722371 and parameters: {'weight_1': 0.5010327715094257, 'weight_2': 0.2523561010903237}. Best is trial 211 with value: 0.08129001476678617.
17345.4s 1007 ScoresHybridRecommender: URM Detected 318 ( 2.5%) users with no interactions.
17345.4s 1008 ScoresHybridRecommender: URM Detected 217 ( 1.0%) items with no interactions.
17398.3s 1009 [I 2023-12-07 03:47:59,445] Trial 308 finished with value: 0.08075205849532563 and parameters: {'weight_1': 0.3777477389550857, 'weight_2': 0.21581126559417815}. Best is trial 211 with value: 0.08129001476678617.
17398.4s 1010 ScoresHybridRecommender: URM Detected 318 ( 2.5%) users with no interactions.
17398.4s 1011 ScoresHybridRecommender: URM Detected 217 ( 1.0%) items with no interactions.
17451.2s 1012 [I 2023-12-07 03:48:52,380] Trial 309 finished with value: 0.08121356974938776 and parameters: {'weight_1': 0.5812287174030459, 'weight_2': 0.24658206254207204}. Best is trial 211 with value: 0.08129001476678617.
17451.4s 1013 ScoresHybridRecommender: URM Detected 318 ( 2.5%) users with no interactions.
17451.4s 1014 ScoresHybridRecommender: URM Detected 217 ( 1.0%) items with no interactions.
17501.9s 1015 [I 2023-12-07 03:49:43,093] Trial 310 finished with value: 0.08122327471504198 and parameters: {'weight_1': 0.4592190283532671, 'weight_2': 0.2285559037223971}. Best is trial 211 with value: 0.08129001476678617.
17502.1s 1016 ScoresHybridRecommender: URM Detected 318 ( 2.5%) users with no interactions.
17502.1s 1017 ScoresHybridRecommender: URM Detected 217 ( 1.0%) items with no interactions.
17553.6s 1018 [I 2023-12-07 03:50:34,785] Trial 311 finished with value: 0.08112976921901915 and parameters: {'weight_1': 0.48145020457207216, 'weight_2': 0.26132625086192124}. Best is trial 211 with value: 0.08129001476678617.
17553.8s 1019 ScoresHybridRecommender: URM Detected 318 ( 2.5%) users with no interactions.
17553.8s 1020 ScoresHybridRecommender: URM Detected 217 ( 1.0%) items with no interactions.
17553.8s 1021 Error: Weights sum is 0.9999999999999999, but must be 1.0
17604.5s 1022 [I 2023-12-07 03:51:25,720] Trial 312 finished with value: 0.0808576137514626 and parameters: {'weight_1': 0.4082843777558977, 'weight_2': 0.20565101382371986}. Best is trial 211 with value: 0.08129001476678617.
17604.7s 1023 ScoresHybridRecommender: URM Detected 318 ( 2.5%) users with no interactions.
17604.7s 1024 ScoresHybridRecommender: URM Detected 217 ( 1.0%) items with no interactions.
17656.2s 1025 [I 2023-12-07 03:52:17,366] Trial 313 finished with value: 0.08120284352026742 and parameters: {'weight_1': 0.45291776755292507, 'weight_2': 0.22580025496388836}. Best is trial 211 with value: 0.08129001476678617.
17656.4s 1026 ScoresHybridRecommender: URM Detected 318 ( 2.5%) users with no interactions.
17656.4s 1027 ScoresHybridRecommender: URM Detected 217 ( 1.0%) items with no interactions.
17708.5s 1028 [I 2023-12-07 03:53:09,670] Trial 314 finished with value: 0.08110465852212256 and parameters: {'weight_1': 0.49086592972983323, 'weight_2': 0.2522346221676415}. Best is trial 211 with value: 0.08129001476678617.
17708.7s 1029 ScoresHybridRecommender: URM Detected 318 ( 2.5%) users with no interactions.
17708.7s 1030 ScoresHybridRecommender: URM Detected 217 ( 1.0%) items with no interactions.
17760.1s 1031 [I 2023-12-07 03:54:01,270] Trial 315 finished with value: 0.07950817744434321 and parameters: {'weight_1': 0.250592259260932, 'weight_2': 0.15656852485598743}. Best is trial 211 with value: 0.08129001476678617.
17760.3s 1032 ScoresHybridRecommender: URM Detected 318 ( 2.5%) users with no interactions.
17760.3s 1033 ScoresHybridRecommender: URM Detected 217 ( 1.0%) items with no interactions.
17813.1s 1034 [I 2023-12-07 03:54:54,224] Trial 316 finished with value: 0.0812291263316162 and parameters: {'weight_1': 0.4355392089137463, 'weight_2': 0.2692058185516972}. Best is trial 211 with value: 0.08129001476678617.
17813.2s 1035 ScoresHybridRecommender: URM Detected 318 ( 2.5%) users with no interactions.
17813.2s 1036 ScoresHybridRecommender: URM Detected 217 ( 1.0%) items with no interactions.
