Hybrid created merging retings of:
 'SLIMElasticNetRecommender': {
      'topK': 7223, 
      'l1_ratio': 0.06907809571101771, 
      'alpha': 0.001247929408227769
    },
  'RP3betaRecommender': {
    'topK': 47,
    'alpha': 0.38902987595136235,
    'beta': 0.239545804948921
  },
  'ItemKNNCFRecommender': {
    'similarity': "tversky",
    'topK': 36,
    'shrink': 29,
    'tversky_alpha': 1.741341923073262,
    'tversky_beta': 2.9148336121214324,
  }
642.3s 43 [I 2023-12-05 16:23:27,612] A new study created in memory with name: no-name-f3b69d64-19ab-408b-8d4e-05e405a5c85e
642.5s 44 ScoresHybridRecommender: URM Detected 334 ( 2.6%) users with no interactions.
642.5s 45 ScoresHybridRecommender: URM Detected 194 ( 0.9%) items with no interactions.
711.8s 46 [I 2023-12-05 16:24:37,063] Trial 0 finished with value: 0.07854184335061382 and parameters: {'weight_1': 0.3022162892596669, 'weight_2': 0.3727192166938597}. Best is trial 0 with value: 0.07854184335061382.
712.0s 47 ScoresHybridRecommender: URM Detected 334 ( 2.6%) users with no interactions.
712.0s 48 ScoresHybridRecommender: URM Detected 194 ( 0.9%) items with no interactions.
782.2s 49 [I 2023-12-05 16:25:47,487] Trial 1 finished with value: 0.07902728859962621 and parameters: {'weight_1': 0.589440909313884, 'weight_2': 0.035373612106910944}. Best is trial 1 with value: 0.07902728859962621.
782.4s 50 ScoresHybridRecommender: URM Detected 334 ( 2.6%) users with no interactions.
782.4s 51 ScoresHybridRecommender: URM Detected 194 ( 0.9%) items with no interactions.
853.7s 52 [I 2023-12-05 16:26:58,967] Trial 2 finished with value: 0.07911523703511975 and parameters: {'weight_1': 0.5665070062869803, 'weight_2': 0.11260902626447171}. Best is trial 2 with value: 0.07911523703511975.
853.9s 53 ScoresHybridRecommender: URM Detected 334 ( 2.6%) users with no interactions.
853.9s 54 ScoresHybridRecommender: URM Detected 194 ( 0.9%) items with no interactions.
925.1s 55 [I 2023-12-05 16:28:10,345] Trial 3 finished with value: 0.07863074756041817 and parameters: {'weight_1': 0.42516940444087015, 'weight_2': 0.14762097080563485}. Best is trial 2 with value: 0.07911523703511975.
925.3s 56 ScoresHybridRecommender: URM Detected 334 ( 2.6%) users with no interactions.
925.3s 57 ScoresHybridRecommender: URM Detected 194 ( 0.9%) items with no interactions.
995.8s 58 [I 2023-12-05 16:29:21,096] Trial 4 finished with value: 0.0775793026034663 and parameters: {'weight_1': 0.3968283774089959, 'weight_2': 0.015653967449676752}. Best is trial 2 with value: 0.07911523703511975.
996.0s 59 ScoresHybridRecommender: URM Detected 334 ( 2.6%) users with no interactions.
996.0s 60 ScoresHybridRecommender: URM Detected 194 ( 0.9%) items with no interactions.
1067.3s 61 [I 2023-12-05 16:30:32,533] Trial 5 finished with value: 0.07820999477586284 and parameters: {'weight_1': 0.8627826635788496, 'weight_2': 0.010136280604546452}. Best is trial 2 with value: 0.07911523703511975.
1067.5s 62 ScoresHybridRecommender: URM Detected 334 ( 2.6%) users with no interactions.
1067.5s 63 ScoresHybridRecommender: URM Detected 194 ( 0.9%) items with no interactions.
1139.1s 64 [I 2023-12-05 16:31:44,342] Trial 6 finished with value: 0.07470250029113704 and parameters: {'weight_1': 0.20588542089959705, 'weight_2': 0.009130277131790276}. Best is trial 2 with value: 0.07911523703511975.
1139.3s 65 ScoresHybridRecommender: URM Detected 334 ( 2.6%) users with no interactions.
1139.3s 66 ScoresHybridRecommender: URM Detected 194 ( 0.9%) items with no interactions.
1211.5s 67 [I 2023-12-05 16:32:56,778] Trial 7 finished with value: 0.07919719733610563 and parameters: {'weight_1': 0.3834657336580296, 'weight_2': 0.33042206707295674}. Best is trial 7 with value: 0.07919719733610563.
1211.7s 68 ScoresHybridRecommender: URM Detected 334 ( 2.6%) users with no interactions.
1211.7s 69 ScoresHybridRecommender: URM Detected 194 ( 0.9%) items with no interactions.
1283.7s 70 [I 2023-12-05 16:34:09,003] Trial 8 finished with value: 0.07802490231047426 and parameters: {'weight_1': 0.8903829803806681, 'weight_2': 0.028914839087064267}. Best is trial 7 with value: 0.07919719733610563.
1283.9s 71 ScoresHybridRecommender: URM Detected 334 ( 2.6%) users with no interactions.
1283.9s 72 ScoresHybridRecommender: URM Detected 194 ( 0.9%) items with no interactions.
1356.3s 73 [I 2023-12-05 16:35:21,580] Trial 9 finished with value: 0.07544541496746753 and parameters: {'weight_1': 0.017449697064462644, 'weight_2': 0.6467384843316768}. Best is trial 7 with value: 0.07919719733610563.
1356.6s 74 ScoresHybridRecommender: URM Detected 334 ( 2.6%) users with no interactions.
1356.6s 75 ScoresHybridRecommender: URM Detected 194 ( 0.9%) items with no interactions.
1429.6s 76 [I 2023-12-05 16:36:34,827] Trial 10 finished with value: 0.07917792819687311 and parameters: {'weight_1': 0.6823559157240164, 'weight_2': 0.2315044350945788}. Best is trial 7 with value: 0.07919719733610563.
1429.8s 77 ScoresHybridRecommender: URM Detected 334 ( 2.6%) users with no interactions.
1429.8s 78 ScoresHybridRecommender: URM Detected 194 ( 0.9%) items with no interactions.
1502.4s 79 [I 2023-12-05 16:37:47,678] Trial 11 finished with value: 0.07928782507055539 and parameters: {'weight_1': 0.6686969046476621, 'weight_2': 0.24941592351729647}. Best is trial 11 with value: 0.07928782507055539.
1502.6s 80 ScoresHybridRecommender: URM Detected 334 ( 2.6%) users with no interactions.
1502.6s 81 ScoresHybridRecommender: URM Detected 194 ( 0.9%) items with no interactions.
1575.2s 82 [I 2023-12-05 16:39:00,486] Trial 12 finished with value: 0.07868132720358201 and parameters: {'weight_1': 0.7205168617366271, 'weight_2': 0.2790042528151418}. Best is trial 11 with value: 0.07928782507055539.
1575.4s 83 ScoresHybridRecommender: URM Detected 334 ( 2.6%) users with no interactions.
1575.4s 84 ScoresHybridRecommender: URM Detected 194 ( 0.9%) items with no interactions.
1647.9s 85 [I 2023-12-05 16:40:13,165] Trial 13 finished with value: 0.07946422718872029 and parameters: {'weight_1': 0.4743896156847702, 'weight_2': 0.3205495300168896}. Best is trial 13 with value: 0.07946422718872029.
1648.1s 86 ScoresHybridRecommender: URM Detected 334 ( 2.6%) users with no interactions.
1648.1s 87 ScoresHybridRecommender: URM Detected 194 ( 0.9%) items with no interactions.
1721.1s 88 [I 2023-12-05 16:41:26,380] Trial 14 finished with value: 0.07735860383643646 and parameters: {'weight_1': 0.9849444459381992, 'weight_2': 0.0008300541903724246}. Best is trial 13 with value: 0.07946422718872029.
1721.3s 89 ScoresHybridRecommender: URM Detected 334 ( 2.6%) users with no interactions.
1721.3s 90 ScoresHybridRecommender: URM Detected 194 ( 0.9%) items with no interactions.
1793.4s 91 [I 2023-12-05 16:42:38,666] Trial 15 finished with value: 0.07944733289836242 and parameters: {'weight_1': 0.5110716069809939, 'weight_2': 0.24921695464522756}. Best is trial 13 with value: 0.07946422718872029.
1793.6s 92 ScoresHybridRecommender: URM Detected 334 ( 2.6%) users with no interactions.
1793.6s 93 ScoresHybridRecommender: URM Detected 194 ( 0.9%) items with no interactions.
1866.7s 94 [I 2023-12-05 16:43:51,955] Trial 16 finished with value: 0.07933948361158963 and parameters: {'weight_1': 0.528582392321247, 'weight_2': 0.3651841466391579}. Best is trial 13 with value: 0.07946422718872029.
1866.9s 95 ScoresHybridRecommender: URM Detected 334 ( 2.6%) users with no interactions.
1866.9s 96 ScoresHybridRecommender: URM Detected 194 ( 0.9%) items with no interactions.
1940.2s 97 [I 2023-12-05 16:45:05,482] Trial 17 finished with value: 0.07923894358199748 and parameters: {'weight_1': 0.5030387823085053, 'weight_2': 0.1914779023067913}. Best is trial 13 with value: 0.07946422718872029.
1940.4s 98 ScoresHybridRecommender: URM Detected 334 ( 2.6%) users with no interactions.
1940.4s 99 ScoresHybridRecommender: URM Detected 194 ( 0.9%) items with no interactions.
1940.4s 100 Error: Weights sum is 0.9999999999999999, but must be 1.0
2013.3s 101 [I 2023-12-05 16:46:18,522] Trial 18 finished with value: 0.07831560071797858 and parameters: {'weight_1': 0.26102712929904376, 'weight_2': 0.43924379961201254}. Best is trial 13 with value: 0.07946422718872029.
2013.5s 102 ScoresHybridRecommender: URM Detected 334 ( 2.6%) users with no interactions.
2013.5s 103 ScoresHybridRecommender: URM Detected 194 ( 0.9%) items with no interactions.
2013.5s 104 Error: Weights sum is 0.9999999999999999, but must be 1.0
2085.9s 105 [I 2023-12-05 16:47:31,146] Trial 19 finished with value: 0.07948978414668513 and parameters: {'weight_1': 0.4784911619804168, 'weight_2': 0.29891522932359715}. Best is trial 19 with value: 0.07948978414668513.
2086.1s 106 ScoresHybridRecommender: URM Detected 334 ( 2.6%) users with no interactions.
2086.1s 107 ScoresHybridRecommender: URM Detected 194 ( 0.9%) items with no interactions.
2160.0s 108 [I 2023-12-05 16:48:45,279] Trial 20 finished with value: 0.07729162077789771 and parameters: {'weight_1': 0.1649921427295964, 'weight_2': 0.4404848265613681}. Best is trial 19 with value: 0.07948978414668513.
2160.2s 109 ScoresHybridRecommender: URM Detected 334 ( 2.6%) users with no interactions.
2160.2s 110 ScoresHybridRecommender: URM Detected 194 ( 0.9%) items with no interactions.
2234.0s 111 [I 2023-12-05 16:49:59,236] Trial 21 finished with value: 0.07933665390438312 and parameters: {'weight_1': 0.4574016055925391, 'weight_2': 0.29920471218013406}. Best is trial 19 with value: 0.07948978414668513.
2234.2s 112 ScoresHybridRecommender: URM Detected 334 ( 2.6%) users with no interactions.
2234.2s 113 ScoresHybridRecommender: URM Detected 194 ( 0.9%) items with no interactions.
2310.3s 114 [I 2023-12-05 16:51:15,603] Trial 22 finished with value: 0.07943180159378758 and parameters: {'weight_1': 0.5888272099152007, 'weight_2': 0.21210291693960143}. Best is trial 19 with value: 0.07948978414668513.
2310.5s 115 ScoresHybridRecommender: URM Detected 334 ( 2.6%) users with no interactions.
2310.5s 116 ScoresHybridRecommender: URM Detected 194 ( 0.9%) items with no interactions.
2383.4s 117 [I 2023-12-05 16:52:28,704] Trial 23 finished with value: 0.07896862260248932 and parameters: {'weight_1': 0.37314912595947625, 'weight_2': 0.2827523104281696}. Best is trial 19 with value: 0.07948978414668513.
2383.6s 118 ScoresHybridRecommender: URM Detected 334 ( 2.6%) users with no interactions.
2383.6s 119 ScoresHybridRecommender: URM Detected 194 ( 0.9%) items with no interactions.
2455.5s 120 [I 2023-12-05 16:53:40,753] Trial 24 finished with value: 0.07947227801642233 and parameters: {'weight_1': 0.4912286248625383, 'weight_2': 0.24891484456092156}. Best is trial 19 with value: 0.07948978414668513.
2455.7s 121 ScoresHybridRecommender: URM Detected 334 ( 2.6%) users with no interactions.
2455.7s 122 ScoresHybridRecommender: URM Detected 194 ( 0.9%) items with no interactions.
2527.8s 123 [I 2023-12-05 16:54:53,098] Trial 25 finished with value: 0.07784987331953955 and parameters: {'weight_1': 0.3331178259559328, 'weight_2': 0.1628601331502475}. Best is trial 19 with value: 0.07948978414668513.
2528.0s 124 ScoresHybridRecommender: URM Detected 334 ( 2.6%) users with no interactions.
2528.0s 125 ScoresHybridRecommender: URM Detected 194 ( 0.9%) items with no interactions.
2599.8s 126 [I 2023-12-05 16:56:05,098] Trial 26 finished with value: 0.0791757809421052 and parameters: {'weight_1': 0.4589228978716764, 'weight_2': 0.2152807651004542}. Best is trial 19 with value: 0.07948978414668513.
2600.0s 127 ScoresHybridRecommender: URM Detected 334 ( 2.6%) users with no interactions.
2600.0s 128 ScoresHybridRecommender: URM Detected 194 ( 0.9%) items with no interactions.
2600.0s 129 Error: Weights sum is 0.9999999999999999, but must be 1.0
2673.0s 130 [I 2023-12-05 16:57:18,311] Trial 27 finished with value: 0.07942929567177742 and parameters: {'weight_1': 0.45434216228984886, 'weight_2': 0.314939791886942}. Best is trial 19 with value: 0.07948978414668513.
2673.2s 131 ScoresHybridRecommender: URM Detected 334 ( 2.6%) users with no interactions.
2673.2s 132 ScoresHybridRecommender: URM Detected 194 ( 0.9%) items with no interactions.
2744.6s 133 [I 2023-12-05 16:58:29,850] Trial 28 finished with value: 0.07945401007547229 and parameters: {'weight_1': 0.6266047752314488, 'weight_2': 0.2569655323594638}. Best is trial 19 with value: 0.07948978414668513.
2744.8s 134 ScoresHybridRecommender: URM Detected 334 ( 2.6%) users with no interactions.
2744.8s 135 ScoresHybridRecommender: URM Detected 194 ( 0.9%) items with no interactions.
2816.5s 136 [I 2023-12-05 16:59:41,736] Trial 29 finished with value: 0.07863113555931214 and parameters: {'weight_1': 0.30227499258692236, 'weight_2': 0.3884233544172238}. Best is trial 19 with value: 0.07948978414668513.
2816.7s 137 ScoresHybridRecommender: URM Detected 334 ( 2.6%) users with no interactions.
2816.7s 138 ScoresHybridRecommender: URM Detected 194 ( 0.9%) items with no interactions.
2890.5s 139 [I 2023-12-05 17:00:55,750] Trial 30 finished with value: 0.07946421098050212 and parameters: {'weight_1': 0.5286701878006005, 'weight_2': 0.27720665278751844}. Best is trial 19 with value: 0.07948978414668513.
2890.7s 140 ScoresHybridRecommender: URM Detected 334 ( 2.6%) users with no interactions.
2890.7s 141 ScoresHybridRecommender: URM Detected 194 ( 0.9%) items with no interactions.
2963.2s 142 [I 2023-12-05 17:02:08,490] Trial 31 finished with value: 0.07945186750361545 and parameters: {'weight_1': 0.537148104776541, 'weight_2': 0.27345867850832634}. Best is trial 19 with value: 0.07948978414668513.
2963.4s 143 ScoresHybridRecommender: URM Detected 334 ( 2.6%) users with no interactions.
2963.4s 144 ScoresHybridRecommender: URM Detected 194 ( 0.9%) items with no interactions.
3035.8s 145 [I 2023-12-05 17:03:21,068] Trial 32 finished with value: 0.07945594913664031 and parameters: {'weight_1': 0.49528341399036413, 'weight_2': 0.32100728796291583}. Best is trial 19 with value: 0.07948978414668513.
3036.0s 146 ScoresHybridRecommender: URM Detected 334 ( 2.6%) users with no interactions.
3036.0s 147 ScoresHybridRecommender: URM Detected 194 ( 0.9%) items with no interactions.
3108.0s 148 [I 2023-12-05 17:04:33,288] Trial 33 finished with value: 0.07943255480535165 and parameters: {'weight_1': 0.6308708998189844, 'weight_2': 0.25625109348601977}. Best is trial 19 with value: 0.07948978414668513.
3108.2s 149 ScoresHybridRecommender: URM Detected 334 ( 2.6%) users with no interactions.
3108.2s 150 ScoresHybridRecommender: URM Detected 194 ( 0.9%) items with no interactions.
3181.4s 151 [I 2023-12-05 17:05:46,614] Trial 34 finished with value: 0.07951321118008653 and parameters: {'weight_1': 0.5731726450584586, 'weight_2': 0.2941171117185631}. Best is trial 34 with value: 0.07951321118008653.
3181.6s 152 ScoresHybridRecommender: URM Detected 334 ( 2.6%) users with no interactions.
3181.6s 153 ScoresHybridRecommender: URM Detected 194 ( 0.9%) items with no interactions.
3254.1s 154 [I 2023-12-05 17:06:59,336] Trial 35 finished with value: 0.07909729896754926 and parameters: {'weight_1': 0.579905397240114, 'weight_2': 0.07974734261606983}. Best is trial 34 with value: 0.07951321118008653.
3254.3s 155 ScoresHybridRecommender: URM Detected 334 ( 2.6%) users with no interactions.
3254.3s 156 ScoresHybridRecommender: URM Detected 194 ( 0.9%) items with no interactions.
3327.5s 157 [I 2023-12-05 17:08:12,747] Trial 36 finished with value: 0.07879411533437644 and parameters: {'weight_1': 0.4241001168790569, 'weight_2': 0.17397457439278105}. Best is trial 34 with value: 0.07951321118008653.
3327.7s 158 ScoresHybridRecommender: URM Detected 334 ( 2.6%) users with no interactions.
3327.7s 159 ScoresHybridRecommender: URM Detected 194 ( 0.9%) items with no interactions.
3400.4s 160 [I 2023-12-05 17:09:25,695] Trial 37 finished with value: 0.07846216529686177 and parameters: {'weight_1': 0.40955196596423127, 'weight_2': 0.13025829181033421}. Best is trial 34 with value: 0.07951321118008653.
3400.6s 161 ScoresHybridRecommender: URM Detected 334 ( 2.6%) users with no interactions.
3400.6s 162 ScoresHybridRecommender: URM Detected 194 ( 0.9%) items with no interactions.
3473.1s 163 [I 2023-12-05 17:10:38,382] Trial 38 finished with value: 0.07947604568010624 and parameters: {'weight_1': 0.5728662492119405, 'weight_2': 0.22921630345379146}. Best is trial 34 with value: 0.07951321118008653.
3473.3s 164 ScoresHybridRecommender: URM Detected 334 ( 2.6%) users with no interactions.
3473.3s 165 ScoresHybridRecommender: URM Detected 194 ( 0.9%) items with no interactions.
3546.1s 166 [I 2023-12-05 17:11:51,344] Trial 39 finished with value: 0.07940342142470616 and parameters: {'weight_1': 0.5719203080272203, 'weight_2': 0.2064292813181109}. Best is trial 34 with value: 0.07951321118008653.
3546.3s 167 ScoresHybridRecommender: URM Detected 334 ( 2.6%) users with no interactions.
3546.3s 168 ScoresHybridRecommender: URM Detected 194 ( 0.9%) items with no interactions.
3619.0s 169 [I 2023-12-05 17:13:04,235] Trial 40 finished with value: 0.07901475637768549 and parameters: {'weight_1': 0.7577595294903385, 'weight_2': 0.04085205077077009}. Best is trial 34 with value: 0.07951321118008653.
3619.2s 170 ScoresHybridRecommender: URM Detected 334 ( 2.6%) users with no interactions.
3619.2s 171 ScoresHybridRecommender: URM Detected 194 ( 0.9%) items with no interactions.
3691.5s 172 [I 2023-12-05 17:14:16,765] Trial 41 finished with value: 0.07942997743704873 and parameters: {'weight_1': 0.6121429247889068, 'weight_2': 0.23149682714452058}. Best is trial 34 with value: 0.07951321118008653.
3691.7s 173 ScoresHybridRecommender: URM Detected 334 ( 2.6%) users with no interactions.
3691.7s 174 ScoresHybridRecommender: URM Detected 194 ( 0.9%) items with no interactions.
3763.4s 175 [I 2023-12-05 17:15:28,615] Trial 42 finished with value: 0.07949370903077975 and parameters: {'weight_1': 0.566537245175799, 'weight_2': 0.3024434059623975}. Best is trial 34 with value: 0.07951321118008653.
3763.6s 176 ScoresHybridRecommender: URM Detected 334 ( 2.6%) users with no interactions.
3763.6s 177 ScoresHybridRecommender: URM Detected 194 ( 0.9%) items with no interactions.
3834.6s 178 [I 2023-12-05 17:16:39,879] Trial 43 finished with value: 0.07938591034240867 and parameters: {'weight_1': 0.5554210635499632, 'weight_2': 0.2375571587501824}. Best is trial 34 with value: 0.07951321118008653.
3834.8s 179 ScoresHybridRecommender: URM Detected 334 ( 2.6%) users with no interactions.
3834.8s 180 ScoresHybridRecommender: URM Detected 194 ( 0.9%) items with no interactions.
3906.5s 181 [I 2023-12-05 17:17:51,748] Trial 44 finished with value: 0.0793742665662223 and parameters: {'weight_1': 0.6355822382667451, 'weight_2': 0.26295805319278037}. Best is trial 34 with value: 0.07951321118008653.
3906.7s 182 ScoresHybridRecommender: URM Detected 334 ( 2.6%) users with no interactions.
3906.7s 183 ScoresHybridRecommender: URM Detected 194 ( 0.9%) items with no interactions.
3978.1s 184 [I 2023-12-05 17:19:03,364] Trial 45 finished with value: 0.0794446768426413 and parameters: {'weight_1': 0.557188519940044, 'weight_2': 0.2886108366899631}. Best is trial 34 with value: 0.07951321118008653.
3978.3s 185 ScoresHybridRecommender: URM Detected 334 ( 2.6%) users with no interactions.
3978.3s 186 ScoresHybridRecommender: URM Detected 194 ( 0.9%) items with no interactions.
4050.0s 187 [I 2023-12-05 17:20:15,237] Trial 46 finished with value: 0.0789626287083728 and parameters: {'weight_1': 0.7072523838079398, 'weight_2': 0.24089703296520928}. Best is trial 34 with value: 0.07951321118008653.
4050.2s 188 ScoresHybridRecommender: URM Detected 334 ( 2.6%) users with no interactions.
4050.2s 189 ScoresHybridRecommender: URM Detected 194 ( 0.9%) items with no interactions.
4121.7s 190 [I 2023-12-05 17:21:26,908] Trial 47 finished with value: 0.07922978368318445 and parameters: {'weight_1': 0.6739661111686063, 'weight_2': 0.2615459384991322}. Best is trial 34 with value: 0.07951321118008653.
4121.8s 191 ScoresHybridRecommender: URM Detected 334 ( 2.6%) users with no interactions.
4121.8s 192 ScoresHybridRecommender: URM Detected 194 ( 0.9%) items with no interactions.
4193.6s 193 [I 2023-12-05 17:22:38,827] Trial 48 finished with value: 0.07946495115156223 and parameters: {'weight_1': 0.4855307996385315, 'weight_2': 0.3010283242099467}. Best is trial 34 with value: 0.07951321118008653.
4193.8s 194 ScoresHybridRecommender: URM Detected 334 ( 2.6%) users with no interactions.
4193.8s 195 ScoresHybridRecommender: URM Detected 194 ( 0.9%) items with no interactions.
4265.4s 196 [I 2023-12-05 17:23:50,632] Trial 49 finished with value: 0.07943111702236054 and parameters: {'weight_1': 0.5927490210942951, 'weight_2': 0.22255557230295597}. Best is trial 34 with value: 0.07951321118008653.
4265.6s 197 ScoresHybridRecommender: URM Detected 334 ( 2.6%) users with no interactions.
4265.6s 198 ScoresHybridRecommender: URM Detected 194 ( 0.9%) items with no interactions.
4337.3s 199 [I 2023-12-05 17:25:02,574] Trial 50 finished with value: 0.07916230540464883 and parameters: {'weight_1': 0.3757370298583758, 'weight_2': 0.3515965725141287}. Best is trial 34 with value: 0.07951321118008653.
4337.5s 200 ScoresHybridRecommender: URM Detected 334 ( 2.6%) users with no interactions.
4337.5s 201 ScoresHybridRecommender: URM Detected 194 ( 0.9%) items with no interactions.
4410.9s 202 [I 2023-12-05 17:26:16,164] Trial 51 finished with value: 0.07945823264290978 and parameters: {'weight_1': 0.4742462395267477, 'weight_2': 0.30356888465924525}. Best is trial 34 with value: 0.07951321118008653.
4411.1s 203 ScoresHybridRecommender: URM Detected 334 ( 2.6%) users with no interactions.
4411.1s 204 ScoresHybridRecommender: URM Detected 194 ( 0.9%) items with no interactions.
