Summing ratings, with l2 normalization.
SLIM + rp3b + KNN
479.5s 56 [I 2023-12-06 23:06:00,688] A new study created in memory with name: no-name-e10b9a8e-5515-49e3-b649-d3e8f4d94b5c
479.7s 57 ScoresHybridRecommender: URM Detected 318 ( 2.5%) users with no interactions.
479.7s 58 ScoresHybridRecommender: URM Detected 217 ( 1.0%) items with no interactions.
529.2s 59 [I 2023-12-06 23:06:50,403] Trial 0 finished with value: 0.0791769110678943 and parameters: {'weight_1': 0.949983500127576, 'weight_2': 0.04463088165209726}. Best is trial 0 with value: 0.0791769110678943.
529.4s 60 ScoresHybridRecommender: URM Detected 318 ( 2.5%) users with no interactions.
529.4s 61 ScoresHybridRecommender: URM Detected 217 ( 1.0%) items with no interactions.
580.9s 62 [I 2023-12-06 23:07:42,092] Trial 1 finished with value: 0.08043802526553137 and parameters: {'weight_1': 0.7039655746160935, 'weight_2': 0.29158380577413934}. Best is trial 1 with value: 0.08043802526553137.
581.1s 63 ScoresHybridRecommender: URM Detected 318 ( 2.5%) users with no interactions.
581.1s 64 ScoresHybridRecommender: URM Detected 217 ( 1.0%) items with no interactions.
633.6s 65 [I 2023-12-06 23:08:34,829] Trial 2 finished with value: 0.07872006423926052 and parameters: {'weight_1': 0.1695524567140927, 'weight_2': 0.7869275636044921}. Best is trial 1 with value: 0.08043802526553137.
633.8s 66 ScoresHybridRecommender: URM Detected 318 ( 2.5%) users with no interactions.
633.8s 67 ScoresHybridRecommender: URM Detected 217 ( 1.0%) items with no interactions.
686.5s 68 [I 2023-12-06 23:09:27,754] Trial 3 finished with value: 0.07876316775180223 and parameters: {'weight_1': 0.06438557103418041, 'weight_2': 0.4595284309859232}. Best is trial 1 with value: 0.08043802526553137.
686.7s 69 ScoresHybridRecommender: URM Detected 318 ( 2.5%) users with no interactions.
686.7s 70 ScoresHybridRecommender: URM Detected 217 ( 1.0%) items with no interactions.
741.6s 71 [I 2023-12-06 23:10:22,840] Trial 4 finished with value: 0.08112630300730199 and parameters: {'weight_1': 0.4546363777814457, 'weight_2': 0.36051048514258593}. Best is trial 4 with value: 0.08112630300730199.
741.8s 72 ScoresHybridRecommender: URM Detected 318 ( 2.5%) users with no interactions.
741.8s 73 ScoresHybridRecommender: URM Detected 217 ( 1.0%) items with no interactions.
796.3s 74 [I 2023-12-06 23:11:17,475] Trial 5 finished with value: 0.08061210885870697 and parameters: {'weight_1': 0.31144758728913413, 'weight_2': 0.38991052653969466}. Best is trial 4 with value: 0.08112630300730199.
796.5s 75 ScoresHybridRecommender: URM Detected 318 ( 2.5%) users with no interactions.
796.5s 76 ScoresHybridRecommender: URM Detected 217 ( 1.0%) items with no interactions.
850.3s 77 [I 2023-12-06 23:12:11,548] Trial 6 finished with value: 0.08088489252297018 and parameters: {'weight_1': 0.6797576624572049, 'weight_2': 0.1578465557668776}. Best is trial 4 with value: 0.08112630300730199.
850.5s 78 ScoresHybridRecommender: URM Detected 318 ( 2.5%) users with no interactions.
850.5s 79 ScoresHybridRecommender: URM Detected 217 ( 1.0%) items with no interactions.
905.5s 80 [I 2023-12-06 23:13:06,691] Trial 7 finished with value: 0.08081362834323383 and parameters: {'weight_1': 0.614264388514918, 'weight_2': 0.10214535848189427}. Best is trial 4 with value: 0.08112630300730199.
905.7s 81 ScoresHybridRecommender: URM Detected 318 ( 2.5%) users with no interactions.
905.7s 82 ScoresHybridRecommender: URM Detected 217 ( 1.0%) items with no interactions.
959.8s 83 [I 2023-12-06 23:14:01,003] Trial 8 finished with value: 0.08079233789582238 and parameters: {'weight_1': 0.36536586000887583, 'weight_2': 0.2712555480706405}. Best is trial 4 with value: 0.08112630300730199.
960.0s 84 ScoresHybridRecommender: URM Detected 318 ( 2.5%) users with no interactions.
960.0s 85 ScoresHybridRecommender: URM Detected 217 ( 1.0%) items with no interactions.
1012.8s 86 [I 2023-12-06 23:14:53,992] Trial 9 finished with value: 0.08038305867262593 and parameters: {'weight_1': 0.4261295171803918, 'weight_2': 0.06420921870266927}. Best is trial 4 with value: 0.08112630300730199.
1013.1s 87 ScoresHybridRecommender: URM Detected 318 ( 2.5%) users with no interactions.
1013.1s 88 ScoresHybridRecommender: URM Detected 217 ( 1.0%) items with no interactions.
1067.2s 89 [I 2023-12-06 23:15:48,429] Trial 10 finished with value: 0.07986491230654522 and parameters: {'weight_1': 0.22438923026415858, 'weight_2': 0.45833675449653016}. Best is trial 4 with value: 0.08112630300730199.
1067.4s 90 ScoresHybridRecommender: URM Detected 318 ( 2.5%) users with no interactions.
1067.4s 91 ScoresHybridRecommender: URM Detected 217 ( 1.0%) items with no interactions.
1123.1s 92 [I 2023-12-06 23:16:44,337] Trial 11 finished with value: 0.08090046056354498 and parameters: {'weight_1': 0.5253912051018377, 'weight_2': 0.1532914661285067}. Best is trial 4 with value: 0.08112630300730199.
1123.3s 93 ScoresHybridRecommender: URM Detected 318 ( 2.5%) users with no interactions.
1123.3s 94 ScoresHybridRecommender: URM Detected 217 ( 1.0%) items with no interactions.
1178.2s 95 [I 2023-12-06 23:17:39,453] Trial 12 finished with value: 0.08097191416437444 and parameters: {'weight_1': 0.5061013825147331, 'weight_2': 0.17366803007045417}. Best is trial 4 with value: 0.08112630300730199.
1178.4s 96 ScoresHybridRecommender: URM Detected 318 ( 2.5%) users with no interactions.
1178.4s 97 ScoresHybridRecommender: URM Detected 217 ( 1.0%) items with no interactions.
1232.8s 98 [I 2023-12-06 23:18:33,972] Trial 13 finished with value: 0.08033649667544923 and parameters: {'weight_1': 0.4993284301688846, 'weight_2': 0.004091302051695916}. Best is trial 4 with value: 0.08112630300730199.
1233.0s 99 ScoresHybridRecommender: URM Detected 318 ( 2.5%) users with no interactions.
1233.0s 100 ScoresHybridRecommender: URM Detected 217 ( 1.0%) items with no interactions.
1286.4s 101 [I 2023-12-06 23:19:27,650] Trial 14 finished with value: 0.0779518535985449 and parameters: {'weight_1': 0.0019325363341033963, 'weight_2': 0.6784701666687076}. Best is trial 4 with value: 0.08112630300730199.
1286.6s 102 ScoresHybridRecommender: URM Detected 318 ( 2.5%) users with no interactions.
1286.6s 103 ScoresHybridRecommender: URM Detected 217 ( 1.0%) items with no interactions.
1340.8s 104 [I 2023-12-06 23:20:22,054] Trial 15 finished with value: 0.08057426119610991 and parameters: {'weight_1': 0.32313633167098194, 'weight_2': 0.224806699360945}. Best is trial 4 with value: 0.08112630300730199.
1341.0s 105 ScoresHybridRecommender: URM Detected 318 ( 2.5%) users with no interactions.
1341.0s 106 ScoresHybridRecommender: URM Detected 217 ( 1.0%) items with no interactions.
1395.5s 107 [I 2023-12-06 23:21:16,695] Trial 16 finished with value: 0.08080862203428567 and parameters: {'weight_1': 0.4479441452952405, 'weight_2': 0.1766427478659438}. Best is trial 4 with value: 0.08112630300730199.
1395.7s 108 ScoresHybridRecommender: URM Detected 318 ( 2.5%) users with no interactions.
1395.7s 109 ScoresHybridRecommender: URM Detected 217 ( 1.0%) items with no interactions.
1448.9s 110 [I 2023-12-06 23:22:10,117] Trial 17 finished with value: 0.08082346403961341 and parameters: {'weight_1': 0.6078814404064208, 'weight_2': 0.11789806005872652}. Best is trial 4 with value: 0.08112630300730199.
1449.1s 111 ScoresHybridRecommender: URM Detected 318 ( 2.5%) users with no interactions.
1449.1s 112 ScoresHybridRecommender: URM Detected 217 ( 1.0%) items with no interactions.
1504.3s 113 [I 2023-12-06 23:23:05,459] Trial 18 finished with value: 0.07990182855193546 and parameters: {'weight_1': 0.8387836118823448, 'weight_2': 0.002850471004568228}. Best is trial 4 with value: 0.08112630300730199.
1504.5s 114 ScoresHybridRecommender: URM Detected 318 ( 2.5%) users with no interactions.
1504.5s 115 ScoresHybridRecommender: URM Detected 217 ( 1.0%) items with no interactions.
1559.5s 116 [I 2023-12-06 23:24:00,719] Trial 19 finished with value: 0.08107293562194748 and parameters: {'weight_1': 0.5118339898507569, 'weight_2': 0.2199406191769443}. Best is trial 4 with value: 0.08112630300730199.
1559.7s 117 ScoresHybridRecommender: URM Detected 318 ( 2.5%) users with no interactions.
1559.7s 118 ScoresHybridRecommender: URM Detected 217 ( 1.0%) items with no interactions.
1613.2s 119 [I 2023-12-06 23:24:54,401] Trial 20 finished with value: 0.08113068399714692 and parameters: {'weight_1': 0.38509906170820085, 'weight_2': 0.3554405594016967}. Best is trial 20 with value: 0.08113068399714692.
1613.4s 120 ScoresHybridRecommender: URM Detected 318 ( 2.5%) users with no interactions.
1613.4s 121 ScoresHybridRecommender: URM Detected 217 ( 1.0%) items with no interactions.
1667.1s 122 [I 2023-12-06 23:25:48,286] Trial 21 finished with value: 0.08112279314415512 and parameters: {'weight_1': 0.42392388435295986, 'weight_2': 0.31782543528408413}. Best is trial 20 with value: 0.08113068399714692.
1667.3s 123 ScoresHybridRecommender: URM Detected 318 ( 2.5%) users with no interactions.
1667.3s 124 ScoresHybridRecommender: URM Detected 217 ( 1.0%) items with no interactions.
1720.0s 125 [I 2023-12-06 23:26:41,229] Trial 22 finished with value: 0.08113195727230187 and parameters: {'weight_1': 0.3605062558127686, 'weight_2': 0.3420169431352211}. Best is trial 22 with value: 0.08113195727230187.
1720.2s 126 ScoresHybridRecommender: URM Detected 318 ( 2.5%) users with no interactions.
1720.2s 127 ScoresHybridRecommender: URM Detected 217 ( 1.0%) items with no interactions.
1774.8s 128 [I 2023-12-06 23:27:35,996] Trial 23 finished with value: 0.08056489619988835 and parameters: {'weight_1': 0.29777530440767225, 'weight_2': 0.3696976600613404}. Best is trial 22 with value: 0.08113195727230187.
1775.0s 129 ScoresHybridRecommender: URM Detected 318 ( 2.5%) users with no interactions.
1775.0s 130 ScoresHybridRecommender: URM Detected 217 ( 1.0%) items with no interactions.
1829.6s 131 [I 2023-12-06 23:28:30,835] Trial 24 finished with value: 0.07981489644888685 and parameters: {'weight_1': 0.22139796869667283, 'weight_2': 0.46056620514538676}. Best is trial 22 with value: 0.08113195727230187.
1829.8s 132 ScoresHybridRecommender: URM Detected 318 ( 2.5%) users with no interactions.
1829.8s 133 ScoresHybridRecommender: URM Detected 217 ( 1.0%) items with no interactions.
1883.2s 134 [I 2023-12-06 23:29:24,371] Trial 25 finished with value: 0.08110456001617555 and parameters: {'weight_1': 0.3967180218926771, 'weight_2': 0.33654919361461705}. Best is trial 22 with value: 0.08113195727230187.
1883.4s 135 ScoresHybridRecommender: URM Detected 318 ( 2.5%) users with no interactions.
1883.4s 136 ScoresHybridRecommender: URM Detected 217 ( 1.0%) items with no interactions.
1938.5s 137 [I 2023-12-06 23:30:19,672] Trial 26 finished with value: 0.08079552245387696 and parameters: {'weight_1': 0.33575236653975493, 'weight_2': 0.38882197418891895}. Best is trial 22 with value: 0.08113195727230187.
1938.7s 138 ScoresHybridRecommender: URM Detected 318 ( 2.5%) users with no interactions.
1938.7s 139 ScoresHybridRecommender: URM Detected 217 ( 1.0%) items with no interactions.
1996.4s 140 [I 2023-12-06 23:31:17,563] Trial 27 finished with value: 0.07997239180924016 and parameters: {'weight_1': 0.2576995864630518, 'weight_2': 0.25145604382715414}. Best is trial 22 with value: 0.08113195727230187.
1996.6s 141 ScoresHybridRecommender: URM Detected 318 ( 2.5%) users with no interactions.
1996.6s 142 ScoresHybridRecommender: URM Detected 217 ( 1.0%) items with no interactions.
1996.6s 143 Error: Weights sum is 0.9999999999999999, but must be 1.0
2054.9s 144 [I 2023-12-06 23:32:16,151] Trial 28 finished with value: 0.08115027184820173 and parameters: {'weight_1': 0.3922869120717633, 'weight_2': 0.3448346150002993}. Best is trial 28 with value: 0.08115027184820173.
2055.1s 145 ScoresHybridRecommender: URM Detected 318 ( 2.5%) users with no interactions.
2055.1s 146 ScoresHybridRecommender: URM Detected 217 ( 1.0%) items with no interactions.
2116.3s 147 [I 2023-12-06 23:33:17,555] Trial 29 finished with value: 0.07952246423693465 and parameters: {'weight_1': 0.15273943833637837, 'weight_2': 0.532552301249902}. Best is trial 28 with value: 0.08115027184820173.
2116.6s 148 ScoresHybridRecommender: URM Detected 318 ( 2.5%) users with no interactions.
2116.6s 149 ScoresHybridRecommender: URM Detected 217 ( 1.0%) items with no interactions.
2178.9s 150 [I 2023-12-06 23:34:20,111] Trial 30 finished with value: 0.08112691122906275 and parameters: {'weight_1': 0.37233788039142834, 'weight_2': 0.2998379985129771}. Best is trial 28 with value: 0.08115027184820173.
2179.1s 151 ScoresHybridRecommender: URM Detected 318 ( 2.5%) users with no interactions.
2179.1s 152 ScoresHybridRecommender: URM Detected 217 ( 1.0%) items with no interactions.
2240.3s 153 [I 2023-12-06 23:35:21,512] Trial 31 finished with value: 0.08110231260531808 and parameters: {'weight_1': 0.36858665701688786, 'weight_2': 0.32472561313487547}. Best is trial 28 with value: 0.08115027184820173.
2240.5s 154 ScoresHybridRecommender: URM Detected 318 ( 2.5%) users with no interactions.
2240.5s 155 ScoresHybridRecommender: URM Detected 217 ( 1.0%) items with no interactions.
2300.6s 156 [I 2023-12-06 23:36:21,809] Trial 32 finished with value: 0.08099556940336854 and parameters: {'weight_1': 0.3737275366935178, 'weight_2': 0.2868016017650653}. Best is trial 28 with value: 0.08115027184820173.
2300.8s 157 ScoresHybridRecommender: URM Detected 318 ( 2.5%) users with no interactions.
2300.8s 158 ScoresHybridRecommender: URM Detected 217 ( 1.0%) items with no interactions.
2359.5s 159 [I 2023-12-06 23:37:20,698] Trial 33 finished with value: 0.08049765619212379 and parameters: {'weight_1': 0.29151291011982783, 'weight_2': 0.29717082901167785}. Best is trial 28 with value: 0.08115027184820173.
2359.7s 160 ScoresHybridRecommender: URM Detected 318 ( 2.5%) users with no interactions.
2359.7s 161 ScoresHybridRecommender: URM Detected 217 ( 1.0%) items with no interactions.
2417.1s 162 [I 2023-12-06 23:38:18,270] Trial 34 finished with value: 0.07996144299069245 and parameters: {'weight_1': 0.2642821053849129, 'weight_2': 0.2228945508187966}. Best is trial 28 with value: 0.08115027184820173.
2417.3s 163 ScoresHybridRecommender: URM Detected 318 ( 2.5%) users with no interactions.
2417.3s 164 ScoresHybridRecommender: URM Detected 217 ( 1.0%) items with no interactions.
2473.3s 165 [I 2023-12-06 23:39:14,508] Trial 35 finished with value: 0.0797288918802595 and parameters: {'weight_1': 0.17642673132267106, 'weight_2': 0.42493551352354275}. Best is trial 28 with value: 0.08115027184820173.
2473.5s 166 ScoresHybridRecommender: URM Detected 318 ( 2.5%) users with no interactions.
2473.5s 167 ScoresHybridRecommender: URM Detected 217 ( 1.0%) items with no interactions.
2527.7s 168 [I 2023-12-06 23:40:08,925] Trial 36 finished with value: 0.08109945230708746 and parameters: {'weight_1': 0.39030910678331127, 'weight_2': 0.3352102604030496}. Best is trial 28 with value: 0.08115027184820173.
2527.9s 169 ScoresHybridRecommender: URM Detected 318 ( 2.5%) users with no interactions.
2527.9s 170 ScoresHybridRecommender: URM Detected 217 ( 1.0%) items with no interactions.
2582.9s 171 [I 2023-12-06 23:41:04,100] Trial 37 finished with value: 0.08114785366744585 and parameters: {'weight_1': 0.4446953204013283, 'weight_2': 0.301517743563997}. Best is trial 28 with value: 0.08115027184820173.
2583.1s 172 ScoresHybridRecommender: URM Detected 318 ( 2.5%) users with no interactions.
2583.1s 173 ScoresHybridRecommender: URM Detected 217 ( 1.0%) items with no interactions.
2637.0s 174 [I 2023-12-06 23:41:58,215] Trial 38 finished with value: 0.08112116391741586 and parameters: {'weight_1': 0.46787263513011157, 'weight_2': 0.35493614560877385}. Best is trial 28 with value: 0.08115027184820173.
2637.2s 175 ScoresHybridRecommender: URM Detected 318 ( 2.5%) users with no interactions.
2637.2s 176 ScoresHybridRecommender: URM Detected 217 ( 1.0%) items with no interactions.
2689.8s 177 [I 2023-12-06 23:42:50,996] Trial 39 finished with value: 0.08112605117758345 and parameters: {'weight_1': 0.5642645731003183, 'weight_2': 0.2606942355470319}. Best is trial 28 with value: 0.08115027184820173.
2690.0s 178 ScoresHybridRecommender: URM Detected 318 ( 2.5%) users with no interactions.
2690.0s 179 ScoresHybridRecommender: URM Detected 217 ( 1.0%) items with no interactions.
2743.7s 180 [I 2023-12-06 23:43:44,918] Trial 40 finished with value: 0.08102105295646325 and parameters: {'weight_1': 0.446864664538071, 'weight_2': 0.3223355569543178}. Best is trial 28 with value: 0.08115027184820173.
2743.9s 181 ScoresHybridRecommender: URM Detected 318 ( 2.5%) users with no interactions.
2743.9s 182 ScoresHybridRecommender: URM Detected 217 ( 1.0%) items with no interactions.
2798.1s 183 [I 2023-12-06 23:44:39,317] Trial 41 finished with value: 0.08081046297600492 and parameters: {'weight_1': 0.34012007549674794, 'weight_2': 0.30778858375070534}. Best is trial 28 with value: 0.08115027184820173.
2798.3s 184 ScoresHybridRecommender: URM Detected 318 ( 2.5%) users with no interactions.
2798.3s 185 ScoresHybridRecommender: URM Detected 217 ( 1.0%) items with no interactions.
2798.3s 186 Error: Weights sum is 0.9999999999999999, but must be 1.0
2850.3s 187 [I 2023-12-06 23:45:31,468] Trial 42 finished with value: 0.08112687515449002 and parameters: {'weight_1': 0.39791855641809576, 'weight_2': 0.2884675737386876}. Best is trial 28 with value: 0.08115027184820173.
2850.5s 188 ScoresHybridRecommender: URM Detected 318 ( 2.5%) users with no interactions.
2850.5s 189 ScoresHybridRecommender: URM Detected 217 ( 1.0%) items with no interactions.
2902.2s 190 [I 2023-12-06 23:46:23,416] Trial 43 finished with value: 0.08100720740989366 and parameters: {'weight_1': 0.46107539452782775, 'weight_2': 0.2812044845952105}. Best is trial 28 with value: 0.08115027184820173.
2902.4s 191 ScoresHybridRecommender: URM Detected 318 ( 2.5%) users with no interactions.
2902.4s 192 ScoresHybridRecommender: URM Detected 217 ( 1.0%) items with no interactions.
2956.7s 193 [I 2023-12-06 23:47:17,943] Trial 44 finished with value: 0.08087081886450354 and parameters: {'weight_1': 0.3430934785599694, 'weight_2': 0.3787415684803217}. Best is trial 28 with value: 0.08115027184820173.
2956.9s 194 ScoresHybridRecommender: URM Detected 318 ( 2.5%) users with no interactions.
2956.9s 195 ScoresHybridRecommender: URM Detected 217 ( 1.0%) items with no interactions.
3011.1s 196 [I 2023-12-06 23:48:12,317] Trial 45 finished with value: 0.08113063943120487 and parameters: {'weight_1': 0.41638891425395674, 'weight_2': 0.36018302424133164}. Best is trial 28 with value: 0.08115027184820173.
3011.3s 197 ScoresHybridRecommender: URM Detected 318 ( 2.5%) users with no interactions.
3011.3s 198 ScoresHybridRecommender: URM Detected 217 ( 1.0%) items with no interactions.
3065.1s 199 [I 2023-12-06 23:49:06,322] Trial 46 finished with value: 0.08115907029764688 and parameters: {'weight_1': 0.41457005095211963, 'weight_2': 0.3428277518500471}. Best is trial 46 with value: 0.08115907029764688.
3065.3s 200 ScoresHybridRecommender: URM Detected 318 ( 2.5%) users with no interactions.
3065.3s 201 ScoresHybridRecommender: URM Detected 217 ( 1.0%) items with no interactions.
3118.5s 202 [I 2023-12-06 23:49:59,748] Trial 47 finished with value: 0.08110678045379315 and parameters: {'weight_1': 0.5523229817472975, 'weight_2': 0.34205461476033977}. Best is trial 46 with value: 0.08115907029764688.
3118.7s 203 ScoresHybridRecommender: URM Detected 318 ( 2.5%) users with no interactions.
3118.7s 204 ScoresHybridRecommender: URM Detected 217 ( 1.0%) items with no interactions.
3172.1s 205 [I 2023-12-06 23:50:53,283] Trial 48 finished with value: 0.08104722195624821 and parameters: {'weight_1': 0.4788890795351488, 'weight_2': 0.3120095722194324}. Best is trial 46 with value: 0.08115907029764688.
3172.3s 206 ScoresHybridRecommender: URM Detected 318 ( 2.5%) users with no interactions.
3172.3s 207 ScoresHybridRecommender: URM Detected 217 ( 1.0%) items with no interactions.
3226.1s 208 [I 2023-12-06 23:51:47,287] Trial 49 finished with value: 0.08099623353188931 and parameters: {'weight_1': 0.42080561238911596, 'weight_2': 0.4006307397236556}. Best is trial 46 with value: 0.08115907029764688.
3226.3s 209 ScoresHybridRecommender: URM Detected 318 ( 2.5%) users with no interactions.
3226.3s 210 ScoresHybridRecommender: URM Detected 217 ( 1.0%) items with no interactions.
3279.6s 211 [I 2023-12-06 23:52:40,849] Trial 50 finished with value: 0.0809619699265672 and parameters: {'weight_1': 0.49046731800562043, 'weight_2': 0.35288597586569614}. Best is trial 46 with value: 0.08115907029764688.
3279.8s 212 ScoresHybridRecommender: URM Detected 318 ( 2.5%) users with no interactions.
3279.8s 213 ScoresHybridRecommender: URM Detected 217 ( 1.0%) items with no interactions.
3334.1s 214 [I 2023-12-06 23:53:35,332] Trial 51 finished with value: 0.08120821944896553 and parameters: {'weight_1': 0.42427135178424535, 'weight_2': 0.3603788018594988}. Best is trial 51 with value: 0.08120821944896553.
3334.3s 215 ScoresHybridRecommender: URM Detected 318 ( 2.5%) users with no interactions.
3334.3s 216 ScoresHybridRecommender: URM Detected 217 ( 1.0%) items with no interactions.
3388.9s 217 [I 2023-12-06 23:54:30,096] Trial 52 finished with value: 0.08056195482407348 and parameters: {'weight_1': 0.31546053184524814, 'weight_2': 0.41113600982167914}. Best is trial 51 with value: 0.08120821944896553.
3389.1s 218 ScoresHybridRecommender: URM Detected 318 ( 2.5%) users with no interactions.
3389.1s 219 ScoresHybridRecommender: URM Detected 217 ( 1.0%) items with no interactions.
