16188.9s 692 [I 2023-12-05 20:42:34,092] Trial 214 finished with value: 0.0794914409878353 and parameters: {'weight_1': 0.5528566843635324, 'weight_2': 0.2538608269772517}. Best is trial 147 with value: 0.07957527933249149.
16189.0s 693 ScoresHybridRecommender: URM Detected 334 ( 2.6%) users with no interactions.
16189.0s 694 ScoresHybridRecommender: URM Detected 194 ( 0.9%) items with no interactions.
16260.1s 695 [I 2023-12-05 20:43:45,315] Trial 215 finished with value: 0.07945715897322098 and parameters: {'weight_1': 0.5735595299255228, 'weight_2': 0.2714577695106837}. Best is trial 147 with value: 0.07957527933249149.
16260.3s 696 ScoresHybridRecommender: URM Detected 334 ( 2.6%) users with no interactions.
16260.3s 697 ScoresHybridRecommender: URM Detected 194 ( 0.9%) items with no interactions.
16331.2s 698 [I 2023-12-05 20:44:56,463] Trial 216 finished with value: 0.0794092323499172 and parameters: {'weight_1': 0.5388988573722662, 'weight_2': 0.30939596425279553}. Best is trial 147 with value: 0.07957527933249149.
16331.4s 699 ScoresHybridRecommender: URM Detected 334 ( 2.6%) users with no interactions.
16331.4s 700 ScoresHybridRecommender: URM Detected 194 ( 0.9%) items with no interactions.
16402.8s 701 [I 2023-12-05 20:46:07,980] Trial 217 finished with value: 0.07934896027828361 and parameters: {'weight_1': 0.6242843915383862, 'weight_2': 0.28233046851236526}. Best is trial 147 with value: 0.07957527933249149.
16402.9s 702 ScoresHybridRecommender: URM Detected 334 ( 2.6%) users with no interactions.
16402.9s 703 ScoresHybridRecommender: URM Detected 194 ( 0.9%) items with no interactions.
16473.6s 704 [I 2023-12-05 20:47:18,721] Trial 218 finished with value: 0.07948729880579518 and parameters: {'weight_1': 0.5991555886689038, 'weight_2': 0.2926148561537308}. Best is trial 147 with value: 0.07957527933249149.
16473.7s 705 ScoresHybridRecommender: URM Detected 334 ( 2.6%) users with no interactions.
16473.7s 706 ScoresHybridRecommender: URM Detected 194 ( 0.9%) items with no interactions.
16544.9s 707 [I 2023-12-05 20:48:30,129] Trial 219 finished with value: 0.07949399049608116 and parameters: {'weight_1': 0.5644085693982, 'weight_2': 0.2695323055340833}. Best is trial 147 with value: 0.07957527933249149.
16545.1s 708 ScoresHybridRecommender: URM Detected 334 ( 2.6%) users with no interactions.
16545.1s 709 ScoresHybridRecommender: URM Detected 194 ( 0.9%) items with no interactions.
16615.9s 710 [I 2023-12-05 20:49:41,077] Trial 220 finished with value: 0.07940238672598603 and parameters: {'weight_1': 0.5320120467222177, 'weight_2': 0.2622253674894977}. Best is trial 147 with value: 0.07957527933249149.
16616.0s 711 ScoresHybridRecommender: URM Detected 334 ( 2.6%) users with no interactions.
16616.0s 712 ScoresHybridRecommender: URM Detected 194 ( 0.9%) items with no interactions.
16686.9s 713 [I 2023-12-05 20:50:52,087] Trial 221 finished with value: 0.07945960120756866 and parameters: {'weight_1': 0.5544938008090331, 'weight_2': 0.28678679097014204}. Best is trial 147 with value: 0.07957527933249149.
16687.0s 714 ScoresHybridRecommender: URM Detected 334 ( 2.6%) users with no interactions.
16687.0s 715 ScoresHybridRecommender: URM Detected 194 ( 0.9%) items with no interactions.
16758.4s 716 [I 2023-12-05 20:52:03,584] Trial 222 finished with value: 0.0795643375293058 and parameters: {'weight_1': 0.5791656931542728, 'weight_2': 0.28070256243277664}. Best is trial 147 with value: 0.07957527933249149.
16758.5s 717 ScoresHybridRecommender: URM Detected 334 ( 2.6%) users with no interactions.
16758.5s 718 ScoresHybridRecommender: URM Detected 194 ( 0.9%) items with no interactions.
16829.2s 719 [I 2023-12-05 20:53:14,370] Trial 223 finished with value: 0.07949732468095914 and parameters: {'weight_1': 0.5852984398273303, 'weight_2': 0.27611656377083926}. Best is trial 147 with value: 0.07957527933249149.
16829.3s 720 ScoresHybridRecommender: URM Detected 334 ( 2.6%) users with no interactions.
16829.3s 721 ScoresHybridRecommender: URM Detected 194 ( 0.9%) items with no interactions.
16900.1s 722 [I 2023-12-05 20:54:25,330] Trial 224 finished with value: 0.07945025643360774 and parameters: {'weight_1': 0.6054375527110885, 'weight_2': 0.2835643617314171}. Best is trial 147 with value: 0.07957527933249149.
16900.3s 723 ScoresHybridRecommender: URM Detected 334 ( 2.6%) users with no interactions.
16900.3s 724 ScoresHybridRecommender: URM Detected 194 ( 0.9%) items with no interactions.
16971.0s 725 [I 2023-12-05 20:55:36,239] Trial 225 finished with value: 0.0721189586188709 and parameters: {'weight_1': 0.018766738008548, 'weight_2': 0.20614446626652938}. Best is trial 147 with value: 0.07957527933249149.
16971.2s 726 ScoresHybridRecommender: URM Detected 334 ( 2.6%) users with no interactions.
16971.2s 727 ScoresHybridRecommender: URM Detected 194 ( 0.9%) items with no interactions.
17040.5s 728 [I 2023-12-05 20:56:45,762] Trial 226 finished with value: 0.07945531598969205 and parameters: {'weight_1': 0.5795760894902183, 'weight_2': 0.3019547825027121}. Best is trial 147 with value: 0.07957527933249149.
17040.7s 729 ScoresHybridRecommender: URM Detected 334 ( 2.6%) users with no interactions.
17040.7s 730 ScoresHybridRecommender: URM Detected 194 ( 0.9%) items with no interactions.
17110.5s 731 [I 2023-12-05 20:57:55,730] Trial 227 finished with value: 0.07797721148588921 and parameters: {'weight_1': 0.8601155907150823, 'weight_2': 0.1396113627205503}. Best is trial 147 with value: 0.07957527933249149.
17110.7s 732 ScoresHybridRecommender: URM Detected 334 ( 2.6%) users with no interactions.
17110.7s 733 ScoresHybridRecommender: URM Detected 194 ( 0.9%) items with no interactions.
17181.2s 734 [I 2023-12-05 20:59:06,400] Trial 228 finished with value: 0.07947251979388568 and parameters: {'weight_1': 0.5591709956418094, 'weight_2': 0.24566226181354694}. Best is trial 147 with value: 0.07957527933249149.
17181.3s 735 ScoresHybridRecommender: URM Detected 334 ( 2.6%) users with no interactions.
17181.3s 736 ScoresHybridRecommender: URM Detected 194 ( 0.9%) items with no interactions.
17252.2s 737 [I 2023-12-05 21:00:17,447] Trial 229 finished with value: 0.07941294605695026 and parameters: {'weight_1': 0.540761152872261, 'weight_2': 0.316599476476675}. Best is trial 147 with value: 0.07957527933249149.
17252.4s 738 ScoresHybridRecommender: URM Detected 334 ( 2.6%) users with no interactions.
17252.4s 739 ScoresHybridRecommender: URM Detected 194 ( 0.9%) items with no interactions.
17324.1s 740 [I 2023-12-05 21:01:29,311] Trial 230 finished with value: 0.07943314968006512 and parameters: {'weight_1': 0.609427675099861, 'weight_2': 0.29220943541110406}. Best is trial 147 with value: 0.07957527933249149.
17324.3s 741 ScoresHybridRecommender: URM Detected 334 ( 2.6%) users with no interactions.
17324.3s 742 ScoresHybridRecommender: URM Detected 194 ( 0.9%) items with no interactions.
17395.3s 743 [I 2023-12-05 21:02:40,470] Trial 231 finished with value: 0.07947850077522843 and parameters: {'weight_1': 0.5678414265830687, 'weight_2': 0.27877065554123237}. Best is trial 147 with value: 0.07957527933249149.
17395.4s 744 ScoresHybridRecommender: URM Detected 334 ( 2.6%) users with no interactions.
17395.4s 745 ScoresHybridRecommender: URM Detected 194 ( 0.9%) items with no interactions.
17466.7s 746 [I 2023-12-05 21:03:51,963] Trial 232 finished with value: 0.07948737832637749 and parameters: {'weight_1': 0.5561130039860915, 'weight_2': 0.26360640763964405}. Best is trial 147 with value: 0.07957527933249149.
17466.9s 747 ScoresHybridRecommender: URM Detected 334 ( 2.6%) users with no interactions.
17466.9s 748 ScoresHybridRecommender: URM Detected 194 ( 0.9%) items with no interactions.
17537.6s 749 [I 2023-12-05 21:05:02,849] Trial 233 finished with value: 0.07950676338387522 and parameters: {'weight_1': 0.5762954694129861, 'weight_2': 0.2794833693566172}. Best is trial 147 with value: 0.07957527933249149.
17537.8s 750 ScoresHybridRecommender: URM Detected 334 ( 2.6%) users with no interactions.
17537.8s 751 ScoresHybridRecommender: URM Detected 194 ( 0.9%) items with no interactions.
17609.0s 752 [I 2023-12-05 21:06:14,255] Trial 234 finished with value: 0.07952329557093689 and parameters: {'weight_1': 0.5879832115882152, 'weight_2': 0.2838030228845429}. Best is trial 147 with value: 0.07957527933249149.
17609.2s 753 ScoresHybridRecommender: URM Detected 334 ( 2.6%) users with no interactions.
17609.2s 754 ScoresHybridRecommender: URM Detected 194 ( 0.9%) items with no interactions.
17680.0s 755 [I 2023-12-05 21:07:25,245] Trial 235 finished with value: 0.0794692303460888 and parameters: {'weight_1': 0.579119984465735, 'weight_2': 0.2729608750429818}. Best is trial 147 with value: 0.07957527933249149.
17680.2s 756 ScoresHybridRecommender: URM Detected 334 ( 2.6%) users with no interactions.
17680.2s 757 ScoresHybridRecommender: URM Detected 194 ( 0.9%) items with no interactions.
17750.9s 758 [I 2023-12-05 21:08:36,152] Trial 236 finished with value: 0.07946846285996773 and parameters: {'weight_1': 0.5903252924835021, 'weight_2': 0.29225409385213114}. Best is trial 147 with value: 0.07957527933249149.
17751.1s 759 ScoresHybridRecommender: URM Detected 334 ( 2.6%) users with no interactions.
17751.1s 760 ScoresHybridRecommender: URM Detected 194 ( 0.9%) items with no interactions.
17821.9s 761 [I 2023-12-05 21:09:47,101] Trial 237 finished with value: 0.07942706909442465 and parameters: {'weight_1': 0.5274981129677305, 'weight_2': 0.25793497624179107}. Best is trial 147 with value: 0.07957527933249149.
17822.0s 762 ScoresHybridRecommender: URM Detected 334 ( 2.6%) users with no interactions.
17822.0s 763 ScoresHybridRecommender: URM Detected 194 ( 0.9%) items with no interactions.
17892.8s 764 [I 2023-12-05 21:10:58,061] Trial 238 finished with value: 0.07929127416037732 and parameters: {'weight_1': 0.6268173844098246, 'weight_2': 0.28616960131606445}. Best is trial 147 with value: 0.07957527933249149.
17893.0s 765 ScoresHybridRecommender: URM Detected 334 ( 2.6%) users with no interactions.
17893.0s 766 ScoresHybridRecommender: URM Detected 194 ( 0.9%) items with no interactions.
17964.2s 767 [I 2023-12-05 21:12:09,429] Trial 239 finished with value: 0.07949284604593984 and parameters: {'weight_1': 0.5716929587121156, 'weight_2': 0.2977105068077668}. Best is trial 147 with value: 0.07957527933249149.
17964.4s 768 ScoresHybridRecommender: URM Detected 334 ( 2.6%) users with no interactions.
17964.4s 769 ScoresHybridRecommender: URM Detected 194 ( 0.9%) items with no interactions.
18035.8s 770 [I 2023-12-05 21:13:20,987] Trial 240 finished with value: 0.07941953696257824 and parameters: {'weight_1': 0.6016172208118262, 'weight_2': 0.2767047247028075}. Best is trial 147 with value: 0.07957527933249149.
18035.9s 771 ScoresHybridRecommender: URM Detected 334 ( 2.6%) users with no interactions.
18035.9s 772 ScoresHybridRecommender: URM Detected 194 ( 0.9%) items with no interactions.
18107.0s 773 [I 2023-12-05 21:14:32,171] Trial 241 finished with value: 0.07951794071017397 and parameters: {'weight_1': 0.5893549658549724, 'weight_2': 0.2829159697138402}. Best is trial 147 with value: 0.07957527933249149.
18107.1s 774 ScoresHybridRecommender: URM Detected 334 ( 2.6%) users with no interactions.
18107.1s 775 ScoresHybridRecommender: URM Detected 194 ( 0.9%) items with no interactions.
18178.0s 776 [I 2023-12-05 21:15:43,259] Trial 242 finished with value: 0.0795499367854895 and parameters: {'weight_1': 0.5839661597894898, 'weight_2': 0.2852014108628262}. Best is trial 147 with value: 0.07957527933249149.
18178.2s 777 ScoresHybridRecommender: URM Detected 334 ( 2.6%) users with no interactions.
18178.2s 778 ScoresHybridRecommender: URM Detected 194 ( 0.9%) items with no interactions.
18249.2s 779 [I 2023-12-05 21:16:54,419] Trial 243 finished with value: 0.07953926909733326 and parameters: {'weight_1': 0.5467299467025247, 'weight_2': 0.26485025116619043}. Best is trial 147 with value: 0.07957527933249149.
18249.4s 780 ScoresHybridRecommender: URM Detected 334 ( 2.6%) users with no interactions.
18249.4s 781 ScoresHybridRecommender: URM Detected 194 ( 0.9%) items with no interactions.
18320.2s 782 [I 2023-12-05 21:18:05,450] Trial 244 finished with value: 0.07953977864447022 and parameters: {'weight_1': 0.5449440786334323, 'weight_2': 0.26578739489756714}. Best is trial 147 with value: 0.07957527933249149.
18320.4s 783 ScoresHybridRecommender: URM Detected 334 ( 2.6%) users with no interactions.
18320.4s 784 ScoresHybridRecommender: URM Detected 194 ( 0.9%) items with no interactions.
18391.0s 785 [I 2023-12-05 21:19:16,193] Trial 245 finished with value: 0.07948183414822894 and parameters: {'weight_1': 0.5447701991856098, 'weight_2': 0.26216757360895065}. Best is trial 147 with value: 0.07957527933249149.
18391.1s 786 ScoresHybridRecommender: URM Detected 334 ( 2.6%) users with no interactions.
18391.1s 787 ScoresHybridRecommender: URM Detected 194 ( 0.9%) items with no interactions.
18461.9s 788 [I 2023-12-05 21:20:27,117] Trial 246 finished with value: 0.07938532436909049 and parameters: {'weight_1': 0.5221311292360302, 'weight_2': 0.2533077208174753}. Best is trial 147 with value: 0.07957527933249149.
18462.1s 789 ScoresHybridRecommender: URM Detected 334 ( 2.6%) users with no interactions.
18462.1s 790 ScoresHybridRecommender: URM Detected 194 ( 0.9%) items with no interactions.
18532.9s 791 [I 2023-12-05 21:21:38,078] Trial 247 finished with value: 0.07950242089085084 and parameters: {'weight_1': 0.4996437054916788, 'weight_2': 0.2446484194291519}. Best is trial 147 with value: 0.07957527933249149.
18533.0s 792 ScoresHybridRecommender: URM Detected 334 ( 2.6%) users with no interactions.
18533.0s 793 ScoresHybridRecommender: URM Detected 194 ( 0.9%) items with no interactions.
18604.4s 794 [I 2023-12-05 21:22:49,650] Trial 248 finished with value: 0.0794825864941993 and parameters: {'weight_1': 0.5474341934262841, 'weight_2': 0.27001760999635316}. Best is trial 147 with value: 0.07957527933249149.
18604.6s 795 ScoresHybridRecommender: URM Detected 334 ( 2.6%) users with no interactions.
18604.6s 796 ScoresHybridRecommender: URM Detected 194 ( 0.9%) items with no interactions.
18675.1s 797 [I 2023-12-05 21:24:00,315] Trial 249 finished with value: 0.07947873017073483 and parameters: {'weight_1': 0.5630569478637666, 'weight_2': 0.26542795810874614}. Best is trial 147 with value: 0.07957527933249149.
18675.3s 798 ScoresHybridRecommender: URM Detected 334 ( 2.6%) users with no interactions.
18675.3s 799 ScoresHybridRecommender: URM Detected 194 ( 0.9%) items with no interactions.
18746.3s 800 [I 2023-12-05 21:25:11,483] Trial 250 finished with value: 0.07944285542352462 and parameters: {'weight_1': 0.6071017525138521, 'weight_2': 0.27769356698167486}. Best is trial 147 with value: 0.07957527933249149.
18746.4s 801 ScoresHybridRecommender: URM Detected 334 ( 2.6%) users with no interactions.
18746.4s 802 ScoresHybridRecommender: URM Detected 194 ( 0.9%) items with no interactions.
18817.8s 803 [I 2023-12-05 21:26:22,986] Trial 251 finished with value: 0.07934970591899403 and parameters: {'weight_1': 0.5185602040167228, 'weight_2': 0.2523964599138649}. Best is trial 147 with value: 0.07957527933249149.
18817.9s 804 ScoresHybridRecommender: URM Detected 334 ( 2.6%) users with no interactions.
18817.9s 805 ScoresHybridRecommender: URM Detected 194 ( 0.9%) items with no interactions.
18888.6s 806 [I 2023-12-05 21:27:33,825] Trial 252 finished with value: 0.07946707815054223 and parameters: {'weight_1': 0.5403207428008243, 'weight_2': 0.26738318260680444}. Best is trial 147 with value: 0.07957527933249149.
18888.8s 807 ScoresHybridRecommender: URM Detected 334 ( 2.6%) users with no interactions.
18888.8s 808 ScoresHybridRecommender: URM Detected 194 ( 0.9%) items with no interactions.
18959.4s 809 [I 2023-12-05 21:28:44,623] Trial 253 finished with value: 0.07945922048637323 and parameters: {'weight_1': 0.5732084173922836, 'weight_2': 0.27341090502176163}. Best is trial 147 with value: 0.07957527933249149.
18959.6s 810 ScoresHybridRecommender: URM Detected 334 ( 2.6%) users with no interactions.
18959.6s 811 ScoresHybridRecommender: URM Detected 194 ( 0.9%) items with no interactions.
19029.9s 812 [I 2023-12-05 21:29:55,134] Trial 254 finished with value: 0.07932415854430241 and parameters: {'weight_1': 0.6421796704378083, 'weight_2': 0.28291014959253546}. Best is trial 147 with value: 0.07957527933249149.
19030.1s 813 ScoresHybridRecommender: URM Detected 334 ( 2.6%) users with no interactions.
19030.1s 814 ScoresHybridRecommender: URM Detected 194 ( 0.9%) items with no interactions.
19100.7s 815 [I 2023-12-05 21:31:05,921] Trial 255 finished with value: 0.07948734085300099 and parameters: {'weight_1': 0.59537306846873, 'weight_2': 0.283156002063122}. Best is trial 147 with value: 0.07957527933249149.
19100.9s 816 ScoresHybridRecommender: URM Detected 334 ( 2.6%) users with no interactions.
19100.9s 817 ScoresHybridRecommender: URM Detected 194 ( 0.9%) items with no interactions.
19171.7s 818 [I 2023-12-05 21:32:16,939] Trial 256 finished with value: 0.07949308595561891 and parameters: {'weight_1': 0.5613731327326317, 'weight_2': 0.26147154407368434}. Best is trial 147 with value: 0.07957527933249149.
19171.9s 819 ScoresHybridRecommender: URM Detected 334 ( 2.6%) users with no interactions.
19171.9s 820 ScoresHybridRecommender: URM Detected 194 ( 0.9%) items with no interactions.
19242.5s 821 [I 2023-12-05 21:33:27,741] Trial 257 finished with value: 0.07938272440843289 and parameters: {'weight_1': 0.5327342431391634, 'weight_2': 0.25687370068411797}. Best is trial 147 with value: 0.07957527933249149.
19242.7s 822 ScoresHybridRecommender: URM Detected 334 ( 2.6%) users with no interactions.
19242.7s 823 ScoresHybridRecommender: URM Detected 194 ( 0.9%) items with no interactions.
19313.3s 824 [I 2023-12-05 21:34:38,483] Trial 258 finished with value: 0.07951522216832892 and parameters: {'weight_1': 0.5873181219652266, 'weight_2': 0.2737173141439521}. Best is trial 147 with value: 0.07957527933249149.
19313.4s 825 ScoresHybridRecommender: URM Detected 334 ( 2.6%) users with no interactions.
19313.4s 826 ScoresHybridRecommender: URM Detected 194 ( 0.9%) items with no interactions.
19383.9s 827 [I 2023-12-05 21:35:49,150] Trial 259 finished with value: 0.07942422830219424 and parameters: {'weight_1': 0.6171080282263759, 'weight_2': 0.2707695768531261}. Best is trial 147 with value: 0.07957527933249149.
19384.1s 828 ScoresHybridRecommender: URM Detected 334 ( 2.6%) users with no interactions.
19384.1s 829 ScoresHybridRecommender: URM Detected 194 ( 0.9%) items with no interactions.
19454.8s 830 [I 2023-12-05 21:36:59,963] Trial 260 finished with value: 0.07953434130316701 and parameters: {'weight_1': 0.49937433071107584, 'weight_2': 0.2349116842172296}. Best is trial 147 with value: 0.07957527933249149.
19454.9s 831 ScoresHybridRecommender: URM Detected 334 ( 2.6%) users with no interactions.
19454.9s 832 ScoresHybridRecommender: URM Detected 194 ( 0.9%) items with no interactions.
19526.1s 833 [I 2023-12-05 21:38:11,365] Trial 261 finished with value: 0.07932826205005504 and parameters: {'weight_1': 0.5247265165929967, 'weight_2': 0.22753702758490518}. Best is trial 147 with value: 0.07957527933249149.
19526.3s 834 ScoresHybridRecommender: URM Detected 334 ( 2.6%) users with no interactions.
19526.3s 835 ScoresHybridRecommender: URM Detected 194 ( 0.9%) items with no interactions.
19597.1s 836 [I 2023-12-05 21:39:22,261] Trial 262 finished with value: 0.07864399420025615 and parameters: {'weight_1': 0.4811116230752143, 'weight_2': 0.10655569937683945}. Best is trial 147 with value: 0.07957527933249149.
19597.2s 837 ScoresHybridRecommender: URM Detected 334 ( 2.6%) users with no interactions.
19597.2s 838 ScoresHybridRecommender: URM Detected 194 ( 0.9%) items with no interactions.
19668.4s 839 [I 2023-12-05 21:40:33,571] Trial 263 finished with value: 0.07943222757772901 and parameters: {'weight_1': 0.49411969100856157, 'weight_2': 0.24092904162103718}. Best is trial 147 with value: 0.07957527933249149.
19668.5s 840 ScoresHybridRecommender: URM Detected 334 ( 2.6%) users with no interactions.
19668.5s 841 ScoresHybridRecommender: URM Detected 194 ( 0.9%) items with no interactions.
19739.5s 842 [I 2023-12-05 21:41:44,680] Trial 264 finished with value: 0.07939374416461402 and parameters: {'weight_1': 0.5497951054524881, 'weight_2': 0.2339624678910469}. Best is trial 147 with value: 0.07957527933249149.
19739.6s 843 ScoresHybridRecommender: URM Detected 334 ( 2.6%) users with no interactions.
19739.6s 844 ScoresHybridRecommender: URM Detected 194 ( 0.9%) items with no interactions.
19810.0s 845 [I 2023-12-05 21:42:55,242] Trial 265 finished with value: 0.0794001040908925 and parameters: {'weight_1': 0.586046230276327, 'weight_2': 0.264644812799815}. Best is trial 147 with value: 0.07957527933249149.
19810.2s 846 ScoresHybridRecommender: URM Detected 334 ( 2.6%) users with no interactions.
19810.2s 847 ScoresHybridRecommender: URM Detected 194 ( 0.9%) items with no interactions.
19881.0s 848 [I 2023-12-05 21:44:06,222] Trial 266 finished with value: 0.07948791011977763 and parameters: {'weight_1': 0.5058269933688743, 'weight_2': 0.24791324244790466}. Best is trial 147 with value: 0.07957527933249149.
19881.2s 849 ScoresHybridRecommender: URM Detected 334 ( 2.6%) users with no interactions.
19881.2s 850 ScoresHybridRecommender: URM Detected 194 ( 0.9%) items with no interactions.
19952.2s 851 [I 2023-12-05 21:45:17,400] Trial 267 finished with value: 0.07939525409257857 and parameters: {'weight_1': 0.6064706853539636, 'weight_2': 0.2214527732557967}. Best is trial 147 with value: 0.07957527933249149.
19952.3s 852 ScoresHybridRecommender: URM Detected 334 ( 2.6%) users with no interactions.
19952.3s 853 ScoresHybridRecommender: URM Detected 194 ( 0.9%) items with no interactions.
