27570.8s 1177 [I 2023-12-05 23:52:16,008] Trial 374 finished with value: 0.07945593475242557 and parameters: {'weight_1': 0.4753128563506562, 'weight_2': 0.339967789690138}. Best is trial 147 with value: 0.07957527933249149.
27571.0s 1178 ScoresHybridRecommender: URM Detected 334 ( 2.6%) users with no interactions.
27571.0s 1179 ScoresHybridRecommender: URM Detected 194 ( 0.9%) items with no interactions.
27641.8s 1180 [I 2023-12-05 23:53:26,952] Trial 375 finished with value: 0.07935596305010921 and parameters: {'weight_1': 0.6253036459516085, 'weight_2': 0.28201996934365814}. Best is trial 147 with value: 0.07957527933249149.
27641.9s 1181 ScoresHybridRecommender: URM Detected 334 ( 2.6%) users with no interactions.
27641.9s 1182 ScoresHybridRecommender: URM Detected 194 ( 0.9%) items with no interactions.
27712.2s 1183 [I 2023-12-05 23:54:37,352] Trial 376 finished with value: 0.07803153969081542 and parameters: {'weight_1': 0.8274766173541894, 'weight_2': 0.1720732602950169}. Best is trial 147 with value: 0.07957527933249149.
27712.3s 1184 ScoresHybridRecommender: URM Detected 334 ( 2.6%) users with no interactions.
27712.3s 1185 ScoresHybridRecommender: URM Detected 194 ( 0.9%) items with no interactions.
27783.2s 1186 [I 2023-12-05 23:55:48,356] Trial 377 finished with value: 0.07936930198749098 and parameters: {'weight_1': 0.5072618127881187, 'weight_2': 0.31225365777722647}. Best is trial 147 with value: 0.07957527933249149.
27783.3s 1187 ScoresHybridRecommender: URM Detected 334 ( 2.6%) users with no interactions.
27783.3s 1188 ScoresHybridRecommender: URM Detected 194 ( 0.9%) items with no interactions.
27853.8s 1189 [I 2023-12-05 23:56:59,036] Trial 378 finished with value: 0.07922151113382457 and parameters: {'weight_1': 0.6621242498282338, 'weight_2': 0.2760132805544198}. Best is trial 147 with value: 0.07957527933249149.
27854.0s 1190 ScoresHybridRecommender: URM Detected 334 ( 2.6%) users with no interactions.
27854.0s 1191 ScoresHybridRecommender: URM Detected 194 ( 0.9%) items with no interactions.
27923.9s 1192 [I 2023-12-05 23:58:09,062] Trial 379 finished with value: 0.079394826203998 and parameters: {'weight_1': 0.5534711189858611, 'weight_2': 0.29904162360873565}. Best is trial 147 with value: 0.07957527933249149.
27924.0s 1193 ScoresHybridRecommender: URM Detected 334 ( 2.6%) users with no interactions.
27924.0s 1194 ScoresHybridRecommender: URM Detected 194 ( 0.9%) items with no interactions.
27993.3s 1195 [I 2023-12-05 23:59:18,474] Trial 380 finished with value: 0.07932810330986668 and parameters: {'weight_1': 0.5318001049656047, 'weight_2': 0.23968458326245842}. Best is trial 147 with value: 0.07957527933249149.
27993.4s 1196 ScoresHybridRecommender: URM Detected 334 ( 2.6%) users with no interactions.
27993.4s 1197 ScoresHybridRecommender: URM Detected 194 ( 0.9%) items with no interactions.
28064.7s 1198 [I 2023-12-06 00:00:29,869] Trial 381 finished with value: 0.07940625206015509 and parameters: {'weight_1': 0.6000633534454783, 'weight_2': 0.2662250520184135}. Best is trial 147 with value: 0.07957527933249149.
28064.8s 1199 ScoresHybridRecommender: URM Detected 334 ( 2.6%) users with no interactions.
28064.8s 1200 ScoresHybridRecommender: URM Detected 194 ( 0.9%) items with no interactions.
28136.0s 1201 [I 2023-12-06 00:01:41,157] Trial 382 finished with value: 0.0777845165458548 and parameters: {'weight_1': 0.8949357607760778, 'weight_2': 0.10497440436362765}. Best is trial 147 with value: 0.07957527933249149.
28136.1s 1202 ScoresHybridRecommender: URM Detected 334 ( 2.6%) users with no interactions.
28136.1s 1203 ScoresHybridRecommender: URM Detected 194 ( 0.9%) items with no interactions.
28206.6s 1204 [I 2023-12-06 00:02:51,780] Trial 383 finished with value: 0.07952899597983755 and parameters: {'weight_1': 0.5733702706844048, 'weight_2': 0.2930253511909456}. Best is trial 147 with value: 0.07957527933249149.
28206.7s 1205 ScoresHybridRecommender: URM Detected 334 ( 2.6%) users with no interactions.
28206.7s 1206 ScoresHybridRecommender: URM Detected 194 ( 0.9%) items with no interactions.
28277.2s 1207 [I 2023-12-06 00:04:02,347] Trial 384 finished with value: 0.079506172682677 and parameters: {'weight_1': 0.576547128174663, 'weight_2': 0.29153042145768915}. Best is trial 147 with value: 0.07957527933249149.
28277.3s 1208 ScoresHybridRecommender: URM Detected 334 ( 2.6%) users with no interactions.
28277.3s 1209 ScoresHybridRecommender: URM Detected 194 ( 0.9%) items with no interactions.
28347.6s 1210 [I 2023-12-06 00:05:12,760] Trial 385 finished with value: 0.07940389552100109 and parameters: {'weight_1': 0.5547624355158899, 'weight_2': 0.29021114541371773}. Best is trial 147 with value: 0.07957527933249149.
28347.7s 1211 ScoresHybridRecommender: URM Detected 334 ( 2.6%) users with no interactions.
28347.7s 1212 ScoresHybridRecommender: URM Detected 194 ( 0.9%) items with no interactions.
28418.6s 1213 [I 2023-12-06 00:06:23,768] Trial 386 finished with value: 0.07945122886309551 and parameters: {'weight_1': 0.5952612002381941, 'weight_2': 0.263319057617593}. Best is trial 147 with value: 0.07957527933249149.
28418.7s 1214 ScoresHybridRecommender: URM Detected 334 ( 2.6%) users with no interactions.
28418.7s 1215 ScoresHybridRecommender: URM Detected 194 ( 0.9%) items with no interactions.
28489.0s 1216 [I 2023-12-06 00:07:34,185] Trial 387 finished with value: 0.07916500780956427 and parameters: {'weight_1': 0.38537872836457476, 'weight_2': 0.322609238335808}. Best is trial 147 with value: 0.07957527933249149.
28489.1s 1217 ScoresHybridRecommender: URM Detected 334 ( 2.6%) users with no interactions.
28489.1s 1218 ScoresHybridRecommender: URM Detected 194 ( 0.9%) items with no interactions.
28559.8s 1219 [I 2023-12-06 00:08:44,960] Trial 388 finished with value: 0.07936034058605103 and parameters: {'weight_1': 0.5216591657017945, 'weight_2': 0.24750467366411819}. Best is trial 147 with value: 0.07957527933249149.
28559.9s 1220 ScoresHybridRecommender: URM Detected 334 ( 2.6%) users with no interactions.
28559.9s 1221 ScoresHybridRecommender: URM Detected 194 ( 0.9%) items with no interactions.
28630.6s 1222 [I 2023-12-06 00:09:55,774] Trial 389 finished with value: 0.07926298250284441 and parameters: {'weight_1': 0.6361216777483607, 'weight_2': 0.2821158452423178}. Best is trial 147 with value: 0.07957527933249149.
28630.7s 1223 ScoresHybridRecommender: URM Detected 334 ( 2.6%) users with no interactions.
28630.7s 1224 ScoresHybridRecommender: URM Detected 194 ( 0.9%) items with no interactions.
28702.4s 1225 [I 2023-12-06 00:11:07,594] Trial 390 finished with value: 0.07951423496154297 and parameters: {'weight_1': 0.5690016277493178, 'weight_2': 0.2698006036979363}. Best is trial 147 with value: 0.07957527933249149.
28702.5s 1226 ScoresHybridRecommender: URM Detected 334 ( 2.6%) users with no interactions.
28702.5s 1227 ScoresHybridRecommender: URM Detected 194 ( 0.9%) items with no interactions.
28773.7s 1228 [I 2023-12-06 00:12:18,907] Trial 391 finished with value: 0.07941254952892891 and parameters: {'weight_1': 0.6129907931458892, 'weight_2': 0.27544526031775785}. Best is trial 147 with value: 0.07957527933249149.
28773.8s 1229 ScoresHybridRecommender: URM Detected 334 ( 2.6%) users with no interactions.
28773.8s 1230 ScoresHybridRecommender: URM Detected 194 ( 0.9%) items with no interactions.
28844.7s 1231 [I 2023-12-06 00:13:29,917] Trial 392 finished with value: 0.07941572412085915 and parameters: {'weight_1': 0.5441056553250181, 'weight_2': 0.2531577988313367}. Best is trial 147 with value: 0.07957527933249149.
28844.9s 1232 ScoresHybridRecommender: URM Detected 334 ( 2.6%) users with no interactions.
28844.9s 1233 ScoresHybridRecommender: URM Detected 194 ( 0.9%) items with no interactions.
28915.5s 1234 [I 2023-12-06 00:14:40,669] Trial 393 finished with value: 0.07881246072863587 and parameters: {'weight_1': 0.6991647469261129, 'weight_2': 0.2880646038397068}. Best is trial 147 with value: 0.07957527933249149.
28915.6s 1235 ScoresHybridRecommender: URM Detected 334 ( 2.6%) users with no interactions.
28915.6s 1236 ScoresHybridRecommender: URM Detected 194 ( 0.9%) items with no interactions.
28987.1s 1237 [I 2023-12-06 00:15:52,270] Trial 394 finished with value: 0.07943354420605953 and parameters: {'weight_1': 0.5824252200500157, 'weight_2': 0.26677097449058745}. Best is trial 147 with value: 0.07957527933249149.
28987.2s 1238 ScoresHybridRecommender: URM Detected 334 ( 2.6%) users with no interactions.
28987.2s 1239 ScoresHybridRecommender: URM Detected 194 ( 0.9%) items with no interactions.
29058.5s 1240 [I 2023-12-06 00:17:03,636] Trial 395 finished with value: 0.07898710337609356 and parameters: {'weight_1': 0.6800107244793419, 'weight_2': 0.2821912977239146}. Best is trial 147 with value: 0.07957527933249149.
29058.6s 1241 ScoresHybridRecommender: URM Detected 334 ( 2.6%) users with no interactions.
29058.6s 1242 ScoresHybridRecommender: URM Detected 194 ( 0.9%) items with no interactions.
29129.6s 1243 [I 2023-12-06 00:18:14,755] Trial 396 finished with value: 0.07939840779118026 and parameters: {'weight_1': 0.5438271166490136, 'weight_2': 0.30441321008366423}. Best is trial 147 with value: 0.07957527933249149.
29129.7s 1244 ScoresHybridRecommender: URM Detected 334 ( 2.6%) users with no interactions.
29129.7s 1245 ScoresHybridRecommender: URM Detected 194 ( 0.9%) items with no interactions.
29200.9s 1246 [I 2023-12-06 00:19:26,036] Trial 397 finished with value: 0.07947664978642448 and parameters: {'weight_1': 0.48753168581471457, 'weight_2': 0.24132582215901546}. Best is trial 147 with value: 0.07957527933249149.
29201.0s 1247 ScoresHybridRecommender: URM Detected 334 ( 2.6%) users with no interactions.
29201.0s 1248 ScoresHybridRecommender: URM Detected 194 ( 0.9%) items with no interactions.
29272.5s 1249 [I 2023-12-06 00:20:37,717] Trial 398 finished with value: 0.07938086077316539 and parameters: {'weight_1': 0.5140177576833564, 'weight_2': 0.3137113970486624}. Best is trial 147 with value: 0.07957527933249149.
29272.7s 1250 ScoresHybridRecommender: URM Detected 334 ( 2.6%) users with no interactions.
29272.7s 1251 ScoresHybridRecommender: URM Detected 194 ( 0.9%) items with no interactions.
29343.3s 1252 [I 2023-12-06 00:21:48,447] Trial 399 finished with value: 0.07940455420630847 and parameters: {'weight_1': 0.5975746563050679, 'weight_2': 0.27379322783124516}. Best is trial 147 with value: 0.07957527933249149.
