[I 2023-11-26 21:26:51,966] A new study created in memory with name: no-name-f06d3ed6-352f-4918-8404-6794c0cf384f
SLIMElasticNetRecommender: URM Detected 160 ( 1.3%) users with no interactions.
SLIMElasticNetRecommender: URM Detected 72 ( 0.3%) items with no interactions.
SLIMElasticNetRecommender: Processed 22222 (100.0%) in 4.68 min. Items per second: 79.14
100%|██████████| 12638/12638 [00:52<00:00, 238.80it/s]
[I 2023-11-26 21:32:25,724] Trial 0 finished with value: 0.08741803945065774 and parameters: {'topK': 7397, 'l1_ratio': 0.08176845957277913, 'alpha': 0.004645182151790772}. Best is trial 0 with value: 0.08741803945065774.
SLIMElasticNetRecommender: URM Detected 160 ( 1.3%) users with no interactions.
SLIMElasticNetRecommender: URM Detected 72 ( 0.3%) items with no interactions.
SLIMElasticNetRecommender: Processed 8299 (37.3%) in 5.00 min. Items per second: 27.66
SLIMElasticNetRecommender: Processed 17031 (76.6%) in 10.00 min. Items per second: 28.38
SLIMElasticNetRecommender: Processed 22222 (100.0%) in 13.03 min. Items per second: 28.42
100%|██████████| 12638/12638 [00:59<00:00, 213.37it/s]
[I 2023-11-26 21:46:27,018] Trial 1 finished with value: 0.09254394090249587 and parameters: {'topK': 6097, 'l1_ratio': 0.04856511741988056, 'alpha': 0.0006683962692563554}. Best is trial 1 with value: 0.09254394090249587.
SLIMElasticNetRecommender: URM Detected 160 ( 1.3%) users with no interactions.
SLIMElasticNetRecommender: URM Detected 72 ( 0.3%) items with no interactions.
SLIMElasticNetRecommender: Processed 10696 (48.1%) in 5.00 min. Items per second: 35.65
SLIMElasticNetRecommender: Processed 22222 (100.0%) in 9.62 min. Items per second: 38.49
100%|██████████| 12638/12638 [00:59<00:00, 212.80it/s]
[I 2023-11-26 21:57:03,770] Trial 2 finished with value: 0.09459202558603004 and parameters: {'topK': 7418, 'l1_ratio': 0.03595633770119111, 'alpha': 0.002582978169780214}. Best is trial 2 with value: 0.09459202558603004.
SLIMElasticNetRecommender: URM Detected 160 ( 1.3%) users with no interactions.
SLIMElasticNetRecommender: URM Detected 72 ( 0.3%) items with no interactions.
SLIMElasticNetRecommender: Processed 19180 (86.3%) in 5.00 min. Items per second: 63.90
SLIMElasticNetRecommender: Processed 22222 (100.0%) in 5.57 min. Items per second: 66.48
100%|██████████| 12638/12638 [00:54<00:00, 230.80it/s]
[I 2023-11-26 22:03:32,833] Trial 3 finished with value: 0.08909160718494691 and parameters: {'topK': 2592, 'l1_ratio': 0.061050423389678775, 'alpha': 0.004757635033075156}. Best is trial 2 with value: 0.09459202558603004.
SLIMElasticNetRecommender: URM Detected 160 ( 1.3%) users with no interactions.
SLIMElasticNetRecommender: URM Detected 72 ( 0.3%) items with no interactions.
SLIMElasticNetRecommender: Processed 22222 (100.0%) in 4.14 min. Items per second: 89.50
100%|██████████| 12638/12638 [00:52<00:00, 240.77it/s]
[I 2023-11-26 22:08:33,645] Trial 4 finished with value: 0.0851008890435893 and parameters: {'topK': 1963, 'l1_ratio': 0.07971918767888835, 'alpha': 0.00585964705741267}. Best is trial 2 with value: 0.09459202558603004.
SLIMElasticNetRecommender: URM Detected 160 ( 1.3%) users with no interactions.
SLIMElasticNetRecommender: URM Detected 72 ( 0.3%) items with no interactions.
SLIMElasticNetRecommender: Processed 14770 (66.5%) in 5.00 min. Items per second: 49.23
SLIMElasticNetRecommender: Processed 22222 (100.0%) in 6.77 min. Items per second: 54.69
100%|██████████| 12638/12638 [00:56<00:00, 225.59it/s]
[I 2023-11-26 22:16:16,023] Trial 5 finished with value: 0.0925226534853012 and parameters: {'topK': 8705, 'l1_ratio': 0.16161018790116463, 'alpha': 0.0014383483440143746}. Best is trial 2 with value: 0.09459202558603004.
SLIMElasticNetRecommender: URM Detected 160 ( 1.3%) users with no interactions.
SLIMElasticNetRecommender: URM Detected 72 ( 0.3%) items with no interactions.
SLIMElasticNetRecommender: Processed 13183 (59.3%) in 5.00 min. Items per second: 43.94
SLIMElasticNetRecommender: Processed 22222 (100.0%) in 7.43 min. Items per second: 49.82
100%|██████████| 12638/12638 [00:56<00:00, 223.03it/s]
[I 2023-11-26 22:24:38,791] Trial 6 finished with value: 0.09351986483180931 and parameters: {'topK': 5390, 'l1_ratio': 0.09318168211299635, 'alpha': 0.0017634077815538566}. Best is trial 2 with value: 0.09459202558603004.
SLIMElasticNetRecommender: URM Detected 160 ( 1.3%) users with no interactions.
SLIMElasticNetRecommender: URM Detected 72 ( 0.3%) items with no interactions.
SLIMElasticNetRecommender: Processed 10350 (46.6%) in 5.00 min. Items per second: 34.50
SLIMElasticNetRecommender: Processed 22222 (100.0%) in 9.94 min. Items per second: 37.25
100%|██████████| 12638/12638 [00:58<00:00, 216.97it/s]
[I 2023-11-26 22:35:33,588] Trial 7 finished with value: 0.09451079654819894 and parameters: {'topK': 1645, 'l1_ratio': 0.15445114199158955, 'alpha': 0.0007163229585396074}. Best is trial 2 with value: 0.09459202558603004.
SLIMElasticNetRecommender: URM Detected 160 ( 1.3%) users with no interactions.
SLIMElasticNetRecommender: URM Detected 72 ( 0.3%) items with no interactions.
SLIMElasticNetRecommender: Processed 13943 (62.7%) in 5.00 min. Items per second: 46.47
SLIMElasticNetRecommender: Processed 22222 (100.0%) in 7.11 min. Items per second: 52.07
100%|██████████| 12638/12638 [00:57<00:00, 221.30it/s]
[I 2023-11-26 22:43:37,452] Trial 8 finished with value: 0.09151879370635549 and parameters: {'topK': 5041, 'l1_ratio': 0.048304007348903555, 'alpha': 0.004130489586170392}. Best is trial 2 with value: 0.09459202558603004.
SLIMElasticNetRecommender: URM Detected 160 ( 1.3%) users with no interactions.
SLIMElasticNetRecommender: URM Detected 72 ( 0.3%) items with no interactions.
SLIMElasticNetRecommender: Processed 22222 (100.0%) in 2.99 min. Items per second: 123.95
100%|██████████| 12638/12638 [00:51<00:00, 247.20it/s]
[I 2023-11-26 22:47:27,870] Trial 9 finished with value: 0.07331783442294146 and parameters: {'topK': 6749, 'l1_ratio': 0.21490715088221463, 'alpha': 0.006071664294890234}. Best is trial 2 with value: 0.09459202558603004.
SLIMElasticNetRecommender: URM Detected 160 ( 1.3%) users with no interactions.
SLIMElasticNetRecommender: URM Detected 72 ( 0.3%) items with no interactions.
SLIMElasticNetRecommender: Processed 8146 (36.7%) in 5.00 min. Items per second: 27.15
SLIMElasticNetRecommender: Processed 16967 (76.4%) in 10.00 min. Items per second: 28.28
SLIMElasticNetRecommender: Processed 22222 (100.0%) in 12.98 min. Items per second: 28.53
100%|██████████| 12638/12638 [01:04<00:00, 196.25it/s]
[I 2023-11-26 23:01:31,578] Trial 10 finished with value: 0.09286372805471049 and parameters: {'topK': 9541, 'l1_ratio': 0.0002653631596427966, 'alpha': 0.0030878483915717193}. Best is trial 2 with value: 0.09459202558603004.
SLIMElasticNetRecommender: URM Detected 160 ( 1.3%) users with no interactions.
SLIMElasticNetRecommender: URM Detected 72 ( 0.3%) items with no interactions.
SLIMElasticNetRecommender: Processed 22222 (100.0%) in 4.87 min. Items per second: 76.08
100%|██████████| 12638/12638 [00:55<00:00, 229.62it/s]
[I 2023-11-26 23:07:18,761] Trial 11 finished with value: 0.08942067342585178 and parameters: {'topK': 358, 'l1_ratio': 0.14428742830347718, 'alpha': 0.0024287787497184335}. Best is trial 2 with value: 0.09459202558603004.
SLIMElasticNetRecommender: URM Detected 160 ( 1.3%) users with no interactions.
SLIMElasticNetRecommender: URM Detected 72 ( 0.3%) items with no interactions.
SLIMElasticNetRecommender: Processed 11128 (50.1%) in 5.00 min. Items per second: 37.09
SLIMElasticNetRecommender: Processed 22222 (100.0%) in 9.27 min. Items per second: 39.97
100%|██████████| 12638/12638 [00:57<00:00, 218.87it/s]
[I 2023-11-26 23:17:32,500] Trial 12 finished with value: 0.09413988633492684 and parameters: {'topK': 3962, 'l1_ratio': 0.1824962881021986, 'alpha': 0.0008045259996111091}. Best is trial 2 with value: 0.09459202558603004.
SLIMElasticNetRecommender: URM Detected 160 ( 1.3%) users with no interactions.
SLIMElasticNetRecommender: URM Detected 72 ( 0.3%) items with no interactions.
SLIMElasticNetRecommender: Processed 7374 (33.2%) in 5.00 min. Items per second: 24.58
SLIMElasticNetRecommender: Processed 15114 (68.0%) in 10.00 min. Items per second: 25.19
SLIMElasticNetRecommender: Processed 22222 (100.0%) in 14.54 min. Items per second: 25.48
100%|██████████| 12638/12638 [00:58<00:00, 216.36it/s]
[I 2023-11-26 23:33:03,343] Trial 13 finished with value: 0.08529651247581897 and parameters: {'topK': 3336, 'l1_ratio': 0.13255243829870111, 'alpha': 0.00018087726775860204}. Best is trial 2 with value: 0.09459202558603004.
SLIMElasticNetRecommender: URM Detected 160 ( 1.3%) users with no interactions.
SLIMElasticNetRecommender: URM Detected 72 ( 0.3%) items with no interactions.
SLIMElasticNetRecommender: Processed 18819 (84.7%) in 5.00 min. Items per second: 62.73
SLIMElasticNetRecommender: Processed 22222 (100.0%) in 5.63 min. Items per second: 65.81
100%|██████████| 12638/12638 [00:54<00:00, 232.42it/s]
[I 2023-11-26 23:39:35,455] Trial 14 finished with value: 0.09041531094378241 and parameters: {'topK': 71, 'l1_ratio': 0.11504802305151908, 'alpha': 0.0024826242416896424}. Best is trial 2 with value: 0.09459202558603004.
SLIMElasticNetRecommender: URM Detected 160 ( 1.3%) users with no interactions.
SLIMElasticNetRecommender: URM Detected 72 ( 0.3%) items with no interactions.
SLIMElasticNetRecommender: Processed 22222 (100.0%) in 4.84 min. Items per second: 76.57
100%|██████████| 12638/12638 [00:53<00:00, 237.55it/s]
[I 2023-11-26 23:45:18,924] Trial 15 finished with value: 0.08969841338747234 and parameters: {'topK': 7918, 'l1_ratio': 0.23774282159248253, 'alpha': 0.0015474233104378933}. Best is trial 2 with value: 0.09459202558603004.
SLIMElasticNetRecommender: URM Detected 160 ( 1.3%) users with no interactions.
SLIMElasticNetRecommender: URM Detected 72 ( 0.3%) items with no interactions.
SLIMElasticNetRecommender: Processed 22222 (100.0%) in 3.74 min. Items per second: 98.90
100%|██████████| 12638/12638 [00:52<00:00, 239.32it/s]
[I 2023-11-26 23:49:56,468] Trial 16 finished with value: 0.08427219394181715 and parameters: {'topK': 1406, 'l1_ratio': 0.17393325409258212, 'alpha': 0.0033739907582249883}. Best is trial 2 with value: 0.09459202558603004.
SLIMElasticNetRecommender: URM Detected 160 ( 1.3%) users with no interactions.
SLIMElasticNetRecommender: URM Detected 72 ( 0.3%) items with no interactions.
SLIMElasticNetRecommender: Processed 7375 (33.2%) in 5.00 min. Items per second: 24.58
SLIMElasticNetRecommender: Processed 15108 (68.0%) in 10.00 min. Items per second: 25.18
SLIMElasticNetRecommender: Processed 22222 (100.0%) in 14.58 min. Items per second: 25.41
100%|██████████| 12638/12638 [00:59<00:00, 211.26it/s]
[I 2023-11-27 00:05:31,076] Trial 17 finished with value: 0.08496171647841654 and parameters: {'topK': 3959, 'l1_ratio': 0.11294372683915356, 'alpha': 0.00019098954385143863}. Best is trial 2 with value: 0.09459202558603004.
SLIMElasticNetRecommender: URM Detected 160 ( 1.3%) users with no interactions.
SLIMElasticNetRecommender: URM Detected 72 ( 0.3%) items with no interactions.
SLIMElasticNetRecommender: Processed 8658 (39.0%) in 5.00 min. Items per second: 28.85
SLIMElasticNetRecommender: Processed 17898 (80.5%) in 10.00 min. Items per second: 29.83
SLIMElasticNetRecommender: Processed 22222 (100.0%) in 12.40 min. Items per second: 29.86
100%|██████████| 12638/12638 [01:01<00:00, 204.49it/s]
[I 2023-11-27 00:18:57,446] Trial 18 finished with value: 0.0940830458321399 and parameters: {'topK': 8309, 'l1_ratio': 0.012982109176138748, 'alpha': 0.002231797805885502}. Best is trial 2 with value: 0.09459202558603004.
SLIMElasticNetRecommender: URM Detected 160 ( 1.3%) users with no interactions.
SLIMElasticNetRecommender: URM Detected 72 ( 0.3%) items with no interactions.
SLIMElasticNetRecommender: Processed 8618 (38.8%) in 5.00 min. Items per second: 28.72
SLIMElasticNetRecommender: Processed 17696 (79.6%) in 10.00 min. Items per second: 29.49
SLIMElasticNetRecommender: Processed 22222 (100.0%) in 12.57 min. Items per second: 29.46
100%|██████████| 12638/12638 [01:02<00:00, 203.57it/s]
[I 2023-11-27 00:32:34,046] Trial 19 finished with value: 0.09410048127836798 and parameters: {'topK': 6550, 'l1_ratio': 0.026787871543526347, 'alpha': 0.001245854874913641}. Best is trial 2 with value: 0.09459202558603004.
SLIMElasticNetRecommender: URM Detected 160 ( 1.3%) users with no interactions.
SLIMElasticNetRecommender: URM Detected 72 ( 0.3%) items with no interactions.
SLIMElasticNetRecommender: Processed 18516 (83.3%) in 5.00 min. Items per second: 61.72
SLIMElasticNetRecommender: Processed 22222 (100.0%) in 5.69 min. Items per second: 65.08
100%|██████████| 12638/12638 [00:54<00:00, 230.80it/s]
[I 2023-11-27 00:39:10,313] Trial 20 finished with value: 0.09106405374987961 and parameters: {'topK': 9773, 'l1_ratio': 0.09856885995226965, 'alpha': 0.002814322896557171}. Best is trial 2 with value: 0.09459202558603004.
SLIMElasticNetRecommender: URM Detected 160 ( 1.3%) users with no interactions.
SLIMElasticNetRecommender: URM Detected 72 ( 0.3%) items with no interactions.
SLIMElasticNetRecommender: Processed 11144 (50.1%) in 5.00 min. Items per second: 37.14
SLIMElasticNetRecommender: Processed 22222 (100.0%) in 9.25 min. Items per second: 40.02
100%|██████████| 12638/12638 [00:58<00:00, 217.14it/s]
[I 2023-11-27 00:49:23,813] Trial 21 finished with value: 0.09413447594866724 and parameters: {'topK': 3684, 'l1_ratio': 0.1843290925560319, 'alpha': 0.0008013946747317331}. Best is trial 2 with value: 0.09459202558603004.
SLIMElasticNetRecommender: URM Detected 160 ( 1.3%) users with no interactions.
SLIMElasticNetRecommender: URM Detected 72 ( 0.3%) items with no interactions.
SLIMElasticNetRecommender: Processed 18283 (82.3%) in 5.00 min. Items per second: 60.94
SLIMElasticNetRecommender: Processed 22222 (100.0%) in 5.72 min. Items per second: 64.79
100%|██████████| 12638/12638 [00:55<00:00, 228.27it/s]
[I 2023-11-27 00:56:02,199] Trial 22 finished with value: 0.09126899881817732 and parameters: {'topK': 1485, 'l1_ratio': 0.14592454568298358, 'alpha': 0.0019167687677727916}. Best is trial 2 with value: 0.09459202558603004.
SLIMElasticNetRecommender: URM Detected 160 ( 1.3%) users with no interactions.
SLIMElasticNetRecommender: URM Detected 72 ( 0.3%) items with no interactions.
SLIMElasticNetRecommender: Processed 13344 (60.0%) in 5.00 min. Items per second: 44.48
SLIMElasticNetRecommender: Processed 22222 (100.0%) in 7.37 min. Items per second: 50.27
100%|██████████| 12638/12638 [00:56<00:00, 223.34it/s]
[I 2023-11-27 01:04:20,864] Trial 23 finished with value: 0.09353536286531705 and parameters: {'topK': 4145, 'l1_ratio': 0.19912592015927455, 'alpha': 0.0009785863866205557}. Best is trial 2 with value: 0.09459202558603004.
SLIMElasticNetRecommender: URM Detected 160 ( 1.3%) users with no interactions.
SLIMElasticNetRecommender: URM Detected 72 ( 0.3%) items with no interactions.
SLIMElasticNetRecommender: Processed 18251 (82.1%) in 5.00 min. Items per second: 60.83
SLIMElasticNetRecommender: Processed 22222 (100.0%) in 5.73 min. Items per second: 64.64
100%|██████████| 12638/12638 [00:55<00:00, 228.03it/s]
[I 2023-11-27 01:11:00,109] Trial 24 finished with value: 0.09128792382997339 and parameters: {'topK': 2750, 'l1_ratio': 0.15528249940841296, 'alpha': 0.0018195795054071675}. Best is trial 2 with value: 0.09459202558603004.
SLIMElasticNetRecommender: URM Detected 160 ( 1.3%) users with no interactions.
SLIMElasticNetRecommender: URM Detected 72 ( 0.3%) items with no interactions.
SLIMElasticNetRecommender: Processed 10174 (45.8%) in 5.00 min. Items per second: 33.91
SLIMElasticNetRecommender: Processed 22116 (99.5%) in 10.00 min. Items per second: 36.86
SLIMElasticNetRecommender: Processed 22222 (100.0%) in 10.06 min. Items per second: 36.81
100%|██████████| 12638/12638 [01:00<00:00, 208.58it/s]
[I 2023-11-27 01:22:04,449] Trial 25 finished with value: 0.09435490166714734 and parameters: {'topK': 4694, 'l1_ratio': 0.1255450443737393, 'alpha': 0.000778331093063819}. Best is trial 2 with value: 0.09459202558603004.
SLIMElasticNetRecommender: URM Detected 160 ( 1.3%) users with no interactions.
SLIMElasticNetRecommender: URM Detected 72 ( 0.3%) items with no interactions.
SLIMElasticNetRecommender: Processed 8805 (39.6%) in 5.00 min. Items per second: 29.34
SLIMElasticNetRecommender: Processed 18203 (81.9%) in 10.00 min. Items per second: 30.33
SLIMElasticNetRecommender: Processed 22222 (100.0%) in 12.27 min. Items per second: 30.19
100%|██████████| 12638/12638 [01:02<00:00, 203.56it/s]
[I 2023-11-27 01:35:22,727] Trial 26 finished with value: 0.09336708466203106 and parameters: {'topK': 5615, 'l1_ratio': 0.12695286865581254, 'alpha': 0.0004954339450544201}. Best is trial 2 with value: 0.09459202558603004.
SLIMElasticNetRecommender: URM Detected 160 ( 1.3%) users with no interactions.
SLIMElasticNetRecommender: URM Detected 72 ( 0.3%) items with no interactions.
SLIMElasticNetRecommender: Processed 11194 (50.4%) in 5.00 min. Items per second: 37.31
SLIMElasticNetRecommender: Processed 22222 (100.0%) in 9.18 min. Items per second: 40.35
100%|██████████| 12638/12638 [00:58<00:00, 214.95it/s]
[I 2023-11-27 01:45:32,343] Trial 27 finished with value: 0.0943946079362409 and parameters: {'topK': 4638, 'l1_ratio': 0.1326913994611852, 'alpha': 0.0011204018935468808}. Best is trial 2 with value: 0.09459202558603004.
SLIMElasticNetRecommender: URM Detected 160 ( 1.3%) users with no interactions.
SLIMElasticNetRecommender: URM Detected 72 ( 0.3%) items with no interactions.
SLIMElasticNetRecommender: Processed 15057 (67.8%) in 5.00 min. Items per second: 50.19
SLIMElasticNetRecommender: Processed 22222 (100.0%) in 6.65 min. Items per second: 55.71
100%|██████████| 12638/12638 [00:56<00:00, 224.25it/s]
[I 2023-11-27 01:53:07,645] Trial 28 finished with value: 0.092132902427791 and parameters: {'topK': 7113, 'l1_ratio': 0.1087117468996531, 'alpha': 0.002138558229412002}. Best is trial 2 with value: 0.09459202558603004.
SLIMElasticNetRecommender: URM Detected 160 ( 1.3%) users with no interactions.
SLIMElasticNetRecommender: URM Detected 72 ( 0.3%) items with no interactions.
SLIMElasticNetRecommender: Processed 10632 (47.8%) in 5.00 min. Items per second: 35.43
SLIMElasticNetRecommender: Processed 22222 (100.0%) in 9.69 min. Items per second: 38.22
100%|██████████| 12638/12638 [00:59<00:00, 211.54it/s]
[I 2023-11-27 02:03:48,856] Trial 29 finished with value: 0.09473477599256257 and parameters: {'topK': 7728, 'l1_ratio': 0.08615839636109349, 'alpha': 0.0012765382961243436}. Best is trial 29 with value: 0.09473477599256257.
SLIMElasticNetRecommender: URM Detected 160 ( 1.3%) users with no interactions.
SLIMElasticNetRecommender: URM Detected 72 ( 0.3%) items with no interactions.
SLIMElasticNetRecommender: Processed 10652 (47.9%) in 5.00 min. Items per second: 35.50
SLIMElasticNetRecommender: Processed 22222 (100.0%) in 9.67 min. Items per second: 38.30
100%|██████████| 12638/12638 [00:59<00:00, 211.40it/s]
[I 2023-11-27 02:14:28,884] Trial 30 finished with value: 0.09479183363398838 and parameters: {'topK': 7708, 'l1_ratio': 0.07751858004690254, 'alpha': 0.0014047930393773127}. Best is trial 30 with value: 0.09479183363398838.
SLIMElasticNetRecommender: URM Detected 160 ( 1.3%) users with no interactions.
SLIMElasticNetRecommender: URM Detected 72 ( 0.3%) items with no interactions.
SLIMElasticNetRecommender: Processed 10424 (46.9%) in 5.00 min. Items per second: 34.74
SLIMElasticNetRecommender: Processed 22222 (100.0%) in 9.82 min. Items per second: 37.70
100%|██████████| 12638/12638 [00:59<00:00, 211.94it/s]
[I 2023-11-27 02:25:18,053] Trial 31 finished with value: 0.09474091481286641 and parameters: {'topK': 7719, 'l1_ratio': 0.07630142288474245, 'alpha': 0.0012484513710475534}. Best is trial 30 with value: 0.09479183363398838.
SLIMElasticNetRecommender: URM Detected 160 ( 1.3%) users with no interactions.
SLIMElasticNetRecommender: URM Detected 72 ( 0.3%) items with no interactions.
SLIMElasticNetRecommender: Processed 10517 (47.3%) in 5.00 min. Items per second: 35.05
SLIMElasticNetRecommender: Processed 22222 (100.0%) in 9.78 min. Items per second: 37.88
100%|██████████| 12638/12638 [00:59<00:00, 210.83it/s]
[I 2023-11-27 02:36:04,628] Trial 32 finished with value: 0.09473038446483892 and parameters: {'topK': 7772, 'l1_ratio': 0.07429888595402069, 'alpha': 0.0013141635211080256}. Best is trial 30 with value: 0.09479183363398838.
SLIMElasticNetRecommender: URM Detected 160 ( 1.3%) users with no interactions.
SLIMElasticNetRecommender: URM Detected 72 ( 0.3%) items with no interactions.
SLIMElasticNetRecommender: Processed 10664 (48.0%) in 5.00 min. Items per second: 35.54
SLIMElasticNetRecommender: Processed 22222 (100.0%) in 9.66 min. Items per second: 38.32
100%|██████████| 12638/12638 [00:59<00:00, 211.49it/s]
[I 2023-11-27 02:46:44,298] Trial 33 finished with value: 0.09474412588368324 and parameters: {'topK': 9078, 'l1_ratio': 0.07440783917674655, 'alpha': 0.0014566035753257678}. Best is trial 30 with value: 0.09479183363398838.
SLIMElasticNetRecommender: URM Detected 160 ( 1.3%) users with no interactions.
SLIMElasticNetRecommender: URM Detected 72 ( 0.3%) items with no interactions.
SLIMElasticNetRecommender: Processed 10672 (48.0%) in 5.00 min. Items per second: 35.57
SLIMElasticNetRecommender: Processed 22222 (100.0%) in 9.64 min. Items per second: 38.43
100%|██████████| 12638/12638 [00:59<00:00, 211.15it/s]
