[I 2023-11-27 10:50:17,768] A new study created in memory with name: no-name-992e8d7a-57c7-4042-b97e-2252c6df51ec
SLIMElasticNetRecommender: URM Detected 156 ( 1.2%) users with no interactions.
SLIMElasticNetRecommender: URM Detected 82 ( 0.4%) items with no interactions.
SLIMElasticNetRecommender: Processed 13462 (60.6%) in 5.00 min. Items per second: 44.87
SLIMElasticNetRecommender: Processed 22222 (100.0%) in 7.79 min. Items per second: 47.54
100%|██████████| 12638/12638 [00:39<00:00, 319.38it/s]
[I 2023-11-27 10:58:44,852] Trial 0 finished with value: 0.09485477953663847 and parameters: {'topK': 8171, 'l1_ratio': 0.04121624107668459, 'alpha': 0.001999152336457023}. Best is trial 0 with value: 0.09485477953663847.
SLIMElasticNetRecommender: URM Detected 156 ( 1.2%) users with no interactions.
SLIMElasticNetRecommender: URM Detected 82 ( 0.4%) items with no interactions.
SLIMElasticNetRecommender: Processed 12397 (55.8%) in 5.00 min. Items per second: 41.32
SLIMElasticNetRecommender: Processed 22222 (100.0%) in 8.77 min. Items per second: 42.22
100%|██████████| 12638/12638 [00:41<00:00, 305.99it/s]
[I 2023-11-27 11:08:12,569] Trial 1 finished with value: 0.094989288816666 and parameters: {'topK': 8724, 'l1_ratio': 0.06152051755483133, 'alpha': 0.001200355966218069}. Best is trial 1 with value: 0.094989288816666.
SLIMElasticNetRecommender: URM Detected 156 ( 1.2%) users with no interactions.
SLIMElasticNetRecommender: URM Detected 82 ( 0.4%) items with no interactions.
SLIMElasticNetRecommender: Processed 10900 (49.1%) in 5.00 min. Items per second: 36.33
SLIMElasticNetRecommender: Processed 22094 (99.4%) in 10.00 min. Items per second: 36.81
SLIMElasticNetRecommender: Processed 22222 (100.0%) in 10.09 min. Items per second: 36.72
100%|██████████| 12638/12638 [00:43<00:00, 291.23it/s]
[I 2023-11-27 11:19:01,244] Trial 2 finished with value: 0.09273558838549266 and parameters: {'topK': 7891, 'l1_ratio': 0.054042813680265235, 'alpha': 0.0007333989236780638}. Best is trial 1 with value: 0.094989288816666.
SLIMElasticNetRecommender: URM Detected 156 ( 1.2%) users with no interactions.
SLIMElasticNetRecommender: URM Detected 82 ( 0.4%) items with no interactions.
SLIMElasticNetRecommender: Processed 12143 (54.6%) in 5.00 min. Items per second: 40.47
SLIMElasticNetRecommender: Processed 22222 (100.0%) in 9.01 min. Items per second: 41.09
100%|██████████| 12638/12638 [00:43<00:00, 288.89it/s]
[I 2023-11-27 11:28:45,901] Trial 3 finished with value: 0.09487311776407263 and parameters: {'topK': 9839, 'l1_ratio': 0.04187243662781403, 'alpha': 0.0015002120956465928}. Best is trial 1 with value: 0.094989288816666.
SLIMElasticNetRecommender: URM Detected 156 ( 1.2%) users with no interactions.
SLIMElasticNetRecommender: URM Detected 82 ( 0.4%) items with no interactions.
SLIMElasticNetRecommender: Processed 10471 (47.1%) in 5.00 min. Items per second: 34.90
SLIMElasticNetRecommender: Processed 21506 (96.8%) in 10.00 min. Items per second: 35.84
SLIMElasticNetRecommender: Processed 22222 (100.0%) in 10.40 min. Items per second: 35.61
100%|██████████| 12638/12638 [00:42<00:00, 294.75it/s]
[I 2023-11-27 11:39:52,958] Trial 4 finished with value: 0.0862369826006852 and parameters: {'topK': 9625, 'l1_ratio': 0.004814579773069013, 'alpha': 0.0006049030916370426}. Best is trial 1 with value: 0.094989288816666.
SLIMElasticNetRecommender: URM Detected 156 ( 1.2%) users with no interactions.
SLIMElasticNetRecommender: URM Detected 82 ( 0.4%) items with no interactions.
SLIMElasticNetRecommender: Processed 11459 (51.6%) in 5.00 min. Items per second: 38.19
SLIMElasticNetRecommender: Processed 22222 (100.0%) in 9.54 min. Items per second: 38.83
100%|██████████| 12638/12638 [00:44<00:00, 282.54it/s]
[I 2023-11-27 11:50:10,193] Trial 5 finished with value: 0.09395429765966887 and parameters: {'topK': 9306, 'l1_ratio': 0.030862297498630023, 'alpha': 0.0012760520273031287}. Best is trial 1 with value: 0.094989288816666.
SLIMElasticNetRecommender: URM Detected 156 ( 1.2%) users with no interactions.
SLIMElasticNetRecommender: URM Detected 82 ( 0.4%) items with no interactions.
SLIMElasticNetRecommender: Processed 13860 (62.4%) in 5.00 min. Items per second: 46.20
SLIMElasticNetRecommender: Processed 22222 (100.0%) in 7.59 min. Items per second: 48.76
100%|██████████| 12638/12638 [00:43<00:00, 289.54it/s]
[I 2023-11-27 11:58:29,586] Trial 6 finished with value: 0.09494926966328164 and parameters: {'topK': 8352, 'l1_ratio': 0.05233857706827732, 'alpha': 0.0018613370353252512}. Best is trial 1 with value: 0.094989288816666.
SLIMElasticNetRecommender: URM Detected 156 ( 1.2%) users with no interactions.
SLIMElasticNetRecommender: URM Detected 82 ( 0.4%) items with no interactions.
SLIMElasticNetRecommender: Processed 8989 (40.5%) in 5.00 min. Items per second: 29.96
SLIMElasticNetRecommender: Processed 18484 (83.2%) in 10.00 min. Items per second: 30.80
SLIMElasticNetRecommender: Processed 22222 (100.0%) in 11.98 min. Items per second: 30.92
100%|██████████| 12638/12638 [00:45<00:00, 279.60it/s]
[I 2023-11-27 12:11:13,670] Trial 7 finished with value: 0.07593766254207153 and parameters: {'topK': 9962, 'l1_ratio': 0.0023601849107852705, 'alpha': 0.00019060228673166608}. Best is trial 1 with value: 0.094989288816666.
SLIMElasticNetRecommender: URM Detected 156 ( 1.2%) users with no interactions.
SLIMElasticNetRecommender: URM Detected 82 ( 0.4%) items with no interactions.
SLIMElasticNetRecommender: Processed 8610 (38.7%) in 5.00 min. Items per second: 28.69
SLIMElasticNetRecommender: Processed 17764 (79.9%) in 10.00 min. Items per second: 29.60
SLIMElasticNetRecommender: Processed 22222 (100.0%) in 12.44 min. Items per second: 29.77
100%|██████████| 12638/12638 [00:44<00:00, 284.12it/s]
[I 2023-11-27 12:24:24,681] Trial 8 finished with value: 0.07477413492213007 and parameters: {'topK': 9972, 'l1_ratio': 0.06255782572813436, 'alpha': 0.00011221585196008929}. Best is trial 1 with value: 0.094989288816666.
SLIMElasticNetRecommender: URM Detected 156 ( 1.2%) users with no interactions.
SLIMElasticNetRecommender: URM Detected 82 ( 0.4%) items with no interactions.
SLIMElasticNetRecommender: Processed 12338 (55.5%) in 5.00 min. Items per second: 41.12
SLIMElasticNetRecommender: Processed 22222 (100.0%) in 8.80 min. Items per second: 42.10
100%|██████████| 12638/12638 [00:44<00:00, 286.42it/s]
[I 2023-11-27 12:33:56,640] Trial 9 finished with value: 0.0947680091612878 and parameters: {'topK': 9051, 'l1_ratio': 0.06946250045153507, 'alpha': 0.001075253705813802}. Best is trial 1 with value: 0.094989288816666.
SLIMElasticNetRecommender: URM Detected 156 ( 1.2%) users with no interactions.
SLIMElasticNetRecommender: URM Detected 82 ( 0.4%) items with no interactions.
SLIMElasticNetRecommender: Processed 17768 (80.0%) in 5.00 min. Items per second: 59.22
SLIMElasticNetRecommender: Processed 22222 (100.0%) in 5.88 min. Items per second: 62.97
100%|██████████| 12638/12638 [00:41<00:00, 306.88it/s]
[I 2023-11-27 12:40:30,873] Trial 10 finished with value: 0.09301087667533578 and parameters: {'topK': 7297, 'l1_ratio': 0.07724959557243737, 'alpha': 0.0024616967240902827}. Best is trial 1 with value: 0.094989288816666.
SLIMElasticNetRecommender: URM Detected 156 ( 1.2%) users with no interactions.
SLIMElasticNetRecommender: URM Detected 82 ( 0.4%) items with no interactions.
SLIMElasticNetRecommender: Processed 13430 (60.4%) in 5.00 min. Items per second: 44.76
SLIMElasticNetRecommender: Processed 22222 (100.0%) in 7.82 min. Items per second: 47.35
100%|██████████| 12638/12638 [00:43<00:00, 287.54it/s]
[I 2023-11-27 12:49:04,181] Trial 11 finished with value: 0.09510321584067884 and parameters: {'topK': 8735, 'l1_ratio': 0.056776425025391805, 'alpha': 0.0017012518641984832}. Best is trial 11 with value: 0.09510321584067884.
SLIMElasticNetRecommender: URM Detected 156 ( 1.2%) users with no interactions.
SLIMElasticNetRecommender: URM Detected 82 ( 0.4%) items with no interactions.
SLIMElasticNetRecommender: Processed 13721 (61.7%) in 5.00 min. Items per second: 45.73
SLIMElasticNetRecommender: Processed 22222 (100.0%) in 7.69 min. Items per second: 48.19
100%|██████████| 12638/12638 [00:44<00:00, 286.13it/s]
[I 2023-11-27 12:57:29,548] Trial 12 finished with value: 0.094786706478385 and parameters: {'topK': 8873, 'l1_ratio': 0.0770070983090099, 'alpha': 0.0015898809212165081}. Best is trial 11 with value: 0.09510321584067884.
SLIMElasticNetRecommender: URM Detected 156 ( 1.2%) users with no interactions.
SLIMElasticNetRecommender: URM Detected 82 ( 0.4%) items with no interactions.
SLIMElasticNetRecommender: Processed 11807 (53.1%) in 5.00 min. Items per second: 39.35
SLIMElasticNetRecommender: Processed 22222 (100.0%) in 9.24 min. Items per second: 40.08
100%|██████████| 12638/12638 [00:46<00:00, 271.93it/s]
[I 2023-11-27 13:07:30,490] Trial 13 finished with value: 0.09459760414536623 and parameters: {'topK': 8661, 'l1_ratio': 0.06193989262686445, 'alpha': 0.0010873228551323718}. Best is trial 11 with value: 0.09510321584067884.
SLIMElasticNetRecommender: URM Detected 156 ( 1.2%) users with no interactions.
SLIMElasticNetRecommender: URM Detected 82 ( 0.4%) items with no interactions.
SLIMElasticNetRecommender: Processed 13569 (61.1%) in 5.00 min. Items per second: 45.23
SLIMElasticNetRecommender: Processed 22222 (100.0%) in 7.74 min. Items per second: 47.84
100%|██████████| 12638/12638 [00:44<00:00, 286.72it/s]
[I 2023-11-27 13:15:59,085] Trial 14 finished with value: 0.09494222033517857 and parameters: {'topK': 7793, 'l1_ratio': 0.053138123426188316, 'alpha': 0.0018390688224362978}. Best is trial 11 with value: 0.09510321584067884.
SLIMElasticNetRecommender: URM Detected 156 ( 1.2%) users with no interactions.
SLIMElasticNetRecommender: URM Detected 82 ( 0.4%) items with no interactions.
SLIMElasticNetRecommender: Processed 14670 (66.0%) in 5.00 min. Items per second: 48.89
SLIMElasticNetRecommender: Processed 22222 (100.0%) in 7.21 min. Items per second: 51.39
100%|██████████| 12638/12638 [00:42<00:00, 294.34it/s]
[I 2023-11-27 13:23:54,495] Trial 15 finished with value: 0.09412502738107972 and parameters: {'topK': 9298, 'l1_ratio': 0.06684306770559115, 'alpha': 0.002231661258845475}. Best is trial 11 with value: 0.09510321584067884.
SLIMElasticNetRecommender: URM Detected 156 ( 1.2%) users with no interactions.
SLIMElasticNetRecommender: URM Detected 82 ( 0.4%) items with no interactions.
SLIMElasticNetRecommender: Processed 11590 (52.2%) in 5.00 min. Items per second: 38.63
SLIMElasticNetRecommender: Processed 22222 (100.0%) in 9.47 min. Items per second: 39.09
100%|██████████| 12638/12638 [00:46<00:00, 273.83it/s]
[I 2023-11-27 13:34:09,304] Trial 16 finished with value: 0.09463613981629668 and parameters: {'topK': 8632, 'l1_ratio': 0.03357594892223333, 'alpha': 0.0015357014565276152}. Best is trial 11 with value: 0.09510321584067884.
SLIMElasticNetRecommender: URM Detected 156 ( 1.2%) users with no interactions.
SLIMElasticNetRecommender: URM Detected 82 ( 0.4%) items with no interactions.
SLIMElasticNetRecommender: Processed 16852 (75.8%) in 5.00 min. Items per second: 56.17
SLIMElasticNetRecommender: Processed 22222 (100.0%) in 6.12 min. Items per second: 60.48
100%|██████████| 12638/12638 [00:43<00:00, 293.23it/s]
[I 2023-11-27 13:40:59,862] Trial 17 finished with value: 0.09393861798290104 and parameters: {'topK': 7060, 'l1_ratio': 0.07882209976673082, 'alpha': 0.0020806131475998176}. Best is trial 11 with value: 0.09510321584067884.
SLIMElasticNetRecommender: URM Detected 156 ( 1.2%) users with no interactions.
SLIMElasticNetRecommender: URM Detected 82 ( 0.4%) items with no interactions.
SLIMElasticNetRecommender: Processed 13040 (58.7%) in 5.00 min. Items per second: 43.46
SLIMElasticNetRecommender: Processed 22222 (100.0%) in 8.06 min. Items per second: 45.97
100%|██████████| 12638/12638 [00:45<00:00, 276.95it/s]
[I 2023-11-27 13:49:48,951] Trial 18 finished with value: 0.09506188642390564 and parameters: {'topK': 8140, 'l1_ratio': 0.05785994025092534, 'alpha': 0.0017069378698313271}. Best is trial 11 with value: 0.09510321584067884.
SLIMElasticNetRecommender: URM Detected 156 ( 1.2%) users with no interactions.
SLIMElasticNetRecommender: URM Detected 82 ( 0.4%) items with no interactions.
SLIMElasticNetRecommender: Processed 12448 (56.0%) in 5.00 min. Items per second: 41.49
SLIMElasticNetRecommender: Processed 22222 (100.0%) in 8.63 min. Items per second: 42.91
100%|██████████| 12638/12638 [00:45<00:00, 278.67it/s]
[I 2023-11-27 13:59:12,190] Trial 19 finished with value: 0.09510191954149502 and parameters: {'topK': 7667, 'l1_ratio': 0.04653658006018152, 'alpha': 0.0016867086233239717}. Best is trial 11 with value: 0.09510321584067884.
SLIMElasticNetRecommender: URM Detected 156 ( 1.2%) users with no interactions.
SLIMElasticNetRecommender: URM Detected 82 ( 0.4%) items with no interactions.
SLIMElasticNetRecommender: Processed 13571 (61.1%) in 5.00 min. Items per second: 45.23
SLIMElasticNetRecommender: Processed 22222 (100.0%) in 7.75 min. Items per second: 47.80
100%|██████████| 12638/12638 [00:44<00:00, 284.09it/s]
[I 2023-11-27 14:07:41,638] Trial 20 finished with value: 0.09423029318701155 and parameters: {'topK': 7571, 'l1_ratio': 0.04729085204662449, 'alpha': 0.0024852891215749622}. Best is trial 11 with value: 0.09510321584067884.
SLIMElasticNetRecommender: URM Detected 156 ( 1.2%) users with no interactions.
SLIMElasticNetRecommender: URM Detected 82 ( 0.4%) items with no interactions.
SLIMElasticNetRecommender: Processed 13366 (60.1%) in 5.00 min. Items per second: 44.55
SLIMElasticNetRecommender: Processed 22222 (100.0%) in 7.86 min. Items per second: 47.13
100%|██████████| 12638/12638 [00:44<00:00, 283.94it/s]
[I 2023-11-27 14:16:17,690] Trial 21 finished with value: 0.09505172866807818 and parameters: {'topK': 8119, 'l1_ratio': 0.05532705093387443, 'alpha': 0.0017305603631026407}. Best is trial 11 with value: 0.09510321584067884.
SLIMElasticNetRecommender: URM Detected 156 ( 1.2%) users with no interactions.
SLIMElasticNetRecommender: URM Detected 82 ( 0.4%) items with no interactions.
SLIMElasticNetRecommender: Processed 12892 (58.0%) in 5.00 min. Items per second: 42.97
SLIMElasticNetRecommender: Processed 22222 (100.0%) in 8.38 min. Items per second: 44.19
100%|██████████| 12638/12638 [00:44<00:00, 284.18it/s]
[I 2023-11-27 14:25:25,146] Trial 22 finished with value: 0.09508613363620111 and parameters: {'topK': 7576, 'l1_ratio': 0.04530444403616844, 'alpha': 0.0017185843543028878}. Best is trial 11 with value: 0.09510321584067884.
SLIMElasticNetRecommender: URM Detected 156 ( 1.2%) users with no interactions.
SLIMElasticNetRecommender: URM Detected 82 ( 0.4%) items with no interactions.
SLIMElasticNetRecommender: Processed 11963 (53.8%) in 5.00 min. Items per second: 39.87
SLIMElasticNetRecommender: Processed 22222 (100.0%) in 9.18 min. Items per second: 40.34
100%|██████████| 12638/12638 [00:46<00:00, 273.44it/s]
[I 2023-11-27 14:35:22,382] Trial 23 finished with value: 0.09499414317113124 and parameters: {'topK': 7531, 'l1_ratio': 0.046624823086222796, 'alpha': 0.0013843885540732856}. Best is trial 11 with value: 0.09510321584067884.
SLIMElasticNetRecommender: URM Detected 156 ( 1.2%) users with no interactions.
SLIMElasticNetRecommender: URM Detected 82 ( 0.4%) items with no interactions.
SLIMElasticNetRecommender: Processed 12151 (54.7%) in 5.00 min. Items per second: 40.50
SLIMElasticNetRecommender: Processed 22222 (100.0%) in 9.05 min. Items per second: 40.91
100%|██████████| 12638/12638 [00:46<00:00, 273.72it/s]
[I 2023-11-27 14:45:11,838] Trial 24 finished with value: 0.09494956534985768 and parameters: {'topK': 7081, 'l1_ratio': 0.03307432827051652, 'alpha': 0.0019055785458509205}. Best is trial 11 with value: 0.09510321584067884.
SLIMElasticNetRecommender: URM Detected 156 ( 1.2%) users with no interactions.
SLIMElasticNetRecommender: URM Detected 82 ( 0.4%) items with no interactions.
SLIMElasticNetRecommender: Processed 13452 (60.5%) in 5.00 min. Items per second: 44.84
SLIMElasticNetRecommender: Processed 22222 (100.0%) in 7.79 min. Items per second: 47.52
100%|██████████| 12638/12638 [00:44<00:00, 284.65it/s]
[I 2023-11-27 14:53:43,967] Trial 25 finished with value: 0.0947030625467698 and parameters: {'topK': 7785, 'l1_ratio': 0.04745980654061154, 'alpha': 0.002135159686199901}. Best is trial 11 with value: 0.09510321584067884.
SLIMElasticNetRecommender: URM Detected 156 ( 1.2%) users with no interactions.
SLIMElasticNetRecommender: URM Detected 82 ( 0.4%) items with no interactions.
SLIMElasticNetRecommender: Processed 11930 (53.7%) in 5.00 min. Items per second: 39.76
SLIMElasticNetRecommender: Processed 22222 (100.0%) in 9.21 min. Items per second: 40.22
100%|██████████| 12638/12638 [00:45<00:00, 275.43it/s]
[I 2023-11-27 15:03:42,465] Trial 26 finished with value: 0.09504848690743714 and parameters: {'topK': 7452, 'l1_ratio': 0.037618587960469754, 'alpha': 0.0016748140052196619}. Best is trial 11 with value: 0.09510321584067884.
SLIMElasticNetRecommender: URM Detected 156 ( 1.2%) users with no interactions.
SLIMElasticNetRecommender: URM Detected 82 ( 0.4%) items with no interactions.
SLIMElasticNetRecommender: Processed 10921 (49.1%) in 5.00 min. Items per second: 36.40
SLIMElasticNetRecommender: Processed 22222 (100.0%) in 9.97 min. Items per second: 37.14
100%|██████████| 12638/12638 [00:45<00:00, 275.39it/s]
[I 2023-11-27 15:14:26,871] Trial 27 finished with value: 0.09409562473271066 and parameters: {'topK': 8341, 'l1_ratio': 0.025705702797906776, 'alpha': 0.001442956864367047}. Best is trial 11 with value: 0.09510321584067884.
SLIMElasticNetRecommender: URM Detected 156 ( 1.2%) users with no interactions.
SLIMElasticNetRecommender: URM Detected 82 ( 0.4%) items with no interactions.
SLIMElasticNetRecommender: Processed 13596 (61.2%) in 5.00 min. Items per second: 45.31
SLIMElasticNetRecommender: Processed 22222 (100.0%) in 7.74 min. Items per second: 47.83
100%|██████████| 12638/12638 [00:44<00:00, 286.22it/s]
[I 2023-11-27 15:22:55,722] Trial 28 finished with value: 0.09447383673894508 and parameters: {'topK': 7902, 'l1_ratio': 0.04963741119378503, 'alpha': 0.002237184458221756}. Best is trial 11 with value: 0.09510321584067884.
SLIMElasticNetRecommender: URM Detected 156 ( 1.2%) users with no interactions.
SLIMElasticNetRecommender: URM Detected 82 ( 0.4%) items with no interactions.
SLIMElasticNetRecommender: Processed 13260 (59.7%) in 5.00 min. Items per second: 44.20
SLIMElasticNetRecommender: Processed 22222 (100.0%) in 7.93 min. Items per second: 46.72
100%|██████████| 12638/12638 [00:44<00:00, 282.08it/s]
[I 2023-11-27 15:31:36,248] Trial 29 finished with value: 0.09495032956453352 and parameters: {'topK': 7287, 'l1_ratio': 0.04362107049371997, 'alpha': 0.001957257605352156}. Best is trial 11 with value: 0.09510321584067884.
SLIMElasticNetRecommender: URM Detected 156 ( 1.2%) users with no interactions.
SLIMElasticNetRecommender: URM Detected 82 ( 0.4%) items with no interactions.
SLIMElasticNetRecommender: Processed 12247 (55.1%) in 5.00 min. Items per second: 40.82
SLIMElasticNetRecommender: Processed 22222 (100.0%) in 8.93 min. Items per second: 41.46
100%|██████████| 12638/12638 [00:45<00:00, 276.88it/s]
[I 2023-11-27 15:41:17,944] Trial 30 finished with value: 0.09517268757512695 and parameters: {'topK': 8432, 'l1_ratio': 0.039689589233748254, 'alpha': 0.0017585956230775236}. Best is trial 30 with value: 0.09517268757512695.
SLIMElasticNetRecommender: URM Detected 156 ( 1.2%) users with no interactions.
SLIMElasticNetRecommender: URM Detected 82 ( 0.4%) items with no interactions.
SLIMElasticNetRecommender: Processed 12239 (55.1%) in 5.00 min. Items per second: 40.79
SLIMElasticNetRecommender: Processed 22222 (100.0%) in 8.93 min. Items per second: 41.49
100%|██████████| 12638/12638 [00:44<00:00, 281.44it/s]
[I 2023-11-27 15:50:58,490] Trial 31 finished with value: 0.0952249162316303 and parameters: {'topK': 8359, 'l1_ratio': 0.03970567021500629, 'alpha': 0.0017676982041230369}. Best is trial 31 with value: 0.0952249162316303.
SLIMElasticNetRecommender: URM Detected 156 ( 1.2%) users with no interactions.
SLIMElasticNetRecommender: URM Detected 82 ( 0.4%) items with no interactions.
SLIMElasticNetRecommender: Processed 12921 (58.1%) in 5.00 min. Items per second: 43.06
SLIMElasticNetRecommender: Processed 22222 (100.0%) in 8.34 min. Items per second: 44.39
100%|██████████| 12638/12638 [00:45<00:00, 280.84it/s]
[I 2023-11-27 16:00:04,136] Trial 32 finished with value: 0.09497687941850823 and parameters: {'topK': 8432, 'l1_ratio': 0.039512372109377046, 'alpha': 0.0019854416757097678}. Best is trial 31 with value: 0.0952249162316303.
SLIMElasticNetRecommender: URM Detected 156 ( 1.2%) users with no interactions.
SLIMElasticNetRecommender: URM Detected 82 ( 0.4%) items with no interactions.
SLIMElasticNetRecommender: Processed 11765 (52.9%) in 5.00 min. Items per second: 39.21
SLIMElasticNetRecommender: Processed 22222 (100.0%) in 9.30 min. Items per second: 39.84
100%|██████████| 12638/12638 [00:47<00:00, 267.80it/s]
[I 2023-11-27 16:10:09,202] Trial 33 finished with value: 0.09496403482708785 and parameters: {'topK': 9015, 'l1_ratio': 0.03918476522182853, 'alpha': 0.001585524108773348}. Best is trial 31 with value: 0.0952249162316303.
SLIMElasticNetRecommender: URM Detected 156 ( 1.2%) users with no interactions.
SLIMElasticNetRecommender: URM Detected 82 ( 0.4%) items with no interactions.
SLIMElasticNetRecommender: Processed 12927 (58.2%) in 5.00 min. Items per second: 43.08
SLIMElasticNetRecommender: Processed 22222 (100.0%) in 8.06 min. Items per second: 45.93
100%|██████████| 12638/12638 [00:44<00:00, 281.89it/s]
