[I 2023-11-27 02:57:22,520] Trial 34 finished with value: 0.09457678313293962 and parameters: {'topK': 9027, 'l1_ratio': 0.06462726160759547, 'alpha': 0.0016285972924068991}. Best is trial 30 with value: 0.09479183363398838.
SLIMElasticNetRecommender: URM Detected 160 ( 1.3%) users with no interactions.
SLIMElasticNetRecommender: URM Detected 72 ( 0.3%) items with no interactions.
SLIMElasticNetRecommender: Processed 13472 (60.6%) in 5.00 min. Items per second: 44.90
SLIMElasticNetRecommender: Processed 22222 (100.0%) in 7.29 min. Items per second: 50.83
100%|██████████| 12638/12638 [00:57<00:00, 220.80it/s]
[I 2023-11-27 03:05:37,000] Trial 35 finished with value: 0.09311553592064827 and parameters: {'topK': 8975, 'l1_ratio': 0.08771601528315495, 'alpha': 0.002080885239533815}. Best is trial 30 with value: 0.09479183363398838.
SLIMElasticNetRecommender: URM Detected 160 ( 1.3%) users with no interactions.
SLIMElasticNetRecommender: URM Detected 72 ( 0.3%) items with no interactions.
SLIMElasticNetRecommender: Processed 10439 (47.0%) in 5.00 min. Items per second: 34.79
SLIMElasticNetRecommender: Processed 22222 (100.0%) in 9.82 min. Items per second: 37.70
100%|██████████| 12638/12638 [01:00<00:00, 209.81it/s]
[I 2023-11-27 03:16:26,748] Trial 36 finished with value: 0.09464325794173453 and parameters: {'topK': 6130, 'l1_ratio': 0.07315433257211394, 'alpha': 0.0012699651820339169}. Best is trial 30 with value: 0.09479183363398838.
SLIMElasticNetRecommender: URM Detected 160 ( 1.3%) users with no interactions.
SLIMElasticNetRecommender: URM Detected 72 ( 0.3%) items with no interactions.
SLIMElasticNetRecommender: Processed 11477 (51.6%) in 5.00 min. Items per second: 38.25
SLIMElasticNetRecommender: Processed 22222 (100.0%) in 9.03 min. Items per second: 41.02
100%|██████████| 12638/12638 [00:58<00:00, 215.70it/s]
[I 2023-11-27 03:26:27,140] Trial 37 finished with value: 0.09355213440318949 and parameters: {'topK': 8314, 'l1_ratio': 0.051920191371086846, 'alpha': 0.0027255989495403934}. Best is trial 30 with value: 0.09479183363398838.
SLIMElasticNetRecommender: URM Detected 160 ( 1.3%) users with no interactions.
SLIMElasticNetRecommender: URM Detected 72 ( 0.3%) items with no interactions.
SLIMElasticNetRecommender: Processed 8187 (36.8%) in 5.00 min. Items per second: 27.28
SLIMElasticNetRecommender: Processed 16843 (75.8%) in 10.00 min. Items per second: 28.07
SLIMElasticNetRecommender: Processed 22222 (100.0%) in 13.17 min. Items per second: 28.13
100%|██████████| 12638/12638 [00:58<00:00, 215.42it/s]
[I 2023-11-27 03:40:36,013] Trial 38 finished with value: 0.09126298972464178 and parameters: {'topK': 7437, 'l1_ratio': 0.08018570726298005, 'alpha': 0.0004382779002691952}. Best is trial 30 with value: 0.09479183363398838.
SLIMElasticNetRecommender: URM Detected 160 ( 1.3%) users with no interactions.
SLIMElasticNetRecommender: URM Detected 72 ( 0.3%) items with no interactions.
SLIMElasticNetRecommender: Processed 13237 (59.6%) in 5.00 min. Items per second: 44.12
SLIMElasticNetRecommender: Processed 22222 (100.0%) in 7.40 min. Items per second: 50.08
100%|██████████| 12638/12638 [00:56<00:00, 224.33it/s]
[I 2023-11-27 03:48:56,156] Trial 39 finished with value: 0.09357551166500387 and parameters: {'topK': 9168, 'l1_ratio': 0.0980082250703364, 'alpha': 0.0016782373071059934}. Best is trial 30 with value: 0.09479183363398838.
SLIMElasticNetRecommender: URM Detected 160 ( 1.3%) users with no interactions.
SLIMElasticNetRecommender: URM Detected 72 ( 0.3%) items with no interactions.
SLIMElasticNetRecommender: Processed 9443 (42.5%) in 5.00 min. Items per second: 31.47
SLIMElasticNetRecommender: Processed 19562 (88.0%) in 10.00 min. Items per second: 32.60
SLIMElasticNetRecommender: Processed 22222 (100.0%) in 11.43 min. Items per second: 32.39
100%|██████████| 12638/12638 [01:00<00:00, 207.79it/s]
[I 2023-11-27 04:01:23,197] Trial 40 finished with value: 0.09477132266435212 and parameters: {'topK': 9963, 'l1_ratio': 0.060057433923491804, 'alpha': 0.0010985255597367174}. Best is trial 30 with value: 0.09479183363398838.
SLIMElasticNetRecommender: URM Detected 160 ( 1.3%) users with no interactions.
SLIMElasticNetRecommender: URM Detected 72 ( 0.3%) items with no interactions.
SLIMElasticNetRecommender: Processed 9450 (42.5%) in 5.00 min. Items per second: 31.49
SLIMElasticNetRecommender: Processed 19530 (87.9%) in 10.00 min. Items per second: 32.55
SLIMElasticNetRecommender: Processed 22222 (100.0%) in 11.45 min. Items per second: 32.34
100%|██████████| 12638/12638 [00:59<00:00, 211.84it/s]
[I 2023-11-27 04:13:50,109] Trial 41 finished with value: 0.0947752594537633 and parameters: {'topK': 9837, 'l1_ratio': 0.058776792863678345, 'alpha': 0.0011217200045430778}. Best is trial 30 with value: 0.09479183363398838.
SLIMElasticNetRecommender: URM Detected 160 ( 1.3%) users with no interactions.
SLIMElasticNetRecommender: URM Detected 72 ( 0.3%) items with no interactions.
SLIMElasticNetRecommender: Processed 9229 (41.5%) in 5.00 min. Items per second: 30.76
SLIMElasticNetRecommender: Processed 18968 (85.4%) in 10.00 min. Items per second: 31.61
SLIMElasticNetRecommender: Processed 22222 (100.0%) in 11.78 min. Items per second: 31.44
100%|██████████| 12638/12638 [00:59<00:00, 210.68it/s]
[I 2023-11-27 04:26:37,104] Trial 42 finished with value: 0.09446879784805959 and parameters: {'topK': 9953, 'l1_ratio': 0.060484431480293144, 'alpha': 0.0010012681711387683}. Best is trial 30 with value: 0.09479183363398838.
SLIMElasticNetRecommender: URM Detected 160 ( 1.3%) users with no interactions.
SLIMElasticNetRecommender: URM Detected 72 ( 0.3%) items with no interactions.
SLIMElasticNetRecommender: Processed 9514 (42.8%) in 5.00 min. Items per second: 31.71
SLIMElasticNetRecommender: Processed 19642 (88.4%) in 10.00 min. Items per second: 32.73
SLIMElasticNetRecommender: Processed 22222 (100.0%) in 11.38 min. Items per second: 32.54
100%|██████████| 12638/12638 [01:00<00:00, 209.98it/s]
[I 2023-11-27 04:39:00,316] Trial 43 finished with value: 0.09496250817891469 and parameters: {'topK': 8410, 'l1_ratio': 0.042361056361617994, 'alpha': 0.0015099776709639706}. Best is trial 43 with value: 0.09496250817891469.
SLIMElasticNetRecommender: URM Detected 160 ( 1.3%) users with no interactions.
SLIMElasticNetRecommender: URM Detected 72 ( 0.3%) items with no interactions.
SLIMElasticNetRecommender: Processed 9388 (42.2%) in 5.00 min. Items per second: 31.29
SLIMElasticNetRecommender: Processed 19256 (86.7%) in 10.00 min. Items per second: 32.09
SLIMElasticNetRecommender: Processed 22222 (100.0%) in 11.62 min. Items per second: 31.89
100%|██████████| 12638/12638 [01:03<00:00, 198.94it/s]
[I 2023-11-27 04:51:40,945] Trial 44 finished with value: 0.09496881350867226 and parameters: {'topK': 9414, 'l1_ratio': 0.03713762600271293, 'alpha': 0.0015919486906757787}. Best is trial 44 with value: 0.09496881350867226.
SLIMElasticNetRecommender: URM Detected 160 ( 1.3%) users with no interactions.
SLIMElasticNetRecommender: URM Detected 72 ( 0.3%) items with no interactions.
SLIMElasticNetRecommender: Processed 10085 (45.4%) in 5.00 min. Items per second: 33.61
SLIMElasticNetRecommender: Processed 21103 (95.0%) in 10.00 min. Items per second: 35.17
SLIMElasticNetRecommender: Processed 22222 (100.0%) in 10.62 min. Items per second: 34.89
100%|██████████| 12638/12638 [01:00<00:00, 209.93it/s]
[I 2023-11-27 05:03:18,232] Trial 45 finished with value: 0.09478537554755413 and parameters: {'topK': 9433, 'l1_ratio': 0.03956650787351639, 'alpha': 0.0019064627409156225}. Best is trial 44 with value: 0.09496881350867226.
SLIMElasticNetRecommender: URM Detected 160 ( 1.3%) users with no interactions.
SLIMElasticNetRecommender: URM Detected 72 ( 0.3%) items with no interactions.
SLIMElasticNetRecommender: Processed 10208 (45.9%) in 5.00 min. Items per second: 34.02
SLIMElasticNetRecommender: Processed 21454 (96.5%) in 10.00 min. Items per second: 35.75
SLIMElasticNetRecommender: Processed 22222 (100.0%) in 10.46 min. Items per second: 35.41
100%|██████████| 12638/12638 [01:06<00:00, 189.46it/s]
[I 2023-11-27 05:14:52,519] Trial 46 finished with value: 0.09473741640648432 and parameters: {'topK': 8544, 'l1_ratio': 0.04019412862579323, 'alpha': 0.001964326062374857}. Best is trial 44 with value: 0.09496881350867226.
SLIMElasticNetRecommender: URM Detected 160 ( 1.3%) users with no interactions.
SLIMElasticNetRecommender: URM Detected 72 ( 0.3%) items with no interactions.
SLIMElasticNetRecommender: Processed 9055 (40.7%) in 5.00 min. Items per second: 30.18
SLIMElasticNetRecommender: Processed 18646 (83.9%) in 10.00 min. Items per second: 31.07
SLIMElasticNetRecommender: Processed 22222 (100.0%) in 11.97 min. Items per second: 30.94
100%|██████████| 12638/12638 [01:01<00:00, 206.31it/s]
[I 2023-11-27 05:27:52,214] Trial 47 finished with value: 0.09487247488508789 and parameters: {'topK': 9438, 'l1_ratio': 0.030300332108648437, 'alpha': 0.0016037574125338729}. Best is trial 44 with value: 0.09496881350867226.
SLIMElasticNetRecommender: URM Detected 160 ( 1.3%) users with no interactions.
SLIMElasticNetRecommender: URM Detected 72 ( 0.3%) items with no interactions.
SLIMElasticNetRecommender: Processed 9285 (41.8%) in 5.00 min. Items per second: 30.95
SLIMElasticNetRecommender: Processed 19098 (85.9%) in 10.00 min. Items per second: 31.83
SLIMElasticNetRecommender: Processed 22222 (100.0%) in 11.70 min. Items per second: 31.66
100%|██████████| 12638/12638 [01:01<00:00, 205.82it/s]
[I 2023-11-27 05:40:35,798] Trial 48 finished with value: 0.0947757194425591 and parameters: {'topK': 9465, 'l1_ratio': 0.030940354865277, 'alpha': 0.0018061927980715564}. Best is trial 44 with value: 0.09496881350867226.
SLIMElasticNetRecommender: URM Detected 160 ( 1.3%) users with no interactions.
SLIMElasticNetRecommender: URM Detected 72 ( 0.3%) items with no interactions.
SLIMElasticNetRecommender: Processed 10754 (48.4%) in 5.00 min. Items per second: 35.84
SLIMElasticNetRecommender: Processed 22222 (100.0%) in 9.56 min. Items per second: 38.75
100%|██████████| 12638/12638 [01:00<00:00, 208.10it/s]
[I 2023-11-27 05:51:09,999] Trial 49 finished with value: 0.09456099299757996 and parameters: {'topK': 8666, 'l1_ratio': 0.0418348976156073, 'alpha': 0.0023223900414622105}. Best is trial 44 with value: 0.09496881350867226.
SLIMElasticNetRecommender: URM Detected 160 ( 1.3%) users with no interactions.
SLIMElasticNetRecommender: URM Detected 72 ( 0.3%) items with no interactions.
SLIMElasticNetRecommender: Processed 9226 (41.5%) in 5.00 min. Items per second: 30.75
SLIMElasticNetRecommender: Processed 19021 (85.6%) in 10.00 min. Items per second: 31.70
SLIMElasticNetRecommender: Processed 22222 (100.0%) in 11.74 min. Items per second: 31.54
100%|██████████| 12638/12638 [01:02<00:00, 202.35it/s]
[I 2023-11-27 06:03:57,222] Trial 50 finished with value: 0.09474653239236391 and parameters: {'topK': 8173, 'l1_ratio': 0.0217744385460865, 'alpha': 0.002360067020265344}. Best is trial 44 with value: 0.09496881350867226.
SLIMElasticNetRecommender: URM Detected 160 ( 1.3%) users with no interactions.
SLIMElasticNetRecommender: URM Detected 72 ( 0.3%) items with no interactions.
SLIMElasticNetRecommender: Processed 9052 (40.7%) in 5.00 min. Items per second: 30.17
SLIMElasticNetRecommender: Processed 18711 (84.2%) in 10.00 min. Items per second: 31.18
SLIMElasticNetRecommender: Processed 22222 (100.0%) in 11.92 min. Items per second: 31.06
100%|██████████| 12638/12638 [01:02<00:00, 202.81it/s]
[I 2023-11-27 06:16:55,235] Trial 51 finished with value: 0.09475545736824895 and parameters: {'topK': 9311, 'l1_ratio': 0.031103581152560955, 'alpha': 0.0016906516255339827}. Best is trial 44 with value: 0.09496881350867226.
SLIMElasticNetRecommender: URM Detected 160 ( 1.3%) users with no interactions.
SLIMElasticNetRecommender: URM Detected 72 ( 0.3%) items with no interactions.
SLIMElasticNetRecommender: Processed 9923 (44.7%) in 5.00 min. Items per second: 33.07
SLIMElasticNetRecommender: Processed 20603 (92.7%) in 10.00 min. Items per second: 34.34
SLIMElasticNetRecommender: Processed 22222 (100.0%) in 10.88 min. Items per second: 34.04
100%|██████████| 12638/12638 [01:00<00:00, 207.38it/s]
[I 2023-11-27 06:28:49,038] Trial 52 finished with value: 0.09476298201510037 and parameters: {'topK': 8740, 'l1_ratio': 0.03772047933491054, 'alpha': 0.0019140464154249466}. Best is trial 44 with value: 0.09496881350867226.
SLIMElasticNetRecommender: URM Detected 160 ( 1.3%) users with no interactions.
SLIMElasticNetRecommender: URM Detected 72 ( 0.3%) items with no interactions.
SLIMElasticNetRecommender: Processed 8431 (37.9%) in 5.00 min. Items per second: 28.10
SLIMElasticNetRecommender: Processed 17439 (78.5%) in 10.00 min. Items per second: 29.06
SLIMElasticNetRecommender: Processed 22222 (100.0%) in 12.72 min. Items per second: 29.11
100%|██████████| 12638/12638 [01:02<00:00, 202.55it/s]
[I 2023-11-27 06:42:35,286] Trial 53 finished with value: 0.09375090068663354 and parameters: {'topK': 9473, 'l1_ratio': 0.014997754677273368, 'alpha': 0.0015142142177950665}. Best is trial 44 with value: 0.09496881350867226.
SLIMElasticNetRecommender: URM Detected 160 ( 1.3%) users with no interactions.
SLIMElasticNetRecommender: URM Detected 72 ( 0.3%) items with no interactions.
SLIMElasticNetRecommender: Processed 11042 (49.7%) in 5.00 min. Items per second: 36.80
SLIMElasticNetRecommender: Processed 22222 (100.0%) in 9.37 min. Items per second: 39.51
100%|██████████| 12638/12638 [01:00<00:00, 209.45it/s]
[I 2023-11-27 06:52:58,069] Trial 54 finished with value: 0.09415541293101708 and parameters: {'topK': 9463, 'l1_ratio': 0.0469765957711003, 'alpha': 0.002565245234403806}. Best is trial 44 with value: 0.09496881350867226.
SLIMElasticNetRecommender: URM Detected 160 ( 1.3%) users with no interactions.
SLIMElasticNetRecommender: URM Detected 72 ( 0.3%) items with no interactions.
SLIMElasticNetRecommender: Processed 9809 (44.1%) in 5.00 min. Items per second: 32.69
SLIMElasticNetRecommender: Processed 20270 (91.2%) in 10.00 min. Items per second: 33.78
SLIMElasticNetRecommender: Processed 22222 (100.0%) in 11.05 min. Items per second: 33.50
100%|██████████| 12638/12638 [01:02<00:00, 202.86it/s]
[I 2023-11-27 07:05:03,767] Trial 55 finished with value: 0.09489416009070464 and parameters: {'topK': 7061, 'l1_ratio': 0.032386716652373394, 'alpha': 0.0021282794522491195}. Best is trial 44 with value: 0.09496881350867226.
SLIMElasticNetRecommender: URM Detected 160 ( 1.3%) users with no interactions.
SLIMElasticNetRecommender: URM Detected 72 ( 0.3%) items with no interactions.
SLIMElasticNetRecommender: Processed 10721 (48.2%) in 5.00 min. Items per second: 35.73
SLIMElasticNetRecommender: Processed 22222 (100.0%) in 9.62 min. Items per second: 38.50
100%|██████████| 12638/12638 [01:00<00:00, 208.66it/s]
[I 2023-11-27 07:15:41,543] Trial 56 finished with value: 0.09445314996759188 and parameters: {'topK': 7042, 'l1_ratio': 0.04820517518219065, 'alpha': 0.0021548480426887874}. Best is trial 44 with value: 0.09496881350867226.
SLIMElasticNetRecommender: URM Detected 160 ( 1.3%) users with no interactions.
SLIMElasticNetRecommender: URM Detected 72 ( 0.3%) items with no interactions.
SLIMElasticNetRecommender: Processed 8463 (38.1%) in 5.00 min. Items per second: 28.20
SLIMElasticNetRecommender: Processed 17523 (78.9%) in 10.00 min. Items per second: 29.20
SLIMElasticNetRecommender: Processed 22222 (100.0%) in 12.64 min. Items per second: 29.30
100%|██████████| 12638/12638 [01:03<00:00, 199.35it/s]
[I 2023-11-27 07:29:23,902] Trial 57 finished with value: 0.09330981180718041 and parameters: {'topK': 6507, 'l1_ratio': 0.00307070262577791, 'alpha': 0.0029626345773325876}. Best is trial 44 with value: 0.09496881350867226.
SLIMElasticNetRecommender: URM Detected 160 ( 1.3%) users with no interactions.
SLIMElasticNetRecommender: URM Detected 72 ( 0.3%) items with no interactions.
SLIMElasticNetRecommender: Processed 9478 (42.7%) in 5.00 min. Items per second: 31.59
SLIMElasticNetRecommender: Processed 19536 (87.9%) in 10.00 min. Items per second: 32.56
SLIMElasticNetRecommender: Processed 22222 (100.0%) in 11.44 min. Items per second: 32.37
100%|██████████| 12638/12638 [01:04<00:00, 196.34it/s]
[I 2023-11-27 07:41:55,058] Trial 58 finished with value: 0.09480129540436574 and parameters: {'topK': 8121, 'l1_ratio': 0.023749325639338674, 'alpha': 0.0025604758140583828}. Best is trial 44 with value: 0.09496881350867226.
SLIMElasticNetRecommender: URM Detected 160 ( 1.3%) users with no interactions.
SLIMElasticNetRecommender: URM Detected 72 ( 0.3%) items with no interactions.
SLIMElasticNetRecommender: Processed 9475 (42.6%) in 5.00 min. Items per second: 31.58
SLIMElasticNetRecommender: Processed 19578 (88.1%) in 10.00 min. Items per second: 32.63
SLIMElasticNetRecommender: Processed 22222 (100.0%) in 11.41 min. Items per second: 32.47
100%|██████████| 12638/12638 [01:02<00:00, 201.76it/s]
[I 2023-11-27 07:54:22,244] Trial 59 finished with value: 0.09475421823474797 and parameters: {'topK': 8125, 'l1_ratio': 0.022280105650637805, 'alpha': 0.002713843995906331}. Best is trial 44 with value: 0.09496881350867226.