[I 2023-11-27 16:18:57,948] Trial 34 finished with value: 0.09510228648509841 and parameters: {'topK': 8821, 'l1_ratio': 0.049758798458903034, 'alpha': 0.0017968345474936504}. Best is trial 31 with value: 0.0952249162316303.
SLIMElasticNetRecommender: URM Detected 156 ( 1.2%) users with no interactions.
SLIMElasticNetRecommender: URM Detected 82 ( 0.4%) items with no interactions.
SLIMElasticNetRecommender: Processed 12725 (57.3%) in 5.00 min. Items per second: 42.41
SLIMElasticNetRecommender: Processed 22222 (100.0%) in 8.45 min. Items per second: 43.85
100%|██████████| 12638/12638 [00:44<00:00, 282.22it/s]
[I 2023-11-27 16:28:09,557] Trial 35 finished with value: 0.09512650767839294 and parameters: {'topK': 8786, 'l1_ratio': 0.056490218563743956, 'alpha': 0.0013923360751155029}. Best is trial 31 with value: 0.0952249162316303.
SLIMElasticNetRecommender: URM Detected 156 ( 1.2%) users with no interactions.
SLIMElasticNetRecommender: URM Detected 82 ( 0.4%) items with no interactions.
SLIMElasticNetRecommender: Processed 12154 (54.7%) in 5.00 min. Items per second: 40.51
SLIMElasticNetRecommender: Processed 22222 (100.0%) in 8.94 min. Items per second: 41.40
100%|██████████| 12638/12638 [00:45<00:00, 280.74it/s]
[I 2023-11-27 16:37:51,361] Trial 36 finished with value: 0.09508691459377791 and parameters: {'topK': 8520, 'l1_ratio': 0.056672079384667284, 'alpha': 0.001294096443583597}. Best is trial 31 with value: 0.0952249162316303.
SLIMElasticNetRecommender: URM Detected 156 ( 1.2%) users with no interactions.
SLIMElasticNetRecommender: URM Detected 82 ( 0.4%) items with no interactions.
SLIMElasticNetRecommender: Processed 10985 (49.4%) in 5.00 min. Items per second: 36.61
SLIMElasticNetRecommender: Processed 22222 (100.0%) in 9.90 min. Items per second: 37.39
100%|██████████| 12638/12638 [00:45<00:00, 279.49it/s]
[I 2023-11-27 16:48:31,062] Trial 37 finished with value: 0.09385565601392078 and parameters: {'topK': 9361, 'l1_ratio': 0.02461447864126052, 'alpha': 0.0014245112507791102}. Best is trial 31 with value: 0.0952249162316303.
SLIMElasticNetRecommender: URM Detected 156 ( 1.2%) users with no interactions.
SLIMElasticNetRecommender: URM Detected 82 ( 0.4%) items with no interactions.
SLIMElasticNetRecommender: Processed 11990 (54.0%) in 5.00 min. Items per second: 39.96
SLIMElasticNetRecommender: Processed 22222 (100.0%) in 9.12 min. Items per second: 40.59
100%|██████████| 12638/12638 [00:43<00:00, 290.12it/s]
[I 2023-11-27 16:58:22,237] Trial 38 finished with value: 0.09487425312396773 and parameters: {'topK': 8231, 'l1_ratio': 0.05228369363826635, 'alpha': 0.0012210667963675897}. Best is trial 31 with value: 0.0952249162316303.
SLIMElasticNetRecommender: URM Detected 156 ( 1.2%) users with no interactions.
SLIMElasticNetRecommender: URM Detected 82 ( 0.4%) items with no interactions.
SLIMElasticNetRecommender: Processed 13407 (60.3%) in 5.00 min. Items per second: 44.69
SLIMElasticNetRecommender: Processed 22222 (100.0%) in 7.82 min. Items per second: 47.36
100%|██████████| 12638/12638 [00:42<00:00, 294.53it/s]
[I 2023-11-27 17:06:54,429] Trial 39 finished with value: 0.09513524144034775 and parameters: {'topK': 9091, 'l1_ratio': 0.05976489268166361, 'alpha': 0.0015388379443402437}. Best is trial 31 with value: 0.0952249162316303.
SLIMElasticNetRecommender: URM Detected 156 ( 1.2%) users with no interactions.
SLIMElasticNetRecommender: URM Detected 82 ( 0.4%) items with no interactions.
SLIMElasticNetRecommender: Processed 12038 (54.2%) in 5.00 min. Items per second: 40.12
SLIMElasticNetRecommender: Processed 22222 (100.0%) in 9.11 min. Items per second: 40.66
100%|██████████| 12638/12638 [00:44<00:00, 286.94it/s]
[I 2023-11-27 17:16:45,088] Trial 40 finished with value: 0.09485744558979844 and parameters: {'topK': 9668, 'l1_ratio': 0.04196067960141332, 'alpha': 0.0015056115556782582}. Best is trial 31 with value: 0.0952249162316303.
SLIMElasticNetRecommender: URM Detected 156 ( 1.2%) users with no interactions.
SLIMElasticNetRecommender: URM Detected 82 ( 0.4%) items with no interactions.
SLIMElasticNetRecommender: Processed 14062 (63.3%) in 5.00 min. Items per second: 46.87
SLIMElasticNetRecommender: Processed 22222 (100.0%) in 7.54 min. Items per second: 49.14
100%|██████████| 12638/12638 [00:45<00:00, 278.42it/s]
[I 2023-11-27 17:25:02,738] Trial 41 finished with value: 0.09483254523849077 and parameters: {'topK': 9138, 'l1_ratio': 0.059314597949912985, 'alpha': 0.0018447892346637657}. Best is trial 31 with value: 0.0952249162316303.
SLIMElasticNetRecommender: URM Detected 156 ( 1.2%) users with no interactions.
SLIMElasticNetRecommender: URM Detected 82 ( 0.4%) items with no interactions.
SLIMElasticNetRecommender: Processed 13621 (61.3%) in 5.00 min. Items per second: 45.40
SLIMElasticNetRecommender: Processed 22222 (100.0%) in 7.86 min. Items per second: 47.13
100%|██████████| 12638/12638 [00:47<00:00, 268.08it/s]
[I 2023-11-27 17:33:41,453] Trial 42 finished with value: 0.09525043257364481 and parameters: {'topK': 8822, 'l1_ratio': 0.06565155255991964, 'alpha': 0.001363940512375205}. Best is trial 42 with value: 0.09525043257364481.
SLIMElasticNetRecommender: URM Detected 156 ( 1.2%) users with no interactions.
SLIMElasticNetRecommender: URM Detected 82 ( 0.4%) items with no interactions.
SLIMElasticNetRecommender: Processed 13093 (58.9%) in 5.00 min. Items per second: 43.64
SLIMElasticNetRecommender: Processed 22222 (100.0%) in 8.01 min. Items per second: 46.24
100%|██████████| 12638/12638 [00:46<00:00, 274.24it/s]
[I 2023-11-27 17:42:28,150] Trial 43 finished with value: 0.09525340374344587 and parameters: {'topK': 8961, 'l1_ratio': 0.06784550883957426, 'alpha': 0.0013492716206350524}. Best is trial 43 with value: 0.09525340374344587.
SLIMElasticNetRecommender: URM Detected 156 ( 1.2%) users with no interactions.
SLIMElasticNetRecommender: URM Detected 82 ( 0.4%) items with no interactions.
SLIMElasticNetRecommender: Processed 13164 (59.2%) in 5.00 min. Items per second: 43.87
SLIMElasticNetRecommender: Processed 22222 (100.0%) in 7.99 min. Items per second: 46.36
100%|██████████| 12638/12638 [00:47<00:00, 268.55it/s]
[I 2023-11-27 17:51:14,547] Trial 44 finished with value: 0.09506348533214029 and parameters: {'topK': 8535, 'l1_ratio': 0.07101243960276554, 'alpha': 0.0012161786849009682}. Best is trial 43 with value: 0.09525340374344587.
SLIMElasticNetRecommender: URM Detected 156 ( 1.2%) users with no interactions.
SLIMElasticNetRecommender: URM Detected 82 ( 0.4%) items with no interactions.
SLIMElasticNetRecommender: Processed 11971 (53.9%) in 5.00 min. Items per second: 39.90
SLIMElasticNetRecommender: Processed 22222 (100.0%) in 9.13 min. Items per second: 40.56
100%|██████████| 12638/12638 [00:48<00:00, 261.68it/s]
[I 2023-11-27 18:01:10,828] Trial 45 finished with value: 0.09463225969878905 and parameters: {'topK': 8960, 'l1_ratio': 0.06388458893861661, 'alpha': 0.0010929633209906169}. Best is trial 43 with value: 0.09525340374344587.
SLIMElasticNetRecommender: URM Detected 156 ( 1.2%) users with no interactions.
SLIMElasticNetRecommender: URM Detected 82 ( 0.4%) items with no interactions.
SLIMElasticNetRecommender: Processed 13083 (58.9%) in 5.00 min. Items per second: 43.60
SLIMElasticNetRecommender: Processed 22222 (100.0%) in 8.04 min. Items per second: 46.04
100%|██████████| 12638/12638 [00:44<00:00, 284.66it/s]
[I 2023-11-27 18:09:57,892] Trial 46 finished with value: 0.09523400434485108 and parameters: {'topK': 9169, 'l1_ratio': 0.06700827437339117, 'alpha': 0.0013299809381355076}. Best is trial 43 with value: 0.09525340374344587.
SLIMElasticNetRecommender: URM Detected 156 ( 1.2%) users with no interactions.
SLIMElasticNetRecommender: URM Detected 82 ( 0.4%) items with no interactions.
SLIMElasticNetRecommender: Processed 12175 (54.8%) in 5.00 min. Items per second: 40.58
SLIMElasticNetRecommender: Processed 22222 (100.0%) in 8.99 min. Items per second: 41.18
100%|██████████| 12638/12638 [00:46<00:00, 272.58it/s]
[I 2023-11-27 18:19:43,911] Trial 47 finished with value: 0.09453665508993954 and parameters: {'topK': 9442, 'l1_ratio': 0.07359293167913, 'alpha': 0.0009539773122595905}. Best is trial 43 with value: 0.09525340374344587.
SLIMElasticNetRecommender: URM Detected 156 ( 1.2%) users with no interactions.
SLIMElasticNetRecommender: URM Detected 82 ( 0.4%) items with no interactions.
SLIMElasticNetRecommender: Processed 13497 (60.7%) in 5.00 min. Items per second: 44.98
SLIMElasticNetRecommender: Processed 22222 (100.0%) in 7.78 min. Items per second: 47.63
100%|██████████| 12638/12638 [00:43<00:00, 288.23it/s]
[I 2023-11-27 18:28:14,330] Trial 48 finished with value: 0.09518504471097745 and parameters: {'topK': 9256, 'l1_ratio': 0.0672933098925333, 'alpha': 0.0013038664233305619}. Best is trial 43 with value: 0.09525340374344587.
SLIMElasticNetRecommender: URM Detected 156 ( 1.2%) users with no interactions.
SLIMElasticNetRecommender: URM Detected 82 ( 0.4%) items with no interactions.
SLIMElasticNetRecommender: Processed 13591 (61.2%) in 5.00 min. Items per second: 45.30
SLIMElasticNetRecommender: Processed 22222 (100.0%) in 7.73 min. Items per second: 47.88
100%|██████████| 12638/12638 [00:45<00:00, 276.93it/s]
[I 2023-11-27 18:36:44,106] Trial 49 finished with value: 0.09521611218111943 and parameters: {'topK': 9215, 'l1_ratio': 0.0660521033590874, 'alpha': 0.0013305821899570222}. Best is trial 43 with value: 0.09525340374344587.
SLIMElasticNetRecommender: URM Detected 156 ( 1.2%) users with no interactions.
SLIMElasticNetRecommender: URM Detected 82 ( 0.4%) items with no interactions.
SLIMElasticNetRecommender: Processed 13215 (59.5%) in 5.00 min. Items per second: 44.05
SLIMElasticNetRecommender: Processed 22222 (100.0%) in 7.85 min. Items per second: 47.15
100%|██████████| 12638/12638 [00:43<00:00, 288.50it/s]
[I 2023-11-27 18:45:19,230] Trial 50 finished with value: 0.0950818396409983 and parameters: {'topK': 9642, 'l1_ratio': 0.07480940669897632, 'alpha': 0.0013142656975680394}. Best is trial 43 with value: 0.09525340374344587.
SLIMElasticNetRecommender: URM Detected 156 ( 1.2%) users with no interactions.
SLIMElasticNetRecommender: URM Detected 82 ( 0.4%) items with no interactions.
SLIMElasticNetRecommender: Processed 13487 (60.7%) in 5.00 min. Items per second: 44.95
SLIMElasticNetRecommender: Processed 22222 (100.0%) in 7.79 min. Items per second: 47.55
100%|██████████| 12638/12638 [00:44<00:00, 281.89it/s]
[I 2023-11-27 18:53:51,460] Trial 51 finished with value: 0.0951012438003061 and parameters: {'topK': 9173, 'l1_ratio': 0.06767891231139901, 'alpha': 0.0013661165667454584}. Best is trial 43 with value: 0.09525340374344587.
SLIMElasticNetRecommender: URM Detected 156 ( 1.2%) users with no interactions.
SLIMElasticNetRecommender: URM Detected 82 ( 0.4%) items with no interactions.
SLIMElasticNetRecommender: Processed 13324 (60.0%) in 5.00 min. Items per second: 44.41
SLIMElasticNetRecommender: Processed 22222 (100.0%) in 7.87 min. Items per second: 47.08
100%|██████████| 12638/12638 [00:45<00:00, 280.54it/s]
[I 2023-11-27 19:02:28,591] Trial 52 finished with value: 0.09506951772179266 and parameters: {'topK': 9448, 'l1_ratio': 0.06459556649210817, 'alpha': 0.001260825874925734}. Best is trial 43 with value: 0.09525340374344587.
SLIMElasticNetRecommender: URM Detected 156 ( 1.2%) users with no interactions.
SLIMElasticNetRecommender: URM Detected 82 ( 0.4%) items with no interactions.
SLIMElasticNetRecommender: Processed 13236 (59.6%) in 5.00 min. Items per second: 44.12
SLIMElasticNetRecommender: Processed 22222 (100.0%) in 7.92 min. Items per second: 46.73
100%|██████████| 12638/12638 [00:45<00:00, 277.82it/s]
[I 2023-11-27 19:11:09,652] Trial 53 finished with value: 0.0949768556208652 and parameters: {'topK': 8910, 'l1_ratio': 0.07022626135459625, 'alpha': 0.0011493169459656383}. Best is trial 43 with value: 0.09525340374344587.
SLIMElasticNetRecommender: URM Detected 156 ( 1.2%) users with no interactions.
SLIMElasticNetRecommender: URM Detected 82 ( 0.4%) items with no interactions.
SLIMElasticNetRecommender: Processed 11374 (51.2%) in 5.00 min. Items per second: 37.91
SLIMElasticNetRecommender: Processed 22222 (100.0%) in 9.70 min. Items per second: 38.16
100%|██████████| 12638/12638 [00:49<00:00, 256.22it/s]
[I 2023-11-27 19:21:41,345] Trial 54 finished with value: 0.09438593120644777 and parameters: {'topK': 9262, 'l1_ratio': 0.06643229836667597, 'alpha': 0.0009601213696648149}. Best is trial 43 with value: 0.09525340374344587.
SLIMElasticNetRecommender: URM Detected 156 ( 1.2%) users with no interactions.
SLIMElasticNetRecommender: URM Detected 82 ( 0.4%) items with no interactions.
SLIMElasticNetRecommender: Processed 12941 (58.2%) in 5.00 min. Items per second: 43.13
SLIMElasticNetRecommender: Processed 22222 (100.0%) in 8.07 min. Items per second: 45.88
100%|██████████| 12638/12638 [00:47<00:00, 268.11it/s]
[I 2023-11-27 19:30:32,868] Trial 55 finished with value: 0.09508888265925543 and parameters: {'topK': 8657, 'l1_ratio': 0.06307599806620062, 'alpha': 0.0014662764264718406}. Best is trial 43 with value: 0.09525340374344587.
SLIMElasticNetRecommender: URM Detected 156 ( 1.2%) users with no interactions.
SLIMElasticNetRecommender: URM Detected 82 ( 0.4%) items with no interactions.
SLIMElasticNetRecommender: Processed 13075 (58.8%) in 5.00 min. Items per second: 43.58
SLIMElasticNetRecommender: Processed 22222 (100.0%) in 7.96 min. Items per second: 46.52
100%|██████████| 12638/12638 [00:46<00:00, 270.62it/s]
[I 2023-11-27 19:39:17,278] Trial 56 finished with value: 0.0950792687711414 and parameters: {'topK': 9542, 'l1_ratio': 0.07235178692696849, 'alpha': 0.0013309435471181882}. Best is trial 43 with value: 0.09525340374344587.
SLIMElasticNetRecommender: URM Detected 156 ( 1.2%) users with no interactions.
SLIMElasticNetRecommender: URM Detected 82 ( 0.4%) items with no interactions.
SLIMElasticNetRecommender: Processed 13572 (61.1%) in 5.00 min. Items per second: 45.23
SLIMElasticNetRecommender: Processed 22222 (100.0%) in 7.80 min. Items per second: 47.49
100%|██████████| 12638/12638 [00:45<00:00, 275.24it/s]
[I 2023-11-27 19:47:51,150] Trial 57 finished with value: 0.09497811149267156 and parameters: {'topK': 9228, 'l1_ratio': 0.06921884722922143, 'alpha': 0.001605600695692182}. Best is trial 43 with value: 0.09525340374344587.
SLIMElasticNetRecommender: URM Detected 156 ( 1.2%) users with no interactions.
SLIMElasticNetRecommender: URM Detected 82 ( 0.4%) items with no interactions.
SLIMElasticNetRecommender: Processed 13280 (59.8%) in 5.00 min. Items per second: 44.26
SLIMElasticNetRecommender: Processed 22222 (100.0%) in 7.92 min. Items per second: 46.78
100%|██████████| 12638/12638 [00:45<00:00, 275.81it/s]
[I 2023-11-27 19:56:32,105] Trial 58 finished with value: 0.09515313426365087 and parameters: {'topK': 9763, 'l1_ratio': 0.07932769021624031, 'alpha': 0.0011645262999553257}. Best is trial 43 with value: 0.09525340374344587.
SLIMElasticNetRecommender: URM Detected 156 ( 1.2%) users with no interactions.
SLIMElasticNetRecommender: URM Detected 82 ( 0.4%) items with no interactions.
SLIMElasticNetRecommender: Processed 13709 (61.7%) in 5.00 min. Items per second: 45.69
SLIMElasticNetRecommender: Processed 22222 (100.0%) in 7.66 min. Items per second: 48.33
100%|██████████| 12638/12638 [00:43<00:00, 288.60it/s]
[I 2023-11-27 20:04:55,732] Trial 59 finished with value: 0.0950575562718538 and parameters: {'topK': 9044, 'l1_ratio': 0.0762022221652941, 'alpha': 0.0014743659686610698}. Best is trial 43 with value: 0.09525340374344587.