[I 2023-11-27 11:48:26,744] A new study created in memory with name: no-name-e38d1425-de20-494c-98e8-168a0a2c4a72
SLIMElasticNetRecommender: URM Detected 166 ( 1.3%) users with no interactions.
SLIMElasticNetRecommender: URM Detected 80 ( 0.4%) items with no interactions.
SLIMElasticNetRecommender: Processed 20932 (94.2%) in 5.00 min. Items per second: 69.77
SLIMElasticNetRecommender: Processed 22222 (100.0%) in 5.29 min. Items per second: 70.04
100%|██████████| 12638/12638 [00:42<00:00, 295.94it/s]
[I 2023-11-27 11:54:26,768] Trial 0 finished with value: 0.089740321054232 and parameters: {'topK': 7041, 'l1_ratio': 0.11910729559396256, 'alpha': 0.0029078844605895963}. Best is trial 0 with value: 0.089740321054232.
SLIMElasticNetRecommender: URM Detected 166 ( 1.3%) users with no interactions.
SLIMElasticNetRecommender: URM Detected 80 ( 0.4%) items with no interactions.
SLIMElasticNetRecommender: Processed 11552 (52.0%) in 5.00 min. Items per second: 38.50
SLIMElasticNetRecommender: Processed 22222 (100.0%) in 8.28 min. Items per second: 44.71
100%|██████████| 12638/12638 [00:47<00:00, 266.26it/s]
[I 2023-11-27 12:03:31,266] Trial 1 finished with value: 0.09514418518119334 and parameters: {'topK': 7683, 'l1_ratio': 0.2241088860804449, 'alpha': 0.0007700162868911894}. Best is trial 1 with value: 0.09514418518119334.
SLIMElasticNetRecommender: URM Detected 166 ( 1.3%) users with no interactions.
SLIMElasticNetRecommender: URM Detected 80 ( 0.4%) items with no interactions.
SLIMElasticNetRecommender: Processed 22222 (100.0%) in 4.18 min. Items per second: 88.65
 47%|████▋     | 5957/12638 [00:20<00:24, 278.37it/s]
SLIMElasticNetRecommender: Processed 22222 (100.0%) in 4.25 min. Items per second: 87.09
100%|██████████| 12638/12638 [00:44<00:00, 282.83it/s]
[I 2023-11-27 12:13:25,163] Trial 3 finished with value: 0.08509330840878992 and parameters: {'topK': 4280, 'l1_ratio': 0.13785575593726546, 'alpha': 0.0038657089310974364}. Best is trial 1 with value: 0.09514418518119334.
SLIMElasticNetRecommender: URM Detected 166 ( 1.3%) users with no interactions.
SLIMElasticNetRecommender: URM Detected 80 ( 0.4%) items with no interactions.
SLIMElasticNetRecommender: Processed 19963 (89.8%) in 5.00 min. Items per second: 66.54
SLIMElasticNetRecommender: Processed 22222 (100.0%) in 5.47 min. Items per second: 67.69
100%|██████████| 12638/12638 [00:46<00:00, 272.30it/s]
[I 2023-11-27 12:19:39,884] Trial 4 finished with value: 0.09132714022039191 and parameters: {'topK': 1175, 'l1_ratio': 0.21466207651540709, 'alpha': 0.0014758230060111688}. Best is trial 1 with value: 0.09514418518119334.
SLIMElasticNetRecommender: URM Detected 166 ( 1.3%) users with no interactions.
SLIMElasticNetRecommender: URM Detected 80 ( 0.4%) items with no interactions.
SLIMElasticNetRecommender: Processed 21083 (94.9%) in 5.00 min. Items per second: 70.27
SLIMElasticNetRecommender: Processed 22222 (100.0%) in 5.26 min. Items per second: 70.41
100%|██████████| 12638/12638 [00:46<00:00, 274.52it/s]
[I 2023-11-27 12:25:41,547] Trial 5 finished with value: 0.08823496140268594 and parameters: {'topK': 1050, 'l1_ratio': 0.07290350053346797, 'alpha': 0.0047603010410532665}. Best is trial 1 with value: 0.09514418518119334.
SLIMElasticNetRecommender: URM Detected 166 ( 1.3%) users with no interactions.
SLIMElasticNetRecommender: URM Detected 80 ( 0.4%) items with no interactions.
SLIMElasticNetRecommender: Processed 22222 (100.0%) in 3.24 min. Items per second: 114.23
100%|██████████| 12638/12638 [00:42<00:00, 298.46it/s]
[I 2023-11-27 12:29:38,446] Trial 6 finished with value: 0.07164776010151404 and parameters: {'topK': 6521, 'l1_ratio': 0.21689935953729317, 'alpha': 0.006287808111700106}. Best is trial 1 with value: 0.09514418518119334.
SLIMElasticNetRecommender: URM Detected 166 ( 1.3%) users with no interactions.
SLIMElasticNetRecommender: URM Detected 80 ( 0.4%) items with no interactions.
SLIMElasticNetRecommender: Processed 9957 (44.8%) in 5.00 min. Items per second: 33.18
SLIMElasticNetRecommender: Processed 21815 (98.2%) in 10.00 min. Items per second: 36.35
SLIMElasticNetRecommender: Processed 22222 (100.0%) in 10.17 min. Items per second: 36.42
100%|██████████| 12638/12638 [00:49<00:00, 256.53it/s]
[I 2023-11-27 12:40:37,995] Trial 7 finished with value: 0.09547819844857092 and parameters: {'topK': 8685, 'l1_ratio': 0.038526293189380695, 'alpha': 0.0021154784061001236}. Best is trial 7 with value: 0.09547819844857092.
SLIMElasticNetRecommender: URM Detected 166 ( 1.3%) users with no interactions.
SLIMElasticNetRecommender: URM Detected 80 ( 0.4%) items with no interactions.
SLIMElasticNetRecommender: Processed 8199 (36.9%) in 5.00 min. Items per second: 27.33
SLIMElasticNetRecommender: Processed 16860 (75.9%) in 10.00 min. Items per second: 28.10
SLIMElasticNetRecommender: Processed 22222 (100.0%) in 13.13 min. Items per second: 28.20
100%|██████████| 12638/12638 [00:46<00:00, 271.95it/s]
[I 2023-11-27 12:54:32,734] Trial 8 finished with value: 0.0917772664870831 and parameters: {'topK': 6460, 'l1_ratio': 0.10897965634957857, 'alpha': 0.0004149477062972281}. Best is trial 7 with value: 0.09547819844857092.
SLIMElasticNetRecommender: URM Detected 166 ( 1.3%) users with no interactions.
SLIMElasticNetRecommender: URM Detected 80 ( 0.4%) items with no interactions.
SLIMElasticNetRecommender: Processed 8432 (37.9%) in 5.00 min. Items per second: 28.10
SLIMElasticNetRecommender: Processed 17325 (78.0%) in 10.00 min. Items per second: 28.87
SLIMElasticNetRecommender: Processed 22222 (100.0%) in 12.83 min. Items per second: 28.86
100%|██████████| 12638/12638 [00:45<00:00, 276.11it/s]
[I 2023-11-27 13:08:08,581] Trial 9 finished with value: 0.08965160455804176 and parameters: {'topK': 388, 'l1_ratio': 0.008537648784474473, 'alpha': 0.0013607200942422637}. Best is trial 7 with value: 0.09547819844857092.
SLIMElasticNetRecommender: URM Detected 166 ( 1.3%) users with no interactions.
SLIMElasticNetRecommender: URM Detected 80 ( 0.4%) items with no interactions.
SLIMElasticNetRecommender: Processed 8557 (38.5%) in 5.00 min. Items per second: 28.52
SLIMElasticNetRecommender: Processed 17563 (79.0%) in 10.00 min. Items per second: 29.27
SLIMElasticNetRecommender: Processed 22222 (100.0%) in 12.66 min. Items per second: 29.24
100%|██████████| 12638/12638 [00:53<00:00, 236.62it/s]
[I 2023-11-27 13:21:42,563] Trial 10 finished with value: 0.09324905033540462 and parameters: {'topK': 9108, 'l1_ratio': 0.00454339449313531, 'alpha': 0.002404952468031292}. Best is trial 7 with value: 0.09547819844857092.
SLIMElasticNetRecommender: URM Detected 166 ( 1.3%) users with no interactions.
SLIMElasticNetRecommender: URM Detected 80 ( 0.4%) items with no interactions.
SLIMElasticNetRecommender: Processed 6362 (28.6%) in 5.00 min. Items per second: 21.20
SLIMElasticNetRecommender: Processed 12875 (57.9%) in 10.00 min. Items per second: 21.45
SLIMElasticNetRecommender: Processed 19789 (89.1%) in 15.00 min. Items per second: 21.98
SLIMElasticNetRecommender: Processed 22222 (100.0%) in 16.78 min. Items per second: 22.06
100%|██████████| 12638/12638 [00:47<00:00, 265.44it/s]
[I 2023-11-27 13:39:17,477] Trial 11 finished with value: 0.08229301177274018 and parameters: {'topK': 9720, 'l1_ratio': 0.24162547019945618, 'alpha': 0.00010351693078367854}. Best is trial 7 with value: 0.09547819844857092.
SLIMElasticNetRecommender: URM Detected 166 ( 1.3%) users with no interactions.
SLIMElasticNetRecommender: URM Detected 80 ( 0.4%) items with no interactions.
SLIMElasticNetRecommender: Processed 16591 (74.7%) in 5.00 min. Items per second: 55.30
SLIMElasticNetRecommender: Processed 22222 (100.0%) in 6.14 min. Items per second: 60.35
100%|██████████| 12638/12638 [00:45<00:00, 277.29it/s]
[I 2023-11-27 13:46:11,307] Trial 12 finished with value: 0.09323000156643477 and parameters: {'topK': 8047, 'l1_ratio': 0.1657062953862014, 'alpha': 0.0014854074530471655}. Best is trial 7 with value: 0.09547819844857092.
SLIMElasticNetRecommender: URM Detected 166 ( 1.3%) users with no interactions.
SLIMElasticNetRecommender: URM Detected 80 ( 0.4%) items with no interactions.
SLIMElasticNetRecommender: Processed 22222 (100.0%) in 4.90 min. Items per second: 75.51
100%|██████████| 12638/12638 [00:43<00:00, 289.42it/s]
[I 2023-11-27 13:51:49,311] Trial 13 finished with value: 0.089460151645652 and parameters: {'topK': 5159, 'l1_ratio': 0.17540970511213724, 'alpha': 0.002212820100258538}. Best is trial 7 with value: 0.09547819844857092.
SLIMElasticNetRecommender: URM Detected 166 ( 1.3%) users with no interactions.
SLIMElasticNetRecommender: URM Detected 80 ( 0.4%) items with no interactions.
SLIMElasticNetRecommender: Processed 8412 (37.9%) in 5.00 min. Items per second: 28.03
SLIMElasticNetRecommender: Processed 17345 (78.1%) in 10.00 min. Items per second: 28.90
SLIMElasticNetRecommender: Processed 22222 (100.0%) in 12.85 min. Items per second: 28.81
100%|██████████| 12638/12638 [00:51<00:00, 243.44it/s]
[I 2023-11-27 14:05:32,710] Trial 14 finished with value: 0.09410576453919763 and parameters: {'topK': 8367, 'l1_ratio': 0.046506239064627516, 'alpha': 0.0009346355052461891}. Best is trial 7 with value: 0.09547819844857092.
SLIMElasticNetRecommender: URM Detected 166 ( 1.3%) users with no interactions.
SLIMElasticNetRecommender: URM Detected 80 ( 0.4%) items with no interactions.
SLIMElasticNetRecommender: Processed 10349 (46.6%) in 5.00 min. Items per second: 34.49
SLIMElasticNetRecommender: Processed 22222 (100.0%) in 9.91 min. Items per second: 37.36
100%|██████████| 12638/12638 [00:51<00:00, 245.25it/s]
[I 2023-11-27 14:16:19,191] Trial 15 finished with value: 0.09526990582456445 and parameters: {'topK': 4948, 'l1_ratio': 0.04223798970517856, 'alpha': 0.0022612842536311193}. Best is trial 7 with value: 0.09547819844857092.
SLIMElasticNetRecommender: URM Detected 166 ( 1.3%) users with no interactions.
SLIMElasticNetRecommender: URM Detected 80 ( 0.4%) items with no interactions.
SLIMElasticNetRecommender: Processed 11169 (50.3%) in 5.00 min. Items per second: 37.23
SLIMElasticNetRecommender: Processed 22222 (100.0%) in 9.24 min. Items per second: 40.07
100%|██████████| 12638/12638 [00:49<00:00, 254.22it/s]
[I 2023-11-27 14:26:23,563] Trial 16 finished with value: 0.09390476698070734 and parameters: {'topK': 3557, 'l1_ratio': 0.043788712569830884, 'alpha': 0.0033523800601048233}. Best is trial 7 with value: 0.09547819844857092.
SLIMElasticNetRecommender: URM Detected 166 ( 1.3%) users with no interactions.
SLIMElasticNetRecommender: URM Detected 80 ( 0.4%) items with no interactions.
SLIMElasticNetRecommender: Processed 9635 (43.4%) in 5.00 min. Items per second: 32.11
SLIMElasticNetRecommender: Processed 20020 (90.1%) in 10.00 min. Items per second: 33.36
SLIMElasticNetRecommender: Processed 22222 (100.0%) in 11.19 min. Items per second: 33.11
100%|██████████| 12638/12638 [00:51<00:00, 247.39it/s]
[I 2023-11-27 14:38:25,969] Trial 17 finished with value: 0.09535370779702958 and parameters: {'topK': 5439, 'l1_ratio': 0.036354807150344004, 'alpha': 0.0019892826995497157}. Best is trial 7 with value: 0.09547819844857092.
SLIMElasticNetRecommender: URM Detected 166 ( 1.3%) users with no interactions.
SLIMElasticNetRecommender: URM Detected 80 ( 0.4%) items with no interactions.
SLIMElasticNetRecommender: Processed 10581 (47.6%) in 5.00 min. Items per second: 35.27
SLIMElasticNetRecommender: Processed 22222 (100.0%) in 9.84 min. Items per second: 37.64
100%|██████████| 12638/12638 [00:52<00:00, 239.55it/s]
[I 2023-11-27 14:49:09,235] Trial 18 finished with value: 0.0940620498904293 and parameters: {'topK': 3147, 'l1_ratio': 0.02389763135581078, 'alpha': 0.004078849474345199}. Best is trial 7 with value: 0.09547819844857092.
SLIMElasticNetRecommender: URM Detected 166 ( 1.3%) users with no interactions.
SLIMElasticNetRecommender: URM Detected 80 ( 0.4%) items with no interactions.
SLIMElasticNetRecommender: Processed 10548 (47.5%) in 5.00 min. Items per second: 35.15
SLIMElasticNetRecommender: Processed 22222 (100.0%) in 9.59 min. Items per second: 38.63
100%|██████████| 12638/12638 [00:48<00:00, 258.31it/s]
[I 2023-11-27 14:59:33,382] Trial 19 finished with value: 0.09497340418145941 and parameters: {'topK': 5693, 'l1_ratio': 0.07218856378870554, 'alpha': 0.0019554590503196604}. Best is trial 7 with value: 0.09547819844857092.
SLIMElasticNetRecommender: URM Detected 166 ( 1.3%) users with no interactions.
SLIMElasticNetRecommender: URM Detected 80 ( 0.4%) items with no interactions.
SLIMElasticNetRecommender: Processed 9418 (42.4%) in 5.00 min. Items per second: 31.39
SLIMElasticNetRecommender: Processed 19390 (87.3%) in 10.00 min. Items per second: 32.31
SLIMElasticNetRecommender: Processed 22222 (100.0%) in 11.60 min. Items per second: 31.92
100%|██████████| 12638/12638 [00:54<00:00, 232.07it/s]
[I 2023-11-27 15:12:04,227] Trial 20 finished with value: 0.09495376649893675 and parameters: {'topK': 9360, 'l1_ratio': 0.020833050832602798, 'alpha': 0.0028980911402949677}. Best is trial 7 with value: 0.09547819844857092.
SLIMElasticNetRecommender: URM Detected 166 ( 1.3%) users with no interactions.
SLIMElasticNetRecommender: URM Detected 80 ( 0.4%) items with no interactions.
SLIMElasticNetRecommender: Processed 10150 (45.7%) in 5.00 min. Items per second: 33.83
SLIMElasticNetRecommender: Processed 21864 (98.4%) in 10.00 min. Items per second: 36.43
SLIMElasticNetRecommender: Processed 22222 (100.0%) in 10.15 min. Items per second: 36.48
100%|██████████| 12638/12638 [00:49<00:00, 252.80it/s]
[I 2023-11-27 15:23:03,511] Trial 21 finished with value: 0.09548950049687291 and parameters: {'topK': 4392, 'l1_ratio': 0.0419525517457482, 'alpha': 0.002128404353352412}. Best is trial 21 with value: 0.09548950049687291.
SLIMElasticNetRecommender: URM Detected 166 ( 1.3%) users with no interactions.
SLIMElasticNetRecommender: URM Detected 80 ( 0.4%) items with no interactions.
SLIMElasticNetRecommender: Processed 8285 (37.3%) in 5.00 min. Items per second: 27.61
SLIMElasticNetRecommender: Processed 17160 (77.2%) in 10.00 min. Items per second: 28.60
SLIMElasticNetRecommender: Processed 22222 (100.0%) in 12.99 min. Items per second: 28.52
100%|██████████| 12638/12638 [00:52<00:00, 238.56it/s]
[I 2023-11-27 15:36:56,133] Trial 22 finished with value: 0.09131779192078812 and parameters: {'topK': 3079, 'l1_ratio': 0.0011660046584354433, 'alpha': 0.0015277869407043475}. Best is trial 21 with value: 0.09548950049687291.
SLIMElasticNetRecommender: URM Detected 166 ( 1.3%) users with no interactions.
SLIMElasticNetRecommender: URM Detected 80 ( 0.4%) items with no interactions.
SLIMElasticNetRecommender: Processed 11378 (51.2%) in 5.00 min. Items per second: 37.92
SLIMElasticNetRecommender: Processed 22222 (100.0%) in 8.99 min. Items per second: 41.21
100%|██████████| 12638/12638 [00:49<00:00, 255.92it/s]
[I 2023-11-27 15:46:44,788] Trial 23 finished with value: 0.0941963094705174 and parameters: {'topK': 3798, 'l1_ratio': 0.058200311070906986, 'alpha': 0.0026434967691222316}. Best is trial 21 with value: 0.09548950049687291.
SLIMElasticNetRecommender: URM Detected 166 ( 1.3%) users with no interactions.
SLIMElasticNetRecommender: URM Detected 80 ( 0.4%) items with no interactions.
SLIMElasticNetRecommender: Processed 8799 (39.6%) in 5.00 min. Items per second: 29.32
SLIMElasticNetRecommender: Processed 18204 (81.9%) in 10.00 min. Items per second: 30.34
SLIMElasticNetRecommender: Processed 22222 (100.0%) in 12.23 min. Items per second: 30.28
100%|██████████| 12638/12638 [00:52<00:00, 241.72it/s]
[I 2023-11-27 15:59:51,061] Trial 24 finished with value: 0.09502946384456652 and parameters: {'topK': 2423, 'l1_ratio': 0.028714122209042674, 'alpha': 0.0018288356740611814}. Best is trial 21 with value: 0.09548950049687291.
SLIMElasticNetRecommender: URM Detected 166 ( 1.3%) users with no interactions.
SLIMElasticNetRecommender: URM Detected 80 ( 0.4%) items with no interactions.
SLIMElasticNetRecommender: Processed 10078 (45.4%) in 5.00 min. Items per second: 33.59
SLIMElasticNetRecommender: Processed 21845 (98.3%) in 10.00 min. Items per second: 36.41
SLIMElasticNetRecommender: Processed 22222 (100.0%) in 10.16 min. Items per second: 36.46
100%|██████████| 12638/12638 [00:48<00:00, 260.17it/s]
[I 2023-11-27 16:10:49,221] Trial 25 finished with value: 0.09524707861189766 and parameters: {'topK': 4571, 'l1_ratio': 0.09523800928409278, 'alpha': 0.0009523311889433693}. Best is trial 21 with value: 0.09548950049687291.
SLIMElasticNetRecommender: URM Detected 166 ( 1.3%) users with no interactions.
SLIMElasticNetRecommender: URM Detected 80 ( 0.4%) items with no interactions.
SLIMElasticNetRecommender: Processed 13334 (60.0%) in 5.00 min. Items per second: 44.44
SLIMElasticNetRecommender: Processed 22222 (100.0%) in 7.35 min. Items per second: 50.38
100%|██████████| 12638/12638 [00:46<00:00, 271.80it/s]
[I 2023-11-27 16:18:56,873] Trial 26 finished with value: 0.09319150032383827 and parameters: {'topK': 5863, 'l1_ratio': 0.062222215585727346, 'alpha': 0.003081465831560504}. Best is trial 21 with value: 0.09548950049687291.
SLIMElasticNetRecommender: URM Detected 166 ( 1.3%) users with no interactions.
SLIMElasticNetRecommender: URM Detected 80 ( 0.4%) items with no interactions.
SLIMElasticNetRecommender: Processed 9956 (44.8%) in 5.00 min. Items per second: 33.18
SLIMElasticNetRecommender: Processed 20754 (93.4%) in 10.00 min. Items per second: 34.59
SLIMElasticNetRecommender: Processed 22222 (100.0%) in 10.78 min. Items per second: 34.35
100%|██████████| 12638/12638 [00:49<00:00, 255.27it/s]
[I 2023-11-27 16:30:33,472] Trial 27 finished with value: 0.09534508484260484 and parameters: {'topK': 7231, 'l1_ratio': 0.029725832474039805, 'alpha': 0.0024885528707566922}. Best is trial 21 with value: 0.09548950049687291.
SLIMElasticNetRecommender: URM Detected 166 ( 1.3%) users with no interactions.
SLIMElasticNetRecommender: URM Detected 80 ( 0.4%) items with no interactions.
SLIMElasticNetRecommender: Processed 10635 (47.9%) in 5.00 min. Items per second: 35.45
SLIMElasticNetRecommender: Processed 22222 (100.0%) in 9.65 min. Items per second: 38.36
100%|██████████| 12638/12638 [00:47<00:00, 266.43it/s]
[I 2023-11-27 16:41:00,241] Trial 28 finished with value: 0.0951690629250818 and parameters: {'topK': 8556, 'l1_ratio': 0.05395297406605147, 'alpha': 0.002026260325262998}. Best is trial 21 with value: 0.09548950049687291.
SLIMElasticNetRecommender: URM Detected 166 ( 1.3%) users with no interactions.
SLIMElasticNetRecommender: URM Detected 80 ( 0.4%) items with no interactions.
SLIMElasticNetRecommender: Processed 14162 (63.7%) in 5.00 min. Items per second: 47.18
SLIMElasticNetRecommender: Processed 22222 (100.0%) in 7.06 min. Items per second: 52.46
100%|██████████| 12638/12638 [00:45<00:00, 276.55it/s]
[I 2023-11-27 16:48:49,561] Trial 29 finished with value: 0.09296148045934043 and parameters: {'topK': 6273, 'l1_ratio': 0.08407726409115635, 'alpha': 0.002648318186871862}. Best is trial 21 with value: 0.09548950049687291.
SLIMElasticNetRecommender: URM Detected 166 ( 1.3%) users with no interactions.
SLIMElasticNetRecommender: URM Detected 80 ( 0.4%) items with no interactions.
SLIMElasticNetRecommender: Processed 10784 (48.5%) in 5.00 min. Items per second: 35.94
SLIMElasticNetRecommender: Processed 22222 (100.0%) in 9.53 min. Items per second: 38.86
100%|██████████| 12638/12638 [00:49<00:00, 254.28it/s]
[I 2023-11-27 16:59:11,119] Trial 30 finished with value: 0.09437315983188817 and parameters: {'topK': 7125, 'l1_ratio': 0.036626623385068974, 'alpha': 0.0032831379557440137}. Best is trial 21 with value: 0.09548950049687291.
SLIMElasticNetRecommender: URM Detected 166 ( 1.3%) users with no interactions.
SLIMElasticNetRecommender: URM Detected 80 ( 0.4%) items with no interactions.
SLIMElasticNetRecommender: Processed 9241 (41.6%) in 5.00 min. Items per second: 30.80
SLIMElasticNetRecommender: Processed 19096 (85.9%) in 10.00 min. Items per second: 31.82
SLIMElasticNetRecommender: Processed 22222 (100.0%) in 11.72 min. Items per second: 31.61
100%|██████████| 12638/12638 [00:52<00:00, 240.17it/s]
[I 2023-11-27 17:11:46,910] Trial 31 finished with value: 0.09507942066736387 and parameters: {'topK': 7164, 'l1_ratio': 0.022166321764657493, 'alpha': 0.0026453216695585023}. Best is trial 21 with value: 0.09548950049687291.
SLIMElasticNetRecommender: URM Detected 166 ( 1.3%) users with no interactions.
SLIMElasticNetRecommender: URM Detected 80 ( 0.4%) items with no interactions.
SLIMElasticNetRecommender: Processed 10265 (46.2%) in 5.00 min. Items per second: 34.21
SLIMElasticNetRecommender: Processed 22222 (100.0%) in 10.00 min. Items per second: 37.04
100%|██████████| 12638/12638 [00:49<00:00, 253.77it/s]
[I 2023-11-27 17:22:36,769] Trial 32 finished with value: 0.09549325649786142 and parameters: {'topK': 7572, 'l1_ratio': 0.03698722350992818, 'alpha': 0.0022012674688477157}. Best is trial 32 with value: 0.09549325649786142.
SLIMElasticNetRecommender: URM Detected 166 ( 1.3%) users with no interactions.
SLIMElasticNetRecommender: URM Detected 80 ( 0.4%) items with no interactions.
SLIMElasticNetRecommender: Processed 10607 (47.7%) in 5.00 min. Items per second: 35.35
SLIMElasticNetRecommender: Processed 22222 (100.0%) in 9.68 min. Items per second: 38.24
100%|██████████| 12638/12638 [00:48<00:00, 259.03it/s]
