[I 2023-11-27 17:33:06,684] Trial 33 finished with value: 0.09531040336578496 and parameters: {'topK': 7712, 'l1_ratio': 0.06813476046623416, 'alpha': 0.0018178024548776062}. Best is trial 32 with value: 0.09549325649786142.
SLIMElasticNetRecommender: URM Detected 166 ( 1.3%) users with no interactions.
SLIMElasticNetRecommender: URM Detected 80 ( 0.4%) items with no interactions.
SLIMElasticNetRecommender: Processed 8778 (39.5%) in 5.00 min. Items per second: 29.25
SLIMElasticNetRecommender: Processed 17510 (78.8%) in 10.00 min. Items per second: 29.18
SLIMElasticNetRecommender: Processed 22222 (100.0%) in 13.05 min. Items per second: 28.38
100%|██████████| 12638/12638 [01:01<00:00, 206.92it/s]
[I 2023-11-27 17:47:10,876] Trial 34 finished with value: 0.09457107918421408 and parameters: {'topK': 8888, 'l1_ratio': 0.050945554738592934, 'alpha': 0.0010693441511511429}. Best is trial 32 with value: 0.09549325649786142.
SLIMElasticNetRecommender: URM Detected 166 ( 1.3%) users with no interactions.
SLIMElasticNetRecommender: URM Detected 80 ( 0.4%) items with no interactions.
SLIMElasticNetRecommender: Processed 8179 (36.8%) in 5.00 min. Items per second: 27.26
SLIMElasticNetRecommender: Processed 16685 (75.1%) in 10.00 min. Items per second: 27.81
SLIMElasticNetRecommender: Processed 22222 (100.0%) in 13.18 min. Items per second: 28.09
100%|██████████| 12638/12638 [01:01<00:00, 204.19it/s]
[I 2023-11-27 18:01:24,049] Trial 35 finished with value: 0.09518325555244601 and parameters: {'topK': 5597, 'l1_ratio': 0.03509482691667644, 'alpha': 0.0019125926811983563}. Best is trial 32 with value: 0.09549325649786142.
SLIMElasticNetRecommender: URM Detected 166 ( 1.3%) users with no interactions.
SLIMElasticNetRecommender: URM Detected 80 ( 0.4%) items with no interactions.
SLIMElasticNetRecommender: Processed 6911 (31.1%) in 5.00 min. Items per second: 23.03
SLIMElasticNetRecommender: Processed 14219 (64.0%) in 10.00 min. Items per second: 23.70
SLIMElasticNetRecommender: Processed 21733 (97.8%) in 15.00 min. Items per second: 24.14
SLIMElasticNetRecommender: Processed 22222 (100.0%) in 15.39 min. Items per second: 24.06
100%|██████████| 12638/12638 [01:01<00:00, 204.87it/s]
[I 2023-11-27 18:17:49,827] Trial 36 finished with value: 0.08825460803870701 and parameters: {'topK': 9802, 'l1_ratio': 0.014968143364300385, 'alpha': 0.0005641423056669604}. Best is trial 32 with value: 0.09549325649786142.
SLIMElasticNetRecommender: URM Detected 166 ( 1.3%) users with no interactions.
SLIMElasticNetRecommender: URM Detected 80 ( 0.4%) items with no interactions.
SLIMElasticNetRecommender: Processed 9078 (40.9%) in 5.00 min. Items per second: 30.25
SLIMElasticNetRecommender: Processed 19730 (88.8%) in 10.00 min. Items per second: 32.87
SLIMElasticNetRecommender: Processed 22222 (100.0%) in 11.09 min. Items per second: 33.41
100%|██████████| 12638/12638 [00:57<00:00, 219.44it/s]
[I 2023-11-27 18:29:52,653] Trial 37 finished with value: 0.0955675503321688 and parameters: {'topK': 4006, 'l1_ratio': 0.08520784245149113, 'alpha': 0.0013629291147717664}. Best is trial 37 with value: 0.0955675503321688.
SLIMElasticNetRecommender: URM Detected 166 ( 1.3%) users with no interactions.
SLIMElasticNetRecommender: URM Detected 80 ( 0.4%) items with no interactions.
SLIMElasticNetRecommender: Processed 9086 (40.9%) in 5.00 min. Items per second: 30.28
SLIMElasticNetRecommender: Processed 19416 (87.4%) in 10.00 min. Items per second: 32.36
SLIMElasticNetRecommender: Processed 22222 (100.0%) in 11.30 min. Items per second: 32.77
100%|██████████| 12638/12638 [00:58<00:00, 216.79it/s]
[I 2023-11-27 18:42:09,164] Trial 38 finished with value: 0.0955331951233803 and parameters: {'topK': 4258, 'l1_ratio': 0.08350132440615354, 'alpha': 0.0012539454716034813}. Best is trial 37 with value: 0.0955675503321688.
SLIMElasticNetRecommender: URM Detected 166 ( 1.3%) users with no interactions.
SLIMElasticNetRecommender: URM Detected 80 ( 0.4%) items with no interactions.
SLIMElasticNetRecommender: Processed 8922 (40.1%) in 5.00 min. Items per second: 29.73
SLIMElasticNetRecommender: Processed 19234 (86.6%) in 10.00 min. Items per second: 32.05
SLIMElasticNetRecommender: Processed 22222 (100.0%) in 11.29 min. Items per second: 32.80
100%|██████████| 12638/12638 [00:55<00:00, 228.91it/s]
[I 2023-11-27 18:54:22,052] Trial 39 finished with value: 0.09549457493776273 and parameters: {'topK': 4401, 'l1_ratio': 0.08584127009394202, 'alpha': 0.0012184087255768276}. Best is trial 37 with value: 0.0955675503321688.
SLIMElasticNetRecommender: URM Detected 166 ( 1.3%) users with no interactions.
SLIMElasticNetRecommender: URM Detected 80 ( 0.4%) items with no interactions.
SLIMElasticNetRecommender: Processed 8836 (39.8%) in 5.00 min. Items per second: 29.45
SLIMElasticNetRecommender: Processed 19064 (85.8%) in 10.00 min. Items per second: 31.77
SLIMElasticNetRecommender: Processed 22222 (100.0%) in 11.45 min. Items per second: 32.35
100%|██████████| 12638/12638 [00:58<00:00, 217.74it/s]
[I 2023-11-27 19:06:47,020] Trial 40 finished with value: 0.09535792550509134 and parameters: {'topK': 2371, 'l1_ratio': 0.08773760720372097, 'alpha': 0.0011786859691685866}. Best is trial 37 with value: 0.0955675503321688.
SLIMElasticNetRecommender: URM Detected 166 ( 1.3%) users with no interactions.
SLIMElasticNetRecommender: URM Detected 80 ( 0.4%) items with no interactions.
SLIMElasticNetRecommender: Processed 8965 (40.3%) in 5.00 min. Items per second: 29.88
SLIMElasticNetRecommender: Processed 19208 (86.4%) in 10.00 min. Items per second: 32.01
SLIMElasticNetRecommender: Processed 22222 (100.0%) in 11.37 min. Items per second: 32.57
100%|██████████| 12638/12638 [00:55<00:00, 227.52it/s]
[I 2023-11-27 19:19:04,945] Trial 41 finished with value: 0.09514438699749421 and parameters: {'topK': 4344, 'l1_ratio': 0.10684503539109237, 'alpha': 0.0008395594422754242}. Best is trial 37 with value: 0.0955675503321688.
SLIMElasticNetRecommender: URM Detected 166 ( 1.3%) users with no interactions.
SLIMElasticNetRecommender: URM Detected 80 ( 0.4%) items with no interactions.
SLIMElasticNetRecommender: Processed 9151 (41.2%) in 5.00 min. Items per second: 30.50
SLIMElasticNetRecommender: Processed 19840 (89.3%) in 10.00 min. Items per second: 33.06
SLIMElasticNetRecommender: Processed 22222 (100.0%) in 11.04 min. Items per second: 33.55
100%|██████████| 12638/12638 [00:56<00:00, 224.83it/s]
[I 2023-11-27 19:31:03,617] Trial 42 finished with value: 0.0956077133567652 and parameters: {'topK': 4749, 'l1_ratio': 0.07673050295427719, 'alpha': 0.0013473037900522248}. Best is trial 42 with value: 0.0956077133567652.
SLIMElasticNetRecommender: URM Detected 166 ( 1.3%) users with no interactions.
SLIMElasticNetRecommender: URM Detected 80 ( 0.4%) items with no interactions.
SLIMElasticNetRecommender: Processed 9405 (42.3%) in 5.00 min. Items per second: 31.34
SLIMElasticNetRecommender: Processed 19790 (89.1%) in 10.00 min. Items per second: 32.98
SLIMElasticNetRecommender: Processed 22222 (100.0%) in 11.07 min. Items per second: 33.46
100%|██████████| 12638/12638 [00:55<00:00, 227.29it/s]
[I 2023-11-27 19:43:03,429] Trial 43 finished with value: 0.09561609647443715 and parameters: {'topK': 3808, 'l1_ratio': 0.07887919648219135, 'alpha': 0.0013099540468821918}. Best is trial 43 with value: 0.09561609647443715.
SLIMElasticNetRecommender: URM Detected 166 ( 1.3%) users with no interactions.
SLIMElasticNetRecommender: URM Detected 80 ( 0.4%) items with no interactions.
SLIMElasticNetRecommender: Processed 9242 (41.6%) in 5.00 min. Items per second: 30.80
SLIMElasticNetRecommender: Processed 19810 (89.1%) in 10.00 min. Items per second: 33.01
SLIMElasticNetRecommender: Processed 22222 (100.0%) in 11.07 min. Items per second: 33.44
100%|██████████| 12638/12638 [00:56<00:00, 224.31it/s]
[I 2023-11-27 19:55:04,348] Trial 44 finished with value: 0.09564437478959686 and parameters: {'topK': 3685, 'l1_ratio': 0.08125810000853637, 'alpha': 0.0013503945179548192}. Best is trial 44 with value: 0.09564437478959686.
SLIMElasticNetRecommender: URM Detected 166 ( 1.3%) users with no interactions.
SLIMElasticNetRecommender: URM Detected 80 ( 0.4%) items with no interactions.
SLIMElasticNetRecommender: Processed 7147 (32.2%) in 5.00 min. Items per second: 23.82
SLIMElasticNetRecommender: Processed 14649 (65.9%) in 10.00 min. Items per second: 24.41
SLIMElasticNetRecommender: Processed 22112 (99.5%) in 15.00 min. Items per second: 24.57
SLIMElasticNetRecommender: Processed 22222 (100.0%) in 15.11 min. Items per second: 24.52
100%|██████████| 12638/12638 [00:58<00:00, 216.20it/s]
[I 2023-11-27 20:11:09,480] Trial 45 finished with value: 0.09137110789872518 and parameters: {'topK': 3777, 'l1_ratio': 0.07223550782356357, 'alpha': 0.00045903918178251185}. Best is trial 44 with value: 0.09564437478959686.
SLIMElasticNetRecommender: URM Detected 166 ( 1.3%) users with no interactions.
SLIMElasticNetRecommender: URM Detected 80 ( 0.4%) items with no interactions.
SLIMElasticNetRecommender: Processed 9752 (43.9%) in 5.00 min. Items per second: 32.50
SLIMElasticNetRecommender: Processed 21024 (94.6%) in 10.00 min. Items per second: 35.04
SLIMElasticNetRecommender: Processed 22222 (100.0%) in 10.51 min. Items per second: 35.25
100%|██████████| 12638/12638 [00:55<00:00, 225.81it/s]
[I 2023-11-27 20:22:35,988] Trial 46 finished with value: 0.0951553642796785 and parameters: {'topK': 2927, 'l1_ratio': 0.09987888155358629, 'alpha': 0.0014190376841882746}. Best is trial 44 with value: 0.09564437478959686.
SLIMElasticNetRecommender: URM Detected 166 ( 1.3%) users with no interactions.
SLIMElasticNetRecommender: URM Detected 80 ( 0.4%) items with no interactions.
SLIMElasticNetRecommender: Processed 8787 (39.5%) in 5.00 min. Items per second: 29.29
SLIMElasticNetRecommender: Processed 18961 (85.3%) in 10.00 min. Items per second: 31.60
SLIMElasticNetRecommender: Processed 22222 (100.0%) in 11.50 min. Items per second: 32.19
100%|██████████| 12638/12638 [00:58<00:00, 216.43it/s]
[I 2023-11-27 20:35:04,757] Trial 47 finished with value: 0.09502539530408072 and parameters: {'topK': 4970, 'l1_ratio': 0.11424353639331897, 'alpha': 0.0007759513537959963}. Best is trial 44 with value: 0.09564437478959686.
SLIMElasticNetRecommender: URM Detected 166 ( 1.3%) users with no interactions.
SLIMElasticNetRecommender: URM Detected 80 ( 0.4%) items with no interactions.
SLIMElasticNetRecommender: Processed 6440 (29.0%) in 5.00 min. Items per second: 21.46
SLIMElasticNetRecommender: Processed 13275 (59.7%) in 10.00 min. Items per second: 22.12
SLIMElasticNetRecommender: Processed 20209 (90.9%) in 15.00 min. Items per second: 22.45
SLIMElasticNetRecommender: Processed 22222 (100.0%) in 16.55 min. Items per second: 22.37
100%|██████████| 12638/12638 [00:58<00:00, 217.23it/s]
[I 2023-11-27 20:52:36,369] Trial 48 finished with value: 0.0856928738186051 and parameters: {'topK': 1653, 'l1_ratio': 0.12098861021423607, 'alpha': 0.00019795473614556873}. Best is trial 44 with value: 0.09564437478959686.
SLIMElasticNetRecommender: URM Detected 166 ( 1.3%) users with no interactions.
SLIMElasticNetRecommender: URM Detected 80 ( 0.4%) items with no interactions.
SLIMElasticNetRecommender: Processed 9875 (44.4%) in 5.00 min. Items per second: 32.91
SLIMElasticNetRecommender: Processed 21839 (98.3%) in 10.00 min. Items per second: 36.39
SLIMElasticNetRecommender: Processed 22222 (100.0%) in 10.18 min. Items per second: 36.38
100%|██████████| 12638/12638 [00:58<00:00, 216.60it/s]
[I 2023-11-27 21:03:45,579] Trial 49 finished with value: 0.09486438787276347 and parameters: {'topK': 3944, 'l1_ratio': 0.09563447915723354, 'alpha': 0.0015960517198529037}. Best is trial 44 with value: 0.09564437478959686.
SLIMElasticNetRecommender: URM Detected 166 ( 1.3%) users with no interactions.
SLIMElasticNetRecommender: URM Detected 80 ( 0.4%) items with no interactions.
SLIMElasticNetRecommender: Processed 8828 (39.7%) in 5.00 min. Items per second: 29.42
SLIMElasticNetRecommender: Processed 19020 (85.6%) in 10.00 min. Items per second: 31.70
SLIMElasticNetRecommender: Processed 22222 (100.0%) in 11.43 min. Items per second: 32.41
100%|██████████| 12638/12638 [00:55<00:00, 227.71it/s]
[I 2023-11-27 21:16:06,792] Trial 50 finished with value: 0.0952906775263958 and parameters: {'topK': 3468, 'l1_ratio': 0.07904820328539043, 'alpha': 0.0011796049497514224}. Best is trial 44 with value: 0.09564437478959686.
SLIMElasticNetRecommender: URM Detected 166 ( 1.3%) users with no interactions.
SLIMElasticNetRecommender: URM Detected 80 ( 0.4%) items with no interactions.
SLIMElasticNetRecommender: Processed 7632 (34.3%) in 5.00 min. Items per second: 25.43
SLIMElasticNetRecommender: Processed 15661 (70.5%) in 10.00 min. Items per second: 26.10
SLIMElasticNetRecommender: Processed 22222 (100.0%) in 14.15 min. Items per second: 26.17
100%|██████████| 12638/12638 [00:57<00:00, 221.10it/s]
[I 2023-11-27 21:31:13,448] Trial 51 finished with value: 0.09302922218133056 and parameters: {'topK': 4093, 'l1_ratio': 0.07871953290011298, 'alpha': 0.0005781292977090951}. Best is trial 44 with value: 0.09564437478959686.
SLIMElasticNetRecommender: URM Detected 166 ( 1.3%) users with no interactions.
SLIMElasticNetRecommender: URM Detected 80 ( 0.4%) items with no interactions.
SLIMElasticNetRecommender: Processed 9188 (41.3%) in 5.00 min. Items per second: 30.62
SLIMElasticNetRecommender: Processed 19400 (87.3%) in 10.00 min. Items per second: 32.33
SLIMElasticNetRecommender: Processed 22222 (100.0%) in 11.27 min. Items per second: 32.87
100%|██████████| 12638/12638 [00:57<00:00, 219.37it/s]
[I 2023-11-27 21:43:27,214] Trial 52 finished with value: 0.09541034466492075 and parameters: {'topK': 4678, 'l1_ratio': 0.08998721985311796, 'alpha': 0.001171596504076863}. Best is trial 44 with value: 0.09564437478959686.
SLIMElasticNetRecommender: URM Detected 166 ( 1.3%) users with no interactions.
SLIMElasticNetRecommender: URM Detected 80 ( 0.4%) items with no interactions.
SLIMElasticNetRecommender: Processed 9737 (43.8%) in 5.00 min. Items per second: 32.45
SLIMElasticNetRecommender: Processed 20647 (92.9%) in 10.00 min. Items per second: 34.41
SLIMElasticNetRecommender: Processed 22222 (100.0%) in 10.70 min. Items per second: 34.61
100%|██████████| 12638/12638 [00:58<00:00, 216.53it/s]
[I 2023-11-27 21:55:07,686] Trial 53 finished with value: 0.09539884624227074 and parameters: {'topK': 5218, 'l1_ratio': 0.06522838371110068, 'alpha': 0.0016504208970778333}. Best is trial 44 with value: 0.09564437478959686.
SLIMElasticNetRecommender: URM Detected 166 ( 1.3%) users with no interactions.
SLIMElasticNetRecommender: URM Detected 80 ( 0.4%) items with no interactions.
SLIMElasticNetRecommender: Processed 9161 (41.2%) in 5.00 min. Items per second: 30.53
SLIMElasticNetRecommender: Processed 19892 (89.5%) in 10.00 min. Items per second: 33.15
SLIMElasticNetRecommender: Processed 22222 (100.0%) in 11.05 min. Items per second: 33.53
100%|██████████| 12638/12638 [00:57<00:00, 218.20it/s]
[I 2023-11-27 22:07:08,482] Trial 54 finished with value: 0.09528843830777904 and parameters: {'topK': 3408, 'l1_ratio': 0.10540315856108098, 'alpha': 0.001212435934002329}. Best is trial 44 with value: 0.09564437478959686.
SLIMElasticNetRecommender: URM Detected 166 ( 1.3%) users with no interactions.
SLIMElasticNetRecommender: URM Detected 80 ( 0.4%) items with no interactions.
SLIMElasticNetRecommender: Processed 8768 (39.5%) in 5.00 min. Items per second: 29.22
SLIMElasticNetRecommender: Processed 18809 (84.6%) in 10.00 min. Items per second: 31.34
SLIMElasticNetRecommender: Processed 22222 (100.0%) in 11.58 min. Items per second: 31.99
100%|██████████| 12638/12638 [00:57<00:00, 218.37it/s]
[I 2023-11-27 22:19:40,978] Trial 55 finished with value: 0.09521378093811128 and parameters: {'topK': 2853, 'l1_ratio': 0.12941671417875497, 'alpha': 0.0007960517354019021}. Best is trial 44 with value: 0.09564437478959686.