[I 2023-12-02 15:52:10,809] A new study created in memory with name: no-name-237a6148-6594-4f6f-9245-16c92da998bd
EASE_R_Recommender: URM Detected 167 ( 1.3%) users with no interactions.
EASE_R_Recommender: URM Detected 88 ( 0.4%) items with no interactions.
EASE_R_Recommender: Fitting model... 
EASE_R_Recommender: Fitting model... done in 4.93 min
100%|██████████| 12638/12638 [01:01<00:00, 204.68it/s]
[I 2023-12-02 16:01:21,763] Trial 0 finished with value: 0.0832684106929457 and parameters: {'topK': 4395, 'l2_norm': 221.58455585842734}. Best is trial 0 with value: 0.0832684106929457.
EASE_R_Recommender: URM Detected 167 ( 1.3%) users with no interactions.
EASE_R_Recommender: URM Detected 88 ( 0.4%) items with no interactions.
EASE_R_Recommender: Fitting model... 
EASE_R_Recommender: Fitting model... done in 5.06 min
100%|██████████| 12638/12638 [01:02<00:00, 201.27it/s]
[I 2023-12-02 16:19:50,486] Trial 1 finished with value: 0.0779573314435378 and parameters: {'topK': 18566, 'l2_norm': 832.2022354203408}. Best is trial 0 with value: 0.0832684106929457.
EASE_R_Recommender: URM Detected 167 ( 1.3%) users with no interactions.
EASE_R_Recommender: URM Detected 88 ( 0.4%) items with no interactions.
EASE_R_Recommender: Fitting model... 
EASE_R_Recommender: Fitting model... done in 5.06 min
100%|██████████| 12638/12638 [01:02<00:00, 202.51it/s]
[I 2023-12-02 16:34:32,028] Trial 2 finished with value: 0.08227029281096075 and parameters: {'topK': 12441, 'l2_norm': 359.54618241607767}. Best is trial 0 with value: 0.0832684106929457.
EASE_R_Recommender: URM Detected 167 ( 1.3%) users with no interactions.
EASE_R_Recommender: URM Detected 88 ( 0.4%) items with no interactions.
EASE_R_Recommender: Fitting model... 
EASE_R_Recommender: Fitting model... done in 4.95 min
100%|██████████| 12638/12638 [01:01<00:00, 206.64it/s]
[I 2023-12-02 16:47:15,649] Trial 3 finished with value: 0.08097630788582279 and parameters: {'topK': 9966, 'l2_norm': 446.988784485021}. Best is trial 0 with value: 0.0832684106929457.
EASE_R_Recommender: URM Detected 167 ( 1.3%) users with no interactions.
EASE_R_Recommender: URM Detected 88 ( 0.4%) items with no interactions.
EASE_R_Recommender: Fitting model... 
EASE_R_Recommender: Fitting model... done in 4.90 min
100%|██████████| 12638/12638 [01:01<00:00, 204.87it/s]
[I 2023-12-02 17:03:14,211] Trial 4 finished with value: 0.0830031526133503 and parameters: {'topK': 15214, 'l2_norm': 293.8415605354241}. Best is trial 0 with value: 0.0832684106929457.
EASE_R_Recommender: URM Detected 167 ( 1.3%) users with no interactions.
EASE_R_Recommender: URM Detected 88 ( 0.4%) items with no interactions.
EASE_R_Recommender: Fitting model... 
EASE_R_Recommender: Fitting model... done in 4.80 min
100%|██████████| 12638/12638 [01:00<00:00, 208.13it/s]
[I 2023-12-02 17:20:57,911] Trial 5 finished with value: 0.07770613052419574 and parameters: {'topK': 18163, 'l2_norm': 872.673896043889}. Best is trial 0 with value: 0.0832684106929457.
EASE_R_Recommender: URM Detected 167 ( 1.3%) users with no interactions.
EASE_R_Recommender: URM Detected 88 ( 0.4%) items with no interactions.
EASE_R_Recommender: Fitting model... 
EASE_R_Recommender: Fitting model... done in 4.91 min
100%|██████████| 12638/12638 [00:59<00:00, 210.91it/s]
[I 2023-12-02 17:35:49,529] Trial 6 finished with value: 0.0783867325490052 and parameters: {'topK': 13288, 'l2_norm': 747.6123483332464}. Best is trial 0 with value: 0.0832684106929457.
EASE_R_Recommender: URM Detected 167 ( 1.3%) users with no interactions.
EASE_R_Recommender: URM Detected 88 ( 0.4%) items with no interactions.
EASE_R_Recommender: Fitting model... 
EASE_R_Recommender: Fitting model... done in 4.89 min
100%|██████████| 12638/12638 [00:59<00:00, 212.36it/s]
[I 2023-12-02 17:45:59,808] Trial 7 finished with value: 0.0799902976095393 and parameters: {'topK': 6253, 'l2_norm': 537.0004946302749}. Best is trial 0 with value: 0.0832684106929457.
EASE_R_Recommender: URM Detected 167 ( 1.3%) users with no interactions.
EASE_R_Recommender: URM Detected 88 ( 0.4%) items with no interactions.
EASE_R_Recommender: Fitting model... 
EASE_R_Recommender: Fitting model... done in 4.81 min
100%|██████████| 12638/12638 [01:00<00:00, 208.22it/s]
[I 2023-12-02 17:53:42,747] Trial 8 finished with value: 0.07945216473702993 and parameters: {'topK': 2488, 'l2_norm': 639.4375450178024}. Best is trial 0 with value: 0.0832684106929457.
EASE_R_Recommender: URM Detected 167 ( 1.3%) users with no interactions.
EASE_R_Recommender: URM Detected 88 ( 0.4%) items with no interactions.
EASE_R_Recommender: Fitting model... 
EASE_R_Recommender: Fitting model... done in 4.86 min
100%|██████████| 12638/12638 [01:00<00:00, 210.31it/s]
[I 2023-12-02 18:06:22,217] Trial 9 finished with value: 0.08403318585963315 and parameters: {'topK': 10133, 'l2_norm': 170.8194083242736}. Best is trial 9 with value: 0.08403318585963315.
EASE_R_Recommender: URM Detected 167 ( 1.3%) users with no interactions.
EASE_R_Recommender: URM Detected 88 ( 0.4%) items with no interactions.
EASE_R_Recommender: Fitting model... 
EASE_R_Recommender: Fitting model... done in 4.82 min
100%|██████████| 12638/12638 [01:00<00:00, 209.91it/s]
[I 2023-12-02 18:17:52,691] Trial 10 finished with value: 0.08400307323763007 and parameters: {'topK': 8347, 'l2_norm': 109.90975192701632}. Best is trial 9 with value: 0.08403318585963315.
EASE_R_Recommender: URM Detected 167 ( 1.3%) users with no interactions.
EASE_R_Recommender: URM Detected 88 ( 0.4%) items with no interactions.
EASE_R_Recommender: Fitting model... 
EASE_R_Recommender: Fitting model... done in 4.79 min
100%|██████████| 12638/12638 [00:59<00:00, 212.20it/s]
[I 2023-12-02 18:29:06,697] Trial 11 finished with value: 0.08392126762451552 and parameters: {'topK': 8088, 'l2_norm': 105.51511453359979}. Best is trial 9 with value: 0.08403318585963315.
EASE_R_Recommender: URM Detected 167 ( 1.3%) users with no interactions.
EASE_R_Recommender: URM Detected 88 ( 0.4%) items with no interactions.
EASE_R_Recommender: Fitting model... 
EASE_R_Recommender: Fitting model... done in 4.83 min
100%|██████████| 12638/12638 [01:00<00:00, 207.51it/s]
[I 2023-12-02 18:41:16,999] Trial 12 finished with value: 0.08410731939823672 and parameters: {'topK': 9364, 'l2_norm': 101.5895678510692}. Best is trial 12 with value: 0.08410731939823672.
EASE_R_Recommender: URM Detected 167 ( 1.3%) users with no interactions.
EASE_R_Recommender: URM Detected 88 ( 0.4%) items with no interactions.
EASE_R_Recommender: Fitting model... 
EASE_R_Recommender: Fitting model... done in 4.96 min
100%|██████████| 12638/12638 [01:00<00:00, 208.90it/s]
[I 2023-12-02 18:54:27,834] Trial 13 finished with value: 0.08333087613480739 and parameters: {'topK': 10757, 'l2_norm': 235.58410270511}. Best is trial 12 with value: 0.08410731939823672.
EASE_R_Recommender: URM Detected 167 ( 1.3%) users with no interactions.
EASE_R_Recommender: URM Detected 88 ( 0.4%) items with no interactions.
EASE_R_Recommender: Fitting model... 
EASE_R_Recommender: Fitting model... done in 4.83 min
100%|██████████| 12638/12638 [01:01<00:00, 205.90it/s]
[I 2023-12-02 19:10:18,715] Trial 14 finished with value: 0.08229698963372285 and parameters: {'topK': 15238, 'l2_norm': 357.43074409972905}. Best is trial 12 with value: 0.08410731939823672.
EASE_R_Recommender: URM Detected 167 ( 1.3%) users with no interactions.
EASE_R_Recommender: URM Detected 88 ( 0.4%) items with no interactions.
EASE_R_Recommender: Fitting model... 
EASE_R_Recommender: Fitting model... done in 4.85 min
100%|██████████| 12638/12638 [01:00<00:00, 208.68it/s]
[I 2023-12-02 19:20:36,871] Trial 15 finished with value: 0.08359344278640876 and parameters: {'topK': 6392, 'l2_norm': 168.03628465826756}. Best is trial 12 with value: 0.08410731939823672.
EASE_R_Recommender: URM Detected 167 ( 1.3%) users with no interactions.
EASE_R_Recommender: URM Detected 88 ( 0.4%) items with no interactions.
EASE_R_Recommender: Fitting model... 
EASE_R_Recommender: Fitting model... done in 4.85 min
100%|██████████| 12638/12638 [01:01<00:00, 204.72it/s]
[I 2023-12-02 19:33:51,373] Trial 16 finished with value: 0.07668387386001717 and parameters: {'topK': 10822, 'l2_norm': 999.5312260549849}. Best is trial 12 with value: 0.08410731939823672.
EASE_R_Recommender: URM Detected 167 ( 1.3%) users with no interactions.
EASE_R_Recommender: URM Detected 88 ( 0.4%) items with no interactions.
EASE_R_Recommender: Fitting model... 
EASE_R_Recommender: Fitting model... done in 4.90 min
100%|██████████| 12638/12638 [01:01<00:00, 206.26it/s]
[I 2023-12-02 19:41:00,665] Trial 17 finished with value: 0.08445889068802116 and parameters: {'topK': 1392, 'l2_norm': 219.23233374305283}. Best is trial 17 with value: 0.08445889068802116.
EASE_R_Recommender: URM Detected 167 ( 1.3%) users with no interactions.
EASE_R_Recommender: URM Detected 88 ( 0.4%) items with no interactions.
EASE_R_Recommender: Fitting model... 
EASE_R_Recommender: Fitting model... done in 4.93 min
100%|██████████| 12638/12638 [01:00<00:00, 208.82it/s]
[I 2023-12-02 19:48:03,068] Trial 18 finished with value: 0.08347090670739478 and parameters: {'topK': 1205, 'l2_norm': 284.5724391233272}. Best is trial 17 with value: 0.08445889068802116.
EASE_R_Recommender: URM Detected 167 ( 1.3%) users with no interactions.
EASE_R_Recommender: URM Detected 88 ( 0.4%) items with no interactions.
EASE_R_Recommender: Fitting model... 
EASE_R_Recommender: Fitting model... done in 4.93 min
100%|██████████| 12638/12638 [01:01<00:00, 205.43it/s]
[I 2023-12-02 19:57:09,860] Trial 19 finished with value: 0.08090378112773161 and parameters: {'topK': 4330, 'l2_norm': 444.99832025471915}. Best is trial 17 with value: 0.08445889068802116.
EASE_R_Recommender: URM Detected 167 ( 1.3%) users with no interactions.
EASE_R_Recommender: URM Detected 88 ( 0.4%) items with no interactions.
EASE_R_Recommender: Fitting model... 
EASE_R_Recommender: Fitting model... done in 4.91 min
100%|██████████| 12638/12638 [01:01<00:00, 205.68it/s]
[I 2023-12-02 20:05:56,628] Trial 20 finished with value: 0.08377699415451592 and parameters: {'topK': 3842, 'l2_norm': 110.66652129805908}. Best is trial 17 with value: 0.08445889068802116.
EASE_R_Recommender: URM Detected 167 ( 1.3%) users with no interactions.
EASE_R_Recommender: URM Detected 88 ( 0.4%) items with no interactions.
EASE_R_Recommender: Fitting model... 
EASE_R_Recommender: Fitting model... done in 4.90 min
100%|██████████| 12638/12638 [01:01<00:00, 205.51it/s]
[I 2023-12-02 20:17:23,948] Trial 21 finished with value: 0.0834697419810218 and parameters: {'topK': 7991, 'l2_norm': 197.31734631981195}. Best is trial 17 with value: 0.08445889068802116.
EASE_R_Recommender: URM Detected 167 ( 1.3%) users with no interactions.
EASE_R_Recommender: URM Detected 88 ( 0.4%) items with no interactions.
EASE_R_Recommender: Fitting model... 
EASE_R_Recommender: Fitting model... done in 4.93 min
100%|██████████| 12638/12638 [01:01<00:00, 204.96it/s]
[I 2023-12-02 20:32:09,843] Trial 22 finished with value: 0.08417383631452795 and parameters: {'topK': 13047, 'l2_norm': 169.58503623074694}. Best is trial 17 with value: 0.08445889068802116.
EASE_R_Recommender: URM Detected 167 ( 1.3%) users with no interactions.
EASE_R_Recommender: URM Detected 88 ( 0.4%) items with no interactions.
EASE_R_Recommender: Fitting model... 
EASE_R_Recommender: Fitting model... done in 4.93 min
100%|██████████| 12638/12638 [01:01<00:00, 204.06it/s]
[I 2023-12-02 20:48:55,154] Trial 23 finished with value: 0.08317621876100742 and parameters: {'topK': 16075, 'l2_norm': 277.48129561621204}. Best is trial 17 with value: 0.08445889068802116.
EASE_R_Recommender: URM Detected 167 ( 1.3%) users with no interactions.
EASE_R_Recommender: URM Detected 88 ( 0.4%) items with no interactions.
EASE_R_Recommender: Fitting model... 
EASE_R_Recommender: Fitting model... done in 4.93 min
100%|██████████| 12638/12638 [01:01<00:00, 203.94it/s]
[I 2023-12-02 21:03:40,884] Trial 24 finished with value: 0.08400798377531371 and parameters: {'topK': 12973, 'l2_norm': 176.1265747155045}. Best is trial 17 with value: 0.08445889068802116.
EASE_R_Recommender: URM Detected 167 ( 1.3%) users with no interactions.
EASE_R_Recommender: URM Detected 88 ( 0.4%) items with no interactions.
EASE_R_Recommender: Fitting model... 
EASE_R_Recommender: Fitting model... done in 4.94 min
100%|██████████| 12638/12638 [01:02<00:00, 203.58it/s]
[I 2023-12-02 21:20:56,063] Trial 25 finished with value: 0.0849024027880019 and parameters: {'topK': 16751, 'l2_norm': 103.6338117955496}. Best is trial 25 with value: 0.0849024027880019.
EASE_R_Recommender: URM Detected 167 ( 1.3%) users with no interactions.
EASE_R_Recommender: URM Detected 88 ( 0.4%) items with no interactions.
EASE_R_Recommender: Fitting model... 
EASE_R_Recommender: Fitting model... done in 4.93 min
100%|██████████| 12638/12638 [01:00<00:00, 207.93it/s]
[I 2023-12-02 21:38:03,332] Trial 26 finished with value: 0.08256375320806388 and parameters: {'topK': 16824, 'l2_norm': 339.66972550984764}. Best is trial 25 with value: 0.0849024027880019.
EASE_R_Recommender: URM Detected 167 ( 1.3%) users with no interactions.
EASE_R_Recommender: URM Detected 88 ( 0.4%) items with no interactions.
EASE_R_Recommender: Fitting model... 
EASE_R_Recommender: Fitting model... done in 4.77 min
100%|██████████| 12638/12638 [01:01<00:00, 205.73it/s]
[I 2023-12-02 21:57:02,945] Trial 27 finished with value: 0.08364185384693118 and parameters: {'topK': 19794, 'l2_norm': 240.9811469694675}. Best is trial 25 with value: 0.0849024027880019.
EASE_R_Recommender: URM Detected 167 ( 1.3%) users with no interactions.
EASE_R_Recommender: URM Detected 88 ( 0.4%) items with no interactions.
EASE_R_Recommender: Fitting model... 
EASE_R_Recommender: Fitting model... done in 4.91 min
100%|██████████| 12638/12638 [01:02<00:00, 203.50it/s]
[I 2023-12-02 22:12:23,099] Trial 28 finished with value: 0.0842609662392994 and parameters: {'topK': 14006, 'l2_norm': 170.34177020720267}. Best is trial 25 with value: 0.0849024027880019.
EASE_R_Recommender: URM Detected 167 ( 1.3%) users with no interactions.
EASE_R_Recommender: URM Detected 88 ( 0.4%) items with no interactions.
EASE_R_Recommender: Fitting model... 
EASE_R_Recommender: Fitting model... done in 4.95 min
100%|██████████| 12638/12638 [01:02<00:00, 203.49it/s]
[I 2023-12-02 22:30:07,395] Trial 29 finished with value: 0.08387272888994296 and parameters: {'topK': 17667, 'l2_norm': 215.77991362078012}. Best is trial 25 with value: 0.0849024027880019.
EASE_R_Recommender: URM Detected 167 ( 1.3%) users with no interactions.
EASE_R_Recommender: URM Detected 88 ( 0.4%) items with no interactions.
EASE_R_Recommender: Fitting model... 
EASE_R_Recommender: Fitting model... done in 4.94 min
100%|██████████| 12638/12638 [01:02<00:00, 203.56it/s]
[I 2023-12-02 22:46:18,485] Trial 30 finished with value: 0.08343614606793566 and parameters: {'topK': 15157, 'l2_norm': 246.54093535698738}. Best is trial 25 with value: 0.0849024027880019.
EASE_R_Recommender: URM Detected 167 ( 1.3%) users with no interactions.
EASE_R_Recommender: URM Detected 88 ( 0.4%) items with no interactions.
EASE_R_Recommender: Fitting model... 
EASE_R_Recommender: Fitting model... done in 4.93 min
100%|██████████| 12638/12638 [01:01<00:00, 204.84it/s]
[I 2023-12-02 23:01:47,918] Trial 31 finished with value: 0.08424560306027758 and parameters: {'topK': 13855, 'l2_norm': 170.49816880755807}. Best is trial 25 with value: 0.0849024027880019.
EASE_R_Recommender: URM Detected 167 ( 1.3%) users with no interactions.
EASE_R_Recommender: URM Detected 88 ( 0.4%) items with no interactions.
EASE_R_Recommender: Fitting model... 
EASE_R_Recommender: Fitting model... done in 4.94 min
100%|██████████| 12638/12638 [01:02<00:00, 203.40it/s]
[I 2023-12-02 23:17:31,666] Trial 32 finished with value: 0.08440737159959699 and parameters: {'topK': 14033, 'l2_norm': 157.66599106822363}. Best is trial 25 with value: 0.0849024027880019.
EASE_R_Recommender: URM Detected 167 ( 1.3%) users with no interactions.
EASE_R_Recommender: URM Detected 88 ( 0.4%) items with no interactions.
EASE_R_Recommender: Fitting model... 
EASE_R_Recommender: Fitting model... done in 4.93 min
100%|██████████| 12638/12638 [01:01<00:00, 205.14it/s]
[I 2023-12-02 23:31:44,093] Trial 33 finished with value: 0.08289049428681522 and parameters: {'topK': 11819, 'l2_norm': 288.8191256690122}. Best is trial 25 with value: 0.0849024027880019.
EASE_R_Recommender: URM Detected 167 ( 1.3%) users with no interactions.
EASE_R_Recommender: URM Detected 88 ( 0.4%) items with no interactions.
EASE_R_Recommender: Fitting model... 
EASE_R_Recommender: Fitting model... done in 4.95 min
100%|██████████| 12638/12638 [01:01<00:00, 205.94it/s]
[I 2023-12-02 23:47:27,497] Trial 34 finished with value: 0.08463230198962135 and parameters: {'topK': 14386, 'l2_norm': 134.66660049394127}. Best is trial 25 with value: 0.0849024027880019.
EASE_R_Recommender: URM Detected 167 ( 1.3%) users with no interactions.
EASE_R_Recommender: URM Detected 88 ( 0.4%) items with no interactions.
EASE_R_Recommender: Fitting model... 
EASE_R_Recommender: Fitting model... done in 4.92 min
100%|██████████| 12638/12638 [01:00<00:00, 207.42it/s]
[I 2023-12-03 00:06:14,155] Trial 35 finished with value: 0.08280241280806087 and parameters: {'topK': 19653, 'l2_norm': 316.6854921661477}. Best is trial 25 with value: 0.0849024027880019.
EASE_R_Recommender: URM Detected 167 ( 1.3%) users with no interactions.
EASE_R_Recommender: URM Detected 88 ( 0.4%) items with no interactions.
EASE_R_Recommender: Fitting model... 
EASE_R_Recommender: Fitting model... done in 4.86 min
100%|██████████| 12638/12638 [01:01<00:00, 206.74it/s]
[I 2023-12-03 00:23:22,030] Trial 36 finished with value: 0.08369337192084604 and parameters: {'topK': 16855, 'l2_norm': 231.28230495418762}. Best is trial 25 with value: 0.0849024027880019.
EASE_R_Recommender: URM Detected 167 ( 1.3%) users with no interactions.
EASE_R_Recommender: URM Detected 88 ( 0.4%) items with no interactions.
EASE_R_Recommender: Fitting model... 
EASE_R_Recommender: Fitting model... done in 4.82 min
100%|██████████| 12638/12638 [01:01<00:00, 206.76it/s]
[I 2023-12-03 00:37:04,189] Trial 37 finished with value: 0.08196819547195949 and parameters: {'topK': 11760, 'l2_norm': 382.6519525501116}. Best is trial 25 with value: 0.0849024027880019.
EASE_R_Recommender: URM Detected 167 ( 1.3%) users with no interactions.
EASE_R_Recommender: URM Detected 88 ( 0.4%) items with no interactions.
EASE_R_Recommender: Fitting model... 
EASE_R_Recommender: Fitting model... done in 4.85 min
100%|██████████| 12638/12638 [01:00<00:00, 209.78it/s]
[I 2023-12-03 00:54:43,712] Trial 38 finished with value: 0.08467553624668495 and parameters: {'topK': 17919, 'l2_norm': 145.65969950949244}. Best is trial 25 with value: 0.0849024027880019.
EASE_R_Recommender: URM Detected 167 ( 1.3%) users with no interactions.
EASE_R_Recommender: URM Detected 88 ( 0.4%) items with no interactions.
EASE_R_Recommender: Fitting model... 
EASE_R_Recommender: Fitting model... done in 4.81 min
100%|██████████| 12638/12638 [01:01<00:00, 205.05it/s]
[I 2023-12-03 01:12:52,732] Trial 39 finished with value: 0.08333172704294006 and parameters: {'topK': 18673, 'l2_norm': 266.48805740238913}. Best is trial 25 with value: 0.0849024027880019.
EASE_R_Recommender: URM Detected 167 ( 1.3%) users with no interactions.
EASE_R_Recommender: URM Detected 88 ( 0.4%) items with no interactions.
EASE_R_Recommender: Fitting model... 
EASE_R_Recommender: Fitting model... done in 4.89 min
100%|██████████| 12638/12638 [01:01<00:00, 206.31it/s]
[I 2023-12-03 01:31:03,917] Trial 40 finished with value: 0.08463955065037844 and parameters: {'topK': 18509, 'l2_norm': 140.49887114493487}. Best is trial 25 with value: 0.0849024027880019.
EASE_R_Recommender: URM Detected 167 ( 1.3%) users with no interactions.
EASE_R_Recommender: URM Detected 88 ( 0.4%) items with no interactions.
EASE_R_Recommender: Fitting model... 
EASE_R_Recommender: Fitting model... done in 4.89 min
100%|██████████| 12638/12638 [01:01<00:00, 206.73it/s]
[I 2023-12-03 01:49:10,883] Trial 41 finished with value: 0.08468567294383837 and parameters: {'topK': 18739, 'l2_norm': 135.5213566157409}. Best is trial 25 with value: 0.0849024027880019.
EASE_R_Recommender: URM Detected 167 ( 1.3%) users with no interactions.
EASE_R_Recommender: URM Detected 88 ( 0.4%) items with no interactions.
EASE_R_Recommender: Fitting model... 
EASE_R_Recommender: Fitting model... done in 4.88 min
100%|██████████| 12638/12638 [01:01<00:00, 205.13it/s]
[I 2023-12-03 02:07:33,566] Trial 42 finished with value: 0.0846797800040931 and parameters: {'topK': 18698, 'l2_norm': 134.88115343769945}. Best is trial 25 with value: 0.0849024027880019.
EASE_R_Recommender: URM Detected 167 ( 1.3%) users with no interactions.
EASE_R_Recommender: URM Detected 88 ( 0.4%) items with no interactions.
EASE_R_Recommender: Fitting model... 
EASE_R_Recommender: Fitting model... done in 4.86 min
100%|██████████| 12638/12638 [01:01<00:00, 204.19it/s]
[I 2023-12-03 02:26:08,700] Trial 43 finished with value: 0.08459159988137188 and parameters: {'topK': 18897, 'l2_norm': 142.66700962301775}. Best is trial 25 with value: 0.0849024027880019.
EASE_R_Recommender: URM Detected 167 ( 1.3%) users with no interactions.
EASE_R_Recommender: URM Detected 88 ( 0.4%) items with no interactions.
EASE_R_Recommender: Fitting model... 
EASE_R_Recommender: Fitting model... done in 4.90 min
100%|██████████| 12638/12638 [01:01<00:00, 205.61it/s]
