[I 2023-12-03 02:43:46,313] Trial 44 finished with value: 0.08487021599692844 and parameters: {'topK': 17703, 'l2_norm': 105.03632877842406}. Best is trial 25 with value: 0.0849024027880019.
EASE_R_Recommender: URM Detected 167 ( 1.3%) users with no interactions.
EASE_R_Recommender: URM Detected 88 ( 0.4%) items with no interactions.
EASE_R_Recommender: Fitting model... 
EASE_R_Recommender: Fitting model... done in 4.88 min
100%|██████████| 12638/12638 [01:00<00:00, 208.73it/s]
[I 2023-12-03 03:01:16,478] Trial 45 finished with value: 0.08391646126005471 and parameters: {'topK': 17554, 'l2_norm': 205.74316655119304}. Best is trial 25 with value: 0.0849024027880019.
EASE_R_Recommender: URM Detected 167 ( 1.3%) users with no interactions.
EASE_R_Recommender: URM Detected 88 ( 0.4%) items with no interactions.
EASE_R_Recommender: Fitting model... 
EASE_R_Recommender: Fitting model... done in 4.65 min
100%|██████████| 12638/12638 [00:58<00:00, 215.93it/s]
[I 2023-12-03 03:17:27,235] Trial 46 finished with value: 0.0848777642020969 and parameters: {'topK': 16225, 'l2_norm': 102.51264840501793}. Best is trial 25 with value: 0.0849024027880019.
EASE_R_Recommender: URM Detected 167 ( 1.3%) users with no interactions.
EASE_R_Recommender: URM Detected 88 ( 0.4%) items with no interactions.
EASE_R_Recommender: Fitting model... 
EASE_R_Recommender: Fitting model... done in 4.58 min
100%|██████████| 12638/12638 [01:00<00:00, 209.82it/s]
[I 2023-12-03 03:34:12,358] Trial 47 finished with value: 0.08491534217440083 and parameters: {'topK': 16354, 'l2_norm': 100.66668137437608}. Best is trial 47 with value: 0.08491534217440083.