[I 2023-12-03 10:32:24,543] A new study created in memory with name: no-name-532429fa-dd0e-488f-83e6-2645413825d7
EASE_R_Recommender: URM Detected 154 ( 1.2%) users with no interactions.
EASE_R_Recommender: URM Detected 77 ( 0.3%) items with no interactions.
EASE_R_Recommender: Fitting model... 
EASE_R_Recommender: Fitting model... done in 7.93 min
100%|██████████| 12638/12638 [01:12<00:00, 175.02it/s]
[I 2023-12-03 10:53:53,626] Trial 0 finished with value: 0.08296455583411123 and parameters: {'topK': 15718, 'l2_norm': 143.62668524720038}. Best is trial 0 with value: 0.08296455583411123.
EASE_R_Recommender: URM Detected 154 ( 1.2%) users with no interactions.
EASE_R_Recommender: URM Detected 77 ( 0.3%) items with no interactions.
EASE_R_Recommender: Fitting model... 
EASE_R_Recommender: Fitting model... done in 7.92 min
100%|██████████| 12638/12638 [01:14<00:00, 170.21it/s]
[I 2023-12-03 11:14:37,881] Trial 1 finished with value: 0.08306826619200855 and parameters: {'topK': 14452, 'l2_norm': 112.84115533120138}. Best is trial 1 with value: 0.08306826619200855.
EASE_R_Recommender: URM Detected 154 ( 1.2%) users with no interactions.
EASE_R_Recommender: URM Detected 77 ( 0.3%) items with no interactions.
EASE_R_Recommender: Fitting model... 
EASE_R_Recommender: Fitting model... done in 7.94 min
100%|██████████| 12638/12638 [01:13<00:00, 170.91it/s]
[I 2023-12-03 11:37:24,153] Trial 2 finished with value: 0.08297797695840507 and parameters: {'topK': 17198, 'l2_norm': 146.6552893451133}. Best is trial 1 with value: 0.08306826619200855.
EASE_R_Recommender: URM Detected 154 ( 1.2%) users with no interactions.
EASE_R_Recommender: URM Detected 77 ( 0.3%) items with no interactions.
EASE_R_Recommender: Fitting model... 
EASE_R_Recommender: Fitting model... done in 7.96 min
100%|██████████| 12638/12638 [01:14<00:00, 170.72it/s]
[I 2023-12-03 11:54:06,685] Trial 3 finished with value: 0.08226846888639752 and parameters: {'topK': 9354, 'l2_norm': 91.36132359335838}. Best is trial 1 with value: 0.08306826619200855.
EASE_R_Recommender: URM Detected 154 ( 1.2%) users with no interactions.
EASE_R_Recommender: URM Detected 77 ( 0.3%) items with no interactions.
EASE_R_Recommender: Fitting model... 
EASE_R_Recommender: Fitting model... done in 8.03 min
100%|██████████| 12638/12638 [01:13<00:00, 171.36it/s]
[I 2023-12-03 12:11:34,858] Trial 4 finished with value: 0.08231070078444738 and parameters: {'topK': 10301, 'l2_norm': 79.78947783210526}. Best is trial 1 with value: 0.08306826619200855.
EASE_R_Recommender: URM Detected 154 ( 1.2%) users with no interactions.
EASE_R_Recommender: URM Detected 77 ( 0.3%) items with no interactions.
EASE_R_Recommender: Fitting model... 
EASE_R_Recommender: Fitting model... done in 8.09 min
100%|██████████| 12638/12638 [01:13<00:00, 172.03it/s]
[I 2023-12-03 12:34:21,061] Trial 5 finished with value: 0.08261320881992602 and parameters: {'topK': 16458, 'l2_norm': 63.6481855843169}. Best is trial 1 with value: 0.08306826619200855.
EASE_R_Recommender: URM Detected 154 ( 1.2%) users with no interactions.
EASE_R_Recommender: URM Detected 77 ( 0.3%) items with no interactions.
EASE_R_Recommender: Fitting model... 
EASE_R_Recommender: Fitting model... done in 8.01 min
100%|██████████| 12638/12638 [01:14<00:00, 170.71it/s]
[I 2023-12-03 12:59:10,349] Trial 6 finished with value: 0.08273332636126786 and parameters: {'topK': 19692, 'l2_norm': 61.15925384550105}. Best is trial 1 with value: 0.08306826619200855.
EASE_R_Recommender: URM Detected 154 ( 1.2%) users with no interactions.
EASE_R_Recommender: URM Detected 77 ( 0.3%) items with no interactions.
EASE_R_Recommender: Fitting model... 
EASE_R_Recommender: Fitting model... done in 8.03 min
100%|██████████| 12638/12638 [01:13<00:00, 171.39it/s]
[I 2023-12-03 13:17:13,251] Trial 7 finished with value: 0.08201923440411764 and parameters: {'topK': 11116, 'l2_norm': 199.62975124264366}. Best is trial 1 with value: 0.08306826619200855.
EASE_R_Recommender: URM Detected 154 ( 1.2%) users with no interactions.
EASE_R_Recommender: URM Detected 77 ( 0.3%) items with no interactions.
EASE_R_Recommender: Fitting model... 
EASE_R_Recommender: Fitting model... done in 8.28 min
100%|██████████| 12638/12638 [01:14<00:00, 169.54it/s]
[I 2023-12-03 13:37:37,925] Trial 8 finished with value: 0.08271620970894646 and parameters: {'topK': 13530, 'l2_norm': 150.3659701403513}. Best is trial 1 with value: 0.08306826619200855.
EASE_R_Recommender: URM Detected 154 ( 1.2%) users with no interactions.
EASE_R_Recommender: URM Detected 77 ( 0.3%) items with no interactions.
EASE_R_Recommender: Fitting model... 
EASE_R_Recommender: Fitting model... done in 8.05 min
100%|██████████| 12638/12638 [01:13<00:00, 171.57it/s]
[I 2023-12-03 13:58:44,805] Trial 9 finished with value: 0.08318647090409739 and parameters: {'topK': 15078, 'l2_norm': 88.4340265854966}. Best is trial 9 with value: 0.08318647090409739.
EASE_R_Recommender: URM Detected 154 ( 1.2%) users with no interactions.
EASE_R_Recommender: URM Detected 77 ( 0.3%) items with no interactions.
EASE_R_Recommender: Fitting model... 
EASE_R_Recommender: Fitting model... done in 8.06 min
100%|██████████| 12638/12638 [01:14<00:00, 169.29it/s]
[I 2023-12-03 14:18:46,087] Trial 10 finished with value: 0.08166344480316677 and parameters: {'topK': 12716, 'l2_norm': 50.59988283180495}. Best is trial 9 with value: 0.08318647090409739.
EASE_R_Recommender: URM Detected 154 ( 1.2%) users with no interactions.
EASE_R_Recommender: URM Detected 77 ( 0.3%) items with no interactions.
EASE_R_Recommender: Fitting model... 
EASE_R_Recommender: Fitting model... done in 8.12 min
100%|██████████| 12638/12638 [01:15<00:00, 167.62it/s]
[I 2023-12-03 14:40:00,101] Trial 11 finished with value: 0.0831027101741219 and parameters: {'topK': 14667, 'l2_norm': 107.4797989224714}. Best is trial 9 with value: 0.08318647090409739.
EASE_R_Recommender: URM Detected 154 ( 1.2%) users with no interactions.
EASE_R_Recommender: URM Detected 77 ( 0.3%) items with no interactions.
EASE_R_Recommender: Fitting model... 
EASE_R_Recommender: Fitting model... done in 8.13 min
100%|██████████| 12638/12638 [01:16<00:00, 166.21it/s]
[I 2023-12-03 15:04:40,070] Trial 12 finished with value: 0.08327087818592639 and parameters: {'topK': 18317, 'l2_norm': 103.91276411879342}. Best is trial 12 with value: 0.08327087818592639.
EASE_R_Recommender: URM Detected 154 ( 1.2%) users with no interactions.
EASE_R_Recommender: URM Detected 77 ( 0.3%) items with no interactions.
EASE_R_Recommender: Fitting model... 
EASE_R_Recommender: Fitting model... done in 8.11 min
100%|██████████| 12638/12638 [01:16<00:00, 165.87it/s]
[I 2023-12-03 15:29:16,008] Trial 13 finished with value: 0.08328226830255485 and parameters: {'topK': 18810, 'l2_norm': 89.36120598289043}. Best is trial 13 with value: 0.08328226830255485.
EASE_R_Recommender: URM Detected 154 ( 1.2%) users with no interactions.
EASE_R_Recommender: URM Detected 77 ( 0.3%) items with no interactions.
EASE_R_Recommender: Fitting model... 
EASE_R_Recommender: Fitting model... done in 8.15 min
100%|██████████| 12638/12638 [01:15<00:00, 166.52it/s]
[I 2023-12-03 15:55:06,372] Trial 14 finished with value: 0.08302467228499083 and parameters: {'topK': 19991, 'l2_norm': 118.50256141276182}. Best is trial 13 with value: 0.08328226830255485.
EASE_R_Recommender: URM Detected 154 ( 1.2%) users with no interactions.
EASE_R_Recommender: URM Detected 77 ( 0.3%) items with no interactions.
EASE_R_Recommender: Fitting model... 
EASE_R_Recommender: Fitting model... done in 8.19 min
100%|██████████| 12638/12638 [01:15<00:00, 167.75it/s]
[I 2023-12-03 16:19:28,597] Trial 15 finished with value: 0.08326183666311276 and parameters: {'topK': 18136, 'l2_norm': 98.31960659745674}. Best is trial 13 with value: 0.08328226830255485.
EASE_R_Recommender: URM Detected 154 ( 1.2%) users with no interactions.
EASE_R_Recommender: URM Detected 77 ( 0.3%) items with no interactions.
EASE_R_Recommender: Fitting model... 
EASE_R_Recommender: Fitting model... done in 8.20 min
100%|██████████| 12638/12638 [01:15<00:00, 167.03it/s]
[I 2023-12-03 16:44:18,610] Trial 16 finished with value: 0.08295225753275377 and parameters: {'topK': 18405, 'l2_norm': 73.36725606495233}. Best is trial 13 with value: 0.08328226830255485.
EASE_R_Recommender: URM Detected 154 ( 1.2%) users with no interactions.
EASE_R_Recommender: URM Detected 77 ( 0.3%) items with no interactions.
EASE_R_Recommender: Fitting model... 
EASE_R_Recommender: Fitting model... done in 8.18 min
100%|██████████| 12638/12638 [01:14<00:00, 170.74it/s]
[I 2023-12-03 17:08:43,346] Trial 17 finished with value: 0.0833149267375218 and parameters: {'topK': 18342, 'l2_norm': 100.4551119638689}. Best is trial 17 with value: 0.0833149267375218.
EASE_R_Recommender: URM Detected 154 ( 1.2%) users with no interactions.
EASE_R_Recommender: URM Detected 77 ( 0.3%) items with no interactions.
EASE_R_Recommender: Fitting model... 
EASE_R_Recommender: Fitting model... done in 8.24 min
100%|██████████| 12638/12638 [01:13<00:00, 172.64it/s]
[I 2023-12-03 17:32:15,326] Trial 18 finished with value: 0.08307568081437607 and parameters: {'topK': 16961, 'l2_norm': 80.86844421380324}. Best is trial 17 with value: 0.0833149267375218.
EASE_R_Recommender: URM Detected 154 ( 1.2%) users with no interactions.
EASE_R_Recommender: URM Detected 77 ( 0.3%) items with no interactions.
EASE_R_Recommender: Fitting model... 
EASE_R_Recommender: Fitting model... done in 8.18 min
100%|██████████| 12638/12638 [01:11<00:00, 176.18it/s]
[I 2023-12-03 17:57:04,587] Trial 19 finished with value: 0.08316434318158397 and parameters: {'topK': 19041, 'l2_norm': 131.15107391420008}. Best is trial 17 with value: 0.0833149267375218.
EASE_R_Recommender: URM Detected 154 ( 1.2%) users with no interactions.
EASE_R_Recommender: URM Detected 77 ( 0.3%) items with no interactions.
EASE_R_Recommender: Fitting model... 
EASE_R_Recommender: Fitting model... done in 8.14 min
100%|██████████| 12638/12638 [01:10<00:00, 178.22it/s]
[I 2023-12-03 18:20:57,221] Trial 20 finished with value: 0.08342440366358903 and parameters: {'topK': 17599, 'l2_norm': 94.71018506892186}. Best is trial 20 with value: 0.08342440366358903.
EASE_R_Recommender: URM Detected 154 ( 1.2%) users with no interactions.
EASE_R_Recommender: URM Detected 77 ( 0.3%) items with no interactions.
EASE_R_Recommender: Fitting model... 
EASE_R_Recommender: Fitting model... done in 8.17 min
100%|██████████| 12638/12638 [01:10<00:00, 178.12it/s]
[I 2023-12-03 18:44:36,966] Trial 21 finished with value: 0.08336313520994221 and parameters: {'topK': 17389, 'l2_norm': 93.8138151330585}. Best is trial 20 with value: 0.08342440366358903.
EASE_R_Recommender: URM Detected 154 ( 1.2%) users with no interactions.
EASE_R_Recommender: URM Detected 77 ( 0.3%) items with no interactions.
EASE_R_Recommender: Fitting model... 
EASE_R_Recommender: Fitting model... done in 8.12 min
100%|██████████| 12638/12638 [01:10<00:00, 179.17it/s]
[I 2023-12-03 19:08:28,890] Trial 22 finished with value: 0.08335621667058664 and parameters: {'topK': 17441, 'l2_norm': 102.47091740257433}. Best is trial 20 with value: 0.08342440366358903.
EASE_R_Recommender: URM Detected 154 ( 1.2%) users with no interactions.
EASE_R_Recommender: URM Detected 77 ( 0.3%) items with no interactions.
EASE_R_Recommender: Fitting model... 
EASE_R_Recommender: Fitting model... done in 8.18 min
100%|██████████| 12638/12638 [01:09<00:00, 181.01it/s]
[I 2023-12-03 19:31:23,692] Trial 23 finished with value: 0.0829773239637013 and parameters: {'topK': 16151, 'l2_norm': 123.19538112024422}. Best is trial 20 with value: 0.08342440366358903.
EASE_R_Recommender: URM Detected 154 ( 1.2%) users with no interactions.
EASE_R_Recommender: URM Detected 77 ( 0.3%) items with no interactions.
EASE_R_Recommender: Fitting model... 
EASE_R_Recommender: Fitting model... done in 8.16 min
100%|██████████| 12638/12638 [01:11<00:00, 176.94it/s]
[I 2023-12-03 19:55:10,824] Trial 24 finished with value: 0.08296755310189889 and parameters: {'topK': 17445, 'l2_norm': 73.68095722523938}. Best is trial 20 with value: 0.08342440366358903.
EASE_R_Recommender: URM Detected 154 ( 1.2%) users with no interactions.
EASE_R_Recommender: URM Detected 77 ( 0.3%) items with no interactions.
EASE_R_Recommender: Fitting model... 
EASE_R_Recommender: Fitting model... done in 8.23 min
100%|██████████| 12638/12638 [01:11<00:00, 177.61it/s]
[I 2023-12-03 20:19:12,669] Trial 25 finished with value: 0.08329995198917182 and parameters: {'topK': 17444, 'l2_norm': 109.2416999906304}. Best is trial 20 with value: 0.08342440366358903.
EASE_R_Recommender: URM Detected 154 ( 1.2%) users with no interactions.
EASE_R_Recommender: URM Detected 77 ( 0.3%) items with no interactions.
EASE_R_Recommender: Fitting model... 
EASE_R_Recommender: Fitting model... done in 8.19 min
100%|██████████| 12638/12638 [01:10<00:00, 178.33it/s]
[I 2023-12-03 20:41:47,218] Trial 26 finished with value: 0.08325161487799691 and parameters: {'topK': 15644, 'l2_norm': 93.45623641137618}. Best is trial 20 with value: 0.08342440366358903.
EASE_R_Recommender: URM Detected 154 ( 1.2%) users with no interactions.
EASE_R_Recommender: URM Detected 77 ( 0.3%) items with no interactions.
EASE_R_Recommender: Fitting model... 
EASE_R_Recommender: Fitting model... done in 8.14 min
100%|██████████| 12638/12638 [01:09<00:00, 181.41it/s]
[I 2023-12-03 21:02:57,740] Trial 27 finished with value: 0.08314968985945571 and parameters: {'topK': 13953, 'l2_norm': 102.23883101016918}. Best is trial 20 with value: 0.08342440366358903.
EASE_R_Recommender: URM Detected 154 ( 1.2%) users with no interactions.
EASE_R_Recommender: URM Detected 77 ( 0.3%) items with no interactions.
EASE_R_Recommender: Fitting model... 
EASE_R_Recommender: Fitting model... done in 8.13 min
100%|██████████| 12638/12638 [01:09<00:00, 181.38it/s]
[I 2023-12-03 21:25:52,248] Trial 28 finished with value: 0.08322461236891311 and parameters: {'topK': 16425, 'l2_norm': 84.22173564813907}. Best is trial 20 with value: 0.08342440366358903.
EASE_R_Recommender: URM Detected 154 ( 1.2%) users with no interactions.
EASE_R_Recommender: URM Detected 77 ( 0.3%) items with no interactions.
EASE_R_Recommender: Fitting model... 
EASE_R_Recommender: Fitting model... done in 8.12 min
100%|██████████| 12638/12638 [01:09<00:00, 180.70it/s]
[I 2023-12-03 21:48:00,532] Trial 29 finished with value: 0.0830025637189423 and parameters: {'topK': 15327, 'l2_norm': 131.43206078791027}. Best is trial 20 with value: 0.08342440366358903.
