36424.2s	677	[I 2024-01-06 00:14:01,654] Trial 70 finished with value: 0.42456840697218323 and parameters: {'topK': 3940, 'l1_ratio': 0.00040765969402699114, 'alpha': 0.027798911366772896}. Best is trial 13 with value: 0.4277852670303279.
36424.4s	678	SLIMElasticNetRecommender: URM Detected 301 ( 2.4%) users with no interactions.
36424.4s	679	SLIMElasticNetRecommender: URM Detected 215 ( 1.0%) items with no interactions.
36724.2s	680	SLIMElasticNetRecommender: Processed 11603 (52.2%) in 5.00 min. Items per second: 38.67
36985.1s	681	SLIMElasticNetRecommender: Processed 22222 (100.0%) in 9.35 min. Items per second: 39.62
36997.5s	682	[I 2024-01-06 00:23:35,002] Trial 71 finished with value: 0.42642457059097905 and parameters: {'topK': 8367, 'l1_ratio': 2.662004434716439e-05, 'alpha': 0.016208110920730167}. Best is trial 13 with value: 0.4277852670303279.
36997.7s	683	SLIMElasticNetRecommender: URM Detected 301 ( 2.4%) users with no interactions.
36997.7s	684	SLIMElasticNetRecommender: URM Detected 215 ( 1.0%) items with no interactions.
37297.6s	685	SLIMElasticNetRecommender: Processed 12061 (54.3%) in 5.00 min. Items per second: 40.20
37540.2s	686	SLIMElasticNetRecommender: Processed 22222 (100.0%) in 9.04 min. Items per second: 40.95
37552.2s	687	[I 2024-01-06 00:32:49,736] Trial 72 finished with value: 0.42645103068920814 and parameters: {'topK': 8444, 'l1_ratio': 8.042865257005299e-05, 'alpha': 0.016978105946945998}. Best is trial 13 with value: 0.4277852670303279.
37552.5s	688	SLIMElasticNetRecommender: URM Detected 301 ( 2.4%) users with no interactions.
37552.5s	689	SLIMElasticNetRecommender: URM Detected 215 ( 1.0%) items with no interactions.
37852.3s	690	SLIMElasticNetRecommender: Processed 11582 (52.1%) in 5.00 min. Items per second: 38.60
38111.8s	691	SLIMElasticNetRecommender: Processed 22222 (100.0%) in 9.32 min. Items per second: 39.72
38123.7s	692	[I 2024-01-06 00:42:21,158] Trial 73 finished with value: 0.4264298814140528 and parameters: {'topK': 8639, 'l1_ratio': 2.545144782300175e-05, 'alpha': 0.016327975149826042}. Best is trial 13 with value: 0.4277852670303279.
38123.9s	693	SLIMElasticNetRecommender: URM Detected 301 ( 2.4%) users with no interactions.
38123.9s	694	SLIMElasticNetRecommender: URM Detected 215 ( 1.0%) items with no interactions.
38423.7s	695	SLIMElasticNetRecommender: Processed 10994 (49.5%) in 5.00 min. Items per second: 36.64
38715.4s	696	SLIMElasticNetRecommender: Processed 22222 (100.0%) in 9.86 min. Items per second: 37.56
38725.8s	697	[I 2024-01-06 00:52:23,278] Trial 74 finished with value: 0.41173088619083253 and parameters: {'topK': 6153, 'l1_ratio': 2.0587440354614993e-05, 'alpha': 0.0062370029637842965}. Best is trial 13 with value: 0.4277852670303279.
38726.0s	698	SLIMElasticNetRecommender: URM Detected 301 ( 2.4%) users with no interactions.
38726.0s	699	SLIMElasticNetRecommender: URM Detected 215 ( 1.0%) items with no interactions.
39025.8s	700	SLIMElasticNetRecommender: Processed 11878 (53.5%) in 5.00 min. Items per second: 39.59
39276.8s	701	SLIMElasticNetRecommender: Processed 22222 (100.0%) in 9.18 min. Items per second: 40.33
39288.7s	702	[I 2024-01-06 01:01:46,235] Trial 75 finished with value: 0.42644344562537684 and parameters: {'topK': 8242, 'l1_ratio': 3.7963826413710395e-05, 'alpha': 0.01541296352858077}. Best is trial 13 with value: 0.4277852670303279.
39289.0s	703	SLIMElasticNetRecommender: URM Detected 301 ( 2.4%) users with no interactions.
39289.0s	704	SLIMElasticNetRecommender: URM Detected 215 ( 1.0%) items with no interactions.
39588.8s	705	SLIMElasticNetRecommender: Processed 12017 (54.1%) in 5.00 min. Items per second: 40.05
39836.4s	706	SLIMElasticNetRecommender: Processed 22222 (100.0%) in 9.13 min. Items per second: 40.58
39847.5s	707	[I 2024-01-06 01:11:04,998] Trial 76 finished with value: 0.42062939723226034 and parameters: {'topK': 8840, 'l1_ratio': 8.099803848951901e-05, 'alpha': 0.009248724336625144}. Best is trial 13 with value: 0.4277852670303279.
39847.7s	708	SLIMElasticNetRecommender: URM Detected 301 ( 2.4%) users with no interactions.
39847.7s	709	SLIMElasticNetRecommender: URM Detected 215 ( 1.0%) items with no interactions.
40147.6s	710	SLIMElasticNetRecommender: Processed 11900 (53.6%) in 5.00 min. Items per second: 39.66
40397.1s	711	SLIMElasticNetRecommender: Processed 22222 (100.0%) in 9.16 min. Items per second: 40.43
40409.0s	712	[I 2024-01-06 01:20:26,522] Trial 77 finished with value: 0.4265432241922042 and parameters: {'topK': 7070, 'l1_ratio': 4.254131944199712e-05, 'alpha': 0.016578003994214833}. Best is trial 13 with value: 0.4277852670303279.
40409.2s	713	SLIMElasticNetRecommender: URM Detected 301 ( 2.4%) users with no interactions.
40409.2s	714	SLIMElasticNetRecommender: URM Detected 215 ( 1.0%) items with no interactions.
40709.1s	715	SLIMElasticNetRecommender: Processed 11830 (53.2%) in 5.00 min. Items per second: 39.43
40959.8s	716	SLIMElasticNetRecommender: Processed 22222 (100.0%) in 9.18 min. Items per second: 40.35
40971.8s	717	[I 2024-01-06 01:29:49,322] Trial 78 finished with value: 0.42629524144966296 and parameters: {'topK': 11761, 'l1_ratio': 3.774622716276266e-05, 'alpha': 0.016001845057369037}. Best is trial 13 with value: 0.4277852670303279.
40972.0s	718	SLIMElasticNetRecommender: URM Detected 301 ( 2.4%) users with no interactions.
40972.0s	719	SLIMElasticNetRecommender: URM Detected 215 ( 1.0%) items with no interactions.
41272.0s	720	SLIMElasticNetRecommender: Processed 11704 (52.7%) in 5.00 min. Items per second: 39.01
41533.7s	721	SLIMElasticNetRecommender: Processed 22222 (100.0%) in 9.36 min. Items per second: 39.55
41544.2s	722	[I 2024-01-06 01:39:21,677] Trial 79 finished with value: 0.41014500022189637 and parameters: {'topK': 8146, 'l1_ratio': 5.770572922064872e-05, 'alpha': 0.005602214886201718}. Best is trial 13 with value: 0.4277852670303279.
41544.4s	723	SLIMElasticNetRecommender: URM Detected 301 ( 2.4%) users with no interactions.
41544.4s	724	SLIMElasticNetRecommender: URM Detected 215 ( 1.0%) items with no interactions.
41844.2s	725	SLIMElasticNetRecommender: Processed 12337 (55.5%) in 5.00 min. Items per second: 41.12
42080.1s	726	SLIMElasticNetRecommender: Processed 22222 (100.0%) in 8.93 min. Items per second: 41.47
42091.6s	727	[I 2024-01-06 01:48:29,067] Trial 80 finished with value: 0.4247922937006247 and parameters: {'topK': 7832, 'l1_ratio': 0.00019407417274141785, 'alpha': 0.012632961207580874}. Best is trial 13 with value: 0.4277852670303279.
42091.8s	728	SLIMElasticNetRecommender: URM Detected 301 ( 2.4%) users with no interactions.
42091.8s	729	SLIMElasticNetRecommender: URM Detected 215 ( 1.0%) items with no interactions.
42391.7s	730	SLIMElasticNetRecommender: Processed 11764 (52.9%) in 5.00 min. Items per second: 39.21
42645.1s	731	SLIMElasticNetRecommender: Processed 22222 (100.0%) in 9.22 min. Items per second: 40.15
42657.1s	732	[I 2024-01-06 01:57:54,556] Trial 81 finished with value: 0.4265152819034745 and parameters: {'topK': 11752, 'l1_ratio': 3.911008186474202e-05, 'alpha': 0.01718558816353965}. Best is trial 13 with value: 0.4277852670303279.
42657.3s	733	SLIMElasticNetRecommender: URM Detected 301 ( 2.4%) users with no interactions.
42657.3s	734	SLIMElasticNetRecommender: URM Detected 215 ( 1.0%) items with no interactions.
42957.1s	735	SLIMElasticNetRecommender: Processed 11284 (50.8%) in 5.00 min. Items per second: 37.61
