[I 2024-01-05 14:18:47,099] Trial 0 finished with value: 0.03445380182539486 and parameters: {'topK': 1, 'l1_ratio': 0.016955368156505165, 'alpha': 0.00039560079476615715}. Best is trial 0 with value: 0.03445380182539486.
709.8s	334	SLIMElasticNetRecommender: URM Detected 301 ( 2.4%) users with no interactions.
709.8s	335	SLIMElasticNetRecommender: URM Detected 215 ( 1.0%) items with no interactions.
844.1s	336	SLIMElasticNetRecommender: Processed 22222 (100.0%) in 2.24 min. Items per second: 165.19
848.5s	337	[I 2024-01-05 14:21:06,031] Trial 1 finished with value: 0.004064588714389914 and parameters: {'topK': 27, 'l1_ratio': 0.4339762273409197, 'alpha': 0.42683663563337176}. Best is trial 0 with value: 0.03445380182539486.
848.7s	338	SLIMElasticNetRecommender: URM Detected 301 ( 2.4%) users with no interactions.
848.7s	339	SLIMElasticNetRecommender: URM Detected 215 ( 1.0%) items with no interactions.
983.3s	340	SLIMElasticNetRecommender: Processed 22222 (100.0%) in 2.25 min. Items per second: 164.96
987.7s	341	[I 2024-01-05 14:23:25,249] Trial 2 finished with value: 0.04266610964846556 and parameters: {'topK': 2, 'l1_ratio': 0.01778080751517699, 'alpha': 0.5611335512252286}. Best is trial 2 with value: 0.04266610964846556.
988.0s	342	SLIMElasticNetRecommender: URM Detected 301 ( 2.4%) users with no interactions.
988.0s	343	SLIMElasticNetRecommender: URM Detected 215 ( 1.0%) items with no interactions.
1199.3s	344	SLIMElasticNetRecommender: Processed 22222 (100.0%) in 3.52 min. Items per second: 105.07
1206.5s	345	[I 2024-01-05 14:27:04,017] Trial 3 finished with value: 0.34920909933222893 and parameters: {'topK': 4533, 'l1_ratio': 0.00033638329165141466, 'alpha': 0.7921146621843873}. Best is trial 3 with value: 0.34920909933222893.
1206.7s	346	SLIMElasticNetRecommender: URM Detected 301 ( 2.4%) users with no interactions.
1206.7s	347	SLIMElasticNetRecommender: URM Detected 215 ( 1.0%) items with no interactions.
1506.6s	348	SLIMElasticNetRecommender: Processed 12354 (55.6%) in 5.00 min. Items per second: 41.17
1748.7s	349	SLIMElasticNetRecommender: Processed 22222 (100.0%) in 9.04 min. Items per second: 40.99
1753.6s	350	[I 2024-01-05 14:36:11,132] Trial 4 finished with value: 0.28338497336427926 and parameters: {'topK': 21, 'l1_ratio': 0.00013001009656685985, 'alpha': 0.004058056668488994}. Best is trial 3 with value: 0.34920909933222893.
1753.8s	351	SLIMElasticNetRecommender: URM Detected 301 ( 2.4%) users with no interactions.
1753.8s	352	SLIMElasticNetRecommender: URM Detected 215 ( 1.0%) items with no interactions.
1890.0s	353	SLIMElasticNetRecommender: Processed 22222 (100.0%) in 2.27 min. Items per second: 162.93
1894.6s	354	[I 2024-01-05 14:38:32,112] Trial 5 finished with value: 0.18088415352225204 and parameters: {'topK': 375, 'l1_ratio': 0.003999685922219144, 'alpha': 0.8832369085259336}. Best is trial 3 with value: 0.34920909933222893.
1894.8s	355	SLIMElasticNetRecommender: URM Detected 301 ( 2.4%) users with no interactions.
1894.8s	356	SLIMElasticNetRecommender: URM Detected 215 ( 1.0%) items with no interactions.
2194.8s	357	SLIMElasticNetRecommender: Processed 12850 (57.8%) in 5.00 min. Items per second: 42.82
2422.2s	358	SLIMElasticNetRecommender: Processed 22222 (100.0%) in 8.79 min. Items per second: 42.12
2426.8s	359	[I 2024-01-05 14:47:24,340] Trial 6 finished with value: 0.19787344869404636 and parameters: {'topK': 7, 'l1_ratio': 0.023293159284419333, 'alpha': 0.001444474259736969}. Best is trial 3 with value: 0.34920909933222893.
2427.0s	360	SLIMElasticNetRecommender: URM Detected 301 ( 2.4%) users with no interactions.
2427.0s	361	SLIMElasticNetRecommender: URM Detected 215 ( 1.0%) items with no interactions.
2560.2s	362	SLIMElasticNetRecommender: Processed 22222 (100.0%) in 2.22 min. Items per second: 166.68
2564.6s	363	[I 2024-01-05 14:49:42,083] Trial 7 finished with value: 0.009305147856139676 and parameters: {'topK': 68, 'l1_ratio': 0.05536478263113541, 'alpha': 0.35376514614250304}. Best is trial 3 with value: 0.34920909933222893.
2564.8s	364	SLIMElasticNetRecommender: URM Detected 301 ( 2.4%) users with no interactions.
2564.8s	365	SLIMElasticNetRecommender: URM Detected 215 ( 1.0%) items with no interactions.
2697.5s	366	SLIMElasticNetRecommender: Processed 22222 (100.0%) in 2.21 min. Items per second: 167.23
2701.9s	367	[I 2024-01-05 14:51:59,391] Trial 8 finished with value: 0.004064588714389914 and parameters: {'topK': 86, 'l1_ratio': 0.744310221260518, 'alpha': 0.11732846178790435}. Best is trial 3 with value: 0.34920909933222893.
2702.1s	368	SLIMElasticNetRecommender: URM Detected 301 ( 2.4%) users with no interactions.
2702.1s	369	SLIMElasticNetRecommender: URM Detected 215 ( 1.0%) items with no interactions.
3001.9s	370	SLIMElasticNetRecommender: Processed 14169 (63.8%) in 5.00 min. Items per second: 47.22
3182.0s	371	SLIMElasticNetRecommender: Processed 22222 (100.0%) in 8.00 min. Items per second: 46.29
3190.6s	372	[I 2024-01-05 15:00:08,105] Trial 9 finished with value: 0.38097783335676244 and parameters: {'topK': 201, 'l1_ratio': 0.02043615119055185, 'alpha': 0.0032227060854838094}. Best is trial 9 with value: 0.38097783335676244.
3190.8s	373	SLIMElasticNetRecommender: URM Detected 301 ( 2.4%) users with no interactions.
3190.8s	374	SLIMElasticNetRecommender: URM Detected 215 ( 1.0%) items with no interactions.
3490.7s	375	SLIMElasticNetRecommender: Processed 11541 (51.9%) in 5.00 min. Items per second: 38.47
3752.2s	376	SLIMElasticNetRecommender: Processed 22222 (100.0%) in 9.36 min. Items per second: 39.57
3764.6s	377	[I 2024-01-05 15:09:42,117] Trial 10 finished with value: 0.4270456279835839 and parameters: {'topK': 1935, 'l1_ratio': 1.8966848754944434e-05, 'alpha': 0.0274970301019771}. Best is trial 10 with value: 0.4270456279835839.
3764.8s	378	SLIMElasticNetRecommender: URM Detected 301 ( 2.4%) users with no interactions.
3764.8s	379	SLIMElasticNetRecommender: URM Detected 215 ( 1.0%) items with no interactions.
4064.7s	380	SLIMElasticNetRecommender: Processed 11552 (52.0%) in 5.00 min. Items per second: 38.50
4324.4s	381	SLIMElasticNetRecommender: Processed 22222 (100.0%) in 9.33 min. Items per second: 39.70
4337.3s	382	[I 2024-01-05 15:19:14,811] Trial 11 finished with value: 0.42618257476635246 and parameters: {'topK': 2343, 'l1_ratio': 1.871485619555816e-05, 'alpha': 0.029851413742662446}. Best is trial 10 with value: 0.4270456279835839.
4337.5s	383	SLIMElasticNetRecommender: URM Detected 301 ( 2.4%) users with no interactions.
4337.5s	384	SLIMElasticNetRecommender: URM Detected 215 ( 1.0%) items with no interactions.
4637.4s	385	SLIMElasticNetRecommender: Processed 11232 (50.5%) in 5.00 min. Items per second: 37.44
4908.9s	386	SLIMElasticNetRecommender: Processed 22222 (100.0%) in 9.53 min. Items per second: 38.88
4921.8s	387	[I 2024-01-05 15:28:59,335] Trial 12 finished with value: 0.42516334705682546 and parameters: {'topK': 9119, 'l1_ratio': 1.2301531682262774e-05, 'alpha': 0.031211432038280886}. Best is trial 10 with value: 0.4270456279835839.
4922.1s	388	SLIMElasticNetRecommender: URM Detected 301 ( 2.4%) users with no interactions.
4922.1s	389	SLIMElasticNetRecommender: URM Detected 215 ( 1.0%) items with no interactions.
5221.9s	390	SLIMElasticNetRecommender: Processed 11532 (51.9%) in 5.00 min. Items per second: 38.43
5485.0s	391	SLIMElasticNetRecommender: Processed 22222 (100.0%) in 9.38 min. Items per second: 39.46
5497.0s	392	[I 2024-01-05 15:38:34,539] Trial 13 finished with value: 0.4277852670303279 and parameters: {'topK': 1421, 'l1_ratio': 1.7705315926835813e-05, 'alpha': 0.026107565357229457}. Best is trial 13 with value: 0.4277852670303279.
5497.3s	393	SLIMElasticNetRecommender: URM Detected 301 ( 2.4%) users with no interactions.
5497.3s	394	SLIMElasticNetRecommender: URM Detected 215 ( 1.0%) items with no interactions.
5797.1s	395	SLIMElasticNetRecommender: Processed 12287 (55.3%) in 5.00 min. Items per second: 40.95
6032.2s	396	SLIMElasticNetRecommender: Processed 22222 (100.0%) in 8.92 min. Items per second: 41.53
6044.0s	397	[I 2024-01-05 15:47:41,548] Trial 14 finished with value: 0.4259573878021861 and parameters: {'topK': 881, 'l1_ratio': 0.00011263008976217484, 'alpha': 0.031425331908377624}. Best is trial 13 with value: 0.4277852670303279.
6044.3s	398	SLIMElasticNetRecommender: URM Detected 301 ( 2.4%) users with no interactions.
6044.3s	399	SLIMElasticNetRecommender: URM Detected 215 ( 1.0%) items with no interactions.
6344.1s	400	SLIMElasticNetRecommender: Processed 8504 (38.3%) in 5.00 min. Items per second: 28.34
6644.1s	401	SLIMElasticNetRecommender: Processed 17751 (79.9%) in 10.00 min. Items per second: 29.58
6794.7s	402	SLIMElasticNetRecommender: Processed 22222 (100.0%) in 12.51 min. Items per second: 29.61
6802.4s	403	[I 2024-01-05 16:00:19,919] Trial 15 finished with value: 0.2663509808815204 and parameters: {'topK': 1232, 'l1_ratio': 0.0007070675482499062, 'alpha': 0.00010647180512146516}. Best is trial 13 with value: 0.4277852670303279.
6802.6s	404	SLIMElasticNetRecommender: URM Detected 301 ( 2.4%) users with no interactions.
6802.6s	405	SLIMElasticNetRecommender: URM Detected 215 ( 1.0%) items with no interactions.
7102.5s	406	SLIMElasticNetRecommender: Processed 11432 (51.4%) in 5.00 min. Items per second: 38.10
7358.1s	407	SLIMElasticNetRecommender: Processed 22222 (100.0%) in 9.26 min. Items per second: 39.99
7373.0s	408	[I 2024-01-05 16:09:50,538] Trial 16 finished with value: 0.41105311198425515 and parameters: {'topK': 9507, 'l1_ratio': 3.8313212410324705e-05, 'alpha': 0.09742476355939478}. Best is trial 13 with value: 0.4277852670303279.
7373.3s	409	SLIMElasticNetRecommender: URM Detected 301 ( 2.4%) users with no interactions.
7373.3s	410	SLIMElasticNetRecommender: URM Detected 215 ( 1.0%) items with no interactions.
7673.1s	411	SLIMElasticNetRecommender: Processed 12868 (57.9%) in 5.00 min. Items per second: 42.89
7894.5s	412	SLIMElasticNetRecommender: Processed 22222 (100.0%) in 8.69 min. Items per second: 42.62
7904.1s	413	[I 2024-01-05 16:18:41,569] Trial 17 finished with value: 0.4119438685206117 and parameters: {'topK': 482, 'l1_ratio': 0.001423003358317217, 'alpha': 0.009386236261035968}. Best is trial 13 with value: 0.4277852670303279.
7904.3s	414	SLIMElasticNetRecommender: URM Detected 301 ( 2.4%) users with no interactions.
7904.3s	415	SLIMElasticNetRecommender: URM Detected 215 ( 1.0%) items with no interactions.
8204.1s	416	SLIMElasticNetRecommender: Processed 11644 (52.4%) in 5.00 min. Items per second: 38.81
8452.3s	417	SLIMElasticNetRecommender: Processed 22222 (100.0%) in 9.14 min. Items per second: 40.53
8466.9s	418	[I 2024-01-05 16:28:04,429] Trial 18 finished with value: 0.41032486564115567 and parameters: {'topK': 1998, 'l1_ratio': 5.8956094885245544e-05, 'alpha': 0.10709952830849771}. Best is trial 13 with value: 0.4277852670303279.
8467.2s	419	SLIMElasticNetRecommender: URM Detected 301 ( 2.4%) users with no interactions.
8467.2s	420	SLIMElasticNetRecommender: URM Detected 215 ( 1.0%) items with no interactions.
8767.0s	421	SLIMElasticNetRecommender: Processed 12767 (57.5%) in 5.00 min. Items per second: 42.55
8989.7s	422	SLIMElasticNetRecommender: Processed 22222 (100.0%) in 8.71 min. Items per second: 42.51
8997.7s	423	[I 2024-01-05 16:36:55,210] Trial 19 finished with value: 0.405706853348384 and parameters: {'topK': 232, 'l1_ratio': 0.00025705828390909643, 'alpha': 0.012316011047991423}. Best is trial 13 with value: 0.4277852670303279.
8997.9s	424	SLIMElasticNetRecommender: URM Detected 301 ( 2.4%) users with no interactions.
8997.9s	425	SLIMElasticNetRecommender: URM Detected 215 ( 1.0%) items with no interactions.
9297.8s	426	SLIMElasticNetRecommender: Processed 8368 (37.7%) in 5.00 min. Items per second: 27.89
9597.9s	427	SLIMElasticNetRecommender: Processed 17741 (79.8%) in 10.00 min. Items per second: 29.56
9748.2s	428	SLIMElasticNetRecommender: Processed 22222 (100.0%) in 12.51 min. Items per second: 29.61
9756.8s	429	[I 2024-01-05 16:49:34,334] Trial 20 finished with value: 0.3477138279452212 and parameters: {'topK': 3117, 'l1_ratio': 1.1368070456083212e-05, 'alpha': 0.000967098257650534}. Best is trial 13 with value: 0.4277852670303279.
9757.1s	430	SLIMElasticNetRecommender: URM Detected 301 ( 2.4%) users with no interactions.
9757.1s	431	SLIMElasticNetRecommender: URM Detected 215 ( 1.0%) items with no interactions.
10056.9s	432	SLIMElasticNetRecommender: Processed 11939 (53.7%) in 5.00 min. Items per second: 39.79
10303.1s	433	SLIMElasticNetRecommender: Processed 22222 (100.0%) in 9.10 min. Items per second: 40.69
10315.2s	434	[I 2024-01-05 16:58:52,707] Trial 21 finished with value: 0.42770004209330104 and parameters: {'topK': 1065, 'l1_ratio': 3.608778965262379e-05, 'alpha': 0.033363373222892595}. Best is trial 13 with value: 0.4277852670303279.
10315.4s	435	SLIMElasticNetRecommender: URM Detected 301 ( 2.4%) users with no interactions.
10315.4s	436	SLIMElasticNetRecommender: URM Detected 215 ( 1.0%) items with no interactions.
10615.3s	437	SLIMElasticNetRecommender: Processed 11834 (53.3%) in 5.00 min. Items per second: 39.44
10869.5s	438	SLIMElasticNetRecommender: Processed 22222 (100.0%) in 9.24 min. Items per second: 40.10
10880.0s	439	[I 2024-01-05 17:08:17,484] Trial 22 finished with value: 0.4162288908313736 and parameters: {'topK': 856, 'l1_ratio': 3.788887024984226e-05, 'alpha': 0.011213795509274283}. Best is trial 13 with value: 0.4277852670303279.
10880.2s	440	SLIMElasticNetRecommender: URM Detected 301 ( 2.4%) users with no interactions.
10880.2s	441	SLIMElasticNetRecommender: URM Detected 215 ( 1.0%) items with no interactions.
11180.0s	442	SLIMElasticNetRecommender: Processed 11587 (52.1%) in 5.00 min. Items per second: 38.62
11436.1s	443	SLIMElasticNetRecommender: Processed 22222 (100.0%) in 9.27 min. Items per second: 39.96
11449.7s	444	[I 2024-01-05 17:17:47,175] Trial 23 finished with value: 0.42225156242425954 and parameters: {'topK': 3919, 'l1_ratio': 2.9290533285937066e-05, 'alpha': 0.043001012347570755}. Best is trial 13 with value: 0.4277852670303279.
11449.9s	445	SLIMElasticNetRecommender: URM Detected 301 ( 2.4%) users with no interactions.
11449.9s	446	SLIMElasticNetRecommender: URM Detected 215 ( 1.0%) items with no interactions.
11749.7s	447	SLIMElasticNetRecommender: Processed 12358 (55.6%) in 5.00 min. Items per second: 41.19
11979.4s	448	SLIMElasticNetRecommender: Processed 22222 (100.0%) in 8.83 min. Items per second: 41.95
11987.4s	449	[I 2024-01-05 17:26:44,907] Trial 24 finished with value: 0.415074253865862 and parameters: {'topK': 126, 'l1_ratio': 9.591508272178845e-05, 'alpha': 0.0613379766495726}. Best is trial 13 with value: 0.4277852670303279.
11987.6s	450	SLIMElasticNetRecommender: URM Detected 301 ( 2.4%) users with no interactions.
11987.6s	451	SLIMElasticNetRecommender: URM Detected 215 ( 1.0%) items with no interactions.
12287.5s	452	SLIMElasticNetRecommender: Processed 11152 (50.2%) in 5.00 min. Items per second: 37.17
12551.6s	453	SLIMElasticNetRecommender: Processed 22222 (100.0%) in 9.40 min. Items per second: 39.39
12565.9s	454	[I 2024-01-05 17:36:23,434] Trial 25 finished with value: 0.3990015096611618 and parameters: {'topK': 1068, 'l1_ratio': 1.0555440408123728e-05, 'alpha': 0.18595160378673226}. Best is trial 13 with value: 0.4277852670303279.
12566.2s	455	SLIMElasticNetRecommender: URM Detected 301 ( 2.4%) users with no interactions.
12566.2s	456	SLIMElasticNetRecommender: URM Detected 215 ( 1.0%) items with no interactions.
12866.0s	457	SLIMElasticNetRecommender: Processed 12600 (56.7%) in 5.00 min. Items per second: 42.00
13094.3s	458	SLIMElasticNetRecommender: Processed 22222 (100.0%) in 8.80 min. Items per second: 42.06
13104.2s	459	[I 2024-01-05 17:45:21,723] Trial 26 finished with value: 0.4198551124689152 and parameters: {'topK': 502, 'l1_ratio': 0.0002341320123881798, 'alpha': 0.017124527815535782}. Best is trial 13 with value: 0.4277852670303279.
13104.4s	460	SLIMElasticNetRecommender: URM Detected 301 ( 2.4%) users with no interactions.
13104.4s	461	SLIMElasticNetRecommender: URM Detected 215 ( 1.0%) items with no interactions.
13404.3s	462	SLIMElasticNetRecommender: Processed 12460 (56.1%) in 5.00 min. Items per second: 41.53
13638.3s	463	SLIMElasticNetRecommender: Processed 22222 (100.0%) in 8.90 min. Items per second: 41.61
13648.8s	464	[I 2024-01-05 17:54:26,345] Trial 27 finished with value: 0.41222301709638753 and parameters: {'topK': 6345, 'l1_ratio': 0.0007991817096034492, 'alpha': 0.005888423405120086}. Best is trial 13 with value: 0.4277852670303279.
13649.1s	465	SLIMElasticNetRecommender: URM Detected 301 ( 2.4%) users with no interactions.
13649.1s	466	SLIMElasticNetRecommender: URM Detected 215 ( 1.0%) items with no interactions.
13948.9s	467	SLIMElasticNetRecommender: Processed 13469 (60.6%) in 5.00 min. Items per second: 44.89
14147.8s	468	SLIMElasticNetRecommender: Processed 22222 (100.0%) in 8.31 min. Items per second: 44.54
14159.4s	469	[I 2024-01-05 18:02:56,945] Trial 28 finished with value: 0.42227276606630426 and parameters: {'topK': 1749, 'l1_ratio': 0.00284757935474141, 'alpha': 0.01805100432880062}. Best is trial 13 with value: 0.4277852670303279.
14159.7s	470	SLIMElasticNetRecommender: URM Detected 301 ( 2.4%) users with no interactions.
14159.7s	471	SLIMElasticNetRecommender: URM Detected 215 ( 1.0%) items with no interactions.
14459.5s	472	SLIMElasticNetRecommender: Processed 12065 (54.3%) in 5.00 min. Items per second: 40.21
14691.2s	473	SLIMElasticNetRecommender: Processed 22222 (100.0%) in 8.86 min. Items per second: 41.79
14698.4s	474	[I 2024-01-05 18:11:55,860] Trial 29 finished with value: 0.3863834797057016 and parameters: {'topK': 36, 'l1_ratio': 7.142062811320921e-05, 'alpha': 0.18279265437527972}. Best is trial 13 with value: 0.4277852670303279.
14698.6s	475	SLIMElasticNetRecommender: URM Detected 301 ( 2.4%) users with no interactions.
14698.6s	476	SLIMElasticNetRecommender: URM Detected 215 ( 1.0%) items with no interactions.
14998.4s	477	SLIMElasticNetRecommender: Processed 10293 (46.3%) in 5.00 min. Items per second: 34.30
15298.4s	478	SLIMElasticNetRecommender: Processed 21256 (95.7%) in 10.00 min. Items per second: 35.42
15332.4s	479	SLIMElasticNetRecommender: Processed 22222 (100.0%) in 10.57 min. Items per second: 35.05
15336.9s	480	[I 2024-01-05 18:22:34,382] Trial 30 finished with value: 0.07921300152881462 and parameters: {'topK': 1, 'l1_ratio': 2.851760476274015e-05, 'alpha': 0.0017278736391565918}. Best is trial 13 with value: 0.4277852670303279.
15337.1s	481	SLIMElasticNetRecommender: URM Detected 301 ( 2.4%) users with no interactions.
15337.1s	482	SLIMElasticNetRecommender: URM Detected 215 ( 1.0%) items with no interactions.
15636.9s	483	SLIMElasticNetRecommender: Processed 11461 (51.6%) in 5.00 min. Items per second: 38.20
15897.1s	484	SLIMElasticNetRecommender: Processed 22222 (100.0%) in 9.34 min. Items per second: 39.67
15910.9s	485	[I 2024-01-05 18:32:08,416] Trial 31 finished with value: 0.42155672024476476 and parameters: {'topK': 2606, 'l1_ratio': 1.9134547843566736e-05, 'alpha': 0.052315286749122614}. Best is trial 13 with value: 0.4277852670303279.
15911.1s	486	SLIMElasticNetRecommender: URM Detected 301 ( 2.4%) users with no interactions.
15911.1s	487	SLIMElasticNetRecommender: URM Detected 215 ( 1.0%) items with no interactions.
16211.0s	488	SLIMElasticNetRecommender: Processed 11787 (53.0%) in 5.00 min. Items per second: 39.28
16464.2s	489	SLIMElasticNetRecommender: Processed 22222 (100.0%) in 9.22 min. Items per second: 40.17
16474.8s	490	[I 2024-01-05 18:41:32,312] Trial 32 finished with value: 0.42296173054504327 and parameters: {'topK': 655, 'l1_ratio': 2.1440562836249034e-05, 'alpha': 0.022968614394369345}. Best is trial 13 with value: 0.4277852670303279.
16475.0s	491	SLIMElasticNetRecommender: URM Detected 301 ( 2.4%) users with no interactions.
16475.0s	492	SLIMElasticNetRecommender: URM Detected 215 ( 1.0%) items with no interactions.
16608.4s	493	SLIMElasticNetRecommender: Processed 22222 (100.0%) in 2.23 min. Items per second: 166.36
16612.9s	494	[I 2024-01-05 18:43:50,373] Trial 33 finished with value: 0.0767014633704026 and parameters: {'topK': 1844, 'l1_ratio': 0.12514013398687296, 'alpha': 0.06004335269345258}. Best is trial 13 with value: 0.4277852670303279.
16613.1s	495	SLIMElasticNetRecommender: URM Detected 301 ( 2.4%) users with no interactions.
16613.1s	496	SLIMElasticNetRecommender: URM Detected 215 ( 1.0%) items with no interactions.
16912.9s	497	SLIMElasticNetRecommender: Processed 11646 (52.4%) in 5.00 min. Items per second: 38.82
17176.9s	498	SLIMElasticNetRecommender: Processed 22222 (100.0%) in 9.40 min. Items per second: 39.40
17187.6s	499	[I 2024-01-05 18:53:25,056] Trial 34 finished with value: 0.41362803613867954 and parameters: {'topK': 5418, 'l1_ratio': 4.707491305992941e-05, 'alpha': 0.006813524072511576}. Best is trial 13 with value: 0.4277852670303279.
17187.8s	500	SLIMElasticNetRecommender: URM Detected 301 ( 2.4%) users with no interactions.
17187.8s	501	SLIMElasticNetRecommender: URM Detected 215 ( 1.0%) items with no interactions.
17487.6s	502	SLIMElasticNetRecommender: Processed 12650 (56.9%) in 5.00 min. Items per second: 42.16
17713.1s	503	SLIMElasticNetRecommender: Processed 22222 (100.0%) in 8.76 min. Items per second: 42.29
