17721.5s	504	[I 2024-01-05 19:02:18,982] Trial 35 finished with value: 0.41788012522755236 and parameters: {'topK': 233, 'l1_ratio': 0.0001690676052339086, 'alpha': 0.02413928145433164}. Best is trial 13 with value: 0.4277852670303279.
17721.7s	505	SLIMElasticNetRecommender: URM Detected 301 ( 2.4%) users with no interactions.
17721.7s	506	SLIMElasticNetRecommender: URM Detected 215 ( 1.0%) items with no interactions.
18021.5s	507	SLIMElasticNetRecommender: Processed 11319 (50.9%) in 5.00 min. Items per second: 37.73
18277.1s	508	SLIMElasticNetRecommender: Processed 22222 (100.0%) in 9.26 min. Items per second: 39.99
18292.7s	509	[I 2024-01-05 19:11:50,186] Trial 36 finished with value: 0.3875491697337095 and parameters: {'topK': 1352, 'l1_ratio': 1.7986493480875795e-05, 'alpha': 0.2975683524501296}. Best is trial 13 with value: 0.4277852670303279.
18292.9s	510	SLIMElasticNetRecommender: URM Detected 301 ( 2.4%) users with no interactions.
18292.9s	511	SLIMElasticNetRecommender: URM Detected 215 ( 1.0%) items with no interactions.
18592.8s	512	SLIMElasticNetRecommender: Processed 12228 (55.0%) in 5.00 min. Items per second: 40.76
18837.4s	513	SLIMElasticNetRecommender: Processed 22222 (100.0%) in 9.08 min. Items per second: 40.80
18847.6s	514	[I 2024-01-05 19:21:05,062] Trial 37 finished with value: 0.4047425195875372 and parameters: {'topK': 3647, 'l1_ratio': 0.0005148102370930213, 'alpha': 0.004254161458263929}. Best is trial 13 with value: 0.4277852670303279.
18847.8s	515	SLIMElasticNetRecommender: URM Detected 301 ( 2.4%) users with no interactions.
18847.8s	516	SLIMElasticNetRecommender: URM Detected 215 ( 1.0%) items with no interactions.
19147.6s	517	SLIMElasticNetRecommender: Processed 12091 (54.4%) in 5.00 min. Items per second: 40.30
19383.8s	518	SLIMElasticNetRecommender: Processed 22222 (100.0%) in 8.93 min. Items per second: 41.45
19393.8s	519	[I 2024-01-05 19:30:11,303] Trial 38 finished with value: 0.4147173732482433 and parameters: {'topK': 305, 'l1_ratio': 7.264064103723756e-05, 'alpha': 0.08020650631882349}. Best is trial 13 with value: 0.4277852670303279.
19394.0s	520	SLIMElasticNetRecommender: URM Detected 301 ( 2.4%) users with no interactions.
19394.0s	521	SLIMElasticNetRecommender: URM Detected 215 ( 1.0%) items with no interactions.
19615.1s	522	SLIMElasticNetRecommender: Processed 22222 (100.0%) in 3.69 min. Items per second: 100.45
19621.6s	523	[I 2024-01-05 19:33:59,116] Trial 39 finished with value: 0.38642653564798574 and parameters: {'topK': 10088, 'l1_ratio': 0.008481053411607842, 'alpha': 0.03521725822359167}. Best is trial 13 with value: 0.4277852670303279.
19621.8s	524	SLIMElasticNetRecommender: URM Detected 301 ( 2.4%) users with no interactions.
19621.8s	525	SLIMElasticNetRecommender: URM Detected 215 ( 1.0%) items with no interactions.
19921.7s	526	SLIMElasticNetRecommender: Processed 11744 (52.8%) in 5.00 min. Items per second: 39.14
20164.3s	527	SLIMElasticNetRecommender: Processed 22222 (100.0%) in 9.04 min. Items per second: 40.95
20169.7s	528	[I 2024-01-05 19:43:07,198] Trial 40 finished with value: 0.3177703531269324 and parameters: {'topK': 6, 'l1_ratio': 1.7968360431421327e-05, 'alpha': 0.18152470248025782}. Best is trial 13 with value: 0.4277852670303279.
20169.9s	529	SLIMElasticNetRecommender: URM Detected 301 ( 2.4%) users with no interactions.
20169.9s	530	SLIMElasticNetRecommender: URM Detected 215 ( 1.0%) items with no interactions.
20469.8s	531	SLIMElasticNetRecommender: Processed 12359 (55.6%) in 5.00 min. Items per second: 41.19
20701.9s	532	SLIMElasticNetRecommender: Processed 22222 (100.0%) in 8.87 min. Items per second: 41.75
20713.5s	533	[I 2024-01-05 19:52:10,953] Trial 41 finished with value: 0.4260602997404994 and parameters: {'topK': 808, 'l1_ratio': 0.00011939531371843918, 'alpha': 0.032552350138578885}. Best is trial 13 with value: 0.4277852670303279.
20713.7s	534	SLIMElasticNetRecommender: URM Detected 301 ( 2.4%) users with no interactions.
20713.7s	535	SLIMElasticNetRecommender: URM Detected 215 ( 1.0%) items with no interactions.
21013.5s	536	SLIMElasticNetRecommender: Processed 12427 (55.9%) in 5.00 min. Items per second: 41.42
21246.3s	537	SLIMElasticNetRecommender: Processed 22222 (100.0%) in 8.88 min. Items per second: 41.71
21257.9s	538	[I 2024-01-05 20:01:15,341] Trial 42 finished with value: 0.423789084138306 and parameters: {'topK': 2380, 'l1_ratio': 0.0001658541084878748, 'alpha': 0.01354817134780573}. Best is trial 13 with value: 0.4277852670303279.
21258.1s	539	SLIMElasticNetRecommender: URM Detected 301 ( 2.4%) users with no interactions.
21258.1s	540	SLIMElasticNetRecommender: URM Detected 215 ( 1.0%) items with no interactions.
21557.9s	541	SLIMElasticNetRecommender: Processed 11999 (54.0%) in 5.00 min. Items per second: 39.99
21808.0s	542	SLIMElasticNetRecommender: Processed 22222 (100.0%) in 9.17 min. Items per second: 40.39
21817.9s	543	[I 2024-01-05 20:10:35,372] Trial 43 finished with value: 0.404821774813146 and parameters: {'topK': 693, 'l1_ratio': 5.77540729029439e-05, 'alpha': 0.007821448892404137}. Best is trial 13 with value: 0.4277852670303279.
21818.1s	544	SLIMElasticNetRecommender: URM Detected 301 ( 2.4%) users with no interactions.
21818.1s	545	SLIMElasticNetRecommender: URM Detected 215 ( 1.0%) items with no interactions.
22117.9s	546	SLIMElasticNetRecommender: Processed 12219 (55.0%) in 5.00 min. Items per second: 40.73
22356.9s	547	SLIMElasticNetRecommender: Processed 22222 (100.0%) in 8.98 min. Items per second: 41.23
22364.1s	548	[I 2024-01-05 20:19:41,637] Trial 44 finished with value: 0.41337115632318666 and parameters: {'topK': 132, 'l1_ratio': 3.2272954666139285e-05, 'alpha': 0.025219897016681675}. Best is trial 13 with value: 0.4277852670303279.
22364.4s	549	SLIMElasticNetRecommender: URM Detected 301 ( 2.4%) users with no interactions.
22364.4s	550	SLIMElasticNetRecommender: URM Detected 215 ( 1.0%) items with no interactions.
22664.2s	551	SLIMElasticNetRecommender: Processed 11208 (50.4%) in 5.00 min. Items per second: 37.35
22935.6s	552	SLIMElasticNetRecommender: Processed 22222 (100.0%) in 9.52 min. Items per second: 38.89
22949.1s	553	[I 2024-01-05 20:29:26,582] Trial 45 finished with value: 0.4211941902896891 and parameters: {'topK': 5358, 'l1_ratio': 1.0445620717902556e-05, 'alpha': 0.04481335137616302}. Best is trial 13 with value: 0.4277852670303279.
22949.3s	554	SLIMElasticNetRecommender: URM Detected 301 ( 2.4%) users with no interactions.
22949.3s	555	SLIMElasticNetRecommender: URM Detected 215 ( 1.0%) items with no interactions.
23249.1s	556	SLIMElasticNetRecommender: Processed 12220 (55.0%) in 5.00 min. Items per second: 40.73
23482.7s	557	SLIMElasticNetRecommender: Processed 22222 (100.0%) in 8.89 min. Items per second: 41.65
23493.5s	558	[I 2024-01-05 20:38:31,009] Trial 46 finished with value: 0.4162637154439605 and parameters: {'topK': 437, 'l1_ratio': 0.00010700787471106999, 'alpha': 0.0722828241459166}. Best is trial 13 with value: 0.4277852670303279.
23493.7s	559	SLIMElasticNetRecommender: URM Detected 301 ( 2.4%) users with no interactions.
23493.7s	560	SLIMElasticNetRecommender: URM Detected 215 ( 1.0%) items with no interactions.
23793.6s	561	SLIMElasticNetRecommender: Processed 11486 (51.7%) in 5.00 min. Items per second: 38.28
24060.4s	562	SLIMElasticNetRecommender: Processed 22222 (100.0%) in 9.45 min. Items per second: 39.20
24071.8s	563	[I 2024-01-05 20:48:09,305] Trial 47 finished with value: 0.42407915885280495 and parameters: {'topK': 1295, 'l1_ratio': 1.8477109538177238e-05, 'alpha': 0.015323584675037765}. Best is trial 13 with value: 0.4277852670303279.
24072.0s	564	SLIMElasticNetRecommender: URM Detected 301 ( 2.4%) users with no interactions.
24072.0s	565	SLIMElasticNetRecommender: URM Detected 215 ( 1.0%) items with no interactions.
24371.9s	566	SLIMElasticNetRecommender: Processed 12824 (57.7%) in 5.00 min. Items per second: 42.74
24588.8s	567	SLIMElasticNetRecommender: Processed 22222 (100.0%) in 8.62 min. Items per second: 42.99
24595.2s	568	[I 2024-01-05 20:56:52,664] Trial 48 finished with value: 0.403504514032224 and parameters: {'topK': 58, 'l1_ratio': 0.0003542909112540782, 'alpha': 0.03417867431376159}. Best is trial 13 with value: 0.4277852670303279.
24595.4s	569	SLIMElasticNetRecommender: URM Detected 301 ( 2.4%) users with no interactions.
24595.4s	570	SLIMElasticNetRecommender: URM Detected 215 ( 1.0%) items with no interactions.
24895.2s	571	SLIMElasticNetRecommender: Processed 12157 (54.7%) in 5.00 min. Items per second: 40.52
25118.4s	572	SLIMElasticNetRecommender: Processed 22222 (100.0%) in 8.72 min. Items per second: 42.48
25124.9s	573	[I 2024-01-05 21:05:42,367] Trial 49 finished with value: 0.33367823639621197 and parameters: {'topK': 11, 'l1_ratio': 4.6384084621041255e-05, 'alpha': 0.5077339586411084}. Best is trial 13 with value: 0.4277852670303279.
25125.1s	574	SLIMElasticNetRecommender: URM Detected 301 ( 2.4%) users with no interactions.
25125.1s	575	SLIMElasticNetRecommender: URM Detected 215 ( 1.0%) items with no interactions.
25424.9s	576	SLIMElasticNetRecommender: Processed 11305 (50.9%) in 5.00 min. Items per second: 37.68
25709.1s	577	SLIMElasticNetRecommender: Processed 22222 (100.0%) in 9.74 min. Items per second: 38.04
25718.1s	578	[I 2024-01-05 21:15:35,560] Trial 50 finished with value: 0.3460004111381337 and parameters: {'topK': 702, 'l1_ratio': 8.67862288197119e-05, 'alpha': 0.002165620756941917}. Best is trial 13 with value: 0.4277852670303279.
25718.3s	579	SLIMElasticNetRecommender: URM Detected 301 ( 2.4%) users with no interactions.
25718.3s	580	SLIMElasticNetRecommender: URM Detected 215 ( 1.0%) items with no interactions.
26018.2s	581	SLIMElasticNetRecommender: Processed 12360 (55.6%) in 5.00 min. Items per second: 41.18
26252.2s	582	SLIMElasticNetRecommender: Processed 22222 (100.0%) in 8.90 min. Items per second: 41.60
26263.8s	583	[I 2024-01-05 21:24:41,306] Trial 51 finished with value: 0.42546509950466344 and parameters: {'topK': 1015, 'l1_ratio': 0.00011017763398543366, 'alpha': 0.022639144299967304}. Best is trial 13 with value: 0.4277852670303279.
26264.0s	584	SLIMElasticNetRecommender: URM Detected 301 ( 2.4%) users with no interactions.
26264.0s	585	SLIMElasticNetRecommender: URM Detected 215 ( 1.0%) items with no interactions.
26563.9s	586	SLIMElasticNetRecommender: Processed 11776 (53.0%) in 5.00 min. Items per second: 39.25
26815.6s	587	SLIMElasticNetRecommender: Processed 22222 (100.0%) in 9.19 min. Items per second: 40.28
26828.1s	588	[I 2024-01-05 21:34:05,628] Trial 52 finished with value: 0.4260689605225289 and parameters: {'topK': 1679, 'l1_ratio': 2.8023620219486415e-05, 'alpha': 0.03210657404076836}. Best is trial 13 with value: 0.4277852670303279.
26828.4s	589	SLIMElasticNetRecommender: URM Detected 301 ( 2.4%) users with no interactions.
26828.4s	590	SLIMElasticNetRecommender: URM Detected 215 ( 1.0%) items with no interactions.
27128.2s	591	SLIMElasticNetRecommender: Processed 11518 (51.8%) in 5.00 min. Items per second: 38.39
27381.2s	592	SLIMElasticNetRecommender: Processed 22222 (100.0%) in 9.22 min. Items per second: 40.18
27395.6s	593	[I 2024-01-05 21:43:33,076] Trial 53 finished with value: 0.4111041037031765 and parameters: {'topK': 1658, 'l1_ratio': 2.5051080314054575e-05, 'alpha': 0.10678285079124936}. Best is trial 13 with value: 0.4277852670303279.
27395.8s	594	SLIMElasticNetRecommender: URM Detected 301 ( 2.4%) users with no interactions.
27395.8s	595	SLIMElasticNetRecommender: URM Detected 215 ( 1.0%) items with no interactions.
27695.6s	596	SLIMElasticNetRecommender: Processed 11414 (51.4%) in 5.00 min. Items per second: 38.04
27959.6s	597	SLIMElasticNetRecommender: Processed 22222 (100.0%) in 9.40 min. Items per second: 39.40
27973.0s	598	[I 2024-01-05 21:53:10,475] Trial 54 finished with value: 0.4235610998476194 and parameters: {'topK': 3245, 'l1_ratio': 1.5151022149753758e-05, 'alpha': 0.03911907586641332}. Best is trial 13 with value: 0.4277852670303279.
27973.2s	599	SLIMElasticNetRecommender: URM Detected 301 ( 2.4%) users with no interactions.
27973.2s	600	SLIMElasticNetRecommender: URM Detected 215 ( 1.0%) items with no interactions.
28273.1s	601	SLIMElasticNetRecommender: Processed 11682 (52.6%) in 5.00 min. Items per second: 38.93
28532.0s	602	SLIMElasticNetRecommender: Processed 22222 (100.0%) in 9.32 min. Items per second: 39.75
28543.5s	603	[I 2024-01-05 22:02:40,977] Trial 55 finished with value: 0.42305202675170184 and parameters: {'topK': 6965, 'l1_ratio': 3.877256195892749e-05, 'alpha': 0.01110097068608888}. Best is trial 13 with value: 0.4277852670303279.
28543.7s	604	SLIMElasticNetRecommender: URM Detected 301 ( 2.4%) users with no interactions.
28543.7s	605	SLIMElasticNetRecommender: URM Detected 215 ( 1.0%) items with no interactions.
28843.6s	606	SLIMElasticNetRecommender: Processed 7133 (32.1%) in 5.00 min. Items per second: 23.77
29143.6s	607	SLIMElasticNetRecommender: Processed 15072 (67.8%) in 10.00 min. Items per second: 25.12
29411.8s	608	SLIMElasticNetRecommender: Processed 22222 (100.0%) in 14.47 min. Items per second: 25.59
29419.1s	609	[I 2024-01-05 22:17:16,621] Trial 56 finished with value: 0.2096002664730494 and parameters: {'topK': 344, 'l1_ratio': 3.102842407123362e-05, 'alpha': 0.00021747241653683532}. Best is trial 13 with value: 0.4277852670303279.
29419.3s	610	SLIMElasticNetRecommender: URM Detected 301 ( 2.4%) users with no interactions.
29419.3s	611	SLIMElasticNetRecommender: URM Detected 215 ( 1.0%) items with no interactions.
29719.2s	612	SLIMElasticNetRecommender: Processed 11037 (49.7%) in 5.00 min. Items per second: 36.79
29988.0s	613	SLIMElasticNetRecommender: Processed 22222 (100.0%) in 9.48 min. Items per second: 39.06
30003.2s	614	[I 2024-01-05 22:27:00,726] Trial 57 finished with value: 0.40359382532346366 and parameters: {'topK': 2373, 'l1_ratio': 1.0484058002147288e-05, 'alpha': 0.1437492679490693}. Best is trial 13 with value: 0.4277852670303279.
30003.5s	615	SLIMElasticNetRecommender: URM Detected 301 ( 2.4%) users with no interactions.
30003.5s	616	SLIMElasticNetRecommender: URM Detected 215 ( 1.0%) items with no interactions.
30303.3s	617	SLIMElasticNetRecommender: Processed 11941 (53.7%) in 5.00 min. Items per second: 39.80
30548.7s	618	SLIMElasticNetRecommender: Processed 22222 (100.0%) in 9.09 min. Items per second: 40.74
30561.6s	619	[I 2024-01-05 22:36:19,144] Trial 58 finished with value: 0.4253458963439936 and parameters: {'topK': 4512, 'l1_ratio': 5.517735820857569e-05, 'alpha': 0.02842247949399851}. Best is trial 13 with value: 0.4277852670303279.
30561.9s	620	SLIMElasticNetRecommender: URM Detected 301 ( 2.4%) users with no interactions.
30561.9s	621	SLIMElasticNetRecommender: URM Detected 215 ( 1.0%) items with no interactions.
30719.9s	622	SLIMElasticNetRecommender: Processed 22222 (100.0%) in 2.64 min. Items per second: 140.46
30725.0s	623	[I 2024-01-05 22:39:02,525] Trial 59 finished with value: 0.33747251959930374 and parameters: {'topK': 561, 'l1_ratio': 0.040473915741409246, 'alpha': 0.018589807578903734}. Best is trial 13 with value: 0.4277852670303279.
30725.2s	624	SLIMElasticNetRecommender: URM Detected 301 ( 2.4%) users with no interactions.
30725.2s	625	SLIMElasticNetRecommender: URM Detected 215 ( 1.0%) items with no interactions.
31025.1s	626	SLIMElasticNetRecommender: Processed 12095 (54.4%) in 5.00 min. Items per second: 40.31
31274.4s	627	SLIMElasticNetRecommender: Processed 22222 (100.0%) in 9.16 min. Items per second: 40.45
31284.2s	628	[I 2024-01-05 22:48:21,675] Trial 60 finished with value: 0.39045319652297406 and parameters: {'topK': 1064, 'l1_ratio': 0.00014794683270380815, 'alpha': 0.004455713884731386}. Best is trial 13 with value: 0.4277852670303279.
31284.4s	629	SLIMElasticNetRecommender: URM Detected 301 ( 2.4%) users with no interactions.
31284.4s	630	SLIMElasticNetRecommender: URM Detected 215 ( 1.0%) items with no interactions.
31584.2s	631	SLIMElasticNetRecommender: Processed 13697 (61.6%) in 5.00 min. Items per second: 45.65
31771.0s	632	SLIMElasticNetRecommender: Processed 22222 (100.0%) in 8.11 min. Items per second: 45.65
31783.6s	633	[I 2024-01-05 22:56:41,092] Trial 61 finished with value: 0.41415083722969154 and parameters: {'topK': 1564, 'l1_ratio': 0.0012403468368842067, 'alpha': 0.05079166793584923}. Best is trial 13 with value: 0.4277852670303279.
31783.8s	634	SLIMElasticNetRecommender: URM Detected 301 ( 2.4%) users with no interactions.
31783.8s	635	SLIMElasticNetRecommender: URM Detected 215 ( 1.0%) items with no interactions.
32083.7s	636	SLIMElasticNetRecommender: Processed 12231 (55.0%) in 5.00 min. Items per second: 40.76
32316.1s	637	SLIMElasticNetRecommender: Processed 22222 (100.0%) in 8.87 min. Items per second: 41.74
32329.2s	638	[I 2024-01-05 23:05:46,683] Trial 62 finished with value: 0.4139092988914216 and parameters: {'topK': 900, 'l1_ratio': 0.0002616537657230322, 'alpha': 0.08096913328561973}. Best is trial 13 with value: 0.4277852670303279.
32329.4s	639	SLIMElasticNetRecommender: URM Detected 301 ( 2.4%) users with no interactions.
32329.4s	640	SLIMElasticNetRecommender: URM Detected 215 ( 1.0%) items with no interactions.
32629.3s	641	SLIMElasticNetRecommender: Processed 11377 (51.2%) in 5.00 min. Items per second: 37.92
32894.9s	642	SLIMElasticNetRecommender: Processed 22222 (100.0%) in 9.43 min. Items per second: 39.28
32908.1s	643	[I 2024-01-05 23:15:25,623] Trial 63 finished with value: 0.4237351578059491 and parameters: {'topK': 2785, 'l1_ratio': 1.3942533326936907e-05, 'alpha': 0.03991411710225399}. Best is trial 13 with value: 0.4277852670303279.
32908.3s	644	SLIMElasticNetRecommender: URM Detected 301 ( 2.4%) users with no interactions.
32908.3s	645	SLIMElasticNetRecommender: URM Detected 215 ( 1.0%) items with no interactions.
33208.2s	646	SLIMElasticNetRecommender: Processed 11457 (51.6%) in 5.00 min. Items per second: 38.19
33478.7s	647	SLIMElasticNetRecommender: Processed 22222 (100.0%) in 9.51 min. Items per second: 38.95
33489.6s	648	[I 2024-01-05 23:25:07,084] Trial 64 finished with value: 0.4162966985724987 and parameters: {'topK': 2296, 'l1_ratio': 2.95364331499004e-05, 'alpha': 0.008634522911166212}. Best is trial 13 with value: 0.4277852670303279.
33489.8s	649	SLIMElasticNetRecommender: URM Detected 301 ( 2.4%) users with no interactions.
33489.8s	650	SLIMElasticNetRecommender: URM Detected 215 ( 1.0%) items with no interactions.
33789.7s	651	SLIMElasticNetRecommender: Processed 12513 (56.3%) in 5.00 min. Items per second: 41.70
34019.3s	652	SLIMElasticNetRecommender: Processed 22222 (100.0%) in 8.83 min. Items per second: 41.96
34026.4s	653	[I 2024-01-05 23:34:03,927] Trial 65 finished with value: 0.4115945721617243 and parameters: {'topK': 143, 'l1_ratio': 6.748158974537915e-05, 'alpha': 0.020300927353589144}. Best is trial 13 with value: 0.4277852670303279.
34026.6s	654	SLIMElasticNetRecommender: URM Detected 301 ( 2.4%) users with no interactions.
34026.6s	655	SLIMElasticNetRecommender: URM Detected 215 ( 1.0%) items with no interactions.
34159.6s	656	SLIMElasticNetRecommender: Processed 22222 (100.0%) in 2.22 min. Items per second: 166.92
34164.0s	657	[I 2024-01-05 23:36:21,521] Trial 66 finished with value: 0.06904351517401684 and parameters: {'topK': 795, 'l1_ratio': 0.26254054013317657, 'alpha': 0.030905917899745273}. Best is trial 13 with value: 0.4277852670303279.
34164.2s	658	SLIMElasticNetRecommender: URM Detected 301 ( 2.4%) users with no interactions.
34164.2s	659	SLIMElasticNetRecommender: URM Detected 215 ( 1.0%) items with no interactions.
34464.1s	660	SLIMElasticNetRecommender: Processed 11566 (52.0%) in 5.00 min. Items per second: 38.55
34726.8s	661	SLIMElasticNetRecommender: Processed 22222 (100.0%) in 9.38 min. Items per second: 39.49
34738.6s	662	[I 2024-01-05 23:45:56,058] Trial 67 finished with value: 0.42551708926236465 and parameters: {'topK': 11764, 'l1_ratio': 2.4816796766697397e-05, 'alpha': 0.014393949703220072}. Best is trial 13 with value: 0.4277852670303279.
34738.8s	663	SLIMElasticNetRecommender: URM Detected 301 ( 2.4%) users with no interactions.
34738.8s	664	SLIMElasticNetRecommender: URM Detected 215 ( 1.0%) items with no interactions.
35038.6s	665	SLIMElasticNetRecommender: Processed 12111 (54.5%) in 5.00 min. Items per second: 40.37
35276.6s	666	SLIMElasticNetRecommender: Processed 22222 (100.0%) in 8.97 min. Items per second: 41.30
35286.4s	667	[I 2024-01-05 23:55:03,868] Trial 68 finished with value: 0.41938192944095587 and parameters: {'topK': 288, 'l1_ratio': 4.570008583750976e-05, 'alpha': 0.05995967645178803}. Best is trial 13 with value: 0.4277852670303279.
35286.6s	668	SLIMElasticNetRecommender: URM Detected 301 ( 2.4%) users with no interactions.
35286.6s	669	SLIMElasticNetRecommender: URM Detected 215 ( 1.0%) items with no interactions.
35586.4s	670	SLIMElasticNetRecommender: Processed 11137 (50.1%) in 5.00 min. Items per second: 37.12
35869.5s	671	SLIMElasticNetRecommender: Processed 22222 (100.0%) in 9.72 min. Items per second: 38.11
35880.6s	672	[I 2024-01-06 00:04:58,084] Trial 69 finished with value: 0.4199958270589579 and parameters: {'topK': 1410, 'l1_ratio': 1.4817919193122544e-05, 'alpha': 0.011303789146431462}. Best is trial 13 with value: 0.4277852670303279.
35880.8s	673	SLIMElasticNetRecommender: URM Detected 301 ( 2.4%) users with no interactions.
35880.8s	674	SLIMElasticNetRecommender: URM Detected 215 ( 1.0%) items with no interactions.
36180.7s	675	SLIMElasticNetRecommender: Processed 12389 (55.8%) in 5.00 min. Items per second: 41.29
36411.4s	676	SLIMElasticNetRecommender: Processed 22222 (100.0%) in 8.85 min. Items per second: 41.87
