23533.3s	509	[I 2024-01-05 22:21:59,012] Trial 30 finished with value: 0.4228720525893761 and parameters: {'topK': 4058, 'l1_ratio': 2.6085333074419867e-07, 'alpha': 0.009612160922723084}. Best is trial 13 with value: 0.43105945850274974.
23533.5s	510	SLIMElasticNetRecommender: URM Detected 345 ( 2.7%) users with no interactions.
23533.5s	511	SLIMElasticNetRecommender: URM Detected 192 ( 0.9%) items with no interactions.
23833.3s	512	SLIMElasticNetRecommender: Processed 11891 (53.5%) in 5.00 min. Items per second: 39.63
24079.5s	513	SLIMElasticNetRecommender: Processed 22222 (100.0%) in 9.10 min. Items per second: 40.68
24092.1s	514	[I 2024-01-05 22:31:17,889] Trial 31 finished with value: 0.42842966809301697 and parameters: {'topK': 9326, 'l1_ratio': 8.211643285973251e-05, 'alpha': 0.031097224859611156}. Best is trial 13 with value: 0.43105945850274974.
24092.4s	515	SLIMElasticNetRecommender: URM Detected 345 ( 2.7%) users with no interactions.
24092.4s	516	SLIMElasticNetRecommender: URM Detected 192 ( 0.9%) items with no interactions.
24392.2s	517	SLIMElasticNetRecommender: Processed 11430 (51.4%) in 5.00 min. Items per second: 38.09
24652.2s	518	SLIMElasticNetRecommender: Processed 22222 (100.0%) in 9.33 min. Items per second: 39.68
24665.5s	519	[I 2024-01-05 22:40:51,213] Trial 32 finished with value: 0.4262477090769248 and parameters: {'topK': 11560, 'l1_ratio': 2.8384607158500005e-05, 'alpha': 0.0459458586695113}. Best is trial 13 with value: 0.43105945850274974.
24665.7s	520	SLIMElasticNetRecommender: URM Detected 345 ( 2.7%) users with no interactions.
24665.7s	521	SLIMElasticNetRecommender: URM Detected 192 ( 0.9%) items with no interactions.
24965.5s	522	SLIMElasticNetRecommender: Processed 10895 (49.0%) in 5.00 min. Items per second: 36.31
25253.5s	523	SLIMElasticNetRecommender: Processed 22222 (100.0%) in 9.80 min. Items per second: 37.79
25265.0s	524	[I 2024-01-05 22:50:50,707] Trial 33 finished with value: 0.430219371609787 and parameters: {'topK': 1195, 'l1_ratio': 8.168543822762129e-06, 'alpha': 0.02169161529014132}. Best is trial 13 with value: 0.43105945850274974.
25265.2s	525	SLIMElasticNetRecommender: URM Detected 345 ( 2.7%) users with no interactions.
25265.2s	526	SLIMElasticNetRecommender: URM Detected 192 ( 0.9%) items with no interactions.
25565.0s	527	SLIMElasticNetRecommender: Processed 9321 (41.9%) in 5.00 min. Items per second: 31.07
25865.0s	528	SLIMElasticNetRecommender: Processed 20095 (90.4%) in 10.00 min. Items per second: 33.49
25930.6s	529	SLIMElasticNetRecommender: Processed 22222 (100.0%) in 11.09 min. Items per second: 33.39
25941.5s	530	[I 2024-01-05 23:02:07,214] Trial 34 finished with value: 0.42672166125979966 and parameters: {'topK': 1072, 'l1_ratio': 2.0576217419923533e-06, 'alpha': 0.015135813842479983}. Best is trial 13 with value: 0.43105945850274974.
25941.7s	531	SLIMElasticNetRecommender: URM Detected 345 ( 2.7%) users with no interactions.
25941.7s	532	SLIMElasticNetRecommender: URM Detected 192 ( 0.9%) items with no interactions.
26241.5s	533	SLIMElasticNetRecommender: Processed 10093 (45.4%) in 5.00 min. Items per second: 33.64
26541.5s	534	SLIMElasticNetRecommender: Processed 21066 (94.8%) in 10.00 min. Items per second: 35.11
26578.5s	535	SLIMElasticNetRecommender: Processed 22222 (100.0%) in 10.62 min. Items per second: 34.88
26587.0s	536	[I 2024-01-05 23:12:52,707] Trial 35 finished with value: 0.38077681637903305 and parameters: {'topK': 399, 'l1_ratio': 8.38479284136686e-06, 'alpha': 0.005624059398920389}. Best is trial 13 with value: 0.43105945850274974.
26587.2s	537	SLIMElasticNetRecommender: URM Detected 345 ( 2.7%) users with no interactions.
26587.2s	538	SLIMElasticNetRecommender: URM Detected 192 ( 0.9%) items with no interactions.
26887.0s	539	SLIMElasticNetRecommender: Processed 10546 (47.5%) in 5.00 min. Items per second: 35.15
27187.0s	540	SLIMElasticNetRecommender: Processed 22023 (99.1%) in 10.00 min. Items per second: 36.70
27195.7s	541	SLIMElasticNetRecommender: Processed 22222 (100.0%) in 10.14 min. Items per second: 36.51
27206.5s	542	[I 2024-01-05 23:23:12,238] Trial 36 finished with value: 0.4209441080816718 and parameters: {'topK': 3211, 'l1_ratio': 1.0516181993956036e-05, 'alpha': 0.009151494261563567}. Best is trial 13 with value: 0.43105945850274974.
27206.7s	543	SLIMElasticNetRecommender: URM Detected 345 ( 2.7%) users with no interactions.
27206.7s	544	SLIMElasticNetRecommender: URM Detected 192 ( 0.9%) items with no interactions.
27506.5s	545	SLIMElasticNetRecommender: Processed 9149 (41.2%) in 5.00 min. Items per second: 30.49
27806.6s	546	SLIMElasticNetRecommender: Processed 20105 (90.5%) in 10.00 min. Items per second: 33.51
27871.5s	547	SLIMElasticNetRecommender: Processed 22222 (100.0%) in 11.08 min. Items per second: 33.42
27878.6s	548	[I 2024-01-05 23:34:24,307] Trial 37 finished with value: 0.41290005302523614 and parameters: {'topK': 132, 'l1_ratio': 1.459882133015421e-06, 'alpha': 0.021505498127118564}. Best is trial 13 with value: 0.43105945850274974.
27878.8s	549	SLIMElasticNetRecommender: URM Detected 345 ( 2.7%) users with no interactions.
27878.8s	550	SLIMElasticNetRecommender: URM Detected 192 ( 0.9%) items with no interactions.
28178.6s	551	SLIMElasticNetRecommender: Processed 11654 (52.4%) in 5.00 min. Items per second: 38.84
28448.8s	552	SLIMElasticNetRecommender: Processed 22222 (100.0%) in 9.50 min. Items per second: 38.97
28457.2s	553	[I 2024-01-05 23:44:02,998] Trial 38 finished with value: 0.3382490063799077 and parameters: {'topK': 493, 'l1_ratio': 0.00016887653751433105, 'alpha': 0.0022334330888076305}. Best is trial 13 with value: 0.43105945850274974.
28457.5s	554	SLIMElasticNetRecommender: URM Detected 345 ( 2.7%) users with no interactions.
28457.5s	555	SLIMElasticNetRecommender: URM Detected 192 ( 0.9%) items with no interactions.
28757.4s	556	SLIMElasticNetRecommender: Processed 4891 (22.0%) in 5.00 min. Items per second: 16.30
29057.3s	557	SLIMElasticNetRecommender: Processed 11048 (49.7%) in 10.00 min. Items per second: 18.41
29357.4s	558	SLIMElasticNetRecommender: Processed 17747 (79.9%) in 15.00 min. Items per second: 19.72
29569.7s	559	SLIMElasticNetRecommender: Processed 22222 (100.0%) in 18.54 min. Items per second: 19.98
29578.2s	560	[I 2024-01-06 00:02:43,943] Trial 39 finished with value: 0.3218153840144968 and parameters: {'topK': 1076, 'l1_ratio': 2.2344761598209413e-06, 'alpha': 0.0009229624477048959}. Best is trial 13 with value: 0.43105945850274974.
29578.4s	561	SLIMElasticNetRecommender: URM Detected 345 ( 2.7%) users with no interactions.
29578.4s	562	SLIMElasticNetRecommender: URM Detected 192 ( 0.9%) items with no interactions.
29878.2s	563	SLIMElasticNetRecommender: Processed 10794 (48.6%) in 5.00 min. Items per second: 35.98
30178.3s	564	SLIMElasticNetRecommender: Processed 22176 (99.8%) in 10.00 min. Items per second: 36.95
30180.8s	565	SLIMElasticNetRecommender: Processed 22222 (100.0%) in 10.04 min. Items per second: 36.87
30190.5s	566	[I 2024-01-06 00:12:56,273] Trial 40 finished with value: 0.3925387543836201 and parameters: {'topK': 2414, 'l1_ratio': 3.492940606940311e-05, 'alpha': 0.003465926866725655}. Best is trial 13 with value: 0.43105945850274974.
30190.7s	567	SLIMElasticNetRecommender: URM Detected 345 ( 2.7%) users with no interactions.
30190.7s	568	SLIMElasticNetRecommender: URM Detected 192 ( 0.9%) items with no interactions.
30490.6s	569	SLIMElasticNetRecommender: Processed 11762 (52.9%) in 5.00 min. Items per second: 39.20
30740.3s	570	SLIMElasticNetRecommender: Processed 22222 (100.0%) in 9.16 min. Items per second: 40.42
30753.2s	571	[I 2024-01-06 00:22:19,002] Trial 41 finished with value: 0.42800103759593194 and parameters: {'topK': 6372, 'l1_ratio': 6.89499493883443e-05, 'alpha': 0.03717149056253645}. Best is trial 13 with value: 0.43105945850274974.
30753.5s	572	SLIMElasticNetRecommender: URM Detected 345 ( 2.7%) users with no interactions.
30753.5s	573	SLIMElasticNetRecommender: URM Detected 192 ( 0.9%) items with no interactions.
31053.3s	574	SLIMElasticNetRecommender: Processed 12286 (55.3%) in 5.00 min. Items per second: 40.95
31281.9s	575	SLIMElasticNetRecommender: Processed 22222 (100.0%) in 8.81 min. Items per second: 42.04
31295.4s	576	[I 2024-01-06 00:31:21,117] Trial 42 finished with value: 0.42013173409438115 and parameters: {'topK': 5950, 'l1_ratio': 0.0005664511886146027, 'alpha': 0.06215224186361215}. Best is trial 13 with value: 0.43105945850274974.
31295.6s	577	SLIMElasticNetRecommender: URM Detected 345 ( 2.7%) users with no interactions.
31295.6s	578	SLIMElasticNetRecommender: URM Detected 192 ( 0.9%) items with no interactions.
31595.5s	579	SLIMElasticNetRecommender: Processed 4676 (21.0%) in 5.00 min. Items per second: 15.58
31895.5s	580	SLIMElasticNetRecommender: Processed 10117 (45.5%) in 10.00 min. Items per second: 16.86
32195.5s	581	SLIMElasticNetRecommender: Processed 15725 (70.8%) in 15.00 min. Items per second: 17.47
32495.5s	582	SLIMElasticNetRecommender: Processed 21597 (97.2%) in 20.00 min. Items per second: 17.99
32532.8s	583	SLIMElasticNetRecommender: Processed 22222 (100.0%) in 20.62 min. Items per second: 17.96
32540.3s	584	[I 2024-01-06 00:52:06,018] Trial 43 finished with value: 0.2692657688435166 and parameters: {'topK': 1371, 'l1_ratio': 1.5431438598937343e-05, 'alpha': 0.00010379293838167962}. Best is trial 13 with value: 0.43105945850274974.
32540.5s	585	SLIMElasticNetRecommender: URM Detected 345 ( 2.7%) users with no interactions.
32540.5s	586	SLIMElasticNetRecommender: URM Detected 192 ( 0.9%) items with no interactions.
32840.3s	587	SLIMElasticNetRecommender: Processed 12083 (54.4%) in 5.00 min. Items per second: 40.27
33083.5s	588	SLIMElasticNetRecommender: Processed 22222 (100.0%) in 9.05 min. Items per second: 40.91
33093.9s	589	[I 2024-01-06 01:01:19,673] Trial 44 finished with value: 0.4270738579693581 and parameters: {'topK': 670, 'l1_ratio': 4.888029751812339e-05, 'alpha': 0.020707849085345703}. Best is trial 13 with value: 0.43105945850274974.
33094.1s	590	SLIMElasticNetRecommender: URM Detected 345 ( 2.7%) users with no interactions.
33094.1s	591	SLIMElasticNetRecommender: URM Detected 192 ( 0.9%) items with no interactions.
33394.0s	592	SLIMElasticNetRecommender: Processed 9918 (44.6%) in 5.00 min. Items per second: 33.06
33694.0s	593	SLIMElasticNetRecommender: Processed 21046 (94.7%) in 10.00 min. Items per second: 35.07
33730.8s	594	SLIMElasticNetRecommender: Processed 22222 (100.0%) in 10.61 min. Items per second: 34.89
33742.0s	595	[I 2024-01-06 01:12:07,782] Trial 45 finished with value: 0.4268174501111725 and parameters: {'topK': 8310, 'l1_ratio': 4.321803730109616e-06, 'alpha': 0.01235771674355521}. Best is trial 13 with value: 0.43105945850274974.
33742.2s	596	SLIMElasticNetRecommender: URM Detected 345 ( 2.7%) users with no interactions.
33742.2s	597	SLIMElasticNetRecommender: URM Detected 192 ( 0.9%) items with no interactions.
34042.1s	598	SLIMElasticNetRecommender: Processed 10676 (48.0%) in 5.00 min. Items per second: 35.58
34335.2s	599	SLIMElasticNetRecommender: Processed 22222 (100.0%) in 9.88 min. Items per second: 37.47
34348.2s	600	[I 2024-01-06 01:22:13,924] Trial 46 finished with value: 0.42797173005186406 and parameters: {'topK': 3673, 'l1_ratio': 5.579478354786539e-06, 'alpha': 0.03673578961443006}. Best is trial 13 with value: 0.43105945850274974.
34348.4s	601	SLIMElasticNetRecommender: URM Detected 345 ( 2.7%) users with no interactions.
34348.4s	602	SLIMElasticNetRecommender: URM Detected 192 ( 0.9%) items with no interactions.
34648.2s	603	SLIMElasticNetRecommender: Processed 11404 (51.3%) in 5.00 min. Items per second: 38.01
34922.4s	604	SLIMElasticNetRecommender: Processed 22222 (100.0%) in 9.57 min. Items per second: 38.70
34930.2s	605	[I 2024-01-06 01:31:55,938] Trial 47 finished with value: 0.3891162046649877 and parameters: {'topK': 246, 'l1_ratio': 2.4549623457284766e-05, 'alpha': 0.008177904681134586}. Best is trial 13 with value: 0.43105945850274974.
34930.4s	606	SLIMElasticNetRecommender: URM Detected 345 ( 2.7%) users with no interactions.
34930.4s	607	SLIMElasticNetRecommender: URM Detected 192 ( 0.9%) items with no interactions.
35230.2s	608	SLIMElasticNetRecommender: Processed 12430 (55.9%) in 5.00 min. Items per second: 41.43
35454.2s	609	SLIMElasticNetRecommender: Processed 22222 (100.0%) in 8.73 min. Items per second: 42.41
35461.6s	610	[I 2024-01-06 01:40:47,314] Trial 48 finished with value: 0.40823703690856983 and parameters: {'topK': 67, 'l1_ratio': 0.00022932935474325372, 'alpha': 0.08365870026494528}. Best is trial 13 with value: 0.43105945850274974.
35461.8s	611	SLIMElasticNetRecommender: URM Detected 345 ( 2.7%) users with no interactions.
35461.8s	612	SLIMElasticNetRecommender: URM Detected 192 ( 0.9%) items with no interactions.
35761.6s	613	SLIMElasticNetRecommender: Processed 12390 (55.8%) in 5.00 min. Items per second: 41.30
35991.5s	614	SLIMElasticNetRecommender: Processed 22222 (100.0%) in 8.83 min. Items per second: 41.93
36003.7s	615	[I 2024-01-06 01:49:49,429] Trial 49 finished with value: 0.43019617533976895 and parameters: {'topK': 2170, 'l1_ratio': 0.0006210101350297019, 'alpha': 0.02559840329086825}. Best is trial 13 with value: 0.43105945850274974.
36003.9s	616	SLIMElasticNetRecommender: URM Detected 345 ( 2.7%) users with no interactions.
36003.9s	617	SLIMElasticNetRecommender: URM Detected 192 ( 0.9%) items with no interactions.
36261.3s	618	SLIMElasticNetRecommender: Processed 22222 (100.0%) in 4.29 min. Items per second: 86.27
36269.4s	619	[I 2024-01-06 01:54:15,199] Trial 50 finished with value: 0.37241110223389956 and parameters: {'topK': 1418, 'l1_ratio': 0.0006559012927814102, 'alpha': 0.30005714604428985}. Best is trial 13 with value: 0.43105945850274974.
36269.7s	620	SLIMElasticNetRecommender: URM Detected 345 ( 2.7%) users with no interactions.
36269.7s	621	SLIMElasticNetRecommender: URM Detected 192 ( 0.9%) items with no interactions.
36569.5s	622	SLIMElasticNetRecommender: Processed 12327 (55.5%) in 5.00 min. Items per second: 41.08
36802.3s	623	SLIMElasticNetRecommender: Processed 22222 (100.0%) in 8.88 min. Items per second: 41.70
36814.4s	624	[I 2024-01-06 02:03:20,144] Trial 51 finished with value: 0.4303460471679885 and parameters: {'topK': 2385, 'l1_ratio': 0.0003754386535323425, 'alpha': 0.023399334629749767}. Best is trial 13 with value: 0.43105945850274974.
36814.6s	625	SLIMElasticNetRecommender: URM Detected 345 ( 2.7%) users with no interactions.
36814.6s	626	SLIMElasticNetRecommender: URM Detected 192 ( 0.9%) items with no interactions.
37114.5s	627	SLIMElasticNetRecommender: Processed 12324 (55.5%) in 5.00 min. Items per second: 41.06
37346.5s	628	SLIMElasticNetRecommender: Processed 22222 (100.0%) in 8.87 min. Items per second: 41.77
37358.5s	629	[I 2024-01-06 02:12:24,262] Trial 52 finished with value: 0.4305017336879339 and parameters: {'topK': 2166, 'l1_ratio': 0.0003792742348529399, 'alpha': 0.023671370590586945}. Best is trial 13 with value: 0.43105945850274974.
37358.7s	630	SLIMElasticNetRecommender: URM Detected 345 ( 2.7%) users with no interactions.
37358.7s	631	SLIMElasticNetRecommender: URM Detected 192 ( 0.9%) items with no interactions.
37658.6s	632	SLIMElasticNetRecommender: Processed 12166 (54.7%) in 5.00 min. Items per second: 40.55
37893.0s	633	SLIMElasticNetRecommender: Processed 22222 (100.0%) in 8.91 min. Items per second: 41.58
37906.1s	634	[I 2024-01-06 02:21:31,818] Trial 53 finished with value: 0.42563951777214043 and parameters: {'topK': 2261, 'l1_ratio': 0.0004033236701639356, 'alpha': 0.04921108033854839}. Best is trial 13 with value: 0.43105945850274974.
37906.3s	635	SLIMElasticNetRecommender: URM Detected 345 ( 2.7%) users with no interactions.
37906.3s	636	SLIMElasticNetRecommender: URM Detected 192 ( 0.9%) items with no interactions.
38206.1s	637	SLIMElasticNetRecommender: Processed 12261 (55.2%) in 5.00 min. Items per second: 40.87
38440.1s	638	SLIMElasticNetRecommender: Processed 22222 (100.0%) in 8.90 min. Items per second: 41.61
38452.3s	639	[I 2024-01-06 02:30:38,054] Trial 54 finished with value: 0.4293550172902904 and parameters: {'topK': 4800, 'l1_ratio': 0.00028389273261431616, 'alpha': 0.023537314675230434}. Best is trial 13 with value: 0.43105945850274974.
38452.5s	640	SLIMElasticNetRecommender: URM Detected 345 ( 2.7%) users with no interactions.
38452.5s	641	SLIMElasticNetRecommender: URM Detected 192 ( 0.9%) items with no interactions.
38752.4s	642	SLIMElasticNetRecommender: Processed 12430 (55.9%) in 5.00 min. Items per second: 41.43
38986.1s	643	SLIMElasticNetRecommender: Processed 22222 (100.0%) in 8.90 min. Items per second: 41.64
38996.0s	644	[I 2024-01-06 02:39:41,738] Trial 55 finished with value: 0.4179501271249173 and parameters: {'topK': 626, 'l1_ratio': 0.0001745304504388831, 'alpha': 0.011716305424668736}. Best is trial 13 with value: 0.43105945850274974.
38996.2s	645	SLIMElasticNetRecommender: URM Detected 345 ( 2.7%) users with no interactions.
38996.2s	646	SLIMElasticNetRecommender: URM Detected 192 ( 0.9%) items with no interactions.
39296.0s	647	SLIMElasticNetRecommender: Processed 13845 (62.3%) in 5.00 min. Items per second: 46.15
39473.6s	648	SLIMElasticNetRecommender: Processed 22222 (100.0%) in 7.96 min. Items per second: 46.53
39485.3s	649	[I 2024-01-06 02:47:51,037] Trial 56 finished with value: 0.40261115730154495 and parameters: {'topK': 364, 'l1_ratio': 0.0005175141456242823, 'alpha': 0.12905324223857473}. Best is trial 13 with value: 0.43105945850274974.
39485.5s	650	SLIMElasticNetRecommender: URM Detected 345 ( 2.7%) users with no interactions.
39485.5s	651	SLIMElasticNetRecommender: URM Detected 192 ( 0.9%) items with no interactions.
39785.4s	652	SLIMElasticNetRecommender: Processed 12637 (56.9%) in 5.00 min. Items per second: 42.12
40002.9s	653	SLIMElasticNetRecommender: Processed 22222 (100.0%) in 8.63 min. Items per second: 42.93
40016.2s	654	[I 2024-01-06 02:56:41,977] Trial 57 finished with value: 0.41827547912146823 and parameters: {'topK': 2520, 'l1_ratio': 0.0007007326796755414, 'alpha': 0.06437247653769615}. Best is trial 13 with value: 0.43105945850274974.
40016.4s	655	SLIMElasticNetRecommender: URM Detected 345 ( 2.7%) users with no interactions.
40016.4s	656	SLIMElasticNetRecommender: URM Detected 192 ( 0.9%) items with no interactions.
40316.4s	657	SLIMElasticNetRecommender: Processed 12315 (55.4%) in 5.00 min. Items per second: 41.04
40549.8s	658	SLIMElasticNetRecommender: Processed 22222 (100.0%) in 8.89 min. Items per second: 41.65
40561.1s	659	[I 2024-01-06 03:05:46,845] Trial 58 finished with value: 0.4305814159673251 and parameters: {'topK': 924, 'l1_ratio': 0.00012795498491557399, 'alpha': 0.02671308889691502}. Best is trial 13 with value: 0.43105945850274974.
40561.3s	660	SLIMElasticNetRecommender: URM Detected 345 ( 2.7%) users with no interactions.
40561.3s	661	SLIMElasticNetRecommender: URM Detected 192 ( 0.9%) items with no interactions.
40861.2s	662	SLIMElasticNetRecommender: Processed 11972 (53.9%) in 5.00 min. Items per second: 39.90
41112.9s	663	SLIMElasticNetRecommender: Processed 22222 (100.0%) in 9.20 min. Items per second: 40.27
41122.7s	664	[I 2024-01-06 03:15:08,496] Trial 59 finished with value: 0.3993234927256104 and parameters: {'topK': 1016, 'l1_ratio': 0.00011281282707258067, 'alpha': 0.005817378332477585}. Best is trial 13 with value: 0.43105945850274974.
41123.0s	665	SLIMElasticNetRecommender: URM Detected 345 ( 2.7%) users with no interactions.
41123.0s	666	SLIMElasticNetRecommender: URM Detected 192 ( 0.9%) items with no interactions.
41422.8s	667	SLIMElasticNetRecommender: Processed 10830 (48.7%) in 5.00 min. Items per second: 36.09
41716.2s	668	SLIMElasticNetRecommender: Processed 22222 (100.0%) in 9.89 min. Items per second: 37.45
41726.2s	669	[I 2024-01-06 03:25:11,990] Trial 60 finished with value: 0.42578708021760886 and parameters: {'topK': 581, 'l1_ratio': 6.901706996951007e-06, 'alpha': 0.018104163219893332}. Best is trial 13 with value: 0.43105945850274974.
41726.5s	670	SLIMElasticNetRecommender: URM Detected 345 ( 2.7%) users with no interactions.
41726.5s	671	SLIMElasticNetRecommender: URM Detected 192 ( 0.9%) items with no interactions.
42026.3s	672	SLIMElasticNetRecommender: Processed 12273 (55.2%) in 5.00 min. Items per second: 40.90
42260.9s	673	SLIMElasticNetRecommender: Processed 22222 (100.0%) in 8.91 min. Items per second: 41.56
42272.9s	674	[I 2024-01-06 03:34:18,629] Trial 61 finished with value: 0.4306980124200045 and parameters: {'topK': 1644, 'l1_ratio': 0.00021582495054283751, 'alpha': 0.024067560861860925}. Best is trial 13 with value: 0.43105945850274974.
42273.1s	675	SLIMElasticNetRecommender: URM Detected 345 ( 2.7%) users with no interactions.
42273.1s	676	SLIMElasticNetRecommender: URM Detected 192 ( 0.9%) items with no interactions.
42572.9s	677	SLIMElasticNetRecommender: Processed 12175 (54.8%) in 5.00 min. Items per second: 40.58
42809.1s	678	SLIMElasticNetRecommender: Processed 22222 (100.0%) in 8.94 min. Items per second: 41.44
42821.5s	679	[I 2024-01-06 03:43:27,254] Trial 62 finished with value: 0.428999661971283 and parameters: {'topK': 1501, 'l1_ratio': 0.00019690778396834328, 'alpha': 0.03776301237930276}. Best is trial 13 with value: 0.43105945850274974.
42821.7s	680	SLIMElasticNetRecommender: URM Detected 345 ( 2.7%) users with no interactions.
42821.7s	681	SLIMElasticNetRecommender: URM Detected 192 ( 0.9%) items with no interactions.
43121.6s	682	SLIMElasticNetRecommender: Processed 12424 (55.9%) in 5.00 min. Items per second: 41.41
