[I 2023-12-01 18:28:04,476] Trial 41 finished with value: 0.011332215682015003 and parameters: {'topK': 207, 'l2_norm': 0.0009381854168987096, 'normalize_matrix': False}. Best is trial 41 with value: 0.011332215682015003.
EASE_R_Recommender: URM Detected 162 ( 1.3%) users with no interactions.
EASE_R_Recommender: URM Detected 77 ( 0.3%) items with no interactions.
EASE_R_Recommender: Fitting model... 
EASE_R_Recommender: Fitting model... done in 4.67 min
100%|██████████| 12638/12638 [00:48<00:00, 260.85it/s]
[I 2023-12-01 18:33:58,808] Trial 42 finished with value: 0.011355750365821057 and parameters: {'topK': 215, 'l2_norm': 0.0008867685451235878, 'normalize_matrix': False}. Best is trial 42 with value: 0.011355750365821057.
EASE_R_Recommender: URM Detected 162 ( 1.3%) users with no interactions.
EASE_R_Recommender: URM Detected 77 ( 0.3%) items with no interactions.
EASE_R_Recommender: Fitting model... 
EASE_R_Recommender: Fitting model... done in 4.73 min
100%|██████████| 12638/12638 [00:47<00:00, 265.82it/s]
[I 2023-12-01 18:39:56,768] Trial 43 finished with value: 0.011095133746067257 and parameters: {'topK': 237, 'l2_norm': 0.0008746391271942304, 'normalize_matrix': False}. Best is trial 42 with value: 0.011355750365821057.
EASE_R_Recommender: URM Detected 162 ( 1.3%) users with no interactions.
EASE_R_Recommender: URM Detected 77 ( 0.3%) items with no interactions.
EASE_R_Recommender: Fitting model... 
EASE_R_Recommender: Fitting model... done in 4.68 min
100%|██████████| 12638/12638 [00:48<00:00, 262.86it/s]
[I 2023-12-01 18:45:55,413] Trial 44 finished with value: 0.011469701203766709 and parameters: {'topK': 278, 'l2_norm': 0.0009478383111439921, 'normalize_matrix': False}. Best is trial 44 with value: 0.011469701203766709.
EASE_R_Recommender: URM Detected 162 ( 1.3%) users with no interactions.
EASE_R_Recommender: URM Detected 77 ( 0.3%) items with no interactions.
EASE_R_Recommender: Fitting model... 
EASE_R_Recommender: Fitting model... done in 4.76 min
100%|██████████| 12638/12638 [00:48<00:00, 258.39it/s]
[I 2023-12-01 18:51:58,777] Trial 45 finished with value: 0.011190598986346606 and parameters: {'topK': 281, 'l2_norm': 0.0008206321730505268, 'normalize_matrix': False}. Best is trial 44 with value: 0.011469701203766709.
EASE_R_Recommender: URM Detected 162 ( 1.3%) users with no interactions.
EASE_R_Recommender: URM Detected 77 ( 0.3%) items with no interactions.
EASE_R_Recommender: Fitting model... 
EASE_R_Recommender: Fitting model... done in 4.72 min
100%|██████████| 12638/12638 [00:48<00:00, 262.04it/s]
[I 2023-12-01 18:57:57,536] Trial 46 finished with value: 0.011256988970075264 and parameters: {'topK': 258, 'l2_norm': 0.0008848257834078541, 'normalize_matrix': False}. Best is trial 44 with value: 0.011469701203766709.
EASE_R_Recommender: URM Detected 162 ( 1.3%) users with no interactions.
EASE_R_Recommender: URM Detected 77 ( 0.3%) items with no interactions.
EASE_R_Recommender: Fitting model... 
EASE_R_Recommender: Fitting model... done in 4.70 min
100%|██████████| 12638/12638 [00:50<00:00, 252.33it/s]
[I 2023-12-01 19:03:57,616] Trial 47 finished with value: 0.004562125799467543 and parameters: {'topK': 265, 'l2_norm': 0.0006892840337518187, 'normalize_matrix': True}. Best is trial 44 with value: 0.011469701203766709.
EASE_R_Recommender: URM Detected 162 ( 1.3%) users with no interactions.
EASE_R_Recommender: URM Detected 77 ( 0.3%) items with no interactions.
EASE_R_Recommender: Fitting model... 
EASE_R_Recommender: Fitting model... done in 4.72 min
100%|██████████| 12638/12638 [00:47<00:00, 267.39it/s]
[I 2023-12-01 19:09:53,778] Trial 48 finished with value: 0.011122340785434162 and parameters: {'topK': 212, 'l2_norm': 0.0007681845207299293, 'normalize_matrix': False}. Best is trial 44 with value: 0.011469701203766709.
EASE_R_Recommender: URM Detected 162 ( 1.3%) users with no interactions.
EASE_R_Recommender: URM Detected 77 ( 0.3%) items with no interactions.
EASE_R_Recommender: Fitting model... 
EASE_R_Recommender: Fitting model... done in 4.70 min
100%|██████████| 12638/12638 [00:48<00:00, 258.97it/s]
[I 2023-12-01 19:15:53,193] Trial 49 finished with value: 0.010931699775932632 and parameters: {'topK': 275, 'l2_norm': 0.0006153318296988478, 'normalize_matrix': False}. Best is trial 44 with value: 0.011469701203766709.
EASE_R_Recommender: URM Detected 162 ( 1.3%) users with no interactions.
EASE_R_Recommender: URM Detected 77 ( 0.3%) items with no interactions.
EASE_R_Recommender: Fitting model... 
EASE_R_Recommender: Fitting model... done in 4.73 min
100%|██████████| 12638/12638 [00:47<00:00, 264.44it/s]
[I 2023-12-01 19:21:51,285] Trial 50 finished with value: 0.011132394618754702 and parameters: {'topK': 229, 'l2_norm': 0.000868842998147641, 'normalize_matrix': False}. Best is trial 44 with value: 0.011469701203766709.
EASE_R_Recommender: URM Detected 162 ( 1.3%) users with no interactions.
EASE_R_Recommender: URM Detected 77 ( 0.3%) items with no interactions.
EASE_R_Recommender: Fitting model... 
EASE_R_Recommender: Fitting model... done in 4.68 min
100%|██████████| 12638/12638 [00:48<00:00, 261.86it/s]
[I 2023-12-01 19:27:47,962] Trial 51 finished with value: 0.011217935182594303 and parameters: {'topK': 249, 'l2_norm': 0.000946738936894202, 'normalize_matrix': False}. Best is trial 44 with value: 0.011469701203766709.
EASE_R_Recommender: URM Detected 162 ( 1.3%) users with no interactions.
EASE_R_Recommender: URM Detected 77 ( 0.3%) items with no interactions.
EASE_R_Recommender: Fitting model... 
EASE_R_Recommender: Fitting model... done in 4.72 min
100%|██████████| 12638/12638 [00:47<00:00, 264.94it/s]
[I 2023-12-01 19:33:44,484] Trial 52 finished with value: 0.011420194861691985 and parameters: {'topK': 211, 'l2_norm': 0.0009473524505657984, 'normalize_matrix': False}. Best is trial 44 with value: 0.011469701203766709.
EASE_R_Recommender: URM Detected 162 ( 1.3%) users with no interactions.
EASE_R_Recommender: URM Detected 77 ( 0.3%) items with no interactions.
EASE_R_Recommender: Fitting model... 
EASE_R_Recommender: Fitting model... done in 4.67 min
100%|██████████| 12638/12638 [00:48<00:00, 262.61it/s]
[I 2023-12-01 19:39:38,298] Trial 53 finished with value: 0.011321731374597657 and parameters: {'topK': 210, 'l2_norm': 0.0008914913460643658, 'normalize_matrix': False}. Best is trial 44 with value: 0.011469701203766709.
EASE_R_Recommender: URM Detected 162 ( 1.3%) users with no interactions.
EASE_R_Recommender: URM Detected 77 ( 0.3%) items with no interactions.
EASE_R_Recommender: Fitting model... 
EASE_R_Recommender: Fitting model... done in 4.66 min
100%|██████████| 12638/12638 [00:47<00:00, 264.75it/s]
[I 2023-12-01 19:45:31,225] Trial 54 finished with value: 0.01136961453935016 and parameters: {'topK': 215, 'l2_norm': 0.0009467803925827274, 'normalize_matrix': False}. Best is trial 44 with value: 0.011469701203766709.
EASE_R_Recommender: URM Detected 162 ( 1.3%) users with no interactions.
EASE_R_Recommender: URM Detected 77 ( 0.3%) items with no interactions.
EASE_R_Recommender: Fitting model... 
EASE_R_Recommender: Fitting model... done in 4.66 min
100%|██████████| 12638/12638 [00:47<00:00, 267.93it/s]
[I 2023-12-01 19:51:23,203] Trial 55 finished with value: 0.011190265784640533 and parameters: {'topK': 211, 'l2_norm': 0.0008202856170982108, 'normalize_matrix': False}. Best is trial 44 with value: 0.011469701203766709.
EASE_R_Recommender: URM Detected 162 ( 1.3%) users with no interactions.
EASE_R_Recommender: URM Detected 77 ( 0.3%) items with no interactions.
EASE_R_Recommender: Fitting model... 
EASE_R_Recommender: Fitting model... done in 4.61 min
100%|██████████| 12638/12638 [00:46<00:00, 270.29it/s]
[I 2023-12-01 19:57:11,841] Trial 56 finished with value: 0.01131019237038798 and parameters: {'topK': 209, 'l2_norm': 0.0008973646022474671, 'normalize_matrix': False}. Best is trial 44 with value: 0.011469701203766709.
EASE_R_Recommender: URM Detected 162 ( 1.3%) users with no interactions.
EASE_R_Recommender: URM Detected 77 ( 0.3%) items with no interactions.
EASE_R_Recommender: Fitting model... 
EASE_R_Recommender: Fitting model... done in 4.52 min
100%|██████████| 12638/12638 [00:46<00:00, 270.86it/s]
[I 2023-12-01 20:02:55,985] Trial 57 finished with value: 0.01091324001583726 and parameters: {'topK': 241, 'l2_norm': 0.0007854135206667348, 'normalize_matrix': False}. Best is trial 44 with value: 0.011469701203766709.
EASE_R_Recommender: URM Detected 162 ( 1.3%) users with no interactions.
EASE_R_Recommender: URM Detected 77 ( 0.3%) items with no interactions.
EASE_R_Recommender: Fitting model... 
EASE_R_Recommender: Fitting model... done in 4.50 min
100%|██████████| 12638/12638 [00:47<00:00, 268.79it/s]
[I 2023-12-01 20:08:38,929] Trial 58 finished with value: 0.011201756631775113 and parameters: {'topK': 225, 'l2_norm': 0.0009578280936399994, 'normalize_matrix': False}. Best is trial 44 with value: 0.011469701203766709.
EASE_R_Recommender: URM Detected 162 ( 1.3%) users with no interactions.
EASE_R_Recommender: URM Detected 77 ( 0.3%) items with no interactions.
EASE_R_Recommender: Fitting model... 
EASE_R_Recommender: Fitting model... done in 4.52 min
100%|██████████| 12638/12638 [00:46<00:00, 272.88it/s]
[I 2023-12-01 20:14:20,241] Trial 59 finished with value: 0.011043984058611352 and parameters: {'topK': 182, 'l2_norm': 0.0008570946152181888, 'normalize_matrix': False}. Best is trial 44 with value: 0.011469701203766709.
EASE_R_Recommender: URM Detected 162 ( 1.3%) users with no interactions.
EASE_R_Recommender: URM Detected 77 ( 0.3%) items with no interactions.
EASE_R_Recommender: Fitting model... 
EASE_R_Recommender: Fitting model... done in 4.50 min
100%|██████████| 12638/12638 [00:47<00:00, 264.35it/s]
[I 2023-12-01 20:20:02,970] Trial 60 finished with value: 0.004918696986479044 and parameters: {'topK': 201, 'l2_norm': 0.0009282387273248118, 'normalize_matrix': True}. Best is trial 44 with value: 0.011469701203766709.
EASE_R_Recommender: URM Detected 162 ( 1.3%) users with no interactions.
EASE_R_Recommender: URM Detected 77 ( 0.3%) items with no interactions.
EASE_R_Recommender: Fitting model... 
EASE_R_Recommender: Fitting model... done in 4.52 min
100%|██████████| 12638/12638 [00:46<00:00, 273.22it/s]
[I 2023-12-01 20:25:45,809] Trial 61 finished with value: 0.011379734269134727 and parameters: {'topK': 216, 'l2_norm': 0.0008886208833580963, 'normalize_matrix': False}. Best is trial 44 with value: 0.011469701203766709.
EASE_R_Recommender: URM Detected 162 ( 1.3%) users with no interactions.
EASE_R_Recommender: URM Detected 77 ( 0.3%) items with no interactions.
EASE_R_Recommender: Fitting model... 
EASE_R_Recommender: Fitting model... done in 4.42 min
100%|██████████| 12638/12638 [00:45<00:00, 276.66it/s]
[I 2023-12-01 20:31:21,718] Trial 62 finished with value: 0.011363459279999096 and parameters: {'topK': 214, 'l2_norm': 0.0008937842017959444, 'normalize_matrix': False}. Best is trial 44 with value: 0.011469701203766709.
EASE_R_Recommender: URM Detected 162 ( 1.3%) users with no interactions.
EASE_R_Recommender: URM Detected 77 ( 0.3%) items with no interactions.
EASE_R_Recommender: Fitting model... 
EASE_R_Recommender: Fitting model... done in 4.31 min
100%|██████████| 12638/12638 [00:45<00:00, 275.40it/s]
[I 2023-12-01 20:36:51,793] Trial 63 finished with value: 0.011361243767884126 and parameters: {'topK': 220, 'l2_norm': 0.0009499560813578359, 'normalize_matrix': False}. Best is trial 44 with value: 0.011469701203766709.
EASE_R_Recommender: URM Detected 162 ( 1.3%) users with no interactions.
EASE_R_Recommender: URM Detected 77 ( 0.3%) items with no interactions.
EASE_R_Recommender: Fitting model... 
EASE_R_Recommender: Fitting model... done in 4.31 min
100%|██████████| 12638/12638 [00:45<00:00, 278.00it/s]
[I 2023-12-01 20:42:22,569] Trial 64 finished with value: 0.011238096616531528 and parameters: {'topK': 241, 'l2_norm': 0.000961860306453348, 'normalize_matrix': False}. Best is trial 44 with value: 0.011469701203766709.
EASE_R_Recommender: URM Detected 162 ( 1.3%) users with no interactions.
EASE_R_Recommender: URM Detected 77 ( 0.3%) items with no interactions.
EASE_R_Recommender: Fitting model... 
EASE_R_Recommender: Fitting model... done in 4.28 min
100%|██████████| 12638/12638 [00:45<00:00, 274.90it/s]
[I 2023-12-01 20:47:50,735] Trial 65 finished with value: 0.011169620570999987 and parameters: {'topK': 218, 'l2_norm': 0.0008409999240255351, 'normalize_matrix': False}. Best is trial 44 with value: 0.011469701203766709.
EASE_R_Recommender: URM Detected 162 ( 1.3%) users with no interactions.
EASE_R_Recommender: URM Detected 77 ( 0.3%) items with no interactions.
EASE_R_Recommender: Fitting model... 
EASE_R_Recommender: Fitting model... done in 4.30 min
100%|██████████| 12638/12638 [00:45<00:00, 276.49it/s]
[I 2023-12-01 20:53:18,758] Trial 66 finished with value: 0.011112507452046918 and parameters: {'topK': 189, 'l2_norm': 0.0008990030542524083, 'normalize_matrix': False}. Best is trial 44 with value: 0.011469701203766709.
EASE_R_Recommender: URM Detected 162 ( 1.3%) users with no interactions.
EASE_R_Recommender: URM Detected 77 ( 0.3%) items with no interactions.
EASE_R_Recommender: Fitting model... 
EASE_R_Recommender: Fitting model... done in 4.32 min
100%|██████████| 12638/12638 [00:45<00:00, 275.54it/s]
[I 2023-12-01 20:58:51,330] Trial 67 finished with value: 0.011499386070461814 and parameters: {'topK': 274, 'l2_norm': 0.0009657376533467942, 'normalize_matrix': False}. Best is trial 67 with value: 0.011499386070461814.
EASE_R_Recommender: URM Detected 162 ( 1.3%) users with no interactions.
EASE_R_Recommender: URM Detected 77 ( 0.3%) items with no interactions.
EASE_R_Recommender: Fitting model... 
EASE_R_Recommender: Fitting model... done in 4.30 min
100%|██████████| 12638/12638 [00:45<00:00, 275.54it/s]
[I 2023-12-01 21:04:23,800] Trial 68 finished with value: 0.011557281412772721 and parameters: {'topK': 283, 'l2_norm': 0.000964466098969491, 'normalize_matrix': False}. Best is trial 68 with value: 0.011557281412772721.
EASE_R_Recommender: URM Detected 162 ( 1.3%) users with no interactions.
EASE_R_Recommender: URM Detected 77 ( 0.3%) items with no interactions.
EASE_R_Recommender: Fitting model... 
EASE_R_Recommender: Fitting model... done in 4.30 min
100%|██████████| 12638/12638 [00:45<00:00, 275.57it/s]
[I 2023-12-01 21:09:56,408] Trial 69 finished with value: 0.011634046402538883 and parameters: {'topK': 286, 'l2_norm': 0.0009742879538835439, 'normalize_matrix': False}. Best is trial 69 with value: 0.011634046402538883.
EASE_R_Recommender: URM Detected 162 ( 1.3%) users with no interactions.
EASE_R_Recommender: URM Detected 77 ( 0.3%) items with no interactions.
EASE_R_Recommender: Fitting model... 
EASE_R_Recommender: Fitting model... done in 4.32 min
100%|██████████| 12638/12638 [00:45<00:00, 276.84it/s]
[I 2023-12-01 21:15:29,216] Trial 70 finished with value: 0.01162294509579466 and parameters: {'topK': 288, 'l2_norm': 0.0009713115432546341, 'normalize_matrix': False}. Best is trial 69 with value: 0.011634046402538883.
EASE_R_Recommender: URM Detected 162 ( 1.3%) users with no interactions.
EASE_R_Recommender: URM Detected 77 ( 0.3%) items with no interactions.
EASE_R_Recommender: Fitting model... 
EASE_R_Recommender: Fitting model... done in 4.31 min
100%|██████████| 12638/12638 [00:45<00:00, 276.12it/s]
[I 2023-12-01 21:21:02,027] Trial 71 finished with value: 0.011638828667743233 and parameters: {'topK': 287, 'l2_norm': 0.0009728173537085977, 'normalize_matrix': False}. Best is trial 71 with value: 0.011638828667743233.
EASE_R_Recommender: URM Detected 162 ( 1.3%) users with no interactions.
EASE_R_Recommender: URM Detected 77 ( 0.3%) items with no interactions.
EASE_R_Recommender: Fitting model... 
EASE_R_Recommender: Fitting model... done in 4.32 min
100%|██████████| 12638/12638 [00:45<00:00, 275.39it/s]
[I 2023-12-01 21:26:35,403] Trial 72 finished with value: 0.011601494583043189 and parameters: {'topK': 286, 'l2_norm': 0.0009693689755425277, 'normalize_matrix': False}. Best is trial 71 with value: 0.011638828667743233.
EASE_R_Recommender: URM Detected 162 ( 1.3%) users with no interactions.
EASE_R_Recommender: URM Detected 77 ( 0.3%) items with no interactions.
EASE_R_Recommender: Fitting model... 
EASE_R_Recommender: Fitting model... done in 4.34 min
100%|██████████| 12638/12638 [00:45<00:00, 274.79it/s]
[I 2023-12-01 21:32:10,036] Trial 73 finished with value: 0.01158315267332321 and parameters: {'topK': 291, 'l2_norm': 0.0009649249136508737, 'normalize_matrix': False}. Best is trial 71 with value: 0.011638828667743233.
EASE_R_Recommender: URM Detected 162 ( 1.3%) users with no interactions.
EASE_R_Recommender: URM Detected 77 ( 0.3%) items with no interactions.
EASE_R_Recommender: Fitting model... 
EASE_R_Recommender: Fitting model... done in 4.33 min
100%|██████████| 12638/12638 [00:46<00:00, 273.22it/s]
[I 2023-12-01 21:37:44,479] Trial 74 finished with value: 0.011644909589477899 and parameters: {'topK': 300, 'l2_norm': 0.000979989868774584, 'normalize_matrix': False}. Best is trial 74 with value: 0.011644909589477899.
EASE_R_Recommender: URM Detected 162 ( 1.3%) users with no interactions.
EASE_R_Recommender: URM Detected 77 ( 0.3%) items with no interactions.
EASE_R_Recommender: Fitting model... 
EASE_R_Recommender: Fitting model... done in 4.31 min
100%|██████████| 12638/12638 [00:46<00:00, 273.90it/s]
[I 2023-12-01 21:43:17,448] Trial 75 finished with value: 0.01170665302844289 and parameters: {'topK': 299, 'l2_norm': 0.0009887174278351996, 'normalize_matrix': False}. Best is trial 75 with value: 0.01170665302844289.
EASE_R_Recommender: URM Detected 162 ( 1.3%) users with no interactions.
EASE_R_Recommender: URM Detected 77 ( 0.3%) items with no interactions.
EASE_R_Recommender: Fitting model... 
EASE_R_Recommender: Fitting model... done in 4.30 min
100%|██████████| 12638/12638 [00:45<00:00, 275.06it/s]
[I 2023-12-01 21:48:49,695] Trial 76 finished with value: 0.01161559353869306 and parameters: {'topK': 291, 'l2_norm': 0.000982111453042702, 'normalize_matrix': False}. Best is trial 75 with value: 0.01170665302844289.
EASE_R_Recommender: URM Detected 162 ( 1.3%) users with no interactions.
EASE_R_Recommender: URM Detected 77 ( 0.3%) items with no interactions.
EASE_R_Recommender: Fitting model... 
EASE_R_Recommender: Fitting model... done in 4.31 min
100%|██████████| 12638/12638 [00:46<00:00, 274.23it/s]
[I 2023-12-01 21:54:23,092] Trial 77 finished with value: 0.01164568849346116 and parameters: {'topK': 300, 'l2_norm': 0.0009805514014410927, 'normalize_matrix': False}. Best is trial 75 with value: 0.01170665302844289.
EASE_R_Recommender: URM Detected 162 ( 1.3%) users with no interactions.
EASE_R_Recommender: URM Detected 77 ( 0.3%) items with no interactions.
EASE_R_Recommender: Fitting model... 
EASE_R_Recommender: Fitting model... done in 4.30 min
100%|██████████| 12638/12638 [00:47<00:00, 267.86it/s]
[I 2023-12-01 21:59:56,740] Trial 78 finished with value: 0.004543294364268984 and parameters: {'topK': 300, 'l2_norm': 0.0009848376329297057, 'normalize_matrix': True}. Best is trial 75 with value: 0.01170665302844289.
EASE_R_Recommender: URM Detected 162 ( 1.3%) users with no interactions.
EASE_R_Recommender: URM Detected 77 ( 0.3%) items with no interactions.
EASE_R_Recommender: Fitting model... 
EASE_R_Recommender: Fitting model... done in 4.31 min
100%|██████████| 12638/12638 [00:45<00:00, 275.60it/s]
[I 2023-12-01 22:05:29,551] Trial 79 finished with value: 0.01151438643365869 and parameters: {'topK': 290, 'l2_norm': 0.0009130818710309177, 'normalize_matrix': False}. Best is trial 75 with value: 0.01170665302844289.