[I 2023-12-01 14:18:48,217] A new study created in memory with name: no-name-5c04bcfb-7ba2-426c-9f82-5cb8e59709c9
EASE_R_Recommender: URM Detected 162 ( 1.3%) users with no interactions.
EASE_R_Recommender: URM Detected 77 ( 0.3%) items with no interactions.
EASE_R_Recommender: Fitting model... 
EASE_R_Recommender: Fitting model... done in 4.67 min
100%|██████████| 12638/12638 [00:47<00:00, 268.04it/s]
[I 2023-12-01 14:24:39,814] Trial 0 finished with value: 0.005028639184003362 and parameters: {'topK': 183, 'l2_norm': 0.0008421010440557302, 'normalize_matrix': True}. Best is trial 0 with value: 0.005028639184003362.
EASE_R_Recommender: URM Detected 162 ( 1.3%) users with no interactions.
EASE_R_Recommender: URM Detected 77 ( 0.3%) items with no interactions.
EASE_R_Recommender: Fitting model... 
EASE_R_Recommender: Fitting model... done in 4.61 min
100%|██████████| 12638/12638 [00:45<00:00, 275.49it/s]
[I 2023-12-01 14:30:24,916] Trial 1 finished with value: 0.01052415033768596 and parameters: {'topK': 151, 'l2_norm': 0.0005883985094122984, 'normalize_matrix': False}. Best is trial 1 with value: 0.01052415033768596.
EASE_R_Recommender: URM Detected 162 ( 1.3%) users with no interactions.
EASE_R_Recommender: URM Detected 77 ( 0.3%) items with no interactions.
EASE_R_Recommender: Fitting model... 
EASE_R_Recommender: Fitting model... done in 4.61 min
100%|██████████| 12638/12638 [00:46<00:00, 270.34it/s]
[I 2023-12-01 14:36:11,913] Trial 2 finished with value: 0.005108192631447135 and parameters: {'topK': 175, 'l2_norm': 0.0009745516566961865, 'normalize_matrix': True}. Best is trial 1 with value: 0.01052415033768596.
EASE_R_Recommender: URM Detected 162 ( 1.3%) users with no interactions.
EASE_R_Recommender: URM Detected 77 ( 0.3%) items with no interactions.
EASE_R_Recommender: Fitting model... 
EASE_R_Recommender: Fitting model... done in 4.64 min
100%|██████████| 12638/12638 [00:48<00:00, 262.72it/s]
[I 2023-12-01 14:42:05,082] Trial 3 finished with value: 0.009839969352681222 and parameters: {'topK': 214, 'l2_norm': 0.00014500783085973106, 'normalize_matrix': False}. Best is trial 1 with value: 0.01052415033768596.
EASE_R_Recommender: URM Detected 162 ( 1.3%) users with no interactions.
EASE_R_Recommender: URM Detected 77 ( 0.3%) items with no interactions.
EASE_R_Recommender: Fitting model... 
EASE_R_Recommender: Fitting model... done in 4.64 min
100%|██████████| 12638/12638 [00:44<00:00, 284.89it/s]
[I 2023-12-01 14:47:45,356] Trial 4 finished with value: 0.00864311221620824 and parameters: {'topK': 27, 'l2_norm': 0.00015723782182790685, 'normalize_matrix': False}. Best is trial 1 with value: 0.01052415033768596.
EASE_R_Recommender: URM Detected 162 ( 1.3%) users with no interactions.
EASE_R_Recommender: URM Detected 77 ( 0.3%) items with no interactions.
EASE_R_Recommender: Fitting model... 
EASE_R_Recommender: Fitting model... done in 4.71 min
100%|██████████| 12638/12638 [00:45<00:00, 278.50it/s]
[I 2023-12-01 14:53:31,093] Trial 5 finished with value: 0.005816483222986803 and parameters: {'topK': 26, 'l2_norm': 0.0006675276551699516, 'normalize_matrix': True}. Best is trial 1 with value: 0.01052415033768596.
EASE_R_Recommender: URM Detected 162 ( 1.3%) users with no interactions.
EASE_R_Recommender: URM Detected 77 ( 0.3%) items with no interactions.
EASE_R_Recommender: Fitting model... 
EASE_R_Recommender: Fitting model... done in 4.62 min
100%|██████████| 12638/12638 [00:45<00:00, 275.27it/s]
[I 2023-12-01 14:59:12,531] Trial 6 finished with value: 0.005826847362396154 and parameters: {'topK': 30, 'l2_norm': 0.000757621586609652, 'normalize_matrix': True}. Best is trial 1 with value: 0.01052415033768596.
EASE_R_Recommender: URM Detected 162 ( 1.3%) users with no interactions.
EASE_R_Recommender: URM Detected 77 ( 0.3%) items with no interactions.
EASE_R_Recommender: Fitting model... 
EASE_R_Recommender: Fitting model... done in 4.71 min
100%|██████████| 12638/12638 [00:47<00:00, 264.45it/s]
[I 2023-12-01 15:05:09,698] Trial 7 finished with value: 0.010039012849192194 and parameters: {'topK': 232, 'l2_norm': 0.00028466064619324263, 'normalize_matrix': False}. Best is trial 1 with value: 0.01052415033768596.
EASE_R_Recommender: URM Detected 162 ( 1.3%) users with no interactions.
EASE_R_Recommender: URM Detected 77 ( 0.3%) items with no interactions.
EASE_R_Recommender: Fitting model... 
EASE_R_Recommender: Fitting model... done in 4.77 min
100%|██████████| 12638/12638 [00:48<00:00, 262.24it/s]
[I 2023-12-01 15:11:09,764] Trial 8 finished with value: 0.004856359931948792 and parameters: {'topK': 196, 'l2_norm': 0.0006728408735912954, 'normalize_matrix': True}. Best is trial 1 with value: 0.01052415033768596.
EASE_R_Recommender: URM Detected 162 ( 1.3%) users with no interactions.
EASE_R_Recommender: URM Detected 77 ( 0.3%) items with no interactions.
EASE_R_Recommender: Fitting model... 
EASE_R_Recommender: Fitting model... done in 4.82 min
100%|██████████| 12638/12638 [00:47<00:00, 265.31it/s]
[I 2023-12-01 15:17:13,491] Trial 9 finished with value: 0.010984633805144531 and parameters: {'topK': 220, 'l2_norm': 0.0007894568498640435, 'normalize_matrix': False}. Best is trial 9 with value: 0.010984633805144531.
EASE_R_Recommender: URM Detected 162 ( 1.3%) users with no interactions.
EASE_R_Recommender: URM Detected 77 ( 0.3%) items with no interactions.
EASE_R_Recommender: Fitting model... 
EASE_R_Recommender: Fitting model... done in 4.78 min
100%|██████████| 12638/12638 [00:47<00:00, 264.69it/s]
[I 2023-12-01 15:23:17,704] Trial 10 finished with value: 0.010568939865439211 and parameters: {'topK': 294, 'l2_norm': 0.00043300592270163166, 'normalize_matrix': False}. Best is trial 9 with value: 0.010984633805144531.
EASE_R_Recommender: URM Detected 162 ( 1.3%) users with no interactions.
EASE_R_Recommender: URM Detected 77 ( 0.3%) items with no interactions.
EASE_R_Recommender: Fitting model... 
EASE_R_Recommender: Fitting model... done in 4.86 min
100%|██████████| 12638/12638 [00:49<00:00, 257.19it/s]
[I 2023-12-01 15:29:28,509] Trial 11 finished with value: 0.010500745612140655 and parameters: {'topK': 292, 'l2_norm': 0.00042529833791331615, 'normalize_matrix': False}. Best is trial 9 with value: 0.010984633805144531.
EASE_R_Recommender: URM Detected 162 ( 1.3%) users with no interactions.
EASE_R_Recommender: URM Detected 77 ( 0.3%) items with no interactions.
EASE_R_Recommender: Fitting model... 
EASE_R_Recommender: Fitting model... done in 4.89 min
100%|██████████| 12638/12638 [00:49<00:00, 254.63it/s]
[I 2023-12-01 15:35:41,588] Trial 12 finished with value: 0.010677779955881142 and parameters: {'topK': 300, 'l2_norm': 0.000467786632800102, 'normalize_matrix': False}. Best is trial 9 with value: 0.010984633805144531.
EASE_R_Recommender: URM Detected 162 ( 1.3%) users with no interactions.
EASE_R_Recommender: URM Detected 77 ( 0.3%) items with no interactions.
EASE_R_Recommender: Fitting model... 
EASE_R_Recommender: Fitting model... done in 4.87 min
100%|██████████| 12638/12638 [00:48<00:00, 259.22it/s]
[I 2023-12-01 15:41:51,394] Trial 13 finished with value: 0.01044857685214776 and parameters: {'topK': 253, 'l2_norm': 0.00050485262515458, 'normalize_matrix': False}. Best is trial 9 with value: 0.010984633805144531.
EASE_R_Recommender: URM Detected 162 ( 1.3%) users with no interactions.
EASE_R_Recommender: URM Detected 77 ( 0.3%) items with no interactions.
EASE_R_Recommender: Fitting model... 
EASE_R_Recommender: Fitting model... done in 4.89 min
100%|██████████| 12638/12638 [00:47<00:00, 264.37it/s]
[I 2023-12-01 15:47:54,456] Trial 14 finished with value: 0.010834473064556416 and parameters: {'topK': 105, 'l2_norm': 0.0008560780924551024, 'normalize_matrix': False}. Best is trial 9 with value: 0.010984633805144531.
EASE_R_Recommender: URM Detected 162 ( 1.3%) users with no interactions.
EASE_R_Recommender: URM Detected 77 ( 0.3%) items with no interactions.
EASE_R_Recommender: Fitting model... 
EASE_R_Recommender: Fitting model... done in 4.91 min
100%|██████████| 12638/12638 [00:47<00:00, 265.46it/s]
[I 2023-12-01 15:53:58,172] Trial 15 finished with value: 0.010648611776861055 and parameters: {'topK': 92, 'l2_norm': 0.0009496804115997814, 'normalize_matrix': False}. Best is trial 9 with value: 0.010984633805144531.
EASE_R_Recommender: URM Detected 162 ( 1.3%) users with no interactions.
EASE_R_Recommender: URM Detected 77 ( 0.3%) items with no interactions.
EASE_R_Recommender: Fitting model... 
EASE_R_Recommender: Fitting model... done in 4.81 min
100%|██████████| 12638/12638 [00:47<00:00, 267.17it/s]
[I 2023-12-01 15:59:55,274] Trial 16 finished with value: 0.01064664296146242 and parameters: {'topK': 84, 'l2_norm': 0.00085245449419834, 'normalize_matrix': False}. Best is trial 9 with value: 0.010984633805144531.
EASE_R_Recommender: URM Detected 162 ( 1.3%) users with no interactions.
EASE_R_Recommender: URM Detected 77 ( 0.3%) items with no interactions.
EASE_R_Recommender: Fitting model... 
EASE_R_Recommender: Fitting model... done in 4.93 min
100%|██████████| 12638/12638 [00:47<00:00, 266.92it/s]
[I 2023-12-01 16:06:00,515] Trial 17 finished with value: 0.010591434882656348 and parameters: {'topK': 109, 'l2_norm': 0.0007816926015702141, 'normalize_matrix': False}. Best is trial 9 with value: 0.010984633805144531.
EASE_R_Recommender: URM Detected 162 ( 1.3%) users with no interactions.
EASE_R_Recommender: URM Detected 77 ( 0.3%) items with no interactions.
EASE_R_Recommender: Fitting model... 
EASE_R_Recommender: Fitting model... done in 4.88 min
100%|██████████| 12638/12638 [00:48<00:00, 259.75it/s]
[I 2023-12-01 16:12:06,205] Trial 18 finished with value: 0.011212316176766856 and parameters: {'topK': 141, 'l2_norm': 0.0009756864345091626, 'normalize_matrix': False}. Best is trial 18 with value: 0.011212316176766856.
EASE_R_Recommender: URM Detected 162 ( 1.3%) users with no interactions.
EASE_R_Recommender: URM Detected 77 ( 0.3%) items with no interactions.
EASE_R_Recommender: Fitting model... 
EASE_R_Recommender: Fitting model... done in 4.73 min
100%|██████████| 12638/12638 [00:47<00:00, 264.31it/s]
[I 2023-12-01 16:18:00,893] Trial 19 finished with value: 0.01100275206062293 and parameters: {'topK': 135, 'l2_norm': 0.0009908936173327453, 'normalize_matrix': False}. Best is trial 18 with value: 0.011212316176766856.
EASE_R_Recommender: URM Detected 162 ( 1.3%) users with no interactions.
EASE_R_Recommender: URM Detected 77 ( 0.3%) items with no interactions.
EASE_R_Recommender: Fitting model... 
EASE_R_Recommender: Fitting model... done in 4.81 min
100%|██████████| 12638/12638 [00:46<00:00, 271.65it/s]
[I 2023-12-01 16:23:58,668] Trial 20 finished with value: 0.011111460370650743 and parameters: {'topK': 139, 'l2_norm': 0.000999555431486166, 'normalize_matrix': False}. Best is trial 18 with value: 0.011212316176766856.
EASE_R_Recommender: URM Detected 162 ( 1.3%) users with no interactions.
EASE_R_Recommender: URM Detected 77 ( 0.3%) items with no interactions.
EASE_R_Recommender: Fitting model... 
EASE_R_Recommender: Fitting model... done in 4.61 min
100%|██████████| 12638/12638 [00:46<00:00, 273.48it/s]
[I 2023-12-01 16:29:44,268] Trial 21 finished with value: 0.010945530781791427 and parameters: {'topK': 137, 'l2_norm': 0.0009937223312165627, 'normalize_matrix': False}. Best is trial 18 with value: 0.011212316176766856.
EASE_R_Recommender: URM Detected 162 ( 1.3%) users with no interactions.
EASE_R_Recommender: URM Detected 77 ( 0.3%) items with no interactions.
EASE_R_Recommender: Fitting model... 
EASE_R_Recommender: Fitting model... done in 4.64 min
100%|██████████| 12638/12638 [00:47<00:00, 268.04it/s]
[I 2023-12-01 16:35:32,248] Trial 22 finished with value: 0.011234666180396483 and parameters: {'topK': 141, 'l2_norm': 0.0009994071705781544, 'normalize_matrix': False}. Best is trial 22 with value: 0.011234666180396483.
EASE_R_Recommender: URM Detected 162 ( 1.3%) users with no interactions.
EASE_R_Recommender: URM Detected 77 ( 0.3%) items with no interactions.
EASE_R_Recommender: Fitting model... 
EASE_R_Recommender: Fitting model... done in 4.67 min
100%|██████████| 12638/12638 [00:47<00:00, 267.68it/s]
[I 2023-12-01 16:41:20,417] Trial 23 finished with value: 0.010839089291478376 and parameters: {'topK': 63, 'l2_norm': 0.0009074695123662178, 'normalize_matrix': False}. Best is trial 22 with value: 0.011234666180396483.
EASE_R_Recommender: URM Detected 162 ( 1.3%) users with no interactions.
EASE_R_Recommender: URM Detected 77 ( 0.3%) items with no interactions.
EASE_R_Recommender: Fitting model... 
EASE_R_Recommender: Fitting model... done in 4.76 min
100%|██████████| 12638/12638 [00:47<00:00, 265.95it/s]
[I 2023-12-01 16:47:15,842] Trial 24 finished with value: 0.01108815193562173 and parameters: {'topK': 126, 'l2_norm': 0.0009135715842807509, 'normalize_matrix': False}. Best is trial 22 with value: 0.011234666180396483.
EASE_R_Recommender: URM Detected 162 ( 1.3%) users with no interactions.
EASE_R_Recommender: URM Detected 77 ( 0.3%) items with no interactions.
EASE_R_Recommender: Fitting model... 
EASE_R_Recommender: Fitting model... done in 4.82 min
100%|██████████| 12638/12638 [00:47<00:00, 265.90it/s]
[I 2023-12-01 16:53:16,523] Trial 25 finished with value: 0.011148896412373113 and parameters: {'topK': 160, 'l2_norm': 0.0009968625217970275, 'normalize_matrix': False}. Best is trial 22 with value: 0.011234666180396483.
EASE_R_Recommender: URM Detected 162 ( 1.3%) users with no interactions.
EASE_R_Recommender: URM Detected 77 ( 0.3%) items with no interactions.
EASE_R_Recommender: Fitting model... 
EASE_R_Recommender: Fitting model... done in 4.79 min
100%|██████████| 12638/12638 [00:48<00:00, 262.67it/s]
[I 2023-12-01 16:59:16,039] Trial 26 finished with value: 0.005074657465215638 and parameters: {'topK': 171, 'l2_norm': 0.0008923835374129784, 'normalize_matrix': True}. Best is trial 22 with value: 0.011234666180396483.
EASE_R_Recommender: URM Detected 162 ( 1.3%) users with no interactions.
EASE_R_Recommender: URM Detected 77 ( 0.3%) items with no interactions.
EASE_R_Recommender: Fitting model... 
EASE_R_Recommender: Fitting model... done in 4.71 min
100%|██████████| 12638/12638 [00:48<00:00, 262.56it/s]
[I 2023-12-01 17:05:10,397] Trial 27 finished with value: 0.011052530827642721 and parameters: {'topK': 156, 'l2_norm': 0.0009052292660643912, 'normalize_matrix': False}. Best is trial 22 with value: 0.011234666180396483.
EASE_R_Recommender: URM Detected 162 ( 1.3%) users with no interactions.
EASE_R_Recommender: URM Detected 77 ( 0.3%) items with no interactions.
EASE_R_Recommender: Fitting model... 
EASE_R_Recommender: Fitting model... done in 4.83 min
100%|██████████| 12638/12638 [00:46<00:00, 269.90it/s]
[I 2023-12-01 17:11:07,011] Trial 28 finished with value: 0.010728496169458082 and parameters: {'topK': 72, 'l2_norm': 0.0008102796539095605, 'normalize_matrix': False}. Best is trial 22 with value: 0.011234666180396483.
EASE_R_Recommender: URM Detected 162 ( 1.3%) users with no interactions.
EASE_R_Recommender: URM Detected 77 ( 0.3%) items with no interactions.
EASE_R_Recommender: Fitting model... 
EASE_R_Recommender: Fitting model... done in 4.76 min
100%|██████████| 12638/12638 [00:48<00:00, 258.85it/s]
[I 2023-12-01 17:17:06,709] Trial 29 finished with value: 0.004992021533921666 and parameters: {'topK': 199, 'l2_norm': 0.0008497513872575358, 'normalize_matrix': True}. Best is trial 22 with value: 0.011234666180396483.
EASE_R_Recommender: URM Detected 162 ( 1.3%) users with no interactions.
EASE_R_Recommender: URM Detected 77 ( 0.3%) items with no interactions.
EASE_R_Recommender: Fitting model... 
EASE_R_Recommender: Fitting model... done in 4.73 min
100%|██████████| 12638/12638 [00:46<00:00, 273.91it/s]
[I 2023-12-01 17:23:00,515] Trial 30 finished with value: 0.011032844768472973 and parameters: {'topK': 169, 'l2_norm': 0.0009256452289207175, 'normalize_matrix': False}. Best is trial 22 with value: 0.011234666180396483.
EASE_R_Recommender: URM Detected 162 ( 1.3%) users with no interactions.
EASE_R_Recommender: URM Detected 77 ( 0.3%) items with no interactions.
EASE_R_Recommender: Fitting model... 
EASE_R_Recommender: Fitting model... done in 4.72 min
100%|██████████| 12638/12638 [00:47<00:00, 268.33it/s]
[I 2023-12-01 17:28:52,888] Trial 31 finished with value: 0.010977357871114523 and parameters: {'topK': 117, 'l2_norm': 0.0009645049522273719, 'normalize_matrix': False}. Best is trial 22 with value: 0.011234666180396483.
EASE_R_Recommender: URM Detected 162 ( 1.3%) users with no interactions.
EASE_R_Recommender: URM Detected 77 ( 0.3%) items with no interactions.
EASE_R_Recommender: Fitting model... 
EASE_R_Recommender: Fitting model... done in 4.71 min
100%|██████████| 12638/12638 [00:47<00:00, 265.65it/s]
[I 2023-12-01 17:34:47,260] Trial 32 finished with value: 0.011230563270738795 and parameters: {'topK': 153, 'l2_norm': 0.000994775376059995, 'normalize_matrix': False}. Best is trial 22 with value: 0.011234666180396483.
EASE_R_Recommender: URM Detected 162 ( 1.3%) users with no interactions.
EASE_R_Recommender: URM Detected 77 ( 0.3%) items with no interactions.
EASE_R_Recommender: Fitting model... 
EASE_R_Recommender: Fitting model... done in 4.80 min
100%|██████████| 12638/12638 [00:47<00:00, 268.64it/s]
[I 2023-12-01 17:40:46,339] Trial 33 finished with value: 0.011185587151200474 and parameters: {'topK': 157, 'l2_norm': 0.000997486179470506, 'normalize_matrix': False}. Best is trial 22 with value: 0.011234666180396483.
EASE_R_Recommender: URM Detected 162 ( 1.3%) users with no interactions.
EASE_R_Recommender: URM Detected 77 ( 0.3%) items with no interactions.
EASE_R_Recommender: Fitting model... 
EASE_R_Recommender: Fitting model... done in 4.72 min
100%|██████████| 12638/12638 [00:47<00:00, 263.67it/s]
[I 2023-12-01 17:46:42,960] Trial 34 finished with value: 0.01119901202815779 and parameters: {'topK': 195, 'l2_norm': 0.0009297865496040254, 'normalize_matrix': False}. Best is trial 22 with value: 0.011234666180396483.
EASE_R_Recommender: URM Detected 162 ( 1.3%) users with no interactions.
EASE_R_Recommender: URM Detected 77 ( 0.3%) items with no interactions.
EASE_R_Recommender: Fitting model... 
EASE_R_Recommender: Fitting model... done in 4.76 min
100%|██████████| 12638/12638 [00:46<00:00, 270.55it/s]
[I 2023-12-01 17:52:39,255] Trial 35 finished with value: 0.010994869328270773 and parameters: {'topK': 181, 'l2_norm': 0.0009300398888421155, 'normalize_matrix': False}. Best is trial 22 with value: 0.011234666180396483.
EASE_R_Recommender: URM Detected 162 ( 1.3%) users with no interactions.
EASE_R_Recommender: URM Detected 77 ( 0.3%) items with no interactions.
EASE_R_Recommender: Fitting model... 
EASE_R_Recommender: Fitting model... done in 4.73 min
100%|██████████| 12638/12638 [00:48<00:00, 260.16it/s]
[I 2023-12-01 17:58:37,398] Trial 36 finished with value: 0.004930639576912101 and parameters: {'topK': 191, 'l2_norm': 0.0007389862097805654, 'normalize_matrix': True}. Best is trial 22 with value: 0.011234666180396483.
EASE_R_Recommender: URM Detected 162 ( 1.3%) users with no interactions.
EASE_R_Recommender: URM Detected 77 ( 0.3%) items with no interactions.
EASE_R_Recommender: Fitting model... 
EASE_R_Recommender: Fitting model... done in 4.71 min
100%|██████████| 12638/12638 [00:48<00:00, 261.01it/s]
[I 2023-12-01 18:04:35,737] Trial 37 finished with value: 0.011130287380311953 and parameters: {'topK': 249, 'l2_norm': 0.0008581283915571204, 'normalize_matrix': False}. Best is trial 22 with value: 0.011234666180396483.
EASE_R_Recommender: URM Detected 162 ( 1.3%) users with no interactions.
EASE_R_Recommender: URM Detected 77 ( 0.3%) items with no interactions.
EASE_R_Recommender: Fitting model... 
EASE_R_Recommender: Fitting model... done in 4.69 min
100%|██████████| 12638/12638 [00:46<00:00, 269.76it/s]
[I 2023-12-01 18:10:27,030] Trial 38 finished with value: 0.010833720590917284 and parameters: {'topK': 143, 'l2_norm': 0.000722379546037748, 'normalize_matrix': False}. Best is trial 22 with value: 0.011234666180396483.
EASE_R_Recommender: URM Detected 162 ( 1.3%) users with no interactions.
EASE_R_Recommender: URM Detected 77 ( 0.3%) items with no interactions.
EASE_R_Recommender: Fitting model... 
EASE_R_Recommender: Fitting model... done in 4.66 min
100%|██████████| 12638/12638 [00:47<00:00, 267.48it/s]
[I 2023-12-01 18:16:13,129] Trial 39 finished with value: 0.005582885116891415 and parameters: {'topK': 56, 'l2_norm': 0.0008214192464642655, 'normalize_matrix': True}. Best is trial 22 with value: 0.011234666180396483.
EASE_R_Recommender: URM Detected 162 ( 1.3%) users with no interactions.
EASE_R_Recommender: URM Detected 77 ( 0.3%) items with no interactions.
EASE_R_Recommender: Fitting model... 
EASE_R_Recommender: Fitting model... done in 4.74 min
100%|██████████| 12638/12638 [00:47<00:00, 264.46it/s]
[I 2023-12-01 18:22:11,707] Trial 40 finished with value: 0.01128726064604221 and parameters: {'topK': 228, 'l2_norm': 0.0009443622064037114, 'normalize_matrix': False}. Best is trial 40 with value: 0.01128726064604221.
EASE_R_Recommender: URM Detected 162 ( 1.3%) users with no interactions.
EASE_R_Recommender: URM Detected 77 ( 0.3%) items with no interactions.
EASE_R_Recommender: Fitting model... 
EASE_R_Recommender: Fitting model... done in 4.66 min
100%|██████████| 12638/12638 [00:47<00:00, 264.50it/s]
