[I 2023-11-25 15:30:21,526] A new study created in memory with name: no-name-7b9c2667-ab36-4c09-a3c1-462eb7779598
SLIMElasticNetRecommender: URM Detected 156 ( 1.2%) users with no interactions.
SLIMElasticNetRecommender: URM Detected 71 ( 0.3%) items with no interactions.
SLIMElasticNetRecommender: Processed 22222 (100.0%) in 2.63 min. Items per second: 141.01
100%|██████████| 12638/12638 [00:50<00:00, 250.14it/s]
[I 2023-11-25 15:33:49,670] Trial 0 finished with value: 0.0016598418478387766 and parameters: {'topK': 868, 'l1_ratio': 0.7050754732308735, 'alpha': 0.8360457168872885}. Best is trial 0 with value: 0.0016598418478387766.
SLIMElasticNetRecommender: URM Detected 156 ( 1.2%) users with no interactions.
SLIMElasticNetRecommender: URM Detected 71 ( 0.3%) items with no interactions.
SLIMElasticNetRecommender: Processed 22222 (100.0%) in 2.62 min. Items per second: 141.32
100%|██████████| 12638/12638 [00:50<00:00, 251.20it/s]
[I 2023-11-25 15:37:17,251] Trial 1 finished with value: 0.0016598418478387766 and parameters: {'topK': 2257, 'l1_ratio': 0.08272913581769858, 'alpha': 0.7494841586607445}. Best is trial 0 with value: 0.0016598418478387766.
SLIMElasticNetRecommender: URM Detected 156 ( 1.2%) users with no interactions.
SLIMElasticNetRecommender: URM Detected 71 ( 0.3%) items with no interactions.
SLIMElasticNetRecommender: Processed 22222 (100.0%) in 2.60 min. Items per second: 142.52
100%|██████████| 12638/12638 [00:49<00:00, 253.09it/s]
[I 2023-11-25 15:40:43,126] Trial 2 finished with value: 0.0016598418478387766 and parameters: {'topK': 9483, 'l1_ratio': 0.6738242749759625, 'alpha': 0.7871518658107816}. Best is trial 0 with value: 0.0016598418478387766.
SLIMElasticNetRecommender: URM Detected 156 ( 1.2%) users with no interactions.
SLIMElasticNetRecommender: URM Detected 71 ( 0.3%) items with no interactions.
SLIMElasticNetRecommender: Processed 22222 (100.0%) in 2.61 min. Items per second: 141.63
100%|██████████| 12638/12638 [00:49<00:00, 252.88it/s]
[I 2023-11-25 15:44:10,021] Trial 3 finished with value: 0.0016598418478387766 and parameters: {'topK': 2090, 'l1_ratio': 0.7493240205500933, 'alpha': 0.5668043654791026}. Best is trial 0 with value: 0.0016598418478387766.
SLIMElasticNetRecommender: URM Detected 156 ( 1.2%) users with no interactions.
SLIMElasticNetRecommender: URM Detected 71 ( 0.3%) items with no interactions.
SLIMElasticNetRecommender: Processed 22222 (100.0%) in 2.67 min. Items per second: 138.84
100%|██████████| 12638/12638 [00:51<00:00, 243.29it/s]
[I 2023-11-25 15:47:42,037] Trial 4 finished with value: 0.007671536337766651 and parameters: {'topK': 8674, 'l1_ratio': 0.026637977358979947, 'alpha': 0.9913565934269278}. Best is trial 4 with value: 0.007671536337766651.
SLIMElasticNetRecommender: URM Detected 156 ( 1.2%) users with no interactions.
SLIMElasticNetRecommender: URM Detected 71 ( 0.3%) items with no interactions.
SLIMElasticNetRecommender: Processed 22222 (100.0%) in 2.64 min. Items per second: 140.45
100%|██████████| 12638/12638 [00:52<00:00, 241.72it/s]
[I 2023-11-25 15:51:12,560] Trial 5 finished with value: 0.0016598418478387766 and parameters: {'topK': 8425, 'l1_ratio': 0.5004279895068451, 'alpha': 0.9522488315562235}. Best is trial 4 with value: 0.007671536337766651.
SLIMElasticNetRecommender: URM Detected 156 ( 1.2%) users with no interactions.
SLIMElasticNetRecommender: URM Detected 71 ( 0.3%) items with no interactions.
SLIMElasticNetRecommender: Processed 22222 (100.0%) in 3.09 min. Items per second: 119.68
100%|██████████| 12638/12638 [01:14<00:00, 170.23it/s]
[I 2023-11-25 15:55:32,495] Trial 6 finished with value: 0.0016598418478387766 and parameters: {'topK': 3964, 'l1_ratio': 0.5957908794651493, 'alpha': 0.7630347208565772}. Best is trial 4 with value: 0.007671536337766651.
SLIMElasticNetRecommender: URM Detected 156 ( 1.2%) users with no interactions.
SLIMElasticNetRecommender: URM Detected 71 ( 0.3%) items with no interactions.
SLIMElasticNetRecommender: Processed 22222 (100.0%) in 3.48 min. Items per second: 106.38
100%|██████████| 12638/12638 [01:04<00:00, 196.83it/s]
[I 2023-11-25 16:00:05,625] Trial 7 finished with value: 0.0016598418478387766 and parameters: {'topK': 6437, 'l1_ratio': 0.2410778198685614, 'alpha': 0.3451588936124842}. Best is trial 4 with value: 0.007671536337766651.
SLIMElasticNetRecommender: URM Detected 156 ( 1.2%) users with no interactions.
SLIMElasticNetRecommender: URM Detected 71 ( 0.3%) items with no interactions.
SLIMElasticNetRecommender: Processed 22222 (100.0%) in 3.16 min. Items per second: 117.18
100%|██████████| 12638/12638 [00:51<00:00, 245.07it/s]
[I 2023-11-25 16:04:06,868] Trial 8 finished with value: 0.03343271899478169 and parameters: {'topK': 1982, 'l1_ratio': 0.06132019303161426, 'alpha': 0.14961032379179173}. Best is trial 8 with value: 0.03343271899478169.
SLIMElasticNetRecommender: URM Detected 156 ( 1.2%) users with no interactions.
SLIMElasticNetRecommender: URM Detected 71 ( 0.3%) items with no interactions.
SLIMElasticNetRecommender: Processed 22222 (100.0%) in 2.64 min. Items per second: 140.08
100%|██████████| 12638/12638 [00:51<00:00, 244.08it/s]
[I 2023-11-25 16:07:37,304] Trial 9 finished with value: 0.0016598418478387766 and parameters: {'topK': 491, 'l1_ratio': 0.8802872220597499, 'alpha': 0.5499741029750114}. Best is trial 8 with value: 0.03343271899478169.
SLIMElasticNetRecommender: URM Detected 156 ( 1.2%) users with no interactions.
SLIMElasticNetRecommender: URM Detected 71 ( 0.3%) items with no interactions.
SLIMElasticNetRecommender: Processed 22222 (100.0%) in 2.69 min. Items per second: 137.43
100%|██████████| 12638/12638 [00:51<00:00, 243.32it/s]
[I 2023-11-25 16:11:11,101] Trial 10 finished with value: 0.03837819193020968 and parameters: {'topK': 4831, 'l1_ratio': 0.29941257961140677, 'alpha': 0.02485442829601013}. Best is trial 10 with value: 0.03837819193020968.
SLIMElasticNetRecommender: URM Detected 156 ( 1.2%) users with no interactions.
SLIMElasticNetRecommender: URM Detected 71 ( 0.3%) items with no interactions.
SLIMElasticNetRecommender: Processed 22222 (100.0%) in 2.77 min. Items per second: 133.51
100%|██████████| 12638/12638 [00:52<00:00, 239.01it/s]
[I 2023-11-25 16:14:50,465] Trial 11 finished with value: 0.03942908680799958 and parameters: {'topK': 5437, 'l1_ratio': 0.2973293131608601, 'alpha': 0.024170728875611256}. Best is trial 11 with value: 0.03942908680799958.
SLIMElasticNetRecommender: URM Detected 156 ( 1.2%) users with no interactions.
SLIMElasticNetRecommender: URM Detected 71 ( 0.3%) items with no interactions.
SLIMElasticNetRecommender: Processed 22222 (100.0%) in 3.26 min. Items per second: 113.62
100%|██████████| 12638/12638 [01:01<00:00, 207.16it/s]
[I 2023-11-25 16:19:07,098] Trial 12 finished with value: 0.06664875651673996 and parameters: {'topK': 5254, 'l1_ratio': 0.34859442782105776, 'alpha': 0.0052488982972792655}. Best is trial 12 with value: 0.06664875651673996.
SLIMElasticNetRecommender: URM Detected 156 ( 1.2%) users with no interactions.
SLIMElasticNetRecommender: URM Detected 71 ( 0.3%) items with no interactions.
SLIMElasticNetRecommender: Processed 22222 (100.0%) in 3.26 min. Items per second: 113.71
100%|██████████| 12638/12638 [00:55<00:00, 228.49it/s]
[I 2023-11-25 16:23:17,880] Trial 13 finished with value: 0.06616592237200755 and parameters: {'topK': 6662, 'l1_ratio': 0.384613928880675, 'alpha': 0.004912562836709489}. Best is trial 12 with value: 0.06664875651673996.
SLIMElasticNetRecommender: URM Detected 156 ( 1.2%) users with no interactions.
SLIMElasticNetRecommender: URM Detected 71 ( 0.3%) items with no interactions.
SLIMElasticNetRecommender: Processed 22222 (100.0%) in 2.87 min. Items per second: 128.85
100%|██████████| 12638/12638 [01:02<00:00, 202.06it/s]
[I 2023-11-25 16:27:12,943] Trial 14 finished with value: 0.0016598418478387766 and parameters: {'topK': 6937, 'l1_ratio': 0.41826626630757596, 'alpha': 0.224880378775048}. Best is trial 12 with value: 0.06664875651673996.
SLIMElasticNetRecommender: URM Detected 156 ( 1.2%) users with no interactions.
SLIMElasticNetRecommender: URM Detected 71 ( 0.3%) items with no interactions.
SLIMElasticNetRecommender: Processed 22222 (100.0%) in 2.94 min. Items per second: 126.17
100%|██████████| 12638/12638 [01:01<00:00, 205.38it/s]
[I 2023-11-25 16:31:10,654] Trial 15 finished with value: 0.0016598418478387766 and parameters: {'topK': 6921, 'l1_ratio': 0.43935470912860114, 'alpha': 0.20977737717956574}. Best is trial 12 with value: 0.06664875651673996.
SLIMElasticNetRecommender: URM Detected 156 ( 1.2%) users with no interactions.
SLIMElasticNetRecommender: URM Detected 71 ( 0.3%) items with no interactions.
SLIMElasticNetRecommender: Processed 22222 (100.0%) in 3.06 min. Items per second: 120.87
100%|██████████| 12638/12638 [01:01<00:00, 204.54it/s]
[I 2023-11-25 16:35:16,348] Trial 16 finished with value: 0.04810808209168034 and parameters: {'topK': 3977, 'l1_ratio': 0.19585896333573294, 'alpha': 0.02453854180299015}. Best is trial 12 with value: 0.06664875651673996.
SLIMElasticNetRecommender: URM Detected 156 ( 1.2%) users with no interactions.
SLIMElasticNetRecommender: URM Detected 71 ( 0.3%) items with no interactions.
SLIMElasticNetRecommender: Processed 22222 (100.0%) in 2.99 min. Items per second: 123.74
100%|██████████| 12638/12638 [01:00<00:00, 209.02it/s]
[I 2023-11-25 16:39:16,450] Trial 17 finished with value: 0.0016598418478387766 and parameters: {'topK': 5667, 'l1_ratio': 0.3659345374606989, 'alpha': 0.37190694835706073}. Best is trial 12 with value: 0.06664875651673996.
SLIMElasticNetRecommender: URM Detected 156 ( 1.2%) users with no interactions.
SLIMElasticNetRecommender: URM Detected 71 ( 0.3%) items with no interactions.
SLIMElasticNetRecommender: Processed 22222 (100.0%) in 2.79 min. Items per second: 132.53
100%|██████████| 12638/12638 [00:54<00:00, 231.86it/s]
[I 2023-11-25 16:42:58,674] Trial 18 finished with value: 0.0016598418478387766 and parameters: {'topK': 8160, 'l1_ratio': 0.5341616229082498, 'alpha': 0.1505765156434425}. Best is trial 12 with value: 0.06664875651673996.
SLIMElasticNetRecommender: URM Detected 156 ( 1.2%) users with no interactions.
SLIMElasticNetRecommender: URM Detected 71 ( 0.3%) items with no interactions.
SLIMElasticNetRecommender: Processed 22222 (100.0%) in 2.71 min. Items per second: 136.70
100%|██████████| 12638/12638 [00:54<00:00, 232.91it/s]
[I 2023-11-25 16:46:35,546] Trial 19 finished with value: 0.019012149391104228 and parameters: {'topK': 3850, 'l1_ratio': 0.1629773346264261, 'alpha': 0.1063528053801093}. Best is trial 12 with value: 0.06664875651673996.
SLIMElasticNetRecommender: URM Detected 156 ( 1.2%) users with no interactions.
SLIMElasticNetRecommender: URM Detected 71 ( 0.3%) items with no interactions.
SLIMElasticNetRecommender: Processed 22222 (100.0%) in 2.72 min. Items per second: 136.17
100%|██████████| 12638/12638 [00:57<00:00, 220.75it/s]
[I 2023-11-25 16:50:16,038] Trial 20 finished with value: 0.0016598418478387766 and parameters: {'topK': 7680, 'l1_ratio': 0.32411722918977637, 'alpha': 0.29234972747728416}. Best is trial 12 with value: 0.06664875651673996.
SLIMElasticNetRecommender: URM Detected 156 ( 1.2%) users with no interactions.
SLIMElasticNetRecommender: URM Detected 71 ( 0.3%) items with no interactions.
SLIMElasticNetRecommender: Processed 22222 (100.0%) in 4.57 min. Items per second: 81.12
100%|██████████| 12638/12638 [00:59<00:00, 213.04it/s]
[I 2023-11-25 16:55:49,361] Trial 21 finished with value: 0.08465483785848378 and parameters: {'topK': 3753, 'l1_ratio': 0.22164145297192858, 'alpha': 0.002392202395239973}. Best is trial 21 with value: 0.08465483785848378.
SLIMElasticNetRecommender: URM Detected 156 ( 1.2%) users with no interactions.
SLIMElasticNetRecommender: URM Detected 71 ( 0.3%) items with no interactions.
SLIMElasticNetRecommender: Processed 22222 (100.0%) in 2.77 min. Items per second: 133.65
100%|██████████| 12638/12638 [00:54<00:00, 230.33it/s]
[I 2023-11-25 16:59:30,545] Trial 22 finished with value: 0.0016598418478387766 and parameters: {'topK': 3087, 'l1_ratio': 0.3979784924425499, 'alpha': 0.09200057809994375}. Best is trial 21 with value: 0.08465483785848378.
SLIMElasticNetRecommender: URM Detected 156 ( 1.2%) users with no interactions.
SLIMElasticNetRecommender: URM Detected 71 ( 0.3%) items with no interactions.
SLIMElasticNetRecommender: Processed 22222 (100.0%) in 3.04 min. Items per second: 121.74
100%|██████████| 12638/12638 [00:53<00:00, 234.47it/s]
[I 2023-11-25 17:03:27,024] Trial 23 finished with value: 0.06681128907857152 and parameters: {'topK': 4542, 'l1_ratio': 0.14849648371612495, 'alpha': 0.011447829989169888}. Best is trial 21 with value: 0.08465483785848378.
SLIMElasticNetRecommender: URM Detected 156 ( 1.2%) users with no interactions.
SLIMElasticNetRecommender: URM Detected 71 ( 0.3%) items with no interactions.
SLIMElasticNetRecommender: Processed 22222 (100.0%) in 2.75 min. Items per second: 134.68
100%|██████████| 12638/12638 [00:53<00:00, 237.13it/s]
[I 2023-11-25 17:07:05,368] Trial 24 finished with value: 0.032691543740854666 and parameters: {'topK': 4757, 'l1_ratio': 0.14069090592691136, 'alpha': 0.0700535680637498}. Best is trial 21 with value: 0.08465483785848378.
SLIMElasticNetRecommender: URM Detected 156 ( 1.2%) users with no interactions.
SLIMElasticNetRecommender: URM Detected 71 ( 0.3%) items with no interactions.
SLIMElasticNetRecommender: Processed 22222 (100.0%) in 2.72 min. Items per second: 136.00
100%|██████████| 12638/12638 [00:54<00:00, 232.61it/s]
[I 2023-11-25 17:10:43,140] Trial 25 finished with value: 0.0016598418478387766 and parameters: {'topK': 3146, 'l1_ratio': 0.2567365300930524, 'alpha': 0.14592834585863157}. Best is trial 21 with value: 0.08465483785848378.
SLIMElasticNetRecommender: URM Detected 156 ( 1.2%) users with no interactions.
SLIMElasticNetRecommender: URM Detected 71 ( 0.3%) items with no interactions.
SLIMElasticNetRecommender: Processed 22222 (100.0%) in 2.70 min. Items per second: 136.96
100%|██████████| 12638/12638 [00:53<00:00, 237.51it/s]
[I 2023-11-25 17:14:18,648] Trial 26 finished with value: 0.0016598418478387766 and parameters: {'topK': 5913, 'l1_ratio': 0.1388233560268559, 'alpha': 0.2162072615742358}. Best is trial 21 with value: 0.08465483785848378.
SLIMElasticNetRecommender: URM Detected 156 ( 1.2%) users with no interactions.
SLIMElasticNetRecommender: URM Detected 71 ( 0.3%) items with no interactions.
SLIMElasticNetRecommender: Processed 22222 (100.0%) in 2.66 min. Items per second: 139.45
100%|██████████| 12638/12638 [00:52<00:00, 241.65it/s]
[I 2023-11-25 17:17:50,353] Trial 27 finished with value: 0.016491632040975153 and parameters: {'topK': 4595, 'l1_ratio': 0.2317283830367719, 'alpha': 0.08042795194082533}. Best is trial 21 with value: 0.08465483785848378.
SLIMElasticNetRecommender: URM Detected 156 ( 1.2%) users with no interactions.
SLIMElasticNetRecommender: URM Detected 71 ( 0.3%) items with no interactions.
SLIMElasticNetRecommender: Processed 22222 (100.0%) in 3.00 min. Items per second: 123.32
100%|██████████| 12638/12638 [00:53<00:00, 238.31it/s]
[I 2023-11-25 17:21:43,626] Trial 28 finished with value: 0.0686486548666099 and parameters: {'topK': 2976, 'l1_ratio': 0.11925393436843641, 'alpha': 0.012379631495271319}. Best is trial 21 with value: 0.08465483785848378.
SLIMElasticNetRecommender: URM Detected 156 ( 1.2%) users with no interactions.
SLIMElasticNetRecommender: URM Detected 71 ( 0.3%) items with no interactions.
SLIMElasticNetRecommender: Processed 22222 (100.0%) in 2.72 min. Items per second: 136.07
100%|██████████| 12638/12638 [00:52<00:00, 238.53it/s]
[I 2023-11-25 17:25:19,971] Trial 29 finished with value: 0.04735314782389133 and parameters: {'topK': 1304, 'l1_ratio': 0.008960138010784338, 'alpha': 0.42318749389620947}. Best is trial 21 with value: 0.08465483785848378.
SLIMElasticNetRecommender: URM Detected 156 ( 1.2%) users with no interactions.
SLIMElasticNetRecommender: URM Detected 71 ( 0.3%) items with no interactions.
SLIMElasticNetRecommender: Processed 22222 (100.0%) in 2.67 min. Items per second: 138.48
100%|██████████| 12638/12638 [00:52<00:00, 238.71it/s]
[I 2023-11-25 17:28:53,436] Trial 30 finished with value: 0.0016598418478387766 and parameters: {'topK': 2669, 'l1_ratio': 0.1192676536356339, 'alpha': 0.26802279119786876}. Best is trial 21 with value: 0.08465483785848378.
SLIMElasticNetRecommender: URM Detected 156 ( 1.2%) users with no interactions.
SLIMElasticNetRecommender: URM Detected 71 ( 0.3%) items with no interactions.
SLIMElasticNetRecommender: Processed 9906 (44.6%) in 5.00 min. Items per second: 33.01
SLIMElasticNetRecommender: Processed 21658 (97.5%) in 10.00 min. Items per second: 36.09
SLIMElasticNetRecommender: Processed 22222 (100.0%) in 10.23 min. Items per second: 36.20
100%|██████████| 12638/12638 [00:59<00:00, 213.53it/s]
[I 2023-11-25 17:40:06,475] Trial 31 finished with value: 0.09312510698806716 and parameters: {'topK': 3705, 'l1_ratio': 0.09012569349129848, 'alpha': 0.0010225170285088382}. Best is trial 31 with value: 0.09312510698806716.
SLIMElasticNetRecommender: URM Detected 156 ( 1.2%) users with no interactions.
SLIMElasticNetRecommender: URM Detected 71 ( 0.3%) items with no interactions.
SLIMElasticNetRecommender: Processed 22222 (100.0%) in 2.63 min. Items per second: 140.69
100%|██████████| 12638/12638 [00:50<00:00, 249.32it/s]
[I 2023-11-25 17:43:35,173] Trial 32 finished with value: 0.03264001586121441 and parameters: {'topK': 3416, 'l1_ratio': 0.09630236844816248, 'alpha': 0.10237023052830621}. Best is trial 31 with value: 0.09312510698806716.
SLIMElasticNetRecommender: URM Detected 156 ( 1.2%) users with no interactions.
SLIMElasticNetRecommender: URM Detected 71 ( 0.3%) items with no interactions.
SLIMElasticNetRecommender: Processed 22222 (100.0%) in 2.63 min. Items per second: 140.80
100%|██████████| 12638/12638 [00:52<00:00, 242.46it/s]
[I 2023-11-25 17:47:05,166] Trial 33 finished with value: 0.027952849271694256 and parameters: {'topK': 1561, 'l1_ratio': 0.07826688661132115, 'alpha': 0.1647581682201212}. Best is trial 31 with value: 0.09312510698806716.
SLIMElasticNetRecommender: URM Detected 156 ( 1.2%) users with no interactions.
SLIMElasticNetRecommender: URM Detected 71 ( 0.3%) items with no interactions.
SLIMElasticNetRecommender: Processed 22222 (100.0%) in 2.60 min. Items per second: 142.25
100%|██████████| 12638/12638 [00:50<00:00, 251.24it/s]
[I 2023-11-25 17:50:31,731] Trial 34 finished with value: 0.02117239939775028 and parameters: {'topK': 2608, 'l1_ratio': 0.2145507004895992, 'alpha': 0.07273621651656918}. Best is trial 31 with value: 0.09312510698806716.
SLIMElasticNetRecommender: URM Detected 156 ( 1.2%) users with no interactions.
SLIMElasticNetRecommender: URM Detected 71 ( 0.3%) items with no interactions.
SLIMElasticNetRecommender: Processed 15060 (67.8%) in 5.00 min. Items per second: 50.19
SLIMElasticNetRecommender: Processed 22222 (100.0%) in 6.63 min. Items per second: 55.84
100%|██████████| 12638/12638 [00:57<00:00, 220.82it/s]
[I 2023-11-25 17:58:07,000] Trial 35 finished with value: 0.08744441764788191 and parameters: {'topK': 3957, 'l1_ratio': 0.02182416868394027, 'alpha': 0.010548996399236966}. Best is trial 31 with value: 0.09312510698806716.
SLIMElasticNetRecommender: URM Detected 156 ( 1.2%) users with no interactions.
SLIMElasticNetRecommender: URM Detected 71 ( 0.3%) items with no interactions.
SLIMElasticNetRecommender: Processed 22222 (100.0%) in 4.16 min. Items per second: 89.00
100%|██████████| 12638/12638 [00:52<00:00, 238.73it/s]
[I 2023-11-25 18:03:09,663] Trial 36 finished with value: 0.06637678609283086 and parameters: {'topK': 4027, 'l1_ratio': 0.002237681899482008, 'alpha': 0.18245408494642085}. Best is trial 31 with value: 0.09312510698806716.
SLIMElasticNetRecommender: URM Detected 156 ( 1.2%) users with no interactions.
SLIMElasticNetRecommender: URM Detected 71 ( 0.3%) items with no interactions.
SLIMElasticNetRecommender: Processed 22222 (100.0%) in 2.62 min. Items per second: 141.18
100%|██████████| 12638/12638 [00:50<00:00, 249.30it/s]
[I 2023-11-25 18:06:37,807] Trial 37 finished with value: 0.040020096915592676 and parameters: {'topK': 2177, 'l1_ratio': 0.05095589645853621, 'alpha': 0.13142591397067852}. Best is trial 31 with value: 0.09312510698806716.
SLIMElasticNetRecommender: URM Detected 156 ( 1.2%) users with no interactions.
SLIMElasticNetRecommender: URM Detected 71 ( 0.3%) items with no interactions.
SLIMElasticNetRecommender: Processed 22222 (100.0%) in 2.71 min. Items per second: 136.88
100%|██████████| 12638/12638 [00:56<00:00, 222.51it/s]
[I 2023-11-25 18:10:16,993] Trial 38 finished with value: 0.04712801735809609 and parameters: {'topK': 3488, 'l1_ratio': 0.0754602023847118, 'alpha': 0.06453296613087281}. Best is trial 31 with value: 0.09312510698806716.
SLIMElasticNetRecommender: URM Detected 156 ( 1.2%) users with no interactions.
SLIMElasticNetRecommender: URM Detected 71 ( 0.3%) items with no interactions.
SLIMElasticNetRecommender: Processed 22222 (100.0%) in 2.78 min. Items per second: 133.06
100%|██████████| 12638/12638 [00:57<00:00, 218.92it/s]
[I 2023-11-25 18:14:01,780] Trial 39 finished with value: 0.010753105290381636 and parameters: {'topK': 9757, 'l1_ratio': 0.17730443108525087, 'alpha': 0.12389881448700996}. Best is trial 31 with value: 0.09312510698806716.
SLIMElasticNetRecommender: URM Detected 156 ( 1.2%) users with no interactions.
SLIMElasticNetRecommender: URM Detected 71 ( 0.3%) items with no interactions.
SLIMElasticNetRecommender: Processed 22222 (100.0%) in 3.45 min. Items per second: 107.33
100%|██████████| 12638/12638 [01:05<00:00, 193.78it/s]
