[I 2023-11-25 15:51:05,369] Trial 38 finished with value: 0.08673049927742149 and parameters: {'topK': 6317, 'l1_ratio': 0.05006783497762504, 'alpha': 0.04632427059577313}. Best is trial 6 with value: 0.08832257551163741.
SLIMElasticNetRecommender: URM Detected 164 ( 1.3%) users with no interactions.
SLIMElasticNetRecommender: URM Detected 1 ( 0.0%) items with no interactions.
SLIMElasticNetRecommender: Processed 20000 (100.0%) in 3.59 min. Items per second: 92.94
100%|██████████| 12621/12621 [00:38<00:00, 328.37it/s]
[I 2023-11-25 15:55:19,043] Trial 39 finished with value: 0.0811088184465632 and parameters: {'topK': 7615, 'l1_ratio': 0.11575759035094046, 'alpha': 0.07494059641460962}. Best is trial 6 with value: 0.08832257551163741.
SLIMElasticNetRecommender: URM Detected 164 ( 1.3%) users with no interactions.
SLIMElasticNetRecommender: URM Detected 1 ( 0.0%) items with no interactions.
SLIMElasticNetRecommender: Processed 14917 (74.6%) in 5.00 min. Items per second: 49.72
SLIMElasticNetRecommender: Processed 20000 (100.0%) in 5.91 min. Items per second: 56.37
100%|██████████| 12621/12621 [00:43<00:00, 292.31it/s]
[I 2023-11-25 16:01:57,085] Trial 40 finished with value: 0.08720318517778228 and parameters: {'topK': 7978, 'l1_ratio': 0.1568245253940189, 'alpha': 0.0184297263118139}. Best is trial 6 with value: 0.08832257551163741.
SLIMElasticNetRecommender: URM Detected 164 ( 1.3%) users with no interactions.
SLIMElasticNetRecommender: URM Detected 1 ( 0.0%) items with no interactions.
SLIMElasticNetRecommender: Processed 11079 (55.4%) in 5.00 min. Items per second: 36.93
SLIMElasticNetRecommender: Processed 20000 (100.0%) in 8.89 min. Items per second: 37.48
100%|██████████| 12621/12621 [01:00<00:00, 208.51it/s]
[I 2023-11-25 16:11:51,320] Trial 41 finished with value: 0.08803250607927396 and parameters: {'topK': 8709, 'l1_ratio': 0.10269660706400403, 'alpha': 0.014791520177034945}. Best is trial 6 with value: 0.08832257551163741.
SLIMElasticNetRecommender: URM Detected 164 ( 1.3%) users with no interactions.
SLIMElasticNetRecommender: URM Detected 1 ( 0.0%) items with no interactions.
SLIMElasticNetRecommender: Processed 10017 (50.1%) in 5.00 min. Items per second: 33.38
SLIMElasticNetRecommender: Processed 20000 (100.0%) in 8.12 min. Items per second: 41.04
100%|██████████| 12621/12621 [00:51<00:00, 245.78it/s]
[I 2023-11-25 16:20:50,032] Trial 42 finished with value: 0.08766190733829997 and parameters: {'topK': 8694, 'l1_ratio': 0.13781445705880768, 'alpha': 0.01633047827114979}. Best is trial 6 with value: 0.08832257551163741.
SLIMElasticNetRecommender: URM Detected 164 ( 1.3%) users with no interactions.
SLIMElasticNetRecommender: URM Detected 1 ( 0.0%) items with no interactions.
SLIMElasticNetRecommender: Processed 16975 (84.9%) in 5.00 min. Items per second: 56.58
SLIMElasticNetRecommender: Processed 20000 (100.0%) in 5.40 min. Items per second: 61.77
100%|██████████| 12621/12621 [00:46<00:00, 268.82it/s]
[I 2023-11-25 16:27:00,790] Trial 43 finished with value: 0.08557985456536493 and parameters: {'topK': 7062, 'l1_ratio': 0.12943379129570803, 'alpha': 0.03348086109413767}. Best is trial 6 with value: 0.08832257551163741.
SLIMElasticNetRecommender: URM Detected 164 ( 1.3%) users with no interactions.
SLIMElasticNetRecommender: URM Detected 1 ( 0.0%) items with no interactions.
SLIMElasticNetRecommender: Processed 11859 (59.3%) in 5.00 min. Items per second: 39.53
SLIMElasticNetRecommender: Processed 20000 (100.0%) in 7.56 min. Items per second: 44.10
100%|██████████| 12621/12621 [00:46<00:00, 268.97it/s]
[I 2023-11-25 16:35:21,307] Trial 44 finished with value: 0.0880301421458576 and parameters: {'topK': 8276, 'l1_ratio': 0.11517748282395641, 'alpha': 0.014159833962317639}. Best is trial 6 with value: 0.08832257551163741.
SLIMElasticNetRecommender: URM Detected 164 ( 1.3%) users with no interactions.
SLIMElasticNetRecommender: URM Detected 1 ( 0.0%) items with no interactions.
SLIMElasticNetRecommender: Processed 19466 (97.3%) in 5.00 min. Items per second: 64.88
SLIMElasticNetRecommender: Processed 20000 (100.0%) in 5.06 min. Items per second: 65.83
100%|██████████| 12621/12621 [00:48<00:00, 262.88it/s]
[I 2023-11-25 16:41:13,173] Trial 45 finished with value: 0.08556395778164967 and parameters: {'topK': 7557, 'l1_ratio': 0.09487709800684663, 'alpha': 0.04175959706603915}. Best is trial 6 with value: 0.08832257551163741.
SLIMElasticNetRecommender: URM Detected 164 ( 1.3%) users with no interactions.
SLIMElasticNetRecommender: URM Detected 1 ( 0.0%) items with no interactions.
SLIMElasticNetRecommender: Processed 20000 (100.0%) in 3.96 min. Items per second: 84.11
100%|██████████| 12621/12621 [00:46<00:00, 269.06it/s]
[I 2023-11-25 16:45:57,902] Trial 46 finished with value: 0.0817749453836625 and parameters: {'topK': 8411, 'l1_ratio': 0.1631650605995113, 'alpha': 0.0531947226293267}. Best is trial 6 with value: 0.08832257551163741.
SLIMElasticNetRecommender: URM Detected 164 ( 1.3%) users with no interactions.
SLIMElasticNetRecommender: URM Detected 1 ( 0.0%) items with no interactions.
SLIMElasticNetRecommender: Processed 9319 (46.6%) in 5.00 min. Items per second: 31.06
SLIMElasticNetRecommender: Processed 18074 (90.4%) in 10.00 min. Items per second: 30.12
SLIMElasticNetRecommender: Processed 20000 (100.0%) in 10.98 min. Items per second: 30.35
100%|██████████| 12621/12621 [00:53<00:00, 236.99it/s]
[I 2023-11-25 16:57:50,176] Trial 47 finished with value: 0.08817657268834697 and parameters: {'topK': 8778, 'l1_ratio': 0.07104169539284835, 'alpha': 0.009814640889277419}. Best is trial 6 with value: 0.08832257551163741.
SLIMElasticNetRecommender: URM Detected 164 ( 1.3%) users with no interactions.
SLIMElasticNetRecommender: URM Detected 1 ( 0.0%) items with no interactions.
SLIMElasticNetRecommender: Processed 5778 (28.9%) in 5.00 min. Items per second: 19.26
SLIMElasticNetRecommender: Processed 12593 (63.0%) in 10.00 min. Items per second: 20.99
SLIMElasticNetRecommender: Processed 20000 (100.0%) in 14.74 min. Items per second: 22.62
100%|██████████| 12621/12621 [00:49<00:00, 256.75it/s]
[I 2023-11-25 17:13:23,908] Trial 48 finished with value: 0.07693777641559744 and parameters: {'topK': 8883, 'l1_ratio': 0.06390154263921484, 'alpha': 0.0011441358155333935}. Best is trial 6 with value: 0.08832257551163741.
SLIMElasticNetRecommender: URM Detected 164 ( 1.3%) users with no interactions.
SLIMElasticNetRecommender: URM Detected 1 ( 0.0%) items with no interactions.
SLIMElasticNetRecommender: Processed 12650 (63.2%) in 5.00 min. Items per second: 42.16
SLIMElasticNetRecommender: Processed 20000 (100.0%) in 7.01 min. Items per second: 47.57
100%|██████████| 12621/12621 [00:52<00:00, 239.09it/s]
[I 2023-11-25 17:21:17,175] Trial 49 finished with value: 0.08721805944664172 and parameters: {'topK': 7848, 'l1_ratio': 0.08305952871058454, 'alpha': 0.027671019650614206}. Best is trial 6 with value: 0.08832257551163741.