[I 2023-11-25 22:05:21,099] Trial 78 finished with value: 0.019610672301396563 and parameters: {'topK': 7307, 'l1_ratio': 0.11007970258698416, 'alpha': 0.15139116159328478}. Best is trial 48 with value: 0.09363291936857814.
SLIMElasticNetRecommender: URM Detected 156 ( 1.2%) users with no interactions.
SLIMElasticNetRecommender: URM Detected 71 ( 0.3%) items with no interactions.
SLIMElasticNetRecommender: Processed 22222 (100.0%) in 2.76 min. Items per second: 133.98
100%|██████████| 12638/12638 [00:51<00:00, 246.86it/s]
[I 2023-11-25 22:08:58,215] Trial 79 finished with value: 0.052613331224120326 and parameters: {'topK': 4697, 'l1_ratio': 0.1551868732093475, 'alpha': 0.025339295132952133}. Best is trial 48 with value: 0.09363291936857814.
SLIMElasticNetRecommender: URM Detected 156 ( 1.2%) users with no interactions.
SLIMElasticNetRecommender: URM Detected 71 ( 0.3%) items with no interactions.
SLIMElasticNetRecommender: Processed 22222 (100.0%) in 2.67 min. Items per second: 138.96
100%|██████████| 12638/12638 [00:50<00:00, 248.46it/s]
[I 2023-11-25 22:12:29,050] Trial 80 finished with value: 0.04505056669982715 and parameters: {'topK': 5673, 'l1_ratio': 0.08120071925925275, 'alpha': 0.06686339181790124}. Best is trial 48 with value: 0.09363291936857814.
SLIMElasticNetRecommender: URM Detected 156 ( 1.2%) users with no interactions.
SLIMElasticNetRecommender: URM Detected 71 ( 0.3%) items with no interactions.
SLIMElasticNetRecommender: Processed 10924 (49.2%) in 5.00 min. Items per second: 36.41
SLIMElasticNetRecommender: Processed 22222 (100.0%) in 9.44 min. Items per second: 39.22
100%|██████████| 12638/12638 [01:05<00:00, 193.02it/s]
[I 2023-11-25 22:23:01,152] Trial 81 finished with value: 0.09290497852990323 and parameters: {'topK': 6510, 'l1_ratio': 0.12044168520731584, 'alpha': 0.001207899658778225}. Best is trial 48 with value: 0.09363291936857814.
SLIMElasticNetRecommender: URM Detected 156 ( 1.2%) users with no interactions.
SLIMElasticNetRecommender: URM Detected 71 ( 0.3%) items with no interactions.
SLIMElasticNetRecommender: Processed 22222 (100.0%) in 3.43 min. Items per second: 107.87
100%|██████████| 12638/12638 [01:05<00:00, 192.57it/s]
[I 2023-11-25 22:27:32,866] Trial 82 finished with value: 0.06601620854416025 and parameters: {'topK': 6592, 'l1_ratio': 0.06431290981567447, 'alpha': 0.025233977590989016}. Best is trial 48 with value: 0.09363291936857814.
SLIMElasticNetRecommender: URM Detected 156 ( 1.2%) users with no interactions.
SLIMElasticNetRecommender: URM Detected 71 ( 0.3%) items with no interactions.
SLIMElasticNetRecommender: Processed 6360 (28.6%) in 5.00 min. Items per second: 21.20
SLIMElasticNetRecommender: Processed 12817 (57.7%) in 10.00 min. Items per second: 21.36
SLIMElasticNetRecommender: Processed 19625 (88.3%) in 15.00 min. Items per second: 21.80
SLIMElasticNetRecommender: Processed 22222 (100.0%) in 16.72 min. Items per second: 22.15
100%|██████████| 12638/12638 [01:03<00:00, 198.96it/s]
[I 2023-11-25 22:45:19,957] Trial 83 finished with value: 0.0807708625351223 and parameters: {'topK': 6237, 'l1_ratio': 0.022386417862157892, 'alpha': 0.0002816988340307359}. Best is trial 48 with value: 0.09363291936857814.
SLIMElasticNetRecommender: URM Detected 156 ( 1.2%) users with no interactions.
SLIMElasticNetRecommender: URM Detected 71 ( 0.3%) items with no interactions.
SLIMElasticNetRecommender: Processed 22222 (100.0%) in 3.04 min. Items per second: 121.73
100%|██████████| 12638/12638 [00:55<00:00, 228.35it/s]
[I 2023-11-25 22:49:17,916] Trial 84 finished with value: 0.03277737589270962 and parameters: {'topK': 6951, 'l1_ratio': 0.18254267856379142, 'alpha': 0.05391899065960617}. Best is trial 48 with value: 0.09363291936857814.
SLIMElasticNetRecommender: URM Detected 156 ( 1.2%) users with no interactions.
SLIMElasticNetRecommender: URM Detected 71 ( 0.3%) items with no interactions.
SLIMElasticNetRecommender: Processed 22222 (100.0%) in 2.80 min. Items per second: 132.40
100%|██████████| 12638/12638 [00:50<00:00, 251.31it/s]
[I 2023-11-25 22:52:56,113] Trial 85 finished with value: 0.030789502139422553 and parameters: {'topK': 4136, 'l1_ratio': 0.10611985782415129, 'alpha': 0.10323444253072327}. Best is trial 48 with value: 0.09363291936857814.
SLIMElasticNetRecommender: URM Detected 156 ( 1.2%) users with no interactions.
SLIMElasticNetRecommender: URM Detected 71 ( 0.3%) items with no interactions.
SLIMElasticNetRecommender: Processed 22222 (100.0%) in 2.66 min. Items per second: 139.42
100%|██████████| 12638/12638 [00:50<00:00, 251.51it/s]
[I 2023-11-25 22:56:25,813] Trial 86 finished with value: 0.050970140596813304 and parameters: {'topK': 9051, 'l1_ratio': 0.048607586128787385, 'alpha': 0.08101064105229348}. Best is trial 48 with value: 0.09363291936857814.
SLIMElasticNetRecommender: URM Detected 156 ( 1.2%) users with no interactions.
SLIMElasticNetRecommender: URM Detected 71 ( 0.3%) items with no interactions.
SLIMElasticNetRecommender: Processed 22222 (100.0%) in 2.76 min. Items per second: 134.08
100%|██████████| 12638/12638 [00:50<00:00, 250.68it/s]
[I 2023-11-25 23:00:02,027] Trial 87 finished with value: 0.05779069322417629 and parameters: {'topK': 3698, 'l1_ratio': 0.13704217280242054, 'alpha': 0.02127880357715753}. Best is trial 48 with value: 0.09363291936857814.
SLIMElasticNetRecommender: URM Detected 156 ( 1.2%) users with no interactions.
SLIMElasticNetRecommender: URM Detected 71 ( 0.3%) items with no interactions.
SLIMElasticNetRecommender: Processed 22222 (100.0%) in 2.62 min. Items per second: 141.19
100%|██████████| 12638/12638 [00:51<00:00, 245.87it/s]
[I 2023-11-25 23:03:30,874] Trial 88 finished with value: 0.032425384292649524 and parameters: {'topK': 4962, 'l1_ratio': 0.2089855559221595, 'alpha': 0.04818523502229348}. Best is trial 48 with value: 0.09363291936857814.
SLIMElasticNetRecommender: URM Detected 156 ( 1.2%) users with no interactions.
SLIMElasticNetRecommender: URM Detected 71 ( 0.3%) items with no interactions.
SLIMElasticNetRecommender: Processed 22222 (100.0%) in 2.63 min. Items per second: 140.65
100%|██████████| 12638/12638 [00:54<00:00, 229.82it/s]
[I 2023-11-25 23:07:03,917] Trial 89 finished with value: 0.0016598418478387766 and parameters: {'topK': 2914, 'l1_ratio': 0.28332634183922345, 'alpha': 0.13622064656751692}. Best is trial 48 with value: 0.09363291936857814.
SLIMElasticNetRecommender: URM Detected 156 ( 1.2%) users with no interactions.
SLIMElasticNetRecommender: URM Detected 71 ( 0.3%) items with no interactions.
SLIMElasticNetRecommender: Processed 22222 (100.0%) in 2.79 min. Items per second: 132.82
100%|██████████| 12638/12638 [00:53<00:00, 235.02it/s]
[I 2023-11-25 23:10:45,060] Trial 90 finished with value: 0.04573104258622714 and parameters: {'topK': 7812, 'l1_ratio': 0.08161417020119517, 'alpha': 0.06407233501168857}. Best is trial 48 with value: 0.09363291936857814.
SLIMElasticNetRecommender: URM Detected 156 ( 1.2%) users with no interactions.
SLIMElasticNetRecommender: URM Detected 71 ( 0.3%) items with no interactions.
SLIMElasticNetRecommender: Processed 22153 (99.7%) in 5.00 min. Items per second: 73.81
SLIMElasticNetRecommender: Processed 22222 (100.0%) in 5.04 min. Items per second: 73.53
100%|██████████| 12638/12638 [00:56<00:00, 222.62it/s]
[I 2023-11-25 23:16:44,096] Trial 91 finished with value: 0.08794954118334805 and parameters: {'topK': 5804, 'l1_ratio': 0.1141656521103781, 'alpha': 0.0032442018615965367}. Best is trial 48 with value: 0.09363291936857814.
SLIMElasticNetRecommender: URM Detected 156 ( 1.2%) users with no interactions.
SLIMElasticNetRecommender: URM Detected 71 ( 0.3%) items with no interactions.
SLIMElasticNetRecommender: Processed 22222 (100.0%) in 2.94 min. Items per second: 125.86
100%|██████████| 12638/12638 [00:55<00:00, 227.15it/s]
[I 2023-11-25 23:20:36,359] Trial 92 finished with value: 0.05934401869076836 and parameters: {'topK': 6138, 'l1_ratio': 0.1283363627237763, 'alpha': 0.02046972308101077}. Best is trial 48 with value: 0.09363291936857814.
SLIMElasticNetRecommender: URM Detected 156 ( 1.2%) users with no interactions.
SLIMElasticNetRecommender: URM Detected 71 ( 0.3%) items with no interactions.
SLIMElasticNetRecommender: Processed 7040 (31.7%) in 5.00 min. Items per second: 23.46
SLIMElasticNetRecommender: Processed 14493 (65.2%) in 10.00 min. Items per second: 24.15
SLIMElasticNetRecommender: Processed 22172 (99.8%) in 15.00 min. Items per second: 24.63
SLIMElasticNetRecommender: Processed 22222 (100.0%) in 15.05 min. Items per second: 24.61
100%|██████████| 12638/12638 [01:00<00:00, 207.70it/s]
[I 2023-11-25 23:36:40,342] Trial 93 finished with value: 0.08441593180645635 and parameters: {'topK': 4499, 'l1_ratio': 0.1675621315875388, 'alpha': 0.00019201087837335436}. Best is trial 48 with value: 0.09363291936857814.
SLIMElasticNetRecommender: URM Detected 156 ( 1.2%) users with no interactions.
SLIMElasticNetRecommender: URM Detected 71 ( 0.3%) items with no interactions.
SLIMElasticNetRecommender: Processed 22222 (100.0%) in 3.05 min. Items per second: 121.45
100%|██████████| 12638/12638 [00:51<00:00, 245.71it/s]
[I 2023-11-25 23:40:34,813] Trial 94 finished with value: 0.06675584604676467 and parameters: {'topK': 5356, 'l1_ratio': 0.024612968986838984, 'alpha': 0.05265776696505097}. Best is trial 48 with value: 0.09363291936857814.
SLIMElasticNetRecommender: URM Detected 156 ( 1.2%) users with no interactions.
SLIMElasticNetRecommender: URM Detected 71 ( 0.3%) items with no interactions.
SLIMElasticNetRecommender: Processed 22222 (100.0%) in 3.04 min. Items per second: 121.74
100%|██████████| 12638/12638 [00:51<00:00, 244.87it/s]
[I 2023-11-25 23:44:29,018] Trial 95 finished with value: 0.07022628825139246 and parameters: {'topK': 6505, 'l1_ratio': 0.06023319359126573, 'alpha': 0.020631233243625192}. Best is trial 48 with value: 0.09363291936857814.
SLIMElasticNetRecommender: URM Detected 156 ( 1.2%) users with no interactions.
SLIMElasticNetRecommender: URM Detected 71 ( 0.3%) items with no interactions.
SLIMElasticNetRecommender: Processed 22222 (100.0%) in 2.61 min. Items per second: 142.08
100%|██████████| 12638/12638 [00:50<00:00, 250.96it/s]
[I 2023-11-25 23:47:55,843] Trial 96 finished with value: 0.03645985823846332 and parameters: {'topK': 6860, 'l1_ratio': 0.09172326938795844, 'alpha': 0.08500388705390025}. Best is trial 48 with value: 0.09363291936857814.
SLIMElasticNetRecommender: URM Detected 156 ( 1.2%) users with no interactions.
SLIMElasticNetRecommender: URM Detected 71 ( 0.3%) items with no interactions.
SLIMElasticNetRecommender: Processed 22222 (100.0%) in 2.66 min. Items per second: 139.01
100%|██████████| 12638/12638 [00:50<00:00, 251.28it/s]
[I 2023-11-25 23:51:26,054] Trial 97 finished with value: 0.026978784550858753 and parameters: {'topK': 5577, 'l1_ratio': 0.11656632174602981, 'alpha': 0.11541308640866067}. Best is trial 48 with value: 0.09363291936857814.
SLIMElasticNetRecommender: URM Detected 156 ( 1.2%) users with no interactions.
SLIMElasticNetRecommender: URM Detected 71 ( 0.3%) items with no interactions.
SLIMElasticNetRecommender: Processed 22222 (100.0%) in 3.39 min. Items per second: 109.29
100%|██████████| 12638/12638 [00:52<00:00, 241.59it/s]
[I 2023-11-25 23:55:41,759] Trial 98 finished with value: 0.07148362453622965 and parameters: {'topK': 3495, 'l1_ratio': 0.01853045538280383, 'alpha': 0.04391979660526926}. Best is trial 48 with value: 0.09363291936857814.
SLIMElasticNetRecommender: URM Detected 156 ( 1.2%) users with no interactions.
SLIMElasticNetRecommender: URM Detected 71 ( 0.3%) items with no interactions.
SLIMElasticNetRecommender: Processed 22222 (100.0%) in 2.69 min. Items per second: 137.45
100%|██████████| 12638/12638 [00:50<00:00, 249.91it/s]
[I 2023-11-25 23:59:14,062] Trial 99 finished with value: 0.0454484942988667 and parameters: {'topK': 5876, 'l1_ratio': 0.22948371953755362, 'alpha': 0.023640599890752297}. Best is trial 48 with value: 0.09363291936857814.