[I 2023-11-25 18:18:34,086] Trial 40 finished with value: 0.04667045830869018 and parameters: {'topK': 1382, 'l1_ratio': 0.00478354176417034, 'alpha': 0.7090099126186902}. Best is trial 31 with value: 0.09312510698806716.
SLIMElasticNetRecommender: URM Detected 156 ( 1.2%) users with no interactions.
SLIMElasticNetRecommender: URM Detected 71 ( 0.3%) items with no interactions.
SLIMElasticNetRecommender: Processed 22222 (100.0%) in 2.97 min. Items per second: 124.66
100%|██████████| 12638/12638 [00:58<00:00, 216.37it/s]
[I 2023-11-25 18:22:30,800] Trial 41 finished with value: 0.042658759198627744 and parameters: {'topK': 4344, 'l1_ratio': 0.1273732900055745, 'alpha': 0.04786304014065842}. Best is trial 31 with value: 0.09312510698806716.
SLIMElasticNetRecommender: URM Detected 156 ( 1.2%) users with no interactions.
SLIMElasticNetRecommender: URM Detected 71 ( 0.3%) items with no interactions.
SLIMElasticNetRecommender: Processed 9720 (43.7%) in 5.00 min. Items per second: 32.40
SLIMElasticNetRecommender: Processed 21533 (96.9%) in 10.00 min. Items per second: 35.89
SLIMElasticNetRecommender: Processed 22222 (100.0%) in 10.29 min. Items per second: 35.98
100%|██████████| 12638/12638 [01:03<00:00, 199.70it/s]
[I 2023-11-25 18:33:51,847] Trial 42 finished with value: 0.09348517829198263 and parameters: {'topK': 3541, 'l1_ratio': 0.05509234033435187, 'alpha': 0.0021586316775373503}. Best is trial 42 with value: 0.09348517829198263.
SLIMElasticNetRecommender: URM Detected 156 ( 1.2%) users with no interactions.
SLIMElasticNetRecommender: URM Detected 71 ( 0.3%) items with no interactions.
SLIMElasticNetRecommender: Processed 22222 (100.0%) in 2.92 min. Items per second: 126.92
100%|██████████| 12638/12638 [00:53<00:00, 235.34it/s]
[I 2023-11-25 18:37:40,691] Trial 43 finished with value: 0.06051942889750506 and parameters: {'topK': 2633, 'l1_ratio': 0.05237519484490882, 'alpha': 0.04276775646732278}. Best is trial 42 with value: 0.09348517829198263.
SLIMElasticNetRecommender: URM Detected 156 ( 1.2%) users with no interactions.
SLIMElasticNetRecommender: URM Detected 71 ( 0.3%) items with no interactions.
SLIMElasticNetRecommender: Processed 22222 (100.0%) in 2.72 min. Items per second: 136.31
100%|██████████| 12638/12638 [00:50<00:00, 252.73it/s]
[I 2023-11-25 18:41:13,773] Trial 44 finished with value: 0.03370861399608317 and parameters: {'topK': 3544, 'l1_ratio': 0.09636564899118986, 'alpha': 0.09472850121465622}. Best is trial 42 with value: 0.09348517829198263.
SLIMElasticNetRecommender: URM Detected 156 ( 1.2%) users with no interactions.
SLIMElasticNetRecommender: URM Detected 71 ( 0.3%) items with no interactions.
SLIMElasticNetRecommender: Processed 8692 (39.1%) in 5.00 min. Items per second: 28.97
SLIMElasticNetRecommender: Processed 17911 (80.6%) in 10.00 min. Items per second: 29.85
SLIMElasticNetRecommender: Processed 22222 (100.0%) in 12.40 min. Items per second: 29.88
100%|██████████| 12638/12638 [01:00<00:00, 208.35it/s]
[I 2023-11-25 18:54:38,351] Trial 45 finished with value: 0.09272004250804647 and parameters: {'topK': 2830, 'l1_ratio': 0.04597017626270083, 'alpha': 0.0011166559628567607}. Best is trial 42 with value: 0.09348517829198263.
SLIMElasticNetRecommender: URM Detected 156 ( 1.2%) users with no interactions.
SLIMElasticNetRecommender: URM Detected 71 ( 0.3%) items with no interactions.
SLIMElasticNetRecommender: Processed 22222 (100.0%) in 2.88 min. Items per second: 128.43
100%|██████████| 12638/12638 [00:53<00:00, 235.06it/s]
[I 2023-11-25 18:58:25,187] Trial 46 finished with value: 0.058404256302733 and parameters: {'topK': 34, 'l1_ratio': 0.04037642195968427, 'alpha': 0.06103683728005806}. Best is trial 42 with value: 0.09348517829198263.
SLIMElasticNetRecommender: URM Detected 156 ( 1.2%) users with no interactions.
SLIMElasticNetRecommender: URM Detected 71 ( 0.3%) items with no interactions.
SLIMElasticNetRecommender: Processed 22222 (100.0%) in 2.80 min. Items per second: 132.34
100%|██████████| 12638/12638 [00:54<00:00, 232.66it/s]
[I 2023-11-25 19:02:07,474] Trial 47 finished with value: 0.0016598418478387766 and parameters: {'topK': 1868, 'l1_ratio': 0.18522065149958172, 'alpha': 0.18163809792772434}. Best is trial 42 with value: 0.09348517829198263.
SLIMElasticNetRecommender: URM Detected 156 ( 1.2%) users with no interactions.
SLIMElasticNetRecommender: URM Detected 71 ( 0.3%) items with no interactions.
SLIMElasticNetRecommender: Processed 10494 (47.2%) in 5.00 min. Items per second: 34.97
SLIMElasticNetRecommender: Processed 22222 (100.0%) in 9.85 min. Items per second: 37.60
100%|██████████| 12638/12638 [01:01<00:00, 204.92it/s]
[I 2023-11-25 19:13:00,290] Trial 48 finished with value: 0.09363291936857814 and parameters: {'topK': 5073, 'l1_ratio': 0.057231532393253626, 'alpha': 0.002006134989647858}. Best is trial 48 with value: 0.09363291936857814.
SLIMElasticNetRecommender: URM Detected 156 ( 1.2%) users with no interactions.
SLIMElasticNetRecommender: URM Detected 71 ( 0.3%) items with no interactions.
SLIMElasticNetRecommender: Processed 7640 (34.4%) in 5.00 min. Items per second: 25.46
SLIMElasticNetRecommender: Processed 15641 (70.4%) in 10.00 min. Items per second: 26.06
SLIMElasticNetRecommender: Processed 22222 (100.0%) in 14.10 min. Items per second: 26.26
100%|██████████| 12638/12638 [01:00<00:00, 208.48it/s]
[I 2023-11-25 19:28:07,318] Trial 49 finished with value: 0.08659335168369561 and parameters: {'topK': 5101, 'l1_ratio': 0.058658178926779894, 'alpha': 0.0003863832753980873}. Best is trial 48 with value: 0.09363291936857814.
SLIMElasticNetRecommender: URM Detected 156 ( 1.2%) users with no interactions.
SLIMElasticNetRecommender: URM Detected 71 ( 0.3%) items with no interactions.
SLIMElasticNetRecommender: Processed 14849 (66.8%) in 5.00 min. Items per second: 49.49
SLIMElasticNetRecommender: Processed 22222 (100.0%) in 6.68 min. Items per second: 55.48
100%|██████████| 12638/12638 [01:00<00:00, 209.92it/s]
[I 2023-11-25 19:35:48,118] Trial 50 finished with value: 0.07160319576813359 and parameters: {'topK': 6204, 'l1_ratio': 0.0017064797095790313, 'alpha': 0.12457818601458998}. Best is trial 48 with value: 0.09363291936857814.
SLIMElasticNetRecommender: URM Detected 156 ( 1.2%) users with no interactions.
SLIMElasticNetRecommender: URM Detected 71 ( 0.3%) items with no interactions.
SLIMElasticNetRecommender: Processed 22222 (100.0%) in 2.69 min. Items per second: 137.93
100%|██████████| 12638/12638 [00:50<00:00, 251.06it/s]
[I 2023-11-25 19:39:19,614] Trial 51 finished with value: 0.04963301383187925 and parameters: {'topK': 5454, 'l1_ratio': 0.08822252517473798, 'alpha': 0.0491491059446932}. Best is trial 48 with value: 0.09363291936857814.
SLIMElasticNetRecommender: URM Detected 156 ( 1.2%) users with no interactions.
SLIMElasticNetRecommender: URM Detected 71 ( 0.3%) items with no interactions.
SLIMElasticNetRecommender: Processed 11429 (51.4%) in 5.00 min. Items per second: 38.09
SLIMElasticNetRecommender: Processed 22222 (100.0%) in 9.00 min. Items per second: 41.17
100%|██████████| 12638/12638 [00:57<00:00, 218.17it/s]
[I 2023-11-25 19:49:17,317] Trial 52 finished with value: 0.0923467496530188 and parameters: {'topK': 5149, 'l1_ratio': 0.04653812252793953, 'alpha': 0.0032214856090647752}. Best is trial 48 with value: 0.09363291936857814.
SLIMElasticNetRecommender: URM Detected 156 ( 1.2%) users with no interactions.
SLIMElasticNetRecommender: URM Detected 71 ( 0.3%) items with no interactions.
SLIMElasticNetRecommender: Processed 22222 (100.0%) in 2.97 min. Items per second: 124.57
100%|██████████| 12638/12638 [00:51<00:00, 244.13it/s]
[I 2023-11-25 19:53:07,525] Trial 53 finished with value: 0.06777318155275583 and parameters: {'topK': 4255, 'l1_ratio': 0.03857654674488803, 'alpha': 0.03443509579944273}. Best is trial 48 with value: 0.09363291936857814.
SLIMElasticNetRecommender: URM Detected 156 ( 1.2%) users with no interactions.
SLIMElasticNetRecommender: URM Detected 71 ( 0.3%) items with no interactions.
SLIMElasticNetRecommender: Processed 22222 (100.0%) in 2.67 min. Items per second: 138.80
100%|██████████| 12638/12638 [00:51<00:00, 244.83it/s]
[I 2023-11-25 19:56:39,292] Trial 54 finished with value: 0.04883957650510597 and parameters: {'topK': 4896, 'l1_ratio': 0.03919164986191015, 'alpha': 0.10947096242228577}. Best is trial 48 with value: 0.09363291936857814.
SLIMElasticNetRecommender: URM Detected 156 ( 1.2%) users with no interactions.
SLIMElasticNetRecommender: URM Detected 71 ( 0.3%) items with no interactions.
SLIMElasticNetRecommender: Processed 22222 (100.0%) in 2.65 min. Items per second: 139.57
100%|██████████| 12638/12638 [00:50<00:00, 251.90it/s]
[I 2023-11-25 20:00:08,732] Trial 55 finished with value: 0.04797439805470204 and parameters: {'topK': 5906, 'l1_ratio': 0.10610545330298765, 'alpha': 0.044769019363282446}. Best is trial 48 with value: 0.09363291936857814.
SLIMElasticNetRecommender: URM Detected 156 ( 1.2%) users with no interactions.
SLIMElasticNetRecommender: URM Detected 71 ( 0.3%) items with no interactions.
SLIMElasticNetRecommender: Processed 14444 (65.0%) in 5.00 min. Items per second: 48.14
SLIMElasticNetRecommender: Processed 22222 (100.0%) in 6.92 min. Items per second: 53.51
100%|██████████| 12638/12638 [00:55<00:00, 225.90it/s]
[I 2023-11-25 20:07:59,987] Trial 56 finished with value: 0.0914843696838973 and parameters: {'topK': 4189, 'l1_ratio': 0.1764086388946377, 'alpha': 0.0013239692222082172}. Best is trial 48 with value: 0.09363291936857814.
SLIMElasticNetRecommender: URM Detected 156 ( 1.2%) users with no interactions.
SLIMElasticNetRecommender: URM Detected 71 ( 0.3%) items with no interactions.
SLIMElasticNetRecommender: Processed 22222 (100.0%) in 2.61 min. Items per second: 142.09
100%|██████████| 12638/12638 [00:49<00:00, 253.91it/s]
[I 2023-11-25 20:11:26,204] Trial 57 finished with value: 0.028994685608106602 and parameters: {'topK': 5253, 'l1_ratio': 0.16581789158405527, 'alpha': 0.07531393573978712}. Best is trial 48 with value: 0.09363291936857814.
SLIMElasticNetRecommender: URM Detected 156 ( 1.2%) users with no interactions.
SLIMElasticNetRecommender: URM Detected 71 ( 0.3%) items with no interactions.
SLIMElasticNetRecommender: Processed 22222 (100.0%) in 2.57 min. Items per second: 144.27
100%|██████████| 12638/12638 [00:49<00:00, 254.01it/s]
[I 2023-11-25 20:14:50,037] Trial 58 finished with value: 0.0016598418478387766 and parameters: {'topK': 4234, 'l1_ratio': 0.18934816332590557, 'alpha': 0.15592223449598752}. Best is trial 48 with value: 0.09363291936857814.
SLIMElasticNetRecommender: URM Detected 156 ( 1.2%) users with no interactions.
SLIMElasticNetRecommender: URM Detected 71 ( 0.3%) items with no interactions.
SLIMElasticNetRecommender: Processed 22222 (100.0%) in 2.60 min. Items per second: 142.22
100%|██████████| 12638/12638 [00:50<00:00, 248.23it/s]
[I 2023-11-25 20:18:17,248] Trial 59 finished with value: 0.0035601975647318405 and parameters: {'topK': 3177, 'l1_ratio': 0.2521431168219089, 'alpha': 0.11459679695093987}. Best is trial 48 with value: 0.09363291936857814.
SLIMElasticNetRecommender: URM Detected 156 ( 1.2%) users with no interactions.
SLIMElasticNetRecommender: URM Detected 71 ( 0.3%) items with no interactions.
SLIMElasticNetRecommender: Processed 7488 (33.7%) in 5.00 min. Items per second: 24.95
SLIMElasticNetRecommender: Processed 15275 (68.7%) in 10.00 min. Items per second: 25.45
SLIMElasticNetRecommender: Processed 22222 (100.0%) in 14.41 min. Items per second: 25.70
100%|██████████| 12638/12638 [01:00<00:00, 209.40it/s]
[I 2023-11-25 20:33:42,505] Trial 60 finished with value: 0.08504895016703665 and parameters: {'topK': 7222, 'l1_ratio': 0.07730692305169097, 'alpha': 0.0002906659167553839}. Best is trial 48 with value: 0.09363291936857814.
SLIMElasticNetRecommender: URM Detected 156 ( 1.2%) users with no interactions.
SLIMElasticNetRecommender: URM Detected 71 ( 0.3%) items with no interactions.
SLIMElasticNetRecommender: Processed 22222 (100.0%) in 3.22 min. Items per second: 114.95
100%|██████████| 12638/12638 [00:57<00:00, 218.77it/s]
[I 2023-11-25 20:37:53,642] Trial 61 finished with value: 0.06888007170723415 and parameters: {'topK': 4461, 'l1_ratio': 0.030492698301394325, 'alpha': 0.03796047360561941}. Best is trial 48 with value: 0.09363291936857814.
SLIMElasticNetRecommender: URM Detected 156 ( 1.2%) users with no interactions.
SLIMElasticNetRecommender: URM Detected 71 ( 0.3%) items with no interactions.
SLIMElasticNetRecommender: Processed 22222 (100.0%) in 2.95 min. Items per second: 125.36
100%|██████████| 12638/12638 [00:57<00:00, 218.94it/s]
[I 2023-11-25 20:41:48,675] Trial 62 finished with value: 0.04975553628218701 and parameters: {'topK': 4038, 'l1_ratio': 0.1323088431176589, 'alpha': 0.03355798917440049}. Best is trial 48 with value: 0.09363291936857814.
SLIMElasticNetRecommender: URM Detected 156 ( 1.2%) users with no interactions.
SLIMElasticNetRecommender: URM Detected 71 ( 0.3%) items with no interactions.
SLIMElasticNetRecommender: Processed 22222 (100.0%) in 2.90 min. Items per second: 127.60
100%|██████████| 12638/12638 [00:57<00:00, 221.28it/s]
[I 2023-11-25 20:45:39,997] Trial 63 finished with value: 0.04316587365760001 and parameters: {'topK': 3718, 'l1_ratio': 0.06680927322286458, 'alpha': 0.08829297600245022}. Best is trial 48 with value: 0.09363291936857814.
SLIMElasticNetRecommender: URM Detected 156 ( 1.2%) users with no interactions.
SLIMElasticNetRecommender: URM Detected 71 ( 0.3%) items with no interactions.
SLIMElasticNetRecommender: Processed 22222 (100.0%) in 2.86 min. Items per second: 129.36
100%|██████████| 12638/12638 [00:55<00:00, 227.76it/s]
[I 2023-11-25 20:49:27,327] Trial 64 finished with value: 0.048855926566057105 and parameters: {'topK': 4999, 'l1_ratio': 0.15715569131092919, 'alpha': 0.029625390205309042}. Best is trial 48 with value: 0.09363291936857814.
SLIMElasticNetRecommender: URM Detected 156 ( 1.2%) users with no interactions.
SLIMElasticNetRecommender: URM Detected 71 ( 0.3%) items with no interactions.
SLIMElasticNetRecommender: Processed 22222 (100.0%) in 2.77 min. Items per second: 133.71
100%|██████████| 12638/12638 [00:54<00:00, 233.83it/s]
[I 2023-11-25 20:53:07,626] Trial 65 finished with value: 0.04007680435614528 and parameters: {'topK': 2416, 'l1_ratio': 0.09715329665574066, 'alpha': 0.0701688979531685}. Best is trial 48 with value: 0.09363291936857814.
SLIMElasticNetRecommender: URM Detected 156 ( 1.2%) users with no interactions.
SLIMElasticNetRecommender: URM Detected 71 ( 0.3%) items with no interactions.
SLIMElasticNetRecommender: Processed 13007 (58.5%) in 5.00 min. Items per second: 43.35
SLIMElasticNetRecommender: Processed 22222 (100.0%) in 7.47 min. Items per second: 49.56
100%|██████████| 12638/12638 [00:58<00:00, 214.59it/s]
[I 2023-11-25 21:01:34,933] Trial 66 finished with value: 0.09111289123650473 and parameters: {'topK': 5551, 'l1_ratio': 0.03337088153849026, 'alpha': 0.004962905225133567}. Best is trial 48 with value: 0.09363291936857814.
SLIMElasticNetRecommender: URM Detected 156 ( 1.2%) users with no interactions.
SLIMElasticNetRecommender: URM Detected 71 ( 0.3%) items with no interactions.
SLIMElasticNetRecommender: Processed 22222 (100.0%) in 5.00 min. Items per second: 74.10
100%|██████████| 12638/12638 [00:54<00:00, 229.98it/s]
[I 2023-11-25 21:07:29,814] Trial 67 finished with value: 0.0886901406410536 and parameters: {'topK': 5868, 'l1_ratio': 0.12350198235834853, 'alpha': 0.0027827293134071425}. Best is trial 48 with value: 0.09363291936857814.
SLIMElasticNetRecommender: URM Detected 156 ( 1.2%) users with no interactions.
SLIMElasticNetRecommender: URM Detected 71 ( 0.3%) items with no interactions.
SLIMElasticNetRecommender: Processed 22222 (100.0%) in 2.63 min. Items per second: 140.76
100%|██████████| 12638/12638 [00:51<00:00, 245.42it/s]
[I 2023-11-25 21:10:59,236] Trial 68 finished with value: 0.0399585238277616 and parameters: {'topK': 6359, 'l1_ratio': 0.07236733801826231, 'alpha': 0.09436618280606197}. Best is trial 48 with value: 0.09363291936857814.
SLIMElasticNetRecommender: URM Detected 156 ( 1.2%) users with no interactions.
SLIMElasticNetRecommender: URM Detected 71 ( 0.3%) items with no interactions.
SLIMElasticNetRecommender: Processed 22222 (100.0%) in 2.64 min. Items per second: 140.28
100%|██████████| 12638/12638 [00:54<00:00, 234.02it/s]
[I 2023-11-25 21:14:31,704] Trial 69 finished with value: 0.03421192478487576 and parameters: {'topK': 5479, 'l1_ratio': 0.15238028220468838, 'alpha': 0.05841707343673943}. Best is trial 48 with value: 0.09363291936857814.
SLIMElasticNetRecommender: URM Detected 156 ( 1.2%) users with no interactions.
SLIMElasticNetRecommender: URM Detected 71 ( 0.3%) items with no interactions.
SLIMElasticNetRecommender: Processed 22222 (100.0%) in 2.65 min. Items per second: 139.55
100%|██████████| 12638/12638 [00:53<00:00, 237.83it/s]
[I 2023-11-25 21:18:04,140] Trial 70 finished with value: 0.04803955333778183 and parameters: {'topK': 2838, 'l1_ratio': 0.03357610383528538, 'alpha': 0.1322086433011713}. Best is trial 48 with value: 0.09363291936857814.
SLIMElasticNetRecommender: URM Detected 156 ( 1.2%) users with no interactions.
SLIMElasticNetRecommender: URM Detected 71 ( 0.3%) items with no interactions.
SLIMElasticNetRecommender: Processed 16225 (73.0%) in 5.00 min. Items per second: 54.08
SLIMElasticNetRecommender: Processed 22222 (100.0%) in 6.13 min. Items per second: 60.41
100%|██████████| 12638/12638 [00:58<00:00, 216.21it/s]
[I 2023-11-25 21:25:10,483] Trial 71 finished with value: 0.09106164590438484 and parameters: {'topK': 5921, 'l1_ratio': 0.11563829654833768, 'alpha': 0.0021130453398545217}. Best is trial 48 with value: 0.09363291936857814.
SLIMElasticNetRecommender: URM Detected 156 ( 1.2%) users with no interactions.
SLIMElasticNetRecommender: URM Detected 71 ( 0.3%) items with no interactions.
SLIMElasticNetRecommender: Processed 22222 (100.0%) in 2.88 min. Items per second: 128.80
100%|██████████| 12638/12638 [00:54<00:00, 232.90it/s]
[I 2023-11-25 21:28:57,337] Trial 72 finished with value: 0.05825177486025127 and parameters: {'topK': 6646, 'l1_ratio': 0.10152165707520595, 'alpha': 0.027197805560443954}. Best is trial 48 with value: 0.09363291936857814.
SLIMElasticNetRecommender: URM Detected 156 ( 1.2%) users with no interactions.
SLIMElasticNetRecommender: URM Detected 71 ( 0.3%) items with no interactions.
SLIMElasticNetRecommender: Processed 22222 (100.0%) in 2.74 min. Items per second: 135.38
100%|██████████| 12638/12638 [00:54<00:00, 230.67it/s]
[I 2023-11-25 21:32:36,326] Trial 73 finished with value: 0.019734235481955405 and parameters: {'topK': 4718, 'l1_ratio': 0.20799012841405515, 'alpha': 0.0789921496215717}. Best is trial 48 with value: 0.09363291936857814.
SLIMElasticNetRecommender: URM Detected 156 ( 1.2%) users with no interactions.
SLIMElasticNetRecommender: URM Detected 71 ( 0.3%) items with no interactions.
SLIMElasticNetRecommender: Processed 5937 (26.7%) in 5.00 min. Items per second: 19.78
SLIMElasticNetRecommender: Processed 12445 (56.0%) in 10.00 min. Items per second: 20.74
SLIMElasticNetRecommender: Processed 19303 (86.9%) in 15.00 min. Items per second: 21.45
SLIMElasticNetRecommender: Processed 22222 (100.0%) in 17.12 min. Items per second: 21.63
100%|██████████| 12638/12638 [01:00<00:00, 207.71it/s]
[I 2023-11-25 21:50:44,948] Trial 74 finished with value: 0.07374986338903342 and parameters: {'topK': 5643, 'l1_ratio': 0.0012399986762805168, 'alpha': 0.0001516657756434098}. Best is trial 48 with value: 0.09363291936857814.
SLIMElasticNetRecommender: URM Detected 156 ( 1.2%) users with no interactions.
SLIMElasticNetRecommender: URM Detected 71 ( 0.3%) items with no interactions.
SLIMElasticNetRecommender: Processed 22222 (100.0%) in 2.79 min. Items per second: 132.74
100%|██████████| 12638/12638 [00:52<00:00, 240.42it/s]
[I 2023-11-25 21:54:24,980] Trial 75 finished with value: 0.05583617099509461 and parameters: {'topK': 3285, 'l1_ratio': 0.05982113928929571, 'alpha': 0.05114843059973509}. Best is trial 48 with value: 0.09363291936857814.
SLIMElasticNetRecommender: URM Detected 156 ( 1.2%) users with no interactions.
SLIMElasticNetRecommender: URM Detected 71 ( 0.3%) items with no interactions.
SLIMElasticNetRecommender: Processed 22222 (100.0%) in 2.74 min. Items per second: 135.27
100%|██████████| 12638/12638 [00:52<00:00, 240.94it/s]
[I 2023-11-25 21:58:01,763] Trial 76 finished with value: 0.05114136584123677 and parameters: {'topK': 5202, 'l1_ratio': 0.1316757128624762, 'alpha': 0.0315969748201245}. Best is trial 48 with value: 0.09363291936857814.
SLIMElasticNetRecommender: URM Detected 156 ( 1.2%) users with no interactions.
SLIMElasticNetRecommender: URM Detected 71 ( 0.3%) items with no interactions.
SLIMElasticNetRecommender: Processed 22222 (100.0%) in 2.81 min. Items per second: 131.90
100%|██████████| 12638/12638 [00:54<00:00, 230.89it/s]
[I 2023-11-25 22:01:45,031] Trial 77 finished with value: 0.05325401186851319 and parameters: {'topK': 6029, 'l1_ratio': 0.03244052482630046, 'alpha': 0.10032136023792532}. Best is trial 48 with value: 0.09363291936857814.
SLIMElasticNetRecommender: URM Detected 156 ( 1.2%) users with no interactions.
SLIMElasticNetRecommender: URM Detected 71 ( 0.3%) items with no interactions.
SLIMElasticNetRecommender: Processed 22222 (100.0%) in 2.73 min. Items per second: 135.84
100%|██████████| 12638/12638 [00:52<00:00, 241.09it/s]
