SLIMElasticNetRecommender: URM Detected 164 ( 1.3%) users with no interactions.
SLIMElasticNetRecommender: URM Detected 1 ( 0.0%) items with no interactions.
SLIMElasticNetRecommender: Processed 8202 (41.0%) in 5.00 min. Items per second: 27.33
SLIMElasticNetRecommender: Processed 17225 (86.1%) in 10.00 min. Items per second: 28.71
SLIMElasticNetRecommender: Processed 20000 (100.0%) in 11.49 min. Items per second: 29.01
100%|██████████| 12621/12621 [00:48<00:00, 257.67it/s]
[I 2023-11-25 11:33:00,923] Trial 1 finished with value: 0.0867564322732928 and parameters: {'topK': 7471, 'l1_ratio': 0.02539043335963321, 'alpha': 0.00831811505197633}. Best is trial 1 with value: 0.0867564322732928.
SLIMElasticNetRecommender: URM Detected 164 ( 1.3%) users with no interactions.
SLIMElasticNetRecommender: URM Detected 1 ( 0.0%) items with no interactions.
SLIMElasticNetRecommender: Processed 20000 (100.0%) in 2.75 min. Items per second: 120.99
100%|██████████| 12621/12621 [00:38<00:00, 328.50it/s]
[I 2023-11-25 11:36:24,676] Trial 2 finished with value: 0.07265131315868793 and parameters: {'topK': 9998, 'l1_ratio': 0.2803771665176411, 'alpha': 0.09257103468283463}. Best is trial 1 with value: 0.0867564322732928.
SLIMElasticNetRecommender: URM Detected 164 ( 1.3%) users with no interactions.
SLIMElasticNetRecommender: URM Detected 1 ( 0.0%) items with no interactions.
SLIMElasticNetRecommender: Processed 20000 (100.0%) in 2.45 min. Items per second: 135.84
100%|██████████| 12621/12621 [00:36<00:00, 349.85it/s]
[I 2023-11-25 11:39:28,002] Trial 3 finished with value: 0.06682272012473459 and parameters: {'topK': 8807, 'l1_ratio': 0.29415663991934565, 'alpha': 0.15261809436332235}. Best is trial 1 with value: 0.0867564322732928.
SLIMElasticNetRecommender: URM Detected 164 ( 1.3%) users with no interactions.
SLIMElasticNetRecommender: URM Detected 1 ( 0.0%) items with no interactions.
SLIMElasticNetRecommender: Processed 20000 (100.0%) in 3.84 min. Items per second: 86.85
100%|██████████| 12621/12621 [00:38<00:00, 329.21it/s]
[I 2023-11-25 11:43:56,640] Trial 4 finished with value: 0.0833563966692117 and parameters: {'topK': 5681, 'l1_ratio': 0.22789263586911257, 'alpha': 0.03255447372716924}. Best is trial 1 with value: 0.0867564322732928.
SLIMElasticNetRecommender: URM Detected 164 ( 1.3%) users with no interactions.
SLIMElasticNetRecommender: URM Detected 1 ( 0.0%) items with no interactions.
SLIMElasticNetRecommender: Processed 20000 (100.0%) in 4.05 min. Items per second: 82.25
100%|██████████| 12621/12621 [00:37<00:00, 335.81it/s]
[I 2023-11-25 11:48:37,411] Trial 5 finished with value: 0.08227056112973075 and parameters: {'topK': 6820, 'l1_ratio': 0.07086211886083713, 'alpha': 0.08821954398729516}. Best is trial 1 with value: 0.0867564322732928.
SLIMElasticNetRecommender: URM Detected 164 ( 1.3%) users with no interactions.
SLIMElasticNetRecommender: URM Detected 1 ( 0.0%) items with no interactions.
SLIMElasticNetRecommender: Processed 11089 (55.4%) in 5.00 min. Items per second: 36.96
SLIMElasticNetRecommender: Processed 20000 (100.0%) in 8.26 min. Items per second: 40.37
100%|██████████| 12621/12621 [00:52<00:00, 239.72it/s]
[I 2023-11-25 11:57:45,446] Trial 6 finished with value: 0.08832257551163741 and parameters: {'topK': 8530, 'l1_ratio': 0.15043627455495323, 'alpha': 0.009644207182365711}. Best is trial 6 with value: 0.08832257551163741.
SLIMElasticNetRecommender: URM Detected 164 ( 1.3%) users with no interactions.
SLIMElasticNetRecommender: URM Detected 1 ( 0.0%) items with no interactions.
SLIMElasticNetRecommender: Processed 20000 (100.0%) in 4.19 min. Items per second: 79.63
100%|██████████| 12621/12621 [00:48<00:00, 258.35it/s]
[I 2023-11-25 12:02:45,481] Trial 7 finished with value: 0.0782184792377358 and parameters: {'topK': 9721, 'l1_ratio': 0.04778089603792872, 'alpha': 0.19452542292495392}. Best is trial 6 with value: 0.08832257551163741.
SLIMElasticNetRecommender: URM Detected 164 ( 1.3%) users with no interactions.
SLIMElasticNetRecommender: URM Detected 1 ( 0.0%) items with no interactions.
SLIMElasticNetRecommender: Processed 20000 (100.0%) in 2.86 min. Items per second: 116.41
100%|██████████| 12621/12621 [00:47<00:00, 268.33it/s]
[I 2023-11-25 12:06:24,352] Trial 8 finished with value: 0.06607766442226094 and parameters: {'topK': 9736, 'l1_ratio': 0.2679401367102792, 'alpha': 0.17646654679359045}. Best is trial 6 with value: 0.08832257551163741.
SLIMElasticNetRecommender: URM Detected 164 ( 1.3%) users with no interactions.
SLIMElasticNetRecommender: URM Detected 1 ( 0.0%) items with no interactions.
SLIMElasticNetRecommender: Processed 20000 (100.0%) in 2.76 min. Items per second: 120.69
100%|██████████| 12621/12621 [00:42<00:00, 298.55it/s]
[I 2023-11-25 12:09:52,364] Trial 9 finished with value: 0.061904543635601814 and parameters: {'topK': 5596, 'l1_ratio': 0.2836295135673144, 'alpha': 0.2406595129952181}. Best is trial 6 with value: 0.08832257551163741.
SLIMElasticNetRecommender: URM Detected 164 ( 1.3%) users with no interactions.
SLIMElasticNetRecommender: URM Detected 1 ( 0.0%) items with no interactions.
SLIMElasticNetRecommender: Processed 20000 (100.0%) in 3.57 min. Items per second: 93.26
100%|██████████| 12621/12621 [00:41<00:00, 301.65it/s]
[I 2023-11-25 12:14:08,697] Trial 10 finished with value: 0.07976476921085389 and parameters: {'topK': 8219, 'l1_ratio': 0.12666829715294517, 'alpha': 0.08467209401883621}. Best is trial 6 with value: 0.08832257551163741.
SLIMElasticNetRecommender: URM Detected 164 ( 1.3%) users with no interactions.
SLIMElasticNetRecommender: URM Detected 1 ( 0.0%) items with no interactions.
SLIMElasticNetRecommender: Processed 7109 (35.5%) in 5.00 min. Items per second: 23.69
SLIMElasticNetRecommender: Processed 15155 (75.8%) in 10.00 min. Items per second: 25.26
SLIMElasticNetRecommender: Processed 20000 (100.0%) in 12.74 min. Items per second: 26.16
100%|██████████| 12621/12621 [00:41<00:00, 301.15it/s]
[I 2023-11-25 12:27:35,488] Trial 11 finished with value: 0.08158187465239657 and parameters: {'topK': 7682, 'l1_ratio': 0.004319877645904732, 'alpha': 0.0036060131006261115}. Best is trial 6 with value: 0.08832257551163741.
SLIMElasticNetRecommender: URM Detected 164 ( 1.3%) users with no interactions.
SLIMElasticNetRecommender: URM Detected 1 ( 0.0%) items with no interactions.
SLIMElasticNetRecommender: Processed 11726 (58.6%) in 5.00 min. Items per second: 39.08
SLIMElasticNetRecommender: Processed 20000 (100.0%) in 7.88 min. Items per second: 42.29
100%|██████████| 12621/12621 [00:52<00:00, 239.68it/s]
[I 2023-11-25 12:36:21,060] Trial 12 finished with value: 0.08824387922653261 and parameters: {'topK': 7622, 'l1_ratio': 0.13995147910692293, 'alpha': 0.01130322189441451}. Best is trial 6 with value: 0.08832257551163741.
SLIMElasticNetRecommender: URM Detected 164 ( 1.3%) users with no interactions.
SLIMElasticNetRecommender: URM Detected 1 ( 0.0%) items with no interactions.
SLIMElasticNetRecommender: Processed 20000 (100.0%) in 4.39 min. Items per second: 75.89
100%|██████████| 12621/12621 [00:45<00:00, 274.48it/s]
[I 2023-11-25 12:41:30,622] Trial 13 finished with value: 0.08240702857401112 and parameters: {'topK': 8515, 'l1_ratio': 0.1366886902971422, 'alpha': 0.054895792751742487}. Best is trial 6 with value: 0.08832257551163741.
SLIMElasticNetRecommender: URM Detected 164 ( 1.3%) users with no interactions.
SLIMElasticNetRecommender: URM Detected 1 ( 0.0%) items with no interactions.
SLIMElasticNetRecommender: Processed 8673 (43.4%) in 5.00 min. Items per second: 28.91
SLIMElasticNetRecommender: Processed 18840 (94.2%) in 10.00 min. Items per second: 31.40
SLIMElasticNetRecommender: Processed 20000 (100.0%) in 10.48 min. Items per second: 31.81
100%|██████████| 12621/12621 [00:48<00:00, 262.19it/s]
[I 2023-11-25 12:52:47,464] Trial 14 finished with value: 0.08782826115818335 and parameters: {'topK': 8895, 'l1_ratio': 0.09617150101351174, 'alpha': 0.007388952492280512}. Best is trial 6 with value: 0.08832257551163741.
SLIMElasticNetRecommender: URM Detected 164 ( 1.3%) users with no interactions.
SLIMElasticNetRecommender: URM Detected 1 ( 0.0%) items with no interactions.
SLIMElasticNetRecommender: Processed 20000 (100.0%) in 3.40 min. Items per second: 97.90
100%|██████████| 12621/12621 [00:36<00:00, 347.40it/s]
[I 2023-11-25 12:56:48,115] Trial 15 finished with value: 0.080291315231355 and parameters: {'topK': 6685, 'l1_ratio': 0.16463833178643783, 'alpha': 0.06405716939573655}. Best is trial 6 with value: 0.08832257551163741.
SLIMElasticNetRecommender: URM Detected 164 ( 1.3%) users with no interactions.
SLIMElasticNetRecommender: URM Detected 1 ( 0.0%) items with no interactions.
SLIMElasticNetRecommender: Processed 20000 (100.0%) in 2.75 min. Items per second: 121.35
100%|██████████| 12621/12621 [00:35<00:00, 356.79it/s]
[I 2023-11-25 13:00:08,339] Trial 16 finished with value: 0.07445927952855642 and parameters: {'topK': 8135, 'l1_ratio': 0.17074894464056412, 'alpha': 0.11904877037522946}. Best is trial 6 with value: 0.08832257551163741.
SLIMElasticNetRecommender: URM Detected 164 ( 1.3%) users with no interactions.
SLIMElasticNetRecommender: URM Detected 1 ( 0.0%) items with no interactions.
SLIMElasticNetRecommender: Processed 20000 (100.0%) in 4.61 min. Items per second: 72.34
100%|██████████| 12621/12621 [00:39<00:00, 318.17it/s]
[I 2023-11-25 13:05:24,503] Trial 17 finished with value: 0.08521305833479813 and parameters: {'topK': 9200, 'l1_ratio': 0.1099314819886678, 'alpha': 0.040333884300204875}. Best is trial 6 with value: 0.08832257551163741.
SLIMElasticNetRecommender: URM Detected 164 ( 1.3%) users with no interactions.
SLIMElasticNetRecommender: URM Detected 1 ( 0.0%) items with no interactions.
SLIMElasticNetRecommender: Processed 20000 (100.0%) in 4.93 min. Items per second: 67.63
100%|██████████| 12621/12621 [00:40<00:00, 313.13it/s]
[I 2023-11-25 13:11:00,582] Trial 18 finished with value: 0.08615945325909428 and parameters: {'topK': 7247, 'l1_ratio': 0.15235135223985172, 'alpha': 0.026017543365024598}. Best is trial 6 with value: 0.08832257551163741.
SLIMElasticNetRecommender: URM Detected 164 ( 1.3%) users with no interactions.
SLIMElasticNetRecommender: URM Detected 1 ( 0.0%) items with no interactions.
SLIMElasticNetRecommender: Processed 19876 (99.4%) in 5.00 min. Items per second: 66.25
SLIMElasticNetRecommender: Processed 20000 (100.0%) in 5.02 min. Items per second: 66.45
100%|██████████| 12621/12621 [00:50<00:00, 250.58it/s]
[I 2023-11-25 13:16:51,951] Trial 19 finished with value: 0.08334222572685733 and parameters: {'topK': 8079, 'l1_ratio': 0.08640028609666517, 'alpha': 0.06511231077352826}. Best is trial 6 with value: 0.08832257551163741.
SLIMElasticNetRecommender: URM Detected 164 ( 1.3%) users with no interactions.
SLIMElasticNetRecommender: URM Detected 1 ( 0.0%) items with no interactions.
SLIMElasticNetRecommender: Processed 12622 (63.1%) in 5.00 min. Items per second: 42.07
SLIMElasticNetRecommender: Processed 20000 (100.0%) in 6.44 min. Items per second: 51.78
100%|██████████| 12621/12621 [00:42<00:00, 296.74it/s]
[I 2023-11-25 13:24:00,752] Trial 20 finished with value: 0.08673976588317414 and parameters: {'topK': 6001, 'l1_ratio': 0.19239821471831578, 'alpha': 0.018396138487702343}. Best is trial 6 with value: 0.08832257551163741.
SLIMElasticNetRecommender: URM Detected 164 ( 1.3%) users with no interactions.
SLIMElasticNetRecommender: URM Detected 1 ( 0.0%) items with no interactions.
SLIMElasticNetRecommender: Processed 9204 (46.0%) in 5.00 min. Items per second: 30.68
SLIMElasticNetRecommender: Processed 19734 (98.7%) in 10.00 min. Items per second: 32.89
SLIMElasticNetRecommender: Processed 20000 (100.0%) in 10.12 min. Items per second: 32.95
100%|██████████| 12621/12621 [00:52<00:00, 238.43it/s]
[I 2023-11-25 13:35:00,685] Trial 21 finished with value: 0.08800774065705778 and parameters: {'topK': 9066, 'l1_ratio': 0.10452130534225326, 'alpha': 0.007993761329406407}. Best is trial 6 with value: 0.08832257551163741.
SLIMElasticNetRecommender: URM Detected 164 ( 1.3%) users with no interactions.
SLIMElasticNetRecommender: URM Detected 1 ( 0.0%) items with no interactions.
SLIMElasticNetRecommender: Processed 13784 (68.9%) in 5.00 min. Items per second: 45.94
SLIMElasticNetRecommender: Processed 20000 (100.0%) in 6.14 min. Items per second: 54.29
100%|██████████| 12621/12621 [00:50<00:00, 252.06it/s]
[I 2023-11-25 13:41:59,189] Trial 22 finished with value: 0.08640448494701189 and parameters: {'topK': 9336, 'l1_ratio': 0.12395938626707809, 'alpha': 0.028537474938559293}. Best is trial 6 with value: 0.08832257551163741.
SLIMElasticNetRecommender: URM Detected 164 ( 1.3%) users with no interactions.
SLIMElasticNetRecommender: URM Detected 1 ( 0.0%) items with no interactions.
SLIMElasticNetRecommender: Processed 9060 (45.3%) in 5.00 min. Items per second: 30.19
SLIMElasticNetRecommender: Processed 20000 (100.0%) in 9.65 min. Items per second: 34.53
 45%|████▍     | 5637/12621 [00:20<00:28, 247.84it/s]
SLIMElasticNetRecommender: Processed 8102 (40.5%) in 5.00 min. Items per second: 27.00
SLIMElasticNetRecommender: Processed 15386 (76.9%) in 10.00 min. Items per second: 25.64
SLIMElasticNetRecommender: Processed 20000 (100.0%) in 13.00 min. Items per second: 25.65
100%|██████████| 12621/12621 [00:59<00:00, 213.46it/s]
[I 2023-11-25 14:06:23,246] Trial 24 finished with value: 0.08331445070622306 and parameters: {'topK': 8498, 'l1_ratio': 0.14542063633088326, 'alpha': 0.0022719467514130103}. Best is trial 6 with value: 0.08832257551163741.
SLIMElasticNetRecommender: URM Detected 164 ( 1.3%) users with no interactions.
SLIMElasticNetRecommender: URM Detected 1 ( 0.0%) items with no interactions.
SLIMElasticNetRecommender: Processed 11591 (58.0%) in 5.00 min. Items per second: 38.63
SLIMElasticNetRecommender: Processed 20000 (100.0%) in 7.01 min. Items per second: 47.54
100%|██████████| 12621/12621 [00:41<00:00, 300.78it/s]
[I 2023-11-25 14:14:05,968] Trial 25 finished with value: 0.08698046040382088 and parameters: {'topK': 7852, 'l1_ratio': 0.0682649916250062, 'alpha': 0.03462849498436517}. Best is trial 6 with value: 0.08832257551163741.
SLIMElasticNetRecommender: URM Detected 164 ( 1.3%) users with no interactions.
SLIMElasticNetRecommender: URM Detected 1 ( 0.0%) items with no interactions.
SLIMElasticNetRecommender: Processed 20000 (100.0%) in 4.06 min. Items per second: 82.06
100%|██████████| 12621/12621 [00:38<00:00, 327.41it/s]
[I 2023-11-25 14:18:48,270] Trial 26 finished with value: 0.08348220126509567 and parameters: {'topK': 7284, 'l1_ratio': 0.11988563498806493, 'alpha': 0.05104501175766773}. Best is trial 6 with value: 0.08832257551163741.
SLIMElasticNetRecommender: URM Detected 164 ( 1.3%) users with no interactions.
SLIMElasticNetRecommender: URM Detected 1 ( 0.0%) items with no interactions.
SLIMElasticNetRecommender: Processed 19100 (95.5%) in 5.00 min. Items per second: 63.66
SLIMElasticNetRecommender: Processed 20000 (100.0%) in 5.10 min. Items per second: 65.37
100%|██████████| 12621/12621 [00:38<00:00, 325.64it/s]
[I 2023-11-25 14:24:33,002] Trial 27 finished with value: 0.08640477902763556 and parameters: {'topK': 8494, 'l1_ratio': 0.14196802139808623, 'alpha': 0.025535067326871802}. Best is trial 6 with value: 0.08832257551163741.
SLIMElasticNetRecommender: URM Detected 164 ( 1.3%) users with no interactions.
SLIMElasticNetRecommender: URM Detected 1 ( 0.0%) items with no interactions.
SLIMElasticNetRecommender: Processed 20000 (100.0%) in 3.45 min. Items per second: 96.65
100%|██████████| 12621/12621 [00:41<00:00, 302.10it/s]
[I 2023-11-25 14:28:41,757] Trial 28 finished with value: 0.07964892401840895 and parameters: {'topK': 7838, 'l1_ratio': 0.17320896363149355, 'alpha': 0.06717344067297294}. Best is trial 6 with value: 0.08832257551163741.
SLIMElasticNetRecommender: URM Detected 164 ( 1.3%) users with no interactions.
SLIMElasticNetRecommender: URM Detected 1 ( 0.0%) items with no interactions.
SLIMElasticNetRecommender: Processed 20000 (100.0%) in 3.97 min. Items per second: 84.01
100%|██████████| 12621/12621 [00:47<00:00, 266.74it/s]
[I 2023-11-25 14:33:27,186] Trial 29 finished with value: 0.08038655808380242 and parameters: {'topK': 6751, 'l1_ratio': 0.22017695298562917, 'alpha': 0.05021224271474697}. Best is trial 6 with value: 0.08832257551163741.
SLIMElasticNetRecommender: URM Detected 164 ( 1.3%) users with no interactions.
SLIMElasticNetRecommender: URM Detected 1 ( 0.0%) items with no interactions.
SLIMElasticNetRecommender: Processed 16003 (80.0%) in 5.00 min. Items per second: 53.34
SLIMElasticNetRecommender: Processed 20000 (100.0%) in 5.67 min. Items per second: 58.77
100%|██████████| 12621/12621 [00:51<00:00, 245.07it/s]
[I 2023-11-25 14:39:59,042] Trial 30 finished with value: 0.0866401007026427 and parameters: {'topK': 8691, 'l1_ratio': 0.1843423390439144, 'alpha': 0.019485359451251655}. Best is trial 6 with value: 0.08832257551163741.
SLIMElasticNetRecommender: URM Detected 164 ( 1.3%) users with no interactions.
SLIMElasticNetRecommender: URM Detected 1 ( 0.0%) items with no interactions.
SLIMElasticNetRecommender: Processed 7039 (35.2%) in 5.00 min. Items per second: 23.46
SLIMElasticNetRecommender: Processed 15556 (77.8%) in 10.00 min. Items per second: 25.92
SLIMElasticNetRecommender: Processed 20000 (100.0%) in 12.56 min. Items per second: 26.55
100%|██████████| 12621/12621 [00:55<00:00, 228.69it/s]
[I 2023-11-25 14:53:27,811] Trial 31 finished with value: 0.08458876650455852 and parameters: {'topK': 9238, 'l1_ratio': 0.10622222196338832, 'alpha': 0.003194019991683228}. Best is trial 6 with value: 0.08832257551163741.
SLIMElasticNetRecommender: URM Detected 164 ( 1.3%) users with no interactions.
SLIMElasticNetRecommender: URM Detected 1 ( 0.0%) items with no interactions.
SLIMElasticNetRecommender: Processed 10166 (50.8%) in 5.00 min. Items per second: 33.88
SLIMElasticNetRecommender: Processed 20000 (100.0%) in 8.45 min. Items per second: 39.44
100%|██████████| 12621/12621 [00:52<00:00, 238.75it/s]
[I 2023-11-25 15:02:47,854] Trial 32 finished with value: 0.08794781408305917 and parameters: {'topK': 9023, 'l1_ratio': 0.09582119370439743, 'alpha': 0.017727862877044684}. Best is trial 6 with value: 0.08832257551163741.
SLIMElasticNetRecommender: URM Detected 164 ( 1.3%) users with no interactions.
SLIMElasticNetRecommender: URM Detected 1 ( 0.0%) items with no interactions.
SLIMElasticNetRecommender: Processed 20000 (100.0%) in 4.44 min. Items per second: 75.14
100%|██████████| 12621/12621 [00:41<00:00, 307.68it/s]
[I 2023-11-25 15:07:55,099] Trial 33 finished with value: 0.08379259394981076 and parameters: {'topK': 8296, 'l1_ratio': 0.1543540802595002, 'alpha': 0.04007357794958416}. Best is trial 6 with value: 0.08832257551163741.
SLIMElasticNetRecommender: URM Detected 164 ( 1.3%) users with no interactions.
SLIMElasticNetRecommender: URM Detected 1 ( 0.0%) items with no interactions.
SLIMElasticNetRecommender: Processed 8298 (41.5%) in 5.00 min. Items per second: 27.66
SLIMElasticNetRecommender: Processed 17267 (86.3%) in 10.00 min. Items per second: 28.78
SLIMElasticNetRecommender: Processed 20000 (100.0%) in 11.37 min. Items per second: 29.32
100%|██████████| 12621/12621 [00:42<00:00, 295.60it/s]
[I 2023-11-25 15:19:59,971] Trial 34 finished with value: 0.08309576113122193 and parameters: {'topK': 9484, 'l1_ratio': 0.1272743710202503, 'alpha': 0.002286288728959509}. Best is trial 6 with value: 0.08832257551163741.
SLIMElasticNetRecommender: URM Detected 164 ( 1.3%) users with no interactions.
SLIMElasticNetRecommender: URM Detected 1 ( 0.0%) items with no interactions.
SLIMElasticNetRecommender: Processed 10609 (53.0%) in 5.00 min. Items per second: 35.36
SLIMElasticNetRecommender: Processed 20000 (100.0%) in 8.65 min. Items per second: 38.51
100%|██████████| 12621/12621 [00:54<00:00, 230.00it/s]
[I 2023-11-25 15:29:34,187] Trial 35 finished with value: 0.08803828667661473 and parameters: {'topK': 7472, 'l1_ratio': 0.11561294475133586, 'alpha': 0.014251058400497688}. Best is trial 6 with value: 0.08832257551163741.
SLIMElasticNetRecommender: URM Detected 164 ( 1.3%) users with no interactions.
SLIMElasticNetRecommender: URM Detected 1 ( 0.0%) items with no interactions.
SLIMElasticNetRecommender: Processed 19538 (97.7%) in 5.00 min. Items per second: 65.12
SLIMElasticNetRecommender: Processed 20000 (100.0%) in 5.06 min. Items per second: 65.90
100%|██████████| 12621/12621 [00:50<00:00, 249.11it/s]
[I 2023-11-25 15:35:28,372] Trial 36 finished with value: 0.08498823680567762 and parameters: {'topK': 7441, 'l1_ratio': 0.14159318287872033, 'alpha': 0.03547419464802846}. Best is trial 6 with value: 0.08832257551163741.
SLIMElasticNetRecommender: URM Detected 164 ( 1.3%) users with no interactions.
SLIMElasticNetRecommender: URM Detected 1 ( 0.0%) items with no interactions.
SLIMElasticNetRecommender: Processed 10845 (54.2%) in 5.00 min. Items per second: 36.15
SLIMElasticNetRecommender: Processed 20000 (100.0%) in 7.82 min. Items per second: 42.64
100%|██████████| 12621/12621 [00:44<00:00, 283.63it/s]
[I 2023-11-25 15:44:02,004] Trial 37 finished with value: 0.0876401829153654 and parameters: {'topK': 7066, 'l1_ratio': 0.07926099276756587, 'alpha': 0.023122113409122416}. Best is trial 6 with value: 0.08832257551163741.
SLIMElasticNetRecommender: URM Detected 164 ( 1.3%) users with no interactions.
SLIMElasticNetRecommender: URM Detected 1 ( 0.0%) items with no interactions.
SLIMElasticNetRecommender: Processed 13864 (69.3%) in 5.00 min. Items per second: 46.21
SLIMElasticNetRecommender: Processed 20000 (100.0%) in 6.34 min. Items per second: 52.56
100%|██████████| 12621/12621 [00:42<00:00, 294.87it/s]
