15312.5s 1277 [I 2023-12-04 23:02:47,872] Trial 411 finished with value: 0.0779084843046723 and parameters: {'weight': 0.6738871773444534}. Best is trial 320 with value: 0.07841937136998743.
15312.7s 1278 ScoresHybridRecommender: URM Detected 348 ( 2.8%) users with no interactions.
15312.7s 1279 ScoresHybridRecommender: URM Detected 188 ( 0.8%) items with no interactions.
15349.1s 1280 [I 2023-12-04 23:03:24,416] Trial 412 finished with value: 0.07833305396763927 and parameters: {'weight': 0.5142360573306027}. Best is trial 320 with value: 0.07841937136998743.
15349.2s 1281 ScoresHybridRecommender: URM Detected 348 ( 2.8%) users with no interactions.
15349.2s 1282 ScoresHybridRecommender: URM Detected 188 ( 0.8%) items with no interactions.
15385.9s 1283 [I 2023-12-04 23:04:01,244] Trial 413 finished with value: 0.07835817197406378 and parameters: {'weight': 0.49028959040984393}. Best is trial 320 with value: 0.07841937136998743.
15386.0s 1284 ScoresHybridRecommender: URM Detected 348 ( 2.8%) users with no interactions.
15386.0s 1285 ScoresHybridRecommender: URM Detected 188 ( 0.8%) items with no interactions.
15423.0s 1286 [I 2023-12-04 23:04:38,397] Trial 414 finished with value: 0.07839155667196102 and parameters: {'weight': 0.4724208464989153}. Best is trial 320 with value: 0.07841937136998743.
15423.2s 1287 ScoresHybridRecommender: URM Detected 348 ( 2.8%) users with no interactions.
15423.2s 1288 ScoresHybridRecommender: URM Detected 188 ( 0.8%) items with no interactions.
15460.1s 1289 [I 2023-12-04 23:05:15,430] Trial 415 finished with value: 0.07824297118370602 and parameters: {'weight': 0.5427950710110395}. Best is trial 320 with value: 0.07841937136998743.
15460.2s 1290 ScoresHybridRecommender: URM Detected 348 ( 2.8%) users with no interactions.
15460.2s 1291 ScoresHybridRecommender: URM Detected 188 ( 0.8%) items with no interactions.
15495.8s 1292 [I 2023-12-04 23:05:51,164] Trial 416 finished with value: 0.07822395932482622 and parameters: {'weight': 0.4400596721680601}. Best is trial 320 with value: 0.07841937136998743.
15496.0s 1293 ScoresHybridRecommender: URM Detected 348 ( 2.8%) users with no interactions.
15496.0s 1294 ScoresHybridRecommender: URM Detected 188 ( 0.8%) items with no interactions.
15531.5s 1295 [I 2023-12-04 23:06:26,857] Trial 417 finished with value: 0.07694022063197825 and parameters: {'weight': 0.9408657824358072}. Best is trial 320 with value: 0.07841937136998743.
15531.7s 1296 ScoresHybridRecommender: URM Detected 348 ( 2.8%) users with no interactions.
15531.7s 1297 ScoresHybridRecommender: URM Detected 188 ( 0.8%) items with no interactions.
15567.2s 1298 [I 2023-12-04 23:07:02,533] Trial 418 finished with value: 0.07473774693625802 and parameters: {'weight': 0.04971472621294071}. Best is trial 320 with value: 0.07841937136998743.
15567.3s 1299 ScoresHybridRecommender: URM Detected 348 ( 2.8%) users with no interactions.
15567.3s 1300 ScoresHybridRecommender: URM Detected 188 ( 0.8%) items with no interactions.
15602.8s 1301 [I 2023-12-04 23:07:38,120] Trial 419 finished with value: 0.07833100694416396 and parameters: {'weight': 0.4983707656195664}. Best is trial 320 with value: 0.07841937136998743.
15602.9s 1302 ScoresHybridRecommender: URM Detected 348 ( 2.8%) users with no interactions.
15602.9s 1303 ScoresHybridRecommender: URM Detected 188 ( 0.8%) items with no interactions.
15640.2s 1304 [I 2023-12-04 23:08:15,529] Trial 420 finished with value: 0.0741632942789908 and parameters: {'weight': 0.02389534391991599}. Best is trial 320 with value: 0.07841937136998743.
15640.3s 1305 ScoresHybridRecommender: URM Detected 348 ( 2.8%) users with no interactions.
15640.3s 1306 ScoresHybridRecommender: URM Detected 188 ( 0.8%) items with no interactions.
15677.3s 1307 [I 2023-12-04 23:08:52,617] Trial 421 finished with value: 0.07837366435588781 and parameters: {'weight': 0.4649153211381079}. Best is trial 320 with value: 0.07841937136998743.
15677.4s 1308 ScoresHybridRecommender: URM Detected 348 ( 2.8%) users with no interactions.
15677.4s 1309 ScoresHybridRecommender: URM Detected 188 ( 0.8%) items with no interactions.
15714.5s 1310 [I 2023-12-04 23:09:29,841] Trial 422 finished with value: 0.07832140327578703 and parameters: {'weight': 0.5199562125435918}. Best is trial 320 with value: 0.07841937136998743.
15714.6s 1311 ScoresHybridRecommender: URM Detected 348 ( 2.8%) users with no interactions.
15714.6s 1312 ScoresHybridRecommender: URM Detected 188 ( 0.8%) items with no interactions.
15752.0s 1313 [I 2023-12-04 23:10:07,404] Trial 423 finished with value: 0.07829477604316205 and parameters: {'weight': 0.37702963862926553}. Best is trial 320 with value: 0.07841937136998743.
15752.2s 1314 ScoresHybridRecommender: URM Detected 348 ( 2.8%) users with no interactions.
15752.2s 1315 ScoresHybridRecommender: URM Detected 188 ( 0.8%) items with no interactions.
15788.7s 1316 [I 2023-12-04 23:10:44,026] Trial 424 finished with value: 0.07840717819425105 and parameters: {'weight': 0.48499159943266357}. Best is trial 320 with value: 0.07841937136998743.
15788.8s 1317 ScoresHybridRecommender: URM Detected 348 ( 2.8%) users with no interactions.
15788.8s 1318 ScoresHybridRecommender: URM Detected 188 ( 0.8%) items with no interactions.
15824.4s 1319 [I 2023-12-04 23:11:19,786] Trial 425 finished with value: 0.07822289814780897 and parameters: {'weight': 0.4298377502018058}. Best is trial 320 with value: 0.07841937136998743.
15824.6s 1320 ScoresHybridRecommender: URM Detected 348 ( 2.8%) users with no interactions.
15824.6s 1321 ScoresHybridRecommender: URM Detected 188 ( 0.8%) items with no interactions.
15860.3s 1322 [I 2023-12-04 23:11:55,621] Trial 426 finished with value: 0.07825615950953967 and parameters: {'weight': 0.45637416524022706}. Best is trial 320 with value: 0.07841937136998743.
15860.4s 1323 ScoresHybridRecommender: URM Detected 348 ( 2.8%) users with no interactions.
15860.4s 1324 ScoresHybridRecommender: URM Detected 188 ( 0.8%) items with no interactions.
15896.0s 1325 [I 2023-12-04 23:12:31,403] Trial 427 finished with value: 0.07820988342404542 and parameters: {'weight': 0.5699138479838658}. Best is trial 320 with value: 0.07841937136998743.
15896.2s 1326 ScoresHybridRecommender: URM Detected 348 ( 2.8%) users with no interactions.
15896.2s 1327 ScoresHybridRecommender: URM Detected 188 ( 0.8%) items with no interactions.
15931.8s 1328 [I 2023-12-04 23:13:07,140] Trial 428 finished with value: 0.0783308047796094 and parameters: {'weight': 0.5029253890074138}. Best is trial 320 with value: 0.07841937136998743.
15931.9s 1329 ScoresHybridRecommender: URM Detected 348 ( 2.8%) users with no interactions.
15931.9s 1330 ScoresHybridRecommender: URM Detected 188 ( 0.8%) items with no interactions.
15967.6s 1331 [I 2023-12-04 23:13:42,980] Trial 429 finished with value: 0.07839947370767855 and parameters: {'weight': 0.47500780291248923}. Best is trial 320 with value: 0.07841937136998743.
15967.8s 1332 ScoresHybridRecommender: URM Detected 348 ( 2.8%) users with no interactions.
15967.8s 1333 ScoresHybridRecommender: URM Detected 188 ( 0.8%) items with no interactions.
16003.4s 1334 [I 2023-12-04 23:14:18,741] Trial 430 finished with value: 0.07830044322647799 and parameters: {'weight': 0.5237129172735132}. Best is trial 320 with value: 0.07841937136998743.
16003.5s 1335 ScoresHybridRecommender: URM Detected 348 ( 2.8%) users with no interactions.
16003.5s 1336 ScoresHybridRecommender: URM Detected 188 ( 0.8%) items with no interactions.
16039.1s 1337 [I 2023-12-04 23:14:54,499] Trial 431 finished with value: 0.07755061732618539 and parameters: {'weight': 0.8070108330061591}. Best is trial 320 with value: 0.07841937136998743.
16039.3s 1338 ScoresHybridRecommender: URM Detected 348 ( 2.8%) users with no interactions.
16039.3s 1339 ScoresHybridRecommender: URM Detected 188 ( 0.8%) items with no interactions.
16074.9s 1340 [I 2023-12-04 23:15:30,310] Trial 432 finished with value: 0.07821086902580272 and parameters: {'weight': 0.3956165505471994}. Best is trial 320 with value: 0.07841937136998743.
16075.1s 1341 ScoresHybridRecommender: URM Detected 348 ( 2.8%) users with no interactions.
16075.1s 1342 ScoresHybridRecommender: URM Detected 188 ( 0.8%) items with no interactions.
16110.8s 1343 [I 2023-12-04 23:16:06,129] Trial 433 finished with value: 0.07837170234970037 and parameters: {'weight': 0.4919834360791727}. Best is trial 320 with value: 0.07841937136998743.
16110.9s 1344 ScoresHybridRecommender: URM Detected 348 ( 2.8%) users with no interactions.
16110.9s 1345 ScoresHybridRecommender: URM Detected 188 ( 0.8%) items with no interactions.
16147.3s 1346 [I 2023-12-04 23:16:42,638] Trial 434 finished with value: 0.07827724852300244 and parameters: {'weight': 0.44847502059931055}. Best is trial 320 with value: 0.07841937136998743.
16147.4s 1347 ScoresHybridRecommender: URM Detected 348 ( 2.8%) users with no interactions.
16147.4s 1348 ScoresHybridRecommender: URM Detected 188 ( 0.8%) items with no interactions.
16183.9s 1349 [I 2023-12-04 23:17:19,254] Trial 435 finished with value: 0.07839482896048311 and parameters: {'weight': 0.47196365453448397}. Best is trial 320 with value: 0.07841937136998743.
16184.0s 1350 ScoresHybridRecommender: URM Detected 348 ( 2.8%) users with no interactions.
16184.0s 1351 ScoresHybridRecommender: URM Detected 188 ( 0.8%) items with no interactions.
16219.6s 1352 [I 2023-12-04 23:17:54,907] Trial 436 finished with value: 0.07787243962132105 and parameters: {'weight': 0.6868549178212027}. Best is trial 320 with value: 0.07841937136998743.
16219.7s 1353 ScoresHybridRecommender: URM Detected 348 ( 2.8%) users with no interactions.
16219.7s 1354 ScoresHybridRecommender: URM Detected 188 ( 0.8%) items with no interactions.
16255.3s 1355 [I 2023-12-04 23:18:30,655] Trial 437 finished with value: 0.07827314500663461 and parameters: {'weight': 0.5339163778273132}. Best is trial 320 with value: 0.07841937136998743.
16255.4s 1356 ScoresHybridRecommender: URM Detected 348 ( 2.8%) users with no interactions.
16255.4s 1357 ScoresHybridRecommender: URM Detected 188 ( 0.8%) items with no interactions.
16291.8s 1358 [I 2023-12-04 23:19:07,169] Trial 438 finished with value: 0.07725660323489844 and parameters: {'weight': 0.8797178102282213}. Best is trial 320 with value: 0.07841937136998743.
16292.0s 1359 ScoresHybridRecommender: URM Detected 348 ( 2.8%) users with no interactions.
16292.0s 1360 ScoresHybridRecommender: URM Detected 188 ( 0.8%) items with no interactions.
16327.7s 1361 [I 2023-12-04 23:19:43,105] Trial 439 finished with value: 0.07741391963697736 and parameters: {'weight': 0.23181172631592772}. Best is trial 320 with value: 0.07841937136998743.