9027.7s 752 [I 2023-12-04 21:18:03,121] Trial 236 finished with value: 0.07831461045914134 and parameters: {'weight': 0.506459228099976}. Best is trial 211 with value: 0.07841868429524378.
9027.9s 753 ScoresHybridRecommender: URM Detected 348 ( 2.8%) users with no interactions.
9027.9s 754 ScoresHybridRecommender: URM Detected 188 ( 0.8%) items with no interactions.
9063.5s 755 [I 2023-12-04 21:18:38,914] Trial 237 finished with value: 0.07824340914874436 and parameters: {'weight': 0.4579439731482096}. Best is trial 211 with value: 0.07841868429524378.
9063.7s 756 ScoresHybridRecommender: URM Detected 348 ( 2.8%) users with no interactions.
9063.7s 757 ScoresHybridRecommender: URM Detected 188 ( 0.8%) items with no interactions.
9100.1s 758 [I 2023-12-04 21:19:15,446] Trial 238 finished with value: 0.07837542594923906 and parameters: {'weight': 0.48797668338017186}. Best is trial 211 with value: 0.07841868429524378.
9100.2s 759 ScoresHybridRecommender: URM Detected 348 ( 2.8%) users with no interactions.
9100.2s 760 ScoresHybridRecommender: URM Detected 188 ( 0.8%) items with no interactions.
9137.0s 761 [I 2023-12-04 21:19:52,367] Trial 239 finished with value: 0.07828132619188186 and parameters: {'weight': 0.5322071368219876}. Best is trial 211 with value: 0.07841868429524378.
9137.2s 762 ScoresHybridRecommender: URM Detected 348 ( 2.8%) users with no interactions.
9137.2s 763 ScoresHybridRecommender: URM Detected 188 ( 0.8%) items with no interactions.
9173.7s 764 [I 2023-12-04 21:20:29,066] Trial 240 finished with value: 0.07839226393441846 and parameters: {'weight': 0.47993674248262336}. Best is trial 211 with value: 0.07841868429524378.
9173.9s 765 ScoresHybridRecommender: URM Detected 348 ( 2.8%) users with no interactions.
9173.9s 766 ScoresHybridRecommender: URM Detected 188 ( 0.8%) items with no interactions.
9210.6s 767 [I 2023-12-04 21:21:05,964] Trial 241 finished with value: 0.0783894143749001 and parameters: {'weight': 0.4741171932496459}. Best is trial 211 with value: 0.07841868429524378.
9210.8s 768 ScoresHybridRecommender: URM Detected 348 ( 2.8%) users with no interactions.
9210.8s 769 ScoresHybridRecommender: URM Detected 188 ( 0.8%) items with no interactions.
9247.1s 770 [I 2023-12-04 21:21:42,503] Trial 242 finished with value: 0.07836438265693961 and parameters: {'weight': 0.4934447077905202}. Best is trial 211 with value: 0.07841868429524378.
9247.3s 771 ScoresHybridRecommender: URM Detected 348 ( 2.8%) users with no interactions.
9247.3s 772 ScoresHybridRecommender: URM Detected 188 ( 0.8%) items with no interactions.
9283.8s 773 [I 2023-12-04 21:22:19,191] Trial 243 finished with value: 0.0782449253063951 and parameters: {'weight': 0.4584391863596378}. Best is trial 211 with value: 0.07841868429524378.
9284.0s 774 ScoresHybridRecommender: URM Detected 348 ( 2.8%) users with no interactions.
9284.0s 775 ScoresHybridRecommender: URM Detected 188 ( 0.8%) items with no interactions.
9320.7s 776 [I 2023-12-04 21:22:56,100] Trial 244 finished with value: 0.07839634830526634 and parameters: {'weight': 0.48098211061503027}. Best is trial 211 with value: 0.07841868429524378.
9320.9s 777 ScoresHybridRecommender: URM Detected 348 ( 2.8%) users with no interactions.
9320.9s 778 ScoresHybridRecommender: URM Detected 188 ( 0.8%) items with no interactions.
9358.0s 779 [I 2023-12-04 21:23:33,391] Trial 245 finished with value: 0.07831573543788753 and parameters: {'weight': 0.5098435881021371}. Best is trial 211 with value: 0.07841868429524378.
9358.2s 780 ScoresHybridRecommender: URM Detected 348 ( 2.8%) users with no interactions.
9358.2s 781 ScoresHybridRecommender: URM Detected 188 ( 0.8%) items with no interactions.
9396.1s 782 [I 2023-12-04 21:24:11,448] Trial 246 finished with value: 0.07827497063425214 and parameters: {'weight': 0.4477225679659203}. Best is trial 211 with value: 0.07841868429524378.
9396.2s 783 ScoresHybridRecommender: URM Detected 348 ( 2.8%) users with no interactions.
9396.2s 784 ScoresHybridRecommender: URM Detected 188 ( 0.8%) items with no interactions.
9433.0s 785 [I 2023-12-04 21:24:48,341] Trial 247 finished with value: 0.07841673744914662 and parameters: {'weight': 0.4832329341345826}. Best is trial 211 with value: 0.07841868429524378.
9433.1s 786 ScoresHybridRecommender: URM Detected 348 ( 2.8%) users with no interactions.
9433.1s 787 ScoresHybridRecommender: URM Detected 188 ( 0.8%) items with no interactions.
9469.3s 788 [I 2023-12-04 21:25:24,633] Trial 248 finished with value: 0.07833017176561534 and parameters: {'weight': 0.5024853521050758}. Best is trial 211 with value: 0.07841868429524378.
9469.4s 789 ScoresHybridRecommender: URM Detected 348 ( 2.8%) users with no interactions.
9469.4s 790 ScoresHybridRecommender: URM Detected 188 ( 0.8%) items with no interactions.
9506.1s 791 [I 2023-12-04 21:26:01,442] Trial 249 finished with value: 0.07837227458154138 and parameters: {'weight': 0.4650919152945288}. Best is trial 211 with value: 0.07841868429524378.
9506.2s 792 ScoresHybridRecommender: URM Detected 348 ( 2.8%) users with no interactions.
9506.2s 793 ScoresHybridRecommender: URM Detected 188 ( 0.8%) items with no interactions.
9542.8s 794 [I 2023-12-04 21:26:38,227] Trial 250 finished with value: 0.07830494011936509 and parameters: {'weight': 0.518133044302381}. Best is trial 211 with value: 0.07841868429524378.
9543.0s 795 ScoresHybridRecommender: URM Detected 348 ( 2.8%) users with no interactions.
9543.0s 796 ScoresHybridRecommender: URM Detected 188 ( 0.8%) items with no interactions.
9579.7s 797 [I 2023-12-04 21:27:15,070] Trial 251 finished with value: 0.07838385324204689 and parameters: {'weight': 0.48969130785678305}. Best is trial 211 with value: 0.07841868429524378.
9579.9s 798 ScoresHybridRecommender: URM Detected 348 ( 2.8%) users with no interactions.
9579.9s 799 ScoresHybridRecommender: URM Detected 188 ( 0.8%) items with no interactions.
9616.3s 800 [I 2023-12-04 21:27:51,724] Trial 252 finished with value: 0.07826944756800595 and parameters: {'weight': 0.4435214315710601}. Best is trial 211 with value: 0.07841868429524378.
9616.5s 801 ScoresHybridRecommender: URM Detected 348 ( 2.8%) users with no interactions.
9616.5s 802 ScoresHybridRecommender: URM Detected 188 ( 0.8%) items with no interactions.
9653.2s 803 [I 2023-12-04 21:28:28,566] Trial 253 finished with value: 0.07837463693338376 and parameters: {'weight': 0.46878554866779354}. Best is trial 211 with value: 0.07841868429524378.
9653.4s 804 ScoresHybridRecommender: URM Detected 348 ( 2.8%) users with no interactions.
9653.4s 805 ScoresHybridRecommender: URM Detected 188 ( 0.8%) items with no interactions.
9690.4s 806 [I 2023-12-04 21:29:05,763] Trial 254 finished with value: 0.07674559456554275 and parameters: {'weight': 0.9836148417183692}. Best is trial 211 with value: 0.07841868429524378.
9690.6s 807 ScoresHybridRecommender: URM Detected 348 ( 2.8%) users with no interactions.
9690.6s 808 ScoresHybridRecommender: URM Detected 188 ( 0.8%) items with no interactions.
9726.8s 809 [I 2023-12-04 21:29:42,218] Trial 255 finished with value: 0.07783046452750099 and parameters: {'weight': 0.6838025470766975}. Best is trial 211 with value: 0.07841868429524378.
9727.0s 810 ScoresHybridRecommender: URM Detected 348 ( 2.8%) users with no interactions.
9727.0s 811 ScoresHybridRecommender: URM Detected 188 ( 0.8%) items with no interactions.
9763.7s 812 [I 2023-12-04 21:30:19,037] Trial 256 finished with value: 0.07820395687595418 and parameters: {'weight': 0.5502119613992174}. Best is trial 211 with value: 0.07841868429524378.
9763.8s 813 ScoresHybridRecommender: URM Detected 348 ( 2.8%) users with no interactions.
9763.8s 814 ScoresHybridRecommender: URM Detected 188 ( 0.8%) items with no interactions.
9800.1s 815 [I 2023-12-04 21:30:55,438] Trial 257 finished with value: 0.07832870591185069 and parameters: {'weight': 0.5016163665250675}. Best is trial 211 with value: 0.07841868429524378.
9800.2s 816 ScoresHybridRecommender: URM Detected 348 ( 2.8%) users with no interactions.
9800.2s 817 ScoresHybridRecommender: URM Detected 188 ( 0.8%) items with no interactions.
9835.9s 818 [I 2023-12-04 21:31:31,235] Trial 258 finished with value: 0.07825148016030015 and parameters: {'weight': 0.4324267377895255}. Best is trial 211 with value: 0.07841868429524378.
9836.0s 819 ScoresHybridRecommender: URM Detected 348 ( 2.8%) users with no interactions.
9836.0s 820 ScoresHybridRecommender: URM Detected 188 ( 0.8%) items with no interactions.
9871.3s 821 [I 2023-12-04 21:32:06,651] Trial 259 finished with value: 0.07841924097215038 and parameters: {'weight': 0.4821227804558093}. Best is trial 259 with value: 0.07841924097215038.
9871.4s 822 ScoresHybridRecommender: URM Detected 348 ( 2.8%) users with no interactions.
9871.4s 823 ScoresHybridRecommender: URM Detected 188 ( 0.8%) items with no interactions.
9906.8s 824 [I 2023-12-04 21:32:42,211] Trial 260 finished with value: 0.07832302693726906 and parameters: {'weight': 0.5274968984159984}. Best is trial 259 with value: 0.07841924097215038.
9907.0s 825 ScoresHybridRecommender: URM Detected 348 ( 2.8%) users with no interactions.
9907.0s 826 ScoresHybridRecommender: URM Detected 188 ( 0.8%) items with no interactions.
9942.5s 827 [I 2023-12-04 21:33:17,884] Trial 261 finished with value: 0.07830431933835959 and parameters: {'weight': 0.45922054027480463}. Best is trial 259 with value: 0.07841924097215038.
9942.7s 828 ScoresHybridRecommender: URM Detected 348 ( 2.8%) users with no interactions.
9942.7s 829 ScoresHybridRecommender: URM Detected 188 ( 0.8%) items with no interactions.
9978.1s 830 [I 2023-12-04 21:33:53,521] Trial 262 finished with value: 0.0783150294702993 and parameters: {'weight': 0.5078589737647624}. Best is trial 259 with value: 0.07841924097215038.
9978.3s 831 ScoresHybridRecommender: URM Detected 348 ( 2.8%) users with no interactions.
9978.3s 832 ScoresHybridRecommender: URM Detected 188 ( 0.8%) items with no interactions.
10013.9s 833 [I 2023-12-04 21:34:29,303] Trial 263 finished with value: 0.07841228491960694 and parameters: {'weight': 0.4843512041696082}. Best is trial 259 with value: 0.07841924097215038.
10014.1s 834 ScoresHybridRecommender: URM Detected 348 ( 2.8%) users with no interactions.
10014.1s 835 ScoresHybridRecommender: URM Detected 188 ( 0.8%) items with no interactions.
10049.8s 836 [I 2023-12-04 21:35:05,162] Trial 264 finished with value: 0.07836019386938957 and parameters: {'weight': 0.49038994781171596}. Best is trial 259 with value: 0.07841924097215038.
10050.0s 837 ScoresHybridRecommender: URM Detected 348 ( 2.8%) users with no interactions.
10050.0s 838 ScoresHybridRecommender: URM Detected 188 ( 0.8%) items with no interactions.
10085.8s 839 [I 2023-12-04 21:35:41,161] Trial 265 finished with value: 0.07827198953711188 and parameters: {'weight': 0.4442961910727231}. Best is trial 259 with value: 0.07841924097215038.
10085.9s 840 ScoresHybridRecommender: URM Detected 348 ( 2.8%) users with no interactions.
10086.0s 841 ScoresHybridRecommender: URM Detected 188 ( 0.8%) items with no interactions.
10121.6s 842 [I 2023-12-04 21:36:16,998] Trial 266 finished with value: 0.07837787765593643 and parameters: {'weight': 0.47116156622843847}. Best is trial 259 with value: 0.07841924097215038.
10121.8s 843 ScoresHybridRecommender: URM Detected 348 ( 2.8%) users with no interactions.
10121.8s 844 ScoresHybridRecommender: URM Detected 188 ( 0.8%) items with no interactions.
10157.7s 845 [I 2023-12-04 21:36:53,042] Trial 267 finished with value: 0.0782950932673941 and parameters: {'weight': 0.5177223738104314}. Best is trial 259 with value: 0.07841924097215038.
10157.8s 846 ScoresHybridRecommender: URM Detected 348 ( 2.8%) users with no interactions.
10157.8s 847 ScoresHybridRecommender: URM Detected 188 ( 0.8%) items with no interactions.
10193.5s 848 [I 2023-12-04 21:37:28,828] Trial 268 finished with value: 0.07824824534096968 and parameters: {'weight': 0.5419019259437889}. Best is trial 259 with value: 0.07841924097215038.
10193.6s 849 ScoresHybridRecommender: URM Detected 348 ( 2.8%) users with no interactions.
10193.6s 850 ScoresHybridRecommender: URM Detected 188 ( 0.8%) items with no interactions.
10229.2s 851 [I 2023-12-04 21:38:04,622] Trial 269 finished with value: 0.07836645281256213 and parameters: {'weight': 0.4910417417098302}. Best is trial 259 with value: 0.07841924097215038.
10229.4s 852 ScoresHybridRecommender: URM Detected 348 ( 2.8%) users with no interactions.
10229.4s 853 ScoresHybridRecommender: URM Detected 188 ( 0.8%) items with no interactions.
10265.0s 854 [I 2023-12-04 21:38:40,385] Trial 270 finished with value: 0.07821506377998708 and parameters: {'weight': 0.42094018426953744}. Best is trial 259 with value: 0.07841924097215038.
10265.2s 855 ScoresHybridRecommender: URM Detected 348 ( 2.8%) users with no interactions.
10265.2s 856 ScoresHybridRecommender: URM Detected 188 ( 0.8%) items with no interactions.
10301.4s 857 [I 2023-12-04 21:39:16,817] Trial 271 finished with value: 0.07830702032317695 and parameters: {'weight': 0.45901951165360144}. Best is trial 259 with value: 0.07841924097215038.
10301.6s 858 ScoresHybridRecommender: URM Detected 348 ( 2.8%) users with no interactions.
10301.6s 859 ScoresHybridRecommender: URM Detected 188 ( 0.8%) items with no interactions.
10337.3s 860 [I 2023-12-04 21:39:52,646] Trial 272 finished with value: 0.07830679158237294 and parameters: {'weight': 0.5055954285927903}. Best is trial 259 with value: 0.07841924097215038.
10337.4s 861 ScoresHybridRecommender: URM Detected 348 ( 2.8%) users with no interactions.
10337.4s 862 ScoresHybridRecommender: URM Detected 188 ( 0.8%) items with no interactions.
10373.3s 863 [I 2023-12-04 21:40:28,634] Trial 273 finished with value: 0.07839692751653389 and parameters: {'weight': 0.48009417056001696}. Best is trial 259 with value: 0.07841924097215038.
10373.4s 864 ScoresHybridRecommender: URM Detected 348 ( 2.8%) users with no interactions.
10373.4s 865 ScoresHybridRecommender: URM Detected 188 ( 0.8%) items with no interactions.
10409.3s 866 [I 2023-12-04 21:41:04,629] Trial 274 finished with value: 0.07829912340996156 and parameters: {'weight': 0.5248914741741711}. Best is trial 259 with value: 0.07841924097215038.
10409.4s 867 ScoresHybridRecommender: URM Detected 348 ( 2.8%) users with no interactions.
10409.4s 868 ScoresHybridRecommender: URM Detected 188 ( 0.8%) items with no interactions.
10445.3s 869 [I 2023-12-04 21:41:40,685] Trial 275 finished with value: 0.07819948896050727 and parameters: {'weight': 0.6231114251478413}. Best is trial 259 with value: 0.07841924097215038.
10445.5s 870 ScoresHybridRecommender: URM Detected 348 ( 2.8%) users with no interactions.
10445.5s 871 ScoresHybridRecommender: URM Detected 188 ( 0.8%) items with no interactions.
10481.7s 872 [I 2023-12-04 21:42:17,038] Trial 276 finished with value: 0.07838999101545206 and parameters: {'weight': 0.4729192893317253}. Best is trial 259 with value: 0.07841924097215038.
10481.8s 873 ScoresHybridRecommender: URM Detected 348 ( 2.8%) users with no interactions.
10481.8s 874 ScoresHybridRecommender: URM Detected 188 ( 0.8%) items with no interactions.
10517.5s 875 [I 2023-12-04 21:42:52,848] Trial 277 finished with value: 0.07826841720185294 and parameters: {'weight': 0.44341261068782895}. Best is trial 259 with value: 0.07841924097215038.
10517.6s 876 ScoresHybridRecommender: URM Detected 348 ( 2.8%) users with no interactions.
10517.6s 877 ScoresHybridRecommender: URM Detected 188 ( 0.8%) items with no interactions.
10553.3s 878 [I 2023-12-04 21:43:28,650] Trial 278 finished with value: 0.07832934161347112 and parameters: {'weight': 0.49817027129256336}. Best is trial 259 with value: 0.07841924097215038.
10553.4s 879 ScoresHybridRecommender: URM Detected 348 ( 2.8%) users with no interactions.
10553.4s 880 ScoresHybridRecommender: URM Detected 188 ( 0.8%) items with no interactions.
10589.3s 881 [I 2023-12-04 21:44:04,644] Trial 279 finished with value: 0.07819023746851302 and parameters: {'weight': 0.4005774602047951}. Best is trial 259 with value: 0.07841924097215038.
10589.4s 882 ScoresHybridRecommender: URM Detected 348 ( 2.8%) users with no interactions.
10589.4s 883 ScoresHybridRecommender: URM Detected 188 ( 0.8%) items with no interactions.
10625.0s 884 [I 2023-12-04 21:44:40,364] Trial 280 finished with value: 0.07830750045197803 and parameters: {'weight': 0.45991703797952965}. Best is trial 259 with value: 0.07841924097215038.
10625.2s 885 ScoresHybridRecommender: URM Detected 348 ( 2.8%) users with no interactions.
10625.2s 886 ScoresHybridRecommender: URM Detected 188 ( 0.8%) items with no interactions.
10661.1s 887 [I 2023-12-04 21:45:16,432] Trial 281 finished with value: 0.07837558036650212 and parameters: {'weight': 0.4878843251676331}. Best is trial 259 with value: 0.07841924097215038.
10661.2s 888 ScoresHybridRecommender: URM Detected 348 ( 2.8%) users with no interactions.
10661.2s 889 ScoresHybridRecommender: URM Detected 188 ( 0.8%) items with no interactions.
10697.1s 890 [I 2023-12-04 21:45:52,441] Trial 282 finished with value: 0.07470823218494067 and parameters: {'weight': 0.048080512318948165}. Best is trial 259 with value: 0.07841924097215038.
10697.2s 891 ScoresHybridRecommender: URM Detected 348 ( 2.8%) users with no interactions.
10697.2s 892 ScoresHybridRecommender: URM Detected 188 ( 0.8%) items with no interactions.
10733.0s 893 [I 2023-12-04 21:46:28,397] Trial 283 finished with value: 0.07833856032125422 and parameters: {'weight': 0.5127973842673239}. Best is trial 259 with value: 0.07841924097215038.
10733.2s 894 ScoresHybridRecommender: URM Detected 348 ( 2.8%) users with no interactions.
10733.2s 895 ScoresHybridRecommender: URM Detected 188 ( 0.8%) items with no interactions.
10768.7s 896 [I 2023-12-04 21:47:04,089] Trial 284 finished with value: 0.07818008631294446 and parameters: {'weight': 0.5588769903374525}. Best is trial 259 with value: 0.07841924097215038.
10768.9s 897 ScoresHybridRecommender: URM Detected 348 ( 2.8%) users with no interactions.
10768.9s 898 ScoresHybridRecommender: URM Detected 188 ( 0.8%) items with no interactions.
10804.5s 899 [I 2023-12-04 21:47:39,846] Trial 285 finished with value: 0.07812386093526687 and parameters: {'weight': 0.3248735542364837}. Best is trial 259 with value: 0.07841924097215038.
10804.6s 900 ScoresHybridRecommender: URM Detected 348 ( 2.8%) users with no interactions.
10804.6s 901 ScoresHybridRecommender: URM Detected 188 ( 0.8%) items with no interactions.
10840.1s 902 [I 2023-12-04 21:48:15,431] Trial 286 finished with value: 0.07838854343690642 and parameters: {'weight': 0.478214777157818}. Best is trial 259 with value: 0.07841924097215038.
10840.2s 903 ScoresHybridRecommender: URM Detected 348 ( 2.8%) users with no interactions.
10840.2s 904 ScoresHybridRecommender: URM Detected 188 ( 0.8%) items with no interactions.
10875.7s 905 [I 2023-12-04 21:48:51,106] Trial 287 finished with value: 0.07823825051612822 and parameters: {'weight': 0.42854605801955237}. Best is trial 259 with value: 0.07841924097215038.
10875.9s 906 ScoresHybridRecommender: URM Detected 348 ( 2.8%) users with no interactions.
10875.9s 907 ScoresHybridRecommender: URM Detected 188 ( 0.8%) items with no interactions.
10911.4s 908 [I 2023-12-04 21:49:26,793] Trial 288 finished with value: 0.07826093292909882 and parameters: {'weight': 0.45497196041678406}. Best is trial 259 with value: 0.07841924097215038.
10911.6s 909 ScoresHybridRecommender: URM Detected 348 ( 2.8%) users with no interactions.
10911.6s 910 ScoresHybridRecommender: URM Detected 188 ( 0.8%) items with no interactions.
10947.1s 911 [I 2023-12-04 21:50:02,452] Trial 289 finished with value: 0.0782748602116186 and parameters: {'weight': 0.5348585378598287}. Best is trial 259 with value: 0.07841924097215038.
10947.2s 912 ScoresHybridRecommender: URM Detected 348 ( 2.8%) users with no interactions.
10947.2s 913 ScoresHybridRecommender: URM Detected 188 ( 0.8%) items with no interactions.
10982.8s 914 [I 2023-12-04 21:50:38,129] Trial 290 finished with value: 0.07832705612191787 and parameters: {'weight': 0.49888647283356313}. Best is trial 259 with value: 0.07841924097215038.
10982.9s 915 ScoresHybridRecommender: URM Detected 348 ( 2.8%) users with no interactions.
10982.9s 916 ScoresHybridRecommender: URM Detected 188 ( 0.8%) items with no interactions.
11018.4s 917 [I 2023-12-04 21:51:13,779] Trial 291 finished with value: 0.07839602877412556 and parameters: {'weight': 0.4721049563746958}. Best is trial 259 with value: 0.07841924097215038.
11018.6s 918 ScoresHybridRecommender: URM Detected 348 ( 2.8%) users with no interactions.
11018.6s 919 ScoresHybridRecommender: URM Detected 188 ( 0.8%) items with no interactions.
11054.2s 920 [I 2023-12-04 21:51:49,547] Trial 292 finished with value: 0.07822763399979143 and parameters: {'weight': 0.4425602391776117}. Best is trial 259 with value: 0.07841924097215038.
11054.3s 921 ScoresHybridRecommender: URM Detected 348 ( 2.8%) users with no interactions.
11054.3s 922 ScoresHybridRecommender: URM Detected 188 ( 0.8%) items with no interactions.
11089.8s 923 [I 2023-12-04 21:52:25,188] Trial 293 finished with value: 0.07837075200527212 and parameters: {'weight': 0.4908030385537289}. Best is trial 259 with value: 0.07841924097215038.
11090.0s 924 ScoresHybridRecommender: URM Detected 348 ( 2.8%) users with no interactions.
11090.0s 925 ScoresHybridRecommender: URM Detected 188 ( 0.8%) items with no interactions.
11125.5s 926 [I 2023-12-04 21:53:00,901] Trial 294 finished with value: 0.07803353787627909 and parameters: {'weight': 0.29071458963864655}. Best is trial 259 with value: 0.07841924097215038.
11125.7s 927 ScoresHybridRecommender: URM Detected 348 ( 2.8%) users with no interactions.
11125.7s 928 ScoresHybridRecommender: URM Detected 188 ( 0.8%) items with no interactions.
