13230.3s 1103 [I 2023-12-04 22:28:05,628] Trial 353 finished with value: 0.07838060930419798 and parameters: {'weight': 0.46600270332106003}. Best is trial 320 with value: 0.07841937136998743.
13230.4s 1104 ScoresHybridRecommender: URM Detected 348 ( 2.8%) users with no interactions.
13230.4s 1105 ScoresHybridRecommender: URM Detected 188 ( 0.8%) items with no interactions.
13266.0s 1106 [I 2023-12-04 22:28:41,329] Trial 354 finished with value: 0.07818442340645888 and parameters: {'weight': 0.4157614666842483}. Best is trial 320 with value: 0.07841937136998743.
13266.1s 1107 ScoresHybridRecommender: URM Detected 348 ( 2.8%) users with no interactions.
13266.1s 1108 ScoresHybridRecommender: URM Detected 188 ( 0.8%) items with no interactions.
13301.7s 1109 [I 2023-12-04 22:29:17,094] Trial 355 finished with value: 0.07834821117582748 and parameters: {'weight': 0.5120035513803146}. Best is trial 320 with value: 0.07841937136998743.
13301.9s 1110 ScoresHybridRecommender: URM Detected 348 ( 2.8%) users with no interactions.
13301.9s 1111 ScoresHybridRecommender: URM Detected 188 ( 0.8%) items with no interactions.
13337.5s 1112 [I 2023-12-04 22:29:52,848] Trial 356 finished with value: 0.07828108884879155 and parameters: {'weight': 0.4487807057360549}. Best is trial 320 with value: 0.07841937136998743.
13337.6s 1113 ScoresHybridRecommender: URM Detected 348 ( 2.8%) users with no interactions.
13337.6s 1114 ScoresHybridRecommender: URM Detected 188 ( 0.8%) items with no interactions.
13373.3s 1115 [I 2023-12-04 22:30:28,619] Trial 357 finished with value: 0.07841353603219091 and parameters: {'weight': 0.4843880612464205}. Best is trial 320 with value: 0.07841937136998743.
13373.4s 1116 ScoresHybridRecommender: URM Detected 348 ( 2.8%) users with no interactions.
13373.4s 1117 ScoresHybridRecommender: URM Detected 188 ( 0.8%) items with no interactions.
13408.9s 1118 [I 2023-12-04 22:31:04,272] Trial 358 finished with value: 0.07819844390477289 and parameters: {'weight': 0.544580488485213}. Best is trial 320 with value: 0.07841937136998743.
13409.1s 1119 ScoresHybridRecommender: URM Detected 348 ( 2.8%) users with no interactions.
13409.1s 1120 ScoresHybridRecommender: URM Detected 188 ( 0.8%) items with no interactions.
13444.7s 1121 [I 2023-12-04 22:31:40,072] Trial 359 finished with value: 0.07832482581243307 and parameters: {'weight': 0.49710006892144165}. Best is trial 320 with value: 0.07841937136998743.
13444.9s 1122 ScoresHybridRecommender: URM Detected 348 ( 2.8%) users with no interactions.
13444.9s 1123 ScoresHybridRecommender: URM Detected 188 ( 0.8%) items with no interactions.
13480.4s 1124 [I 2023-12-04 22:32:15,777] Trial 360 finished with value: 0.07838319346766306 and parameters: {'weight': 0.4699954383751237}. Best is trial 320 with value: 0.07841937136998743.
13480.6s 1125 ScoresHybridRecommender: URM Detected 348 ( 2.8%) users with no interactions.
13480.6s 1126 ScoresHybridRecommender: URM Detected 188 ( 0.8%) items with no interactions.
13516.1s 1127 [I 2023-12-04 22:32:51,428] Trial 361 finished with value: 0.07824370848528181 and parameters: {'weight': 0.571402962791797}. Best is trial 320 with value: 0.07841937136998743.
13516.2s 1128 ScoresHybridRecommender: URM Detected 348 ( 2.8%) users with no interactions.
13516.2s 1129 ScoresHybridRecommender: URM Detected 188 ( 0.8%) items with no interactions.
13551.9s 1130 [I 2023-12-04 22:33:27,253] Trial 362 finished with value: 0.07831116401124548 and parameters: {'weight': 0.5166051508005709}. Best is trial 320 with value: 0.07841937136998743.
13552.0s 1131 ScoresHybridRecommender: URM Detected 348 ( 2.8%) users with no interactions.
13552.0s 1132 ScoresHybridRecommender: URM Detected 188 ( 0.8%) items with no interactions.
13587.6s 1133 [I 2023-12-04 22:34:02,979] Trial 363 finished with value: 0.07825105981107777 and parameters: {'weight': 0.43645732393647596}. Best is trial 320 with value: 0.07841937136998743.
13587.8s 1134 ScoresHybridRecommender: URM Detected 348 ( 2.8%) users with no interactions.
13587.8s 1135 ScoresHybridRecommender: URM Detected 188 ( 0.8%) items with no interactions.
13623.3s 1136 [I 2023-12-04 22:34:38,637] Trial 364 finished with value: 0.07839219855369813 and parameters: {'weight': 0.47984064502875834}. Best is trial 320 with value: 0.07841937136998743.
13623.4s 1137 ScoresHybridRecommender: URM Detected 348 ( 2.8%) users with no interactions.
13623.4s 1138 ScoresHybridRecommender: URM Detected 188 ( 0.8%) items with no interactions.
13658.9s 1139 [I 2023-12-04 22:35:14,298] Trial 365 finished with value: 0.07836934691071297 and parameters: {'weight': 0.4911587265699034}. Best is trial 320 with value: 0.07841937136998743.
13659.1s 1140 ScoresHybridRecommender: URM Detected 348 ( 2.8%) users with no interactions.
13659.1s 1141 ScoresHybridRecommender: URM Detected 188 ( 0.8%) items with no interactions.
13694.7s 1142 [I 2023-12-04 22:35:50,044] Trial 366 finished with value: 0.07805432462207289 and parameters: {'weight': 0.6491402590021063}. Best is trial 320 with value: 0.07841937136998743.
13694.8s 1143 ScoresHybridRecommender: URM Detected 348 ( 2.8%) users with no interactions.
13694.8s 1144 ScoresHybridRecommender: URM Detected 188 ( 0.8%) items with no interactions.
13730.4s 1145 [I 2023-12-04 22:36:25,815] Trial 367 finished with value: 0.0783006917194141 and parameters: {'weight': 0.5966486367818588}. Best is trial 320 with value: 0.07841937136998743.
13730.6s 1146 ScoresHybridRecommender: URM Detected 348 ( 2.8%) users with no interactions.
13730.6s 1147 ScoresHybridRecommender: URM Detected 188 ( 0.8%) items with no interactions.
13766.1s 1148 [I 2023-12-04 22:37:01,509] Trial 368 finished with value: 0.07824720749838097 and parameters: {'weight': 0.45857904967999924}. Best is trial 320 with value: 0.07841937136998743.
13766.3s 1149 ScoresHybridRecommender: URM Detected 348 ( 2.8%) users with no interactions.
13766.3s 1150 ScoresHybridRecommender: URM Detected 188 ( 0.8%) items with no interactions.
13801.9s 1151 [I 2023-12-04 22:37:37,309] Trial 369 finished with value: 0.07832188966430711 and parameters: {'weight': 0.5000656924334761}. Best is trial 320 with value: 0.07841937136998743.
13802.1s 1152 ScoresHybridRecommender: URM Detected 348 ( 2.8%) users with no interactions.
13802.1s 1153 ScoresHybridRecommender: URM Detected 188 ( 0.8%) items with no interactions.
13837.6s 1154 [I 2023-12-04 22:38:12,920] Trial 370 finished with value: 0.0782856242165289 and parameters: {'weight': 0.535166776575531}. Best is trial 320 with value: 0.07841937136998743.
13837.7s 1155 ScoresHybridRecommender: URM Detected 348 ( 2.8%) users with no interactions.
13837.7s 1156 ScoresHybridRecommender: URM Detected 188 ( 0.8%) items with no interactions.
13873.2s 1157 [I 2023-12-04 22:38:48,556] Trial 371 finished with value: 0.07836282281024409 and parameters: {'weight': 0.4681030312887851}. Best is trial 320 with value: 0.07841937136998743.
13873.3s 1158 ScoresHybridRecommender: URM Detected 348 ( 2.8%) users with no interactions.
13873.3s 1159 ScoresHybridRecommender: URM Detected 188 ( 0.8%) items with no interactions.
13908.8s 1160 [I 2023-12-04 22:39:24,178] Trial 372 finished with value: 0.07725074855639251 and parameters: {'weight': 0.8636409011681886}. Best is trial 320 with value: 0.07841937136998743.
13909.0s 1161 ScoresHybridRecommender: URM Detected 348 ( 2.8%) users with no interactions.
13909.0s 1162 ScoresHybridRecommender: URM Detected 188 ( 0.8%) items with no interactions.
13944.5s 1163 [I 2023-12-04 22:39:59,827] Trial 373 finished with value: 0.0768495170046554 and parameters: {'weight': 0.9650835369815581}. Best is trial 320 with value: 0.07841937136998743.
13944.6s 1164 ScoresHybridRecommender: URM Detected 348 ( 2.8%) users with no interactions.
13944.6s 1165 ScoresHybridRecommender: URM Detected 188 ( 0.8%) items with no interactions.
13980.1s 1166 [I 2023-12-04 22:40:35,474] Trial 374 finished with value: 0.07833276578469041 and parameters: {'weight': 0.5133877001051596}. Best is trial 320 with value: 0.07841937136998743.
13980.3s 1167 ScoresHybridRecommender: URM Detected 348 ( 2.8%) users with no interactions.
13980.3s 1168 ScoresHybridRecommender: URM Detected 188 ( 0.8%) items with no interactions.
14015.9s 1169 [I 2023-12-04 22:41:11,228] Trial 375 finished with value: 0.07827900436897284 and parameters: {'weight': 0.4441678926235615}. Best is trial 320 with value: 0.07841937136998743.
14016.0s 1170 ScoresHybridRecommender: URM Detected 348 ( 2.8%) users with no interactions.
14016.0s 1171 ScoresHybridRecommender: URM Detected 188 ( 0.8%) items with no interactions.
14051.6s 1172 [I 2023-12-04 22:41:47,008] Trial 376 finished with value: 0.07823812404738964 and parameters: {'weight': 0.3901525366322167}. Best is trial 320 with value: 0.07841937136998743.
14051.8s 1173 ScoresHybridRecommender: URM Detected 348 ( 2.8%) users with no interactions.
14051.8s 1174 ScoresHybridRecommender: URM Detected 188 ( 0.8%) items with no interactions.
14087.4s 1175 [I 2023-12-04 22:42:22,771] Trial 377 finished with value: 0.07840661987990867 and parameters: {'weight': 0.4848888715745603}. Best is trial 320 with value: 0.07841937136998743.
14087.6s 1176 ScoresHybridRecommender: URM Detected 348 ( 2.8%) users with no interactions.
14087.6s 1177 ScoresHybridRecommender: URM Detected 188 ( 0.8%) items with no interactions.
14123.1s 1178 [I 2023-12-04 22:42:58,511] Trial 378 finished with value: 0.07837005184352745 and parameters: {'weight': 0.49223490788673796}. Best is trial 320 with value: 0.07841937136998743.
14123.3s 1179 ScoresHybridRecommender: URM Detected 348 ( 2.8%) users with no interactions.
14123.3s 1180 ScoresHybridRecommender: URM Detected 188 ( 0.8%) items with no interactions.
14158.8s 1181 [I 2023-12-04 22:43:34,129] Trial 379 finished with value: 0.07839535948495234 and parameters: {'weight': 0.4805919574200415}. Best is trial 320 with value: 0.07841937136998743.
14158.9s 1182 ScoresHybridRecommender: URM Detected 348 ( 2.8%) users with no interactions.
14158.9s 1183 ScoresHybridRecommender: URM Detected 188 ( 0.8%) items with no interactions.
14194.4s 1184 [I 2023-12-04 22:44:09,760] Trial 380 finished with value: 0.07832460394171947 and parameters: {'weight': 0.5211503787651104}. Best is trial 320 with value: 0.07841937136998743.
14194.6s 1185 ScoresHybridRecommender: URM Detected 348 ( 2.8%) users with no interactions.
14194.6s 1186 ScoresHybridRecommender: URM Detected 188 ( 0.8%) items with no interactions.
14230.0s 1187 [I 2023-12-04 22:44:45,333] Trial 381 finished with value: 0.07803198539643992 and parameters: {'weight': 0.3003013702162469}. Best is trial 320 with value: 0.07841937136998743.
14230.1s 1188 ScoresHybridRecommender: URM Detected 348 ( 2.8%) users with no interactions.
14230.1s 1189 ScoresHybridRecommender: URM Detected 188 ( 0.8%) items with no interactions.
14265.6s 1190 [I 2023-12-04 22:45:20,945] Trial 382 finished with value: 0.07821475704822704 and parameters: {'weight': 0.42158757265445873}. Best is trial 320 with value: 0.07841937136998743.
14265.7s 1191 ScoresHybridRecommender: URM Detected 348 ( 2.8%) users with no interactions.
14265.7s 1192 ScoresHybridRecommender: URM Detected 188 ( 0.8%) items with no interactions.
14301.2s 1193 [I 2023-12-04 22:45:56,532] Trial 383 finished with value: 0.07829338733410207 and parameters: {'weight': 0.4593525272979635}. Best is trial 320 with value: 0.07841937136998743.
14301.3s 1194 ScoresHybridRecommender: URM Detected 348 ( 2.8%) users with no interactions.
14301.3s 1195 ScoresHybridRecommender: URM Detected 188 ( 0.8%) items with no interactions.
14336.8s 1196 [I 2023-12-04 22:46:32,136] Trial 384 finished with value: 0.0781937392690773 and parameters: {'weight': 0.5576330680182516}. Best is trial 320 with value: 0.07841937136998743.
14336.9s 1197 ScoresHybridRecommender: URM Detected 348 ( 2.8%) users with no interactions.
14336.9s 1198 ScoresHybridRecommender: URM Detected 188 ( 0.8%) items with no interactions.
14372.4s 1199 [I 2023-12-04 22:47:07,737] Trial 385 finished with value: 0.07830697938546538 and parameters: {'weight': 0.5035259086410689}. Best is trial 320 with value: 0.07841937136998743.
14372.5s 1200 ScoresHybridRecommender: URM Detected 348 ( 2.8%) users with no interactions.
14372.5s 1201 ScoresHybridRecommender: URM Detected 188 ( 0.8%) items with no interactions.
14408.0s 1202 [I 2023-12-04 22:47:43,358] Trial 386 finished with value: 0.07840194143788494 and parameters: {'weight': 0.4789357591561732}. Best is trial 320 with value: 0.07841937136998743.
14408.1s 1203 ScoresHybridRecommender: URM Detected 348 ( 2.8%) users with no interactions.
14408.1s 1204 ScoresHybridRecommender: URM Detected 188 ( 0.8%) items with no interactions.
14443.6s 1205 [I 2023-12-04 22:48:18,916] Trial 387 finished with value: 0.07822853596076296 and parameters: {'weight': 0.4430442701204955}. Best is trial 320 with value: 0.07841937136998743.
14443.7s 1206 ScoresHybridRecommender: URM Detected 348 ( 2.8%) users with no interactions.
14443.7s 1207 ScoresHybridRecommender: URM Detected 188 ( 0.8%) items with no interactions.
14479.1s 1208 [I 2023-12-04 22:48:54,502] Trial 388 finished with value: 0.07832987136854636 and parameters: {'weight': 0.49859035084361897}. Best is trial 320 with value: 0.07841937136998743.
14479.3s 1209 ScoresHybridRecommender: URM Detected 348 ( 2.8%) users with no interactions.
14479.3s 1210 ScoresHybridRecommender: URM Detected 188 ( 0.8%) items with no interactions.
14514.7s 1211 [I 2023-12-04 22:49:30,091] Trial 389 finished with value: 0.07837363141938289 and parameters: {'weight': 0.4649293958292506}. Best is trial 320 with value: 0.07841937136998743.
14514.9s 1212 ScoresHybridRecommender: URM Detected 348 ( 2.8%) users with no interactions.
14514.9s 1213 ScoresHybridRecommender: URM Detected 188 ( 0.8%) items with no interactions.
14550.3s 1214 [I 2023-12-04 22:50:05,680] Trial 390 finished with value: 0.07832506037024363 and parameters: {'weight': 0.5208319782904242}. Best is trial 320 with value: 0.07841937136998743.
14550.5s 1215 ScoresHybridRecommender: URM Detected 348 ( 2.8%) users with no interactions.
14550.5s 1216 ScoresHybridRecommender: URM Detected 188 ( 0.8%) items with no interactions.
14585.9s 1217 [I 2023-12-04 22:50:41,289] Trial 391 finished with value: 0.07824165851468601 and parameters: {'weight': 0.5430642417200805}. Best is trial 320 with value: 0.07841937136998743.
14586.1s 1218 ScoresHybridRecommender: URM Detected 348 ( 2.8%) users with no interactions.
14586.1s 1219 ScoresHybridRecommender: URM Detected 188 ( 0.8%) items with no interactions.
14621.6s 1220 [I 2023-12-04 22:51:16,950] Trial 392 finished with value: 0.07840719168311515 and parameters: {'weight': 0.4846765014855581}. Best is trial 320 with value: 0.07841937136998743.
14621.7s 1221 ScoresHybridRecommender: URM Detected 348 ( 2.8%) users with no interactions.
14621.7s 1222 ScoresHybridRecommender: URM Detected 188 ( 0.8%) items with no interactions.
14658.3s 1223 [I 2023-12-04 22:51:53,636] Trial 393 finished with value: 0.07832818434574268 and parameters: {'weight': 0.5014815976524521}. Best is trial 320 with value: 0.07841937136998743.
14658.4s 1224 ScoresHybridRecommender: URM Detected 348 ( 2.8%) users with no interactions.
14658.4s 1225 ScoresHybridRecommender: URM Detected 188 ( 0.8%) items with no interactions.
14693.9s 1226 [I 2023-12-04 22:52:29,270] Trial 394 finished with value: 0.07825343672616618 and parameters: {'weight': 0.4558949977121778}. Best is trial 320 with value: 0.07841937136998743.
14694.1s 1227 ScoresHybridRecommender: URM Detected 348 ( 2.8%) users with no interactions.
14694.1s 1228 ScoresHybridRecommender: URM Detected 188 ( 0.8%) items with no interactions.
14729.5s 1229 [I 2023-12-04 22:53:04,904] Trial 395 finished with value: 0.07725935614438363 and parameters: {'weight': 0.19829035546494278}. Best is trial 320 with value: 0.07841937136998743.
14729.7s 1230 ScoresHybridRecommender: URM Detected 348 ( 2.8%) users with no interactions.
14729.7s 1231 ScoresHybridRecommender: URM Detected 188 ( 0.8%) items with no interactions.
14765.2s 1232 [I 2023-12-04 22:53:40,560] Trial 396 finished with value: 0.07824102973836952 and parameters: {'weight': 0.3622513951142386}. Best is trial 320 with value: 0.07841937136998743.
14765.4s 1233 ScoresHybridRecommender: URM Detected 348 ( 2.8%) users with no interactions.
14765.4s 1234 ScoresHybridRecommender: URM Detected 188 ( 0.8%) items with no interactions.
14800.7s 1235 [I 2023-12-04 22:54:16,100] Trial 397 finished with value: 0.07787728066412335 and parameters: {'weight': 0.26811059311602053}. Best is trial 320 with value: 0.07841937136998743.
14800.9s 1236 ScoresHybridRecommender: URM Detected 348 ( 2.8%) users with no interactions.
14800.9s 1237 ScoresHybridRecommender: URM Detected 188 ( 0.8%) items with no interactions.
14836.3s 1238 [I 2023-12-04 22:54:51,653] Trial 398 finished with value: 0.0783965831317366 and parameters: {'weight': 0.48101649846304856}. Best is trial 320 with value: 0.07841937136998743.
14836.4s 1239 ScoresHybridRecommender: URM Detected 348 ( 2.8%) users with no interactions.
14836.4s 1240 ScoresHybridRecommender: URM Detected 188 ( 0.8%) items with no interactions.
14871.9s 1241 [I 2023-12-04 22:55:27,260] Trial 399 finished with value: 0.07765083297067972 and parameters: {'weight': 0.7669066890191912}. Best is trial 320 with value: 0.07841937136998743.
14872.1s 1242 ScoresHybridRecommender: URM Detected 348 ( 2.8%) users with no interactions.
14872.1s 1243 ScoresHybridRecommender: URM Detected 188 ( 0.8%) items with no interactions.
14907.5s 1244 [I 2023-12-04 22:56:02,834] Trial 400 finished with value: 0.07627129582194518 and parameters: {'weight': 0.12516202049968717}. Best is trial 320 with value: 0.07841937136998743.
14907.6s 1245 ScoresHybridRecommender: URM Detected 348 ( 2.8%) users with no interactions.
14907.6s 1246 ScoresHybridRecommender: URM Detected 188 ( 0.8%) items with no interactions.
14943.2s 1247 [I 2023-12-04 22:56:38,524] Trial 401 finished with value: 0.07825694174073049 and parameters: {'weight': 0.43261656127755516}. Best is trial 320 with value: 0.07841937136998743.
14943.3s 1248 ScoresHybridRecommender: URM Detected 348 ( 2.8%) users with no interactions.
14943.3s 1249 ScoresHybridRecommender: URM Detected 188 ( 0.8%) items with no interactions.
14978.7s 1250 [I 2023-12-04 22:57:14,083] Trial 402 finished with value: 0.07832120984647349 and parameters: {'weight': 0.5280513990312261}. Best is trial 320 with value: 0.07841937136998743.
14978.9s 1251 ScoresHybridRecommender: URM Detected 348 ( 2.8%) users with no interactions.
14978.9s 1252 ScoresHybridRecommender: URM Detected 188 ( 0.8%) items with no interactions.
15015.8s 1253 [I 2023-12-04 22:57:51,123] Trial 403 finished with value: 0.07836718134984838 and parameters: {'weight': 0.4645068594904761}. Best is trial 320 with value: 0.07841937136998743.
15015.9s 1254 ScoresHybridRecommender: URM Detected 348 ( 2.8%) users with no interactions.
15015.9s 1255 ScoresHybridRecommender: URM Detected 188 ( 0.8%) items with no interactions.
15052.9s 1256 [I 2023-12-04 22:58:28,268] Trial 404 finished with value: 0.07824917008961431 and parameters: {'weight': 0.6087847574767329}. Best is trial 320 with value: 0.07841937136998743.
15053.1s 1257 ScoresHybridRecommender: URM Detected 348 ( 2.8%) users with no interactions.
15053.1s 1258 ScoresHybridRecommender: URM Detected 188 ( 0.8%) items with no interactions.
15089.5s 1259 [I 2023-12-04 22:59:04,900] Trial 405 finished with value: 0.07830912396043672 and parameters: {'weight': 0.5049166772994012}. Best is trial 320 with value: 0.07841937136998743.
15089.7s 1260 ScoresHybridRecommender: URM Detected 348 ( 2.8%) users with no interactions.
15089.7s 1261 ScoresHybridRecommender: URM Detected 188 ( 0.8%) items with no interactions.
15126.8s 1262 [I 2023-12-04 22:59:42,122] Trial 406 finished with value: 0.0784173413310387 and parameters: {'weight': 0.48309457668836486}. Best is trial 320 with value: 0.07841937136998743.
15126.9s 1263 ScoresHybridRecommender: URM Detected 348 ( 2.8%) users with no interactions.
15126.9s 1264 ScoresHybridRecommender: URM Detected 188 ( 0.8%) items with no interactions.
15164.3s 1265 [I 2023-12-04 23:00:19,637] Trial 407 finished with value: 0.078183207972788 and parameters: {'weight': 0.4128542677597093}. Best is trial 320 with value: 0.07841937136998743.
15164.4s 1266 ScoresHybridRecommender: URM Detected 348 ( 2.8%) users with no interactions.
15164.4s 1267 ScoresHybridRecommender: URM Detected 188 ( 0.8%) items with no interactions.
15201.6s 1268 [I 2023-12-04 23:00:56,945] Trial 408 finished with value: 0.0784129650614116 and parameters: {'weight': 0.48283851997467864}. Best is trial 320 with value: 0.07841937136998743.
15201.7s 1269 ScoresHybridRecommender: URM Detected 348 ( 2.8%) users with no interactions.
15201.7s 1270 ScoresHybridRecommender: URM Detected 188 ( 0.8%) items with no interactions.
15238.9s 1271 [I 2023-12-04 23:01:34,235] Trial 409 finished with value: 0.07817934757920454 and parameters: {'weight': 0.33786008784863286}. Best is trial 320 with value: 0.07841937136998743.
15239.0s 1272 ScoresHybridRecommender: URM Detected 348 ( 2.8%) users with no interactions.
15239.0s 1273 ScoresHybridRecommender: URM Detected 188 ( 0.8%) items with no interactions.
15275.8s 1274 [I 2023-12-04 23:02:11,187] Trial 410 finished with value: 0.0782990211765161 and parameters: {'weight': 0.45244202826795904}. Best is trial 320 with value: 0.07841937136998743.
15276.0s 1275 ScoresHybridRecommender: URM Detected 348 ( 2.8%) users with no interactions.
15276.0s 1276 ScoresHybridRecommender: URM Detected 188 ( 0.8%) items with no interactions.
