11161.2s 929 [I 2023-12-04 21:53:36,578] Trial 295 finished with value: 0.07832622795990206 and parameters: {'weight': 0.5153928462797909}. Best is trial 259 with value: 0.07841924097215038.
11161.4s 930 ScoresHybridRecommender: URM Detected 348 ( 2.8%) users with no interactions.
11161.4s 931 ScoresHybridRecommender: URM Detected 188 ( 0.8%) items with no interactions.
11196.9s 932 [I 2023-12-04 21:54:12,240] Trial 296 finished with value: 0.07838022785200013 and parameters: {'weight': 0.46614273268894224}. Best is trial 259 with value: 0.07841924097215038.
11197.0s 933 ScoresHybridRecommender: URM Detected 348 ( 2.8%) users with no interactions.
11197.0s 934 ScoresHybridRecommender: URM Detected 188 ( 0.8%) items with no interactions.
11232.5s 935 [I 2023-12-04 21:54:47,858] Trial 297 finished with value: 0.07839295051247618 and parameters: {'weight': 0.48620738928669766}. Best is trial 259 with value: 0.07841924097215038.
11232.6s 936 ScoresHybridRecommender: URM Detected 348 ( 2.8%) users with no interactions.
11232.6s 937 ScoresHybridRecommender: URM Detected 188 ( 0.8%) items with no interactions.
11268.1s 938 [I 2023-12-04 21:55:23,471] Trial 298 finished with value: 0.07832223900628456 and parameters: {'weight': 0.5282131370765675}. Best is trial 259 with value: 0.07841924097215038.
11268.3s 939 ScoresHybridRecommender: URM Detected 348 ( 2.8%) users with no interactions.
11268.3s 940 ScoresHybridRecommender: URM Detected 188 ( 0.8%) items with no interactions.
11303.8s 941 [I 2023-12-04 21:55:59,191] Trial 299 finished with value: 0.07831705272689649 and parameters: {'weight': 0.5942916149732087}. Best is trial 259 with value: 0.07841924097215038.
11304.0s 942 ScoresHybridRecommender: URM Detected 348 ( 2.8%) users with no interactions.
11304.0s 943 ScoresHybridRecommender: URM Detected 188 ( 0.8%) items with no interactions.
11339.5s 944 [I 2023-12-04 21:56:34,876] Trial 300 finished with value: 0.07830848806288672 and parameters: {'weight': 0.5047863784982027}. Best is trial 259 with value: 0.07841924097215038.
11339.7s 945 ScoresHybridRecommender: URM Detected 348 ( 2.8%) users with no interactions.
11339.7s 946 ScoresHybridRecommender: URM Detected 188 ( 0.8%) items with no interactions.
11375.2s 947 [I 2023-12-04 21:57:10,522] Trial 301 finished with value: 0.07825352302706462 and parameters: {'weight': 0.45597553941322194}. Best is trial 259 with value: 0.07841924097215038.
11375.3s 948 ScoresHybridRecommender: URM Detected 348 ( 2.8%) users with no interactions.
11375.3s 949 ScoresHybridRecommender: URM Detected 188 ( 0.8%) items with no interactions.
11410.9s 950 [I 2023-12-04 21:57:46,256] Trial 302 finished with value: 0.07823467179874138 and parameters: {'weight': 0.4272869947900547}. Best is trial 259 with value: 0.07841924097215038.
11411.0s 951 ScoresHybridRecommender: URM Detected 348 ( 2.8%) users with no interactions.
11411.0s 952 ScoresHybridRecommender: URM Detected 188 ( 0.8%) items with no interactions.
11446.6s 953 [I 2023-12-04 21:58:21,929] Trial 303 finished with value: 0.07841786183555484 and parameters: {'weight': 0.48262238493846316}. Best is trial 259 with value: 0.07841924097215038.
11446.7s 954 ScoresHybridRecommender: URM Detected 348 ( 2.8%) users with no interactions.
11446.7s 955 ScoresHybridRecommender: URM Detected 188 ( 0.8%) items with no interactions.
11482.3s 956 [I 2023-12-04 21:58:57,691] Trial 304 finished with value: 0.0782226085938532 and parameters: {'weight': 0.37914504310213215}. Best is trial 259 with value: 0.07841924097215038.
11482.5s 957 ScoresHybridRecommender: URM Detected 348 ( 2.8%) users with no interactions.
11482.5s 958 ScoresHybridRecommender: URM Detected 188 ( 0.8%) items with no interactions.
11518.0s 959 [I 2023-12-04 21:59:33,350] Trial 305 finished with value: 0.07820396579616273 and parameters: {'weight': 0.5512106617232108}. Best is trial 259 with value: 0.07841924097215038.
11518.1s 960 ScoresHybridRecommender: URM Detected 348 ( 2.8%) users with no interactions.
11518.1s 961 ScoresHybridRecommender: URM Detected 188 ( 0.8%) items with no interactions.
11553.6s 962 [I 2023-12-04 22:00:08,969] Trial 306 finished with value: 0.07830861935287929 and parameters: {'weight': 0.5044793865667936}. Best is trial 259 with value: 0.07841924097215038.
11553.8s 963 ScoresHybridRecommender: URM Detected 348 ( 2.8%) users with no interactions.
11553.8s 964 ScoresHybridRecommender: URM Detected 188 ( 0.8%) items with no interactions.
11589.2s 965 [I 2023-12-04 22:00:44,574] Trial 307 finished with value: 0.07837128116186494 and parameters: {'weight': 0.4686276970778657}. Best is trial 259 with value: 0.07841924097215038.
11589.4s 966 ScoresHybridRecommender: URM Detected 348 ( 2.8%) users with no interactions.
11589.4s 967 ScoresHybridRecommender: URM Detected 188 ( 0.8%) items with no interactions.
11624.9s 968 [I 2023-12-04 22:01:20,304] Trial 308 finished with value: 0.07773405547397573 and parameters: {'weight': 0.7416217938048633}. Best is trial 259 with value: 0.07841924097215038.
11625.1s 969 ScoresHybridRecommender: URM Detected 348 ( 2.8%) users with no interactions.
11625.1s 970 ScoresHybridRecommender: URM Detected 188 ( 0.8%) items with no interactions.
11660.6s 971 [I 2023-12-04 22:01:56,012] Trial 309 finished with value: 0.07827093176847563 and parameters: {'weight': 0.4464355413621114}. Best is trial 259 with value: 0.07841924097215038.
11660.8s 972 ScoresHybridRecommender: URM Detected 348 ( 2.8%) users with no interactions.
11660.8s 973 ScoresHybridRecommender: URM Detected 188 ( 0.8%) items with no interactions.
11696.3s 974 [I 2023-12-04 22:02:31,648] Trial 310 finished with value: 0.07836275009627477 and parameters: {'weight': 0.49338981132678406}. Best is trial 259 with value: 0.07841924097215038.
11696.4s 975 ScoresHybridRecommender: URM Detected 348 ( 2.8%) users with no interactions.
11696.4s 976 ScoresHybridRecommender: URM Detected 188 ( 0.8%) items with no interactions.
11731.9s 977 [I 2023-12-04 22:03:07,266] Trial 311 finished with value: 0.0783892500532774 and parameters: {'weight': 0.4744625785329847}. Best is trial 259 with value: 0.07841924097215038.
11732.1s 978 ScoresHybridRecommender: URM Detected 348 ( 2.8%) users with no interactions.
11732.1s 979 ScoresHybridRecommender: URM Detected 188 ( 0.8%) items with no interactions.
11767.5s 980 [I 2023-12-04 22:03:42,896] Trial 312 finished with value: 0.0776102854068504 and parameters: {'weight': 0.7712283885950633}. Best is trial 259 with value: 0.07841924097215038.
11767.7s 981 ScoresHybridRecommender: URM Detected 348 ( 2.8%) users with no interactions.
11767.7s 982 ScoresHybridRecommender: URM Detected 188 ( 0.8%) items with no interactions.
11803.2s 983 [I 2023-12-04 22:04:18,583] Trial 313 finished with value: 0.07829938654478823 and parameters: {'weight': 0.52358545596927}. Best is trial 259 with value: 0.07841924097215038.
11803.4s 984 ScoresHybridRecommender: URM Detected 348 ( 2.8%) users with no interactions.
11803.4s 985 ScoresHybridRecommender: URM Detected 188 ( 0.8%) items with no interactions.
11838.8s 986 [I 2023-12-04 22:04:54,188] Trial 314 finished with value: 0.0781800518599819 and parameters: {'weight': 0.4123926727298169}. Best is trial 259 with value: 0.07841924097215038.
11839.0s 987 ScoresHybridRecommender: URM Detected 348 ( 2.8%) users with no interactions.
11839.0s 988 ScoresHybridRecommender: URM Detected 188 ( 0.8%) items with no interactions.
11874.4s 989 [I 2023-12-04 22:05:29,780] Trial 315 finished with value: 0.078259090760116 and parameters: {'weight': 0.45649610602352375}. Best is trial 259 with value: 0.07841924097215038.
11874.6s 990 ScoresHybridRecommender: URM Detected 348 ( 2.8%) users with no interactions.
11874.6s 991 ScoresHybridRecommender: URM Detected 188 ( 0.8%) items with no interactions.
11910.1s 992 [I 2023-12-04 22:06:05,505] Trial 316 finished with value: 0.07832871566935895 and parameters: {'weight': 0.5016816930963808}. Best is trial 259 with value: 0.07841924097215038.
11910.3s 993 ScoresHybridRecommender: URM Detected 348 ( 2.8%) users with no interactions.
11910.3s 994 ScoresHybridRecommender: URM Detected 188 ( 0.8%) items with no interactions.
11945.8s 995 [I 2023-12-04 22:06:41,174] Trial 317 finished with value: 0.07841674235647379 and parameters: {'weight': 0.4832309991582349}. Best is trial 259 with value: 0.07841924097215038.
11946.0s 996 ScoresHybridRecommender: URM Detected 348 ( 2.8%) users with no interactions.
11946.0s 997 ScoresHybridRecommender: URM Detected 188 ( 0.8%) items with no interactions.
11981.5s 998 [I 2023-12-04 22:07:16,863] Trial 318 finished with value: 0.07827799823358135 and parameters: {'weight': 0.5366244527570746}. Best is trial 259 with value: 0.07841924097215038.
11981.7s 999 ScoresHybridRecommender: URM Detected 348 ( 2.8%) users with no interactions.
11981.7s 1000 ScoresHybridRecommender: URM Detected 188 ( 0.8%) items with no interactions.
12017.1s 1001 [I 2023-12-04 22:07:52,431] Trial 319 finished with value: 0.07787950873158883 and parameters: {'weight': 0.7045022237253595}. Best is trial 259 with value: 0.07841924097215038.
12017.2s 1002 ScoresHybridRecommender: URM Detected 348 ( 2.8%) users with no interactions.
12017.2s 1003 ScoresHybridRecommender: URM Detected 188 ( 0.8%) items with no interactions.
12052.6s 1004 [I 2023-12-04 22:08:27,947] Trial 320 finished with value: 0.07841937136998743 and parameters: {'weight': 0.48198762864121275}. Best is trial 320 with value: 0.07841937136998743.
12052.7s 1005 ScoresHybridRecommender: URM Detected 348 ( 2.8%) users with no interactions.
12052.7s 1006 ScoresHybridRecommender: URM Detected 188 ( 0.8%) items with no interactions.
12088.1s 1007 [I 2023-12-04 22:09:03,453] Trial 321 finished with value: 0.07752387237851845 and parameters: {'weight': 0.8291324793421139}. Best is trial 320 with value: 0.07841937136998743.
12088.2s 1008 ScoresHybridRecommender: URM Detected 348 ( 2.8%) users with no interactions.
12088.2s 1009 ScoresHybridRecommender: URM Detected 188 ( 0.8%) items with no interactions.
12123.7s 1010 [I 2023-12-04 22:09:39,055] Trial 322 finished with value: 0.07822054987781694 and parameters: {'weight': 0.576470381696261}. Best is trial 320 with value: 0.07841937136998743.
12123.8s 1011 ScoresHybridRecommender: URM Detected 348 ( 2.8%) users with no interactions.
12123.8s 1012 ScoresHybridRecommender: URM Detected 188 ( 0.8%) items with no interactions.
12159.2s 1013 [I 2023-12-04 22:10:14,616] Trial 323 finished with value: 0.07822892949571081 and parameters: {'weight': 0.4372274854074652}. Best is trial 320 with value: 0.07841937136998743.
12159.4s 1014 ScoresHybridRecommender: URM Detected 348 ( 2.8%) users with no interactions.
12159.4s 1015 ScoresHybridRecommender: URM Detected 188 ( 0.8%) items with no interactions.
12194.8s 1016 [I 2023-12-04 22:10:50,203] Trial 324 finished with value: 0.0784174453582353 and parameters: {'weight': 0.48254074144590076}. Best is trial 320 with value: 0.07841937136998743.
12195.0s 1017 ScoresHybridRecommender: URM Detected 348 ( 2.8%) users with no interactions.
12195.0s 1018 ScoresHybridRecommender: URM Detected 188 ( 0.8%) items with no interactions.
12230.5s 1019 [I 2023-12-04 22:11:25,902] Trial 325 finished with value: 0.07833884272931517 and parameters: {'weight': 0.5126436832442351}. Best is trial 320 with value: 0.07841937136998743.
12230.7s 1020 ScoresHybridRecommender: URM Detected 348 ( 2.8%) users with no interactions.
12230.7s 1021 ScoresHybridRecommender: URM Detected 188 ( 0.8%) items with no interactions.
12266.2s 1022 [I 2023-12-04 22:12:01,611] Trial 326 finished with value: 0.07836380150336714 and parameters: {'weight': 0.4675484621241764}. Best is trial 320 with value: 0.07841937136998743.
12266.4s 1023 ScoresHybridRecommender: URM Detected 348 ( 2.8%) users with no interactions.
12266.4s 1024 ScoresHybridRecommender: URM Detected 188 ( 0.8%) items with no interactions.
12302.0s 1025 [I 2023-12-04 22:12:37,366] Trial 327 finished with value: 0.07836898370649285 and parameters: {'weight': 0.49147367664196223}. Best is trial 320 with value: 0.07841937136998743.
12302.2s 1026 ScoresHybridRecommender: URM Detected 348 ( 2.8%) users with no interactions.
12302.2s 1027 ScoresHybridRecommender: URM Detected 188 ( 0.8%) items with no interactions.
12337.7s 1028 [I 2023-12-04 22:13:13,087] Trial 328 finished with value: 0.07827319902172705 and parameters: {'weight': 0.4536922784345433}. Best is trial 320 with value: 0.07841937136998743.
12337.9s 1029 ScoresHybridRecommender: URM Detected 348 ( 2.8%) users with no interactions.
12337.9s 1030 ScoresHybridRecommender: URM Detected 188 ( 0.8%) items with no interactions.
12373.5s 1031 [I 2023-12-04 22:13:48,831] Trial 329 finished with value: 0.07840634844898717 and parameters: {'weight': 0.48167315079197404}. Best is trial 320 with value: 0.07841937136998743.
12373.6s 1032 ScoresHybridRecommender: URM Detected 348 ( 2.8%) users with no interactions.
12373.6s 1033 ScoresHybridRecommender: URM Detected 188 ( 0.8%) items with no interactions.
12409.1s 1034 [I 2023-12-04 22:14:24,471] Trial 330 finished with value: 0.07812027406524268 and parameters: {'weight': 0.6434462334102514}. Best is trial 320 with value: 0.07841937136998743.
12409.3s 1035 ScoresHybridRecommender: URM Detected 348 ( 2.8%) users with no interactions.
12409.3s 1036 ScoresHybridRecommender: URM Detected 188 ( 0.8%) items with no interactions.
12444.8s 1037 [I 2023-12-04 22:15:00,137] Trial 331 finished with value: 0.07822740823816178 and parameters: {'weight': 0.35313250534598783}. Best is trial 320 with value: 0.07841937136998743.
12444.9s 1038 ScoresHybridRecommender: URM Detected 348 ( 2.8%) users with no interactions.
12444.9s 1039 ScoresHybridRecommender: URM Detected 188 ( 0.8%) items with no interactions.
12480.5s 1040 [I 2023-12-04 22:15:35,912] Trial 332 finished with value: 0.07833587720198941 and parameters: {'weight': 0.5105387608138874}. Best is trial 320 with value: 0.07841937136998743.
12480.7s 1041 ScoresHybridRecommender: URM Detected 348 ( 2.8%) users with no interactions.
12480.7s 1042 ScoresHybridRecommender: URM Detected 188 ( 0.8%) items with no interactions.
12516.3s 1043 [I 2023-12-04 22:16:11,655] Trial 333 finished with value: 0.07840193913197775 and parameters: {'weight': 0.4789371718016029}. Best is trial 320 with value: 0.07841937136998743.
12516.4s 1044 ScoresHybridRecommender: URM Detected 348 ( 2.8%) users with no interactions.
12516.4s 1045 ScoresHybridRecommender: URM Detected 188 ( 0.8%) items with no interactions.
12552.1s 1046 [I 2023-12-04 22:16:47,487] Trial 334 finished with value: 0.07826277067243968 and parameters: {'weight': 0.43448386788629656}. Best is trial 320 with value: 0.07841937136998743.
12552.3s 1047 ScoresHybridRecommender: URM Detected 348 ( 2.8%) users with no interactions.
12552.3s 1048 ScoresHybridRecommender: URM Detected 188 ( 0.8%) items with no interactions.
12587.8s 1049 [I 2023-12-04 22:17:23,152] Trial 335 finished with value: 0.07836103685376214 and parameters: {'weight': 0.4935799340820133}. Best is trial 320 with value: 0.07841937136998743.
12587.9s 1050 ScoresHybridRecommender: URM Detected 348 ( 2.8%) users with no interactions.
12587.9s 1051 ScoresHybridRecommender: URM Detected 188 ( 0.8%) items with no interactions.
12623.6s 1052 [I 2023-12-04 22:17:58,875] Trial 336 finished with value: 0.07828988482454911 and parameters: {'weight': 0.5232787873147824}. Best is trial 320 with value: 0.07841937136998743.
12623.7s 1053 ScoresHybridRecommender: URM Detected 348 ( 2.8%) users with no interactions.
12623.7s 1054 ScoresHybridRecommender: URM Detected 188 ( 0.8%) items with no interactions.
12659.1s 1055 [I 2023-12-04 22:18:34,520] Trial 337 finished with value: 0.0783680476618863 and parameters: {'weight': 0.4642928913848477}. Best is trial 320 with value: 0.07841937136998743.
12659.3s 1056 ScoresHybridRecommender: URM Detected 348 ( 2.8%) users with no interactions.
12659.3s 1057 ScoresHybridRecommender: URM Detected 188 ( 0.8%) items with no interactions.
12694.8s 1058 [I 2023-12-04 22:19:10,158] Trial 338 finished with value: 0.07820247767470888 and parameters: {'weight': 0.5497750913693724}. Best is trial 320 with value: 0.07841937136998743.
12695.0s 1059 ScoresHybridRecommender: URM Detected 348 ( 2.8%) users with no interactions.
12695.0s 1060 ScoresHybridRecommender: URM Detected 188 ( 0.8%) items with no interactions.
12730.6s 1061 [I 2023-12-04 22:19:45,948] Trial 339 finished with value: 0.07839404669492449 and parameters: {'weight': 0.48152557649315436}. Best is trial 320 with value: 0.07841937136998743.
12730.7s 1062 ScoresHybridRecommender: URM Detected 348 ( 2.8%) users with no interactions.
12730.7s 1063 ScoresHybridRecommender: URM Detected 188 ( 0.8%) items with no interactions.
12766.3s 1064 [I 2023-12-04 22:20:21,701] Trial 340 finished with value: 0.07830445765343917 and parameters: {'weight': 0.45135413326643026}. Best is trial 320 with value: 0.07841937136998743.
12766.5s 1065 ScoresHybridRecommender: URM Detected 348 ( 2.8%) users with no interactions.
12766.5s 1066 ScoresHybridRecommender: URM Detected 188 ( 0.8%) items with no interactions.
12802.0s 1067 [I 2023-12-04 22:20:57,366] Trial 341 finished with value: 0.07740187596151721 and parameters: {'weight': 0.23399407012739948}. Best is trial 320 with value: 0.07841937136998743.
12802.2s 1068 ScoresHybridRecommender: URM Detected 348 ( 2.8%) users with no interactions.
12802.2s 1069 ScoresHybridRecommender: URM Detected 188 ( 0.8%) items with no interactions.
12837.7s 1070 [I 2023-12-04 22:21:33,087] Trial 342 finished with value: 0.07817728891845811 and parameters: {'weight': 0.40393353737749493}. Best is trial 320 with value: 0.07841937136998743.
12837.9s 1071 ScoresHybridRecommender: URM Detected 348 ( 2.8%) users with no interactions.
12837.9s 1072 ScoresHybridRecommender: URM Detected 188 ( 0.8%) items with no interactions.
12873.4s 1073 [I 2023-12-04 22:22:08,818] Trial 343 finished with value: 0.07830890406868608 and parameters: {'weight': 0.5049894826078278}. Best is trial 320 with value: 0.07841937136998743.
12873.6s 1074 ScoresHybridRecommender: URM Detected 348 ( 2.8%) users with no interactions.
12873.6s 1075 ScoresHybridRecommender: URM Detected 188 ( 0.8%) items with no interactions.
12909.1s 1076 [I 2023-12-04 22:22:44,444] Trial 344 finished with value: 0.07838222610517995 and parameters: {'weight': 0.4693191127985185}. Best is trial 320 with value: 0.07841937136998743.
12909.2s 1077 ScoresHybridRecommender: URM Detected 348 ( 2.8%) users with no interactions.
12909.2s 1078 ScoresHybridRecommender: URM Detected 188 ( 0.8%) items with no interactions.
12944.8s 1079 [I 2023-12-04 22:23:20,143] Trial 345 finished with value: 0.07837192476435559 and parameters: {'weight': 0.49254279670607376}. Best is trial 320 with value: 0.07841937136998743.
12944.9s 1080 ScoresHybridRecommender: URM Detected 348 ( 2.8%) users with no interactions.
12944.9s 1081 ScoresHybridRecommender: URM Detected 188 ( 0.8%) items with no interactions.
12980.4s 1082 [I 2023-12-04 22:23:55,809] Trial 346 finished with value: 0.07830568020363013 and parameters: {'weight': 0.525681992594135}. Best is trial 320 with value: 0.07841937136998743.
12980.6s 1083 ScoresHybridRecommender: URM Detected 348 ( 2.8%) users with no interactions.
12980.6s 1084 ScoresHybridRecommender: URM Detected 188 ( 0.8%) items with no interactions.
13016.2s 1085 [I 2023-12-04 22:24:31,521] Trial 347 finished with value: 0.07822941334587423 and parameters: {'weight': 0.4309088981887422}. Best is trial 320 with value: 0.07841937136998743.
13016.3s 1086 ScoresHybridRecommender: URM Detected 348 ( 2.8%) users with no interactions.
13016.3s 1087 ScoresHybridRecommender: URM Detected 188 ( 0.8%) items with no interactions.
13051.8s 1088 [I 2023-12-04 22:25:07,213] Trial 348 finished with value: 0.07839386917389646 and parameters: {'weight': 0.47635328102636604}. Best is trial 320 with value: 0.07841937136998743.
13052.0s 1089 ScoresHybridRecommender: URM Detected 348 ( 2.8%) users with no interactions.
13052.0s 1090 ScoresHybridRecommender: URM Detected 188 ( 0.8%) items with no interactions.
13087.6s 1091 [I 2023-12-04 22:25:42,944] Trial 349 finished with value: 0.07831456124548389 and parameters: {'weight': 0.5061988682250572}. Best is trial 320 with value: 0.07841937136998743.
13087.7s 1092 ScoresHybridRecommender: URM Detected 348 ( 2.8%) users with no interactions.
13087.7s 1093 ScoresHybridRecommender: URM Detected 188 ( 0.8%) items with no interactions.
13123.3s 1094 [I 2023-12-04 22:26:18,666] Trial 350 finished with value: 0.07828914824183475 and parameters: {'weight': 0.45286343726450506}. Best is trial 320 with value: 0.07841937136998743.
13123.5s 1095 ScoresHybridRecommender: URM Detected 348 ( 2.8%) users with no interactions.
13123.5s 1096 ScoresHybridRecommender: URM Detected 188 ( 0.8%) items with no interactions.
13159.0s 1097 [I 2023-12-04 22:26:54,340] Trial 351 finished with value: 0.07838642914416774 and parameters: {'weight': 0.48847014339539335}. Best is trial 320 with value: 0.07841937136998743.
13159.1s 1098 ScoresHybridRecommender: URM Detected 348 ( 2.8%) users with no interactions.
13159.1s 1099 ScoresHybridRecommender: URM Detected 188 ( 0.8%) items with no interactions.
13194.7s 1100 [I 2023-12-04 22:27:30,064] Trial 352 finished with value: 0.07830124259684935 and parameters: {'weight': 0.5305247430458617}. Best is trial 320 with value: 0.07841937136998743.
13194.9s 1101 ScoresHybridRecommender: URM Detected 348 ( 2.8%) users with no interactions.
13194.9s 1102 ScoresHybridRecommender: URM Detected 188 ( 0.8%) items with no interactions.
