6848.1s 575 [I 2023-12-04 20:41:43,480] Trial 177 finished with value: 0.07819421993564633 and parameters: {'weight': 0.4087110775461662}. Best is trial 96 with value: 0.07841855067628427.
6848.3s 576 ScoresHybridRecommender: URM Detected 348 ( 2.8%) users with no interactions.
6848.3s 577 ScoresHybridRecommender: URM Detected 188 ( 0.8%) items with no interactions.
6883.8s 578 [I 2023-12-04 20:42:19,180] Trial 178 finished with value: 0.07822701949449815 and parameters: {'weight': 0.4377086158629741}. Best is trial 96 with value: 0.07841855067628427.
6884.0s 579 ScoresHybridRecommender: URM Detected 348 ( 2.8%) users with no interactions.
6884.0s 580 ScoresHybridRecommender: URM Detected 188 ( 0.8%) items with no interactions.
6919.4s 581 [I 2023-12-04 20:42:54,763] Trial 179 finished with value: 0.07831208798629748 and parameters: {'weight': 0.5081682258489045}. Best is trial 96 with value: 0.07841855067628427.
6919.6s 582 ScoresHybridRecommender: URM Detected 348 ( 2.8%) users with no interactions.
6919.6s 583 ScoresHybridRecommender: URM Detected 188 ( 0.8%) items with no interactions.
6955.0s 584 [I 2023-12-04 20:43:30,436] Trial 180 finished with value: 0.07825374687818398 and parameters: {'weight': 0.4558274978582937}. Best is trial 96 with value: 0.07841855067628427.
6955.2s 585 ScoresHybridRecommender: URM Detected 348 ( 2.8%) users with no interactions.
6955.2s 586 ScoresHybridRecommender: URM Detected 188 ( 0.8%) items with no interactions.
6990.7s 587 [I 2023-12-04 20:44:06,103] Trial 181 finished with value: 0.07838694081600836 and parameters: {'weight': 0.47827930825353926}. Best is trial 96 with value: 0.07841855067628427.
6990.9s 588 ScoresHybridRecommender: URM Detected 348 ( 2.8%) users with no interactions.
6990.9s 589 ScoresHybridRecommender: URM Detected 188 ( 0.8%) items with no interactions.
7026.3s 590 [I 2023-12-04 20:44:41,659] Trial 182 finished with value: 0.07838709837988614 and parameters: {'weight': 0.4774767412317659}. Best is trial 96 with value: 0.07841855067628427.
7026.5s 591 ScoresHybridRecommender: URM Detected 348 ( 2.8%) users with no interactions.
7026.5s 592 ScoresHybridRecommender: URM Detected 188 ( 0.8%) items with no interactions.
7061.9s 593 [I 2023-12-04 20:45:17,307] Trial 183 finished with value: 0.07834478668461711 and parameters: {'weight': 0.4948081632205482}. Best is trial 96 with value: 0.07841855067628427.
7062.1s 594 ScoresHybridRecommender: URM Detected 348 ( 2.8%) users with no interactions.
7062.1s 595 ScoresHybridRecommender: URM Detected 188 ( 0.8%) items with no interactions.
7097.5s 596 [I 2023-12-04 20:45:52,927] Trial 184 finished with value: 0.0782993003199607 and parameters: {'weight': 0.5248635525460729}. Best is trial 96 with value: 0.07841855067628427.
7097.7s 597 ScoresHybridRecommender: URM Detected 348 ( 2.8%) users with no interactions.
7097.7s 598 ScoresHybridRecommender: URM Detected 188 ( 0.8%) items with no interactions.
7133.1s 599 [I 2023-12-04 20:46:28,483] Trial 185 finished with value: 0.0783764163672615 and parameters: {'weight': 0.46478463886972143}. Best is trial 96 with value: 0.07841855067628427.
7133.3s 600 ScoresHybridRecommender: URM Detected 348 ( 2.8%) users with no interactions.
7133.3s 601 ScoresHybridRecommender: URM Detected 188 ( 0.8%) items with no interactions.
7168.7s 602 [I 2023-12-04 20:47:04,097] Trial 186 finished with value: 0.07826853801927314 and parameters: {'weight': 0.44328235000872795}. Best is trial 96 with value: 0.07841855067628427.
7168.9s 603 ScoresHybridRecommender: URM Detected 348 ( 2.8%) users with no interactions.
7168.9s 604 ScoresHybridRecommender: URM Detected 188 ( 0.8%) items with no interactions.
7204.3s 605 [I 2023-12-04 20:47:39,723] Trial 187 finished with value: 0.0783269665236888 and parameters: {'weight': 0.5157225571048341}. Best is trial 96 with value: 0.07841855067628427.
7204.5s 606 ScoresHybridRecommender: URM Detected 348 ( 2.8%) users with no interactions.
7204.5s 607 ScoresHybridRecommender: URM Detected 188 ( 0.8%) items with no interactions.
7240.2s 608 [I 2023-12-04 20:48:15,539] Trial 188 finished with value: 0.07836971852450984 and parameters: {'weight': 0.491443722379081}. Best is trial 96 with value: 0.07841855067628427.
7240.3s 609 ScoresHybridRecommender: URM Detected 348 ( 2.8%) users with no interactions.
7240.3s 610 ScoresHybridRecommender: URM Detected 188 ( 0.8%) items with no interactions.
7276.0s 611 [I 2023-12-04 20:48:51,344] Trial 189 finished with value: 0.078227511506164 and parameters: {'weight': 0.5688850042312594}. Best is trial 96 with value: 0.07841855067628427.
7276.1s 612 ScoresHybridRecommender: URM Detected 348 ( 2.8%) users with no interactions.
7276.1s 613 ScoresHybridRecommender: URM Detected 188 ( 0.8%) items with no interactions.
7311.8s 614 [I 2023-12-04 20:49:27,153] Trial 190 finished with value: 0.07836500648875463 and parameters: {'weight': 0.4677938786399459}. Best is trial 96 with value: 0.07841855067628427.
7311.9s 615 ScoresHybridRecommender: URM Detected 348 ( 2.8%) users with no interactions.
7311.9s 616 ScoresHybridRecommender: URM Detected 188 ( 0.8%) items with no interactions.
7347.5s 617 [I 2023-12-04 20:50:02,871] Trial 191 finished with value: 0.07839377977547665 and parameters: {'weight': 0.4755041708767295}. Best is trial 96 with value: 0.07841855067628427.
7347.7s 618 ScoresHybridRecommender: URM Detected 348 ( 2.8%) users with no interactions.
7347.7s 619 ScoresHybridRecommender: URM Detected 188 ( 0.8%) items with no interactions.
7383.1s 620 [I 2023-12-04 20:50:38,533] Trial 192 finished with value: 0.07838383908142525 and parameters: {'weight': 0.477769607693654}. Best is trial 96 with value: 0.07841855067628427.
7383.3s 621 ScoresHybridRecommender: URM Detected 348 ( 2.8%) users with no interactions.
7383.3s 622 ScoresHybridRecommender: URM Detected 188 ( 0.8%) items with no interactions.
7418.8s 623 [I 2023-12-04 20:51:14,177] Trial 193 finished with value: 0.07830498426160862 and parameters: {'weight': 0.4515296219554699}. Best is trial 96 with value: 0.07841855067628427.
7419.0s 624 ScoresHybridRecommender: URM Detected 348 ( 2.8%) users with no interactions.
7419.0s 625 ScoresHybridRecommender: URM Detected 188 ( 0.8%) items with no interactions.
7456.1s 626 [I 2023-12-04 20:51:51,487] Trial 194 finished with value: 0.07832433966392874 and parameters: {'weight': 0.4997520403836023}. Best is trial 96 with value: 0.07841855067628427.
7456.3s 627 ScoresHybridRecommender: URM Detected 348 ( 2.8%) users with no interactions.
7456.3s 628 ScoresHybridRecommender: URM Detected 188 ( 0.8%) items with no interactions.
7494.1s 629 [I 2023-12-04 20:52:29,475] Trial 195 finished with value: 0.07825915636071414 and parameters: {'weight': 0.5332170881003889}. Best is trial 96 with value: 0.07841855067628427.
7494.3s 630 ScoresHybridRecommender: URM Detected 348 ( 2.8%) users with no interactions.
7494.3s 631 ScoresHybridRecommender: URM Detected 188 ( 0.8%) items with no interactions.
7531.9s 632 [I 2023-12-04 20:53:07,321] Trial 196 finished with value: 0.07819160848511297 and parameters: {'weight': 0.4191563992125178}. Best is trial 96 with value: 0.07841855067628427.
7532.1s 633 ScoresHybridRecommender: URM Detected 348 ( 2.8%) users with no interactions.
7532.1s 634 ScoresHybridRecommender: URM Detected 188 ( 0.8%) items with no interactions.
7569.1s 635 [I 2023-12-04 20:53:44,517] Trial 197 finished with value: 0.07836272947846047 and parameters: {'weight': 0.4681393377043884}. Best is trial 96 with value: 0.07841855067628427.
7569.3s 636 ScoresHybridRecommender: URM Detected 348 ( 2.8%) users with no interactions.
7569.3s 637 ScoresHybridRecommender: URM Detected 188 ( 0.8%) items with no interactions.
7606.1s 638 [I 2023-12-04 20:54:21,503] Trial 198 finished with value: 0.07830520907502543 and parameters: {'weight': 0.5181858682617593}. Best is trial 96 with value: 0.07841855067628427.
7606.3s 639 ScoresHybridRecommender: URM Detected 348 ( 2.8%) users with no interactions.
7606.3s 640 ScoresHybridRecommender: URM Detected 188 ( 0.8%) items with no interactions.
7643.9s 641 [I 2023-12-04 20:54:59,293] Trial 199 finished with value: 0.07836700798059047 and parameters: {'weight': 0.4909738466320546}. Best is trial 96 with value: 0.07841855067628427.
7644.1s 642 ScoresHybridRecommender: URM Detected 348 ( 2.8%) users with no interactions.
7644.1s 643 ScoresHybridRecommender: URM Detected 188 ( 0.8%) items with no interactions.
7680.8s 644 [I 2023-12-04 20:55:36,235] Trial 200 finished with value: 0.07822386875812366 and parameters: {'weight': 0.43976583854230666}. Best is trial 96 with value: 0.07841855067628427.
7681.0s 645 ScoresHybridRecommender: URM Detected 348 ( 2.8%) users with no interactions.
7681.0s 646 ScoresHybridRecommender: URM Detected 188 ( 0.8%) items with no interactions.
7718.2s 647 [I 2023-12-04 20:56:13,584] Trial 201 finished with value: 0.07839049797737212 and parameters: {'weight': 0.4742102207366871}. Best is trial 96 with value: 0.07841855067628427.
7718.4s 648 ScoresHybridRecommender: URM Detected 348 ( 2.8%) users with no interactions.
7718.4s 649 ScoresHybridRecommender: URM Detected 188 ( 0.8%) items with no interactions.
7755.6s 650 [I 2023-12-04 20:56:50,983] Trial 202 finished with value: 0.07838073110655813 and parameters: {'weight': 0.4659731269732671}. Best is trial 96 with value: 0.07841855067628427.
7755.8s 651 ScoresHybridRecommender: URM Detected 348 ( 2.8%) users with no interactions.
7755.8s 652 ScoresHybridRecommender: URM Detected 188 ( 0.8%) items with no interactions.
7792.1s 653 [I 2023-12-04 20:57:27,471] Trial 203 finished with value: 0.07841253545057117 and parameters: {'weight': 0.48428997033308097}. Best is trial 96 with value: 0.07841855067628427.
7792.3s 654 ScoresHybridRecommender: URM Detected 348 ( 2.8%) users with no interactions.
7792.3s 655 ScoresHybridRecommender: URM Detected 188 ( 0.8%) items with no interactions.
7828.0s 656 [I 2023-12-04 20:58:03,375] Trial 204 finished with value: 0.07833197315307222 and parameters: {'weight': 0.5028561460315247}. Best is trial 96 with value: 0.07841855067628427.
7828.2s 657 ScoresHybridRecommender: URM Detected 348 ( 2.8%) users with no interactions.
7828.2s 658 ScoresHybridRecommender: URM Detected 188 ( 0.8%) items with no interactions.
7864.7s 659 [I 2023-12-04 20:58:40,050] Trial 205 finished with value: 0.07836830543085196 and parameters: {'weight': 0.49166161088316596}. Best is trial 96 with value: 0.07841855067628427.
7864.8s 660 ScoresHybridRecommender: URM Detected 348 ( 2.8%) users with no interactions.
7864.8s 661 ScoresHybridRecommender: URM Detected 188 ( 0.8%) items with no interactions.
7901.5s 662 [I 2023-12-04 20:59:16,905] Trial 206 finished with value: 0.07828901791639087 and parameters: {'weight': 0.450499185964531}. Best is trial 96 with value: 0.07841855067628427.
7901.7s 663 ScoresHybridRecommender: URM Detected 348 ( 2.8%) users with no interactions.
7901.7s 664 ScoresHybridRecommender: URM Detected 188 ( 0.8%) items with no interactions.
7938.3s 665 [I 2023-12-04 20:59:53,657] Trial 207 finished with value: 0.07833723430686325 and parameters: {'weight': 0.5105942127456748}. Best is trial 96 with value: 0.07841855067628427.
7938.4s 666 ScoresHybridRecommender: URM Detected 348 ( 2.8%) users with no interactions.
7938.4s 667 ScoresHybridRecommender: URM Detected 188 ( 0.8%) items with no interactions.
7975.6s 668 [I 2023-12-04 21:00:31,010] Trial 208 finished with value: 0.07840461650093604 and parameters: {'weight': 0.48168085101302904}. Best is trial 96 with value: 0.07841855067628427.
7975.8s 669 ScoresHybridRecommender: URM Detected 348 ( 2.8%) users with no interactions.
7975.8s 670 ScoresHybridRecommender: URM Detected 188 ( 0.8%) items with no interactions.
8012.6s 671 [I 2023-12-04 21:01:08,028] Trial 209 finished with value: 0.07823507464707331 and parameters: {'weight': 0.4262406381086327}. Best is trial 96 with value: 0.07841855067628427.
8012.8s 672 ScoresHybridRecommender: URM Detected 348 ( 2.8%) users with no interactions.
8012.8s 673 ScoresHybridRecommender: URM Detected 188 ( 0.8%) items with no interactions.
8049.5s 674 [I 2023-12-04 21:01:44,838] Trial 210 finished with value: 0.07828017662602506 and parameters: {'weight': 0.5391130037476253}. Best is trial 96 with value: 0.07841855067628427.
8049.6s 675 ScoresHybridRecommender: URM Detected 348 ( 2.8%) users with no interactions.
8049.6s 676 ScoresHybridRecommender: URM Detected 188 ( 0.8%) items with no interactions.
8086.4s 677 [I 2023-12-04 21:02:21,822] Trial 211 finished with value: 0.07841868429524378 and parameters: {'weight': 0.48236912099583085}. Best is trial 211 with value: 0.07841868429524378.
8086.6s 678 ScoresHybridRecommender: URM Detected 348 ( 2.8%) users with no interactions.
8086.6s 679 ScoresHybridRecommender: URM Detected 188 ( 0.8%) items with no interactions.
8123.4s 680 [I 2023-12-04 21:02:58,747] Trial 212 finished with value: 0.0783929988292431 and parameters: {'weight': 0.4861417087230346}. Best is trial 211 with value: 0.07841868429524378.
8123.5s 681 ScoresHybridRecommender: URM Detected 348 ( 2.8%) users with no interactions.
8123.5s 682 ScoresHybridRecommender: URM Detected 188 ( 0.8%) items with no interactions.
8160.1s 683 [I 2023-12-04 21:03:35,499] Trial 213 finished with value: 0.0782725837869143 and parameters: {'weight': 0.4538220561493422}. Best is trial 211 with value: 0.07841868429524378.
8160.3s 684 ScoresHybridRecommender: URM Detected 348 ( 2.8%) users with no interactions.
8160.3s 685 ScoresHybridRecommender: URM Detected 188 ( 0.8%) items with no interactions.
8196.6s 686 [I 2023-12-04 21:04:11,969] Trial 214 finished with value: 0.0783215142690086 and parameters: {'weight': 0.5003629106743285}. Best is trial 211 with value: 0.07841868429524378.
8196.8s 687 ScoresHybridRecommender: URM Detected 348 ( 2.8%) users with no interactions.
8196.8s 688 ScoresHybridRecommender: URM Detected 188 ( 0.8%) items with no interactions.
8233.1s 689 [I 2023-12-04 21:04:48,464] Trial 215 finished with value: 0.07839602200734916 and parameters: {'weight': 0.48127187369436836}. Best is trial 211 with value: 0.07841868429524378.
8233.3s 690 ScoresHybridRecommender: URM Detected 348 ( 2.8%) users with no interactions.
8233.3s 691 ScoresHybridRecommender: URM Detected 188 ( 0.8%) items with no interactions.
8269.3s 692 [I 2023-12-04 21:05:24,711] Trial 216 finished with value: 0.0783295015515833 and parameters: {'weight': 0.5150259995729982}. Best is trial 211 with value: 0.07841868429524378.
8269.5s 693 ScoresHybridRecommender: URM Detected 348 ( 2.8%) users with no interactions.
8269.5s 694 ScoresHybridRecommender: URM Detected 188 ( 0.8%) items with no interactions.
8306.5s 695 [I 2023-12-04 21:06:01,911] Trial 217 finished with value: 0.07838535733584158 and parameters: {'weight': 0.48858589036422984}. Best is trial 211 with value: 0.07841868429524378.
8306.7s 696 ScoresHybridRecommender: URM Detected 348 ( 2.8%) users with no interactions.
8306.7s 697 ScoresHybridRecommender: URM Detected 188 ( 0.8%) items with no interactions.
8344.7s 698 [I 2023-12-04 21:06:40,090] Trial 218 finished with value: 0.07830526842201306 and parameters: {'weight': 0.4587530585133857}. Best is trial 211 with value: 0.07841868429524378.
8344.9s 699 ScoresHybridRecommender: URM Detected 348 ( 2.8%) users with no interactions.
8344.9s 700 ScoresHybridRecommender: URM Detected 188 ( 0.8%) items with no interactions.
8383.8s 701 [I 2023-12-04 21:07:19,164] Trial 219 finished with value: 0.07829443949398437 and parameters: {'weight': 0.5171970446096001}. Best is trial 211 with value: 0.07841868429524378.
8384.0s 702 ScoresHybridRecommender: URM Detected 348 ( 2.8%) users with no interactions.
8384.0s 703 ScoresHybridRecommender: URM Detected 188 ( 0.8%) items with no interactions.
8422.4s 704 [I 2023-12-04 21:07:57,761] Trial 220 finished with value: 0.07841397115370831 and parameters: {'weight': 0.483892759313357}. Best is trial 211 with value: 0.07841868429524378.
8422.6s 705 ScoresHybridRecommender: URM Detected 348 ( 2.8%) users with no interactions.
8422.6s 706 ScoresHybridRecommender: URM Detected 188 ( 0.8%) items with no interactions.
8462.0s 707 [I 2023-12-04 21:08:37,346] Trial 221 finished with value: 0.0783944130976571 and parameters: {'weight': 0.4815385630321549}. Best is trial 211 with value: 0.07841868429524378.
8462.1s 708 ScoresHybridRecommender: URM Detected 348 ( 2.8%) users with no interactions.
8462.1s 709 ScoresHybridRecommender: URM Detected 188 ( 0.8%) items with no interactions.
8502.6s 710 [I 2023-12-04 21:09:18,024] Trial 222 finished with value: 0.07833173714049842 and parameters: {'weight': 0.5023799519958692}. Best is trial 211 with value: 0.07841868429524378.
8502.8s 711 ScoresHybridRecommender: URM Detected 348 ( 2.8%) users with no interactions.
8502.8s 712 ScoresHybridRecommender: URM Detected 188 ( 0.8%) items with no interactions.
8543.1s 713 [I 2023-12-04 21:09:58,530] Trial 223 finished with value: 0.07836437774886354 and parameters: {'weight': 0.46207055932980384}. Best is trial 211 with value: 0.07841868429524378.
8543.3s 714 ScoresHybridRecommender: URM Detected 348 ( 2.8%) users with no interactions.
8543.3s 715 ScoresHybridRecommender: URM Detected 188 ( 0.8%) items with no interactions.
8582.1s 716 [I 2023-12-04 21:10:37,463] Trial 224 finished with value: 0.0783704002128771 and parameters: {'weight': 0.4905764243151393}. Best is trial 211 with value: 0.07841868429524378.
8582.3s 717 ScoresHybridRecommender: URM Detected 348 ( 2.8%) users with no interactions.
8582.3s 718 ScoresHybridRecommender: URM Detected 188 ( 0.8%) items with no interactions.
8621.0s 719 [I 2023-12-04 21:11:16,396] Trial 225 finished with value: 0.07827619250244533 and parameters: {'weight': 0.4479735422879885}. Best is trial 211 with value: 0.07841868429524378.
8621.2s 720 ScoresHybridRecommender: URM Detected 348 ( 2.8%) users with no interactions.
8621.2s 721 ScoresHybridRecommender: URM Detected 188 ( 0.8%) items with no interactions.
8658.5s 722 [I 2023-12-04 21:11:53,875] Trial 226 finished with value: 0.07759333289125593 and parameters: {'weight': 0.7899771655475887}. Best is trial 211 with value: 0.07841868429524378.
8658.7s 723 ScoresHybridRecommender: URM Detected 348 ( 2.8%) users with no interactions.
8658.7s 724 ScoresHybridRecommender: URM Detected 188 ( 0.8%) items with no interactions.
8696.1s 725 [I 2023-12-04 21:12:31,490] Trial 227 finished with value: 0.07838513801186248 and parameters: {'weight': 0.470693402595368}. Best is trial 211 with value: 0.07841868429524378.
8696.3s 726 ScoresHybridRecommender: URM Detected 348 ( 2.8%) users with no interactions.
8696.3s 727 ScoresHybridRecommender: URM Detected 188 ( 0.8%) items with no interactions.
8733.1s 728 [I 2023-12-04 21:13:08,467] Trial 228 finished with value: 0.07828870419215869 and parameters: {'weight': 0.5226148433421471}. Best is trial 211 with value: 0.07841868429524378.
8733.3s 729 ScoresHybridRecommender: URM Detected 348 ( 2.8%) users with no interactions.
8733.3s 730 ScoresHybridRecommender: URM Detected 188 ( 0.8%) items with no interactions.
8770.4s 731 [I 2023-12-04 21:13:45,743] Trial 229 finished with value: 0.07681100757620977 and parameters: {'weight': 0.16071132786209952}. Best is trial 211 with value: 0.07841868429524378.
8770.5s 732 ScoresHybridRecommender: URM Detected 348 ( 2.8%) users with no interactions.
8770.5s 733 ScoresHybridRecommender: URM Detected 188 ( 0.8%) items with no interactions.
8807.3s 734 [I 2023-12-04 21:14:22,692] Trial 230 finished with value: 0.07826491153800877 and parameters: {'weight': 0.4330355386815333}. Best is trial 211 with value: 0.07841868429524378.
8807.5s 735 ScoresHybridRecommender: URM Detected 348 ( 2.8%) users with no interactions.
8807.5s 736 ScoresHybridRecommender: URM Detected 188 ( 0.8%) items with no interactions.
8844.2s 737 [I 2023-12-04 21:14:59,548] Trial 231 finished with value: 0.07839648225951171 and parameters: {'weight': 0.4812343778622612}. Best is trial 211 with value: 0.07841868429524378.
8844.3s 738 ScoresHybridRecommender: URM Detected 348 ( 2.8%) users with no interactions.
8844.3s 739 ScoresHybridRecommender: URM Detected 188 ( 0.8%) items with no interactions.
8880.9s 740 [I 2023-12-04 21:15:36,240] Trial 232 finished with value: 0.07839657211474219 and parameters: {'weight': 0.48136313393824043}. Best is trial 211 with value: 0.07841868429524378.
8881.0s 741 ScoresHybridRecommender: URM Detected 348 ( 2.8%) users with no interactions.
8881.0s 742 ScoresHybridRecommender: URM Detected 188 ( 0.8%) items with no interactions.
8917.6s 743 [I 2023-12-04 21:16:12,994] Trial 233 finished with value: 0.07833067364104378 and parameters: {'weight': 0.49863018169367396}. Best is trial 211 with value: 0.07841868429524378.
8917.8s 744 ScoresHybridRecommender: URM Detected 348 ( 2.8%) users with no interactions.
8917.8s 745 ScoresHybridRecommender: URM Detected 188 ( 0.8%) items with no interactions.
8954.5s 746 [I 2023-12-04 21:16:49,872] Trial 234 finished with value: 0.07838170365304507 and parameters: {'weight': 0.46962286759557476}. Best is trial 211 with value: 0.07841868429524378.
8954.7s 747 ScoresHybridRecommender: URM Detected 348 ( 2.8%) users with no interactions.
8954.7s 748 ScoresHybridRecommender: URM Detected 188 ( 0.8%) items with no interactions.
8991.0s 749 [I 2023-12-04 21:17:26,361] Trial 235 finished with value: 0.07725423662085619 and parameters: {'weight': 0.867111515694234}. Best is trial 211 with value: 0.07841868429524378.
8991.2s 750 ScoresHybridRecommender: URM Detected 348 ( 2.8%) users with no interactions.
8991.2s 751 ScoresHybridRecommender: URM Detected 188 ( 0.8%) items with no interactions.
