439.2s 41 [I 2023-12-04 18:54:54,577] A new study created in memory with name: no-name-b9797b88-d02a-4d9a-b9af-47aca9e2fde6
439.4s 42 ScoresHybridRecommender: URM Detected 348 ( 2.8%) users with no interactions.
439.4s 43 ScoresHybridRecommender: URM Detected 188 ( 0.8%) items with no interactions.
475.7s 44 [I 2023-12-04 18:55:31,064] Trial 0 finished with value: 0.07727066347761474 and parameters: {'weight': 0.19961847310054637}. Best is trial 0 with value: 0.07727066347761474.
475.8s 45 ScoresHybridRecommender: URM Detected 348 ( 2.8%) users with no interactions.
475.8s 46 ScoresHybridRecommender: URM Detected 188 ( 0.8%) items with no interactions.
512.7s 47 [I 2023-12-04 18:56:08,132] Trial 1 finished with value: 0.07772690104204034 and parameters: {'weight': 0.7464595956552158}. Best is trial 1 with value: 0.07772690104204034.
512.9s 48 ScoresHybridRecommender: URM Detected 348 ( 2.8%) users with no interactions.
512.9s 49 ScoresHybridRecommender: URM Detected 188 ( 0.8%) items with no interactions.
550.6s 50 [I 2023-12-04 18:56:45,973] Trial 2 finished with value: 0.07772573706255576 and parameters: {'weight': 0.7446541024731643}. Best is trial 1 with value: 0.07772690104204034.
550.8s 51 ScoresHybridRecommender: URM Detected 348 ( 2.8%) users with no interactions.
550.8s 52 ScoresHybridRecommender: URM Detected 188 ( 0.8%) items with no interactions.
588.0s 53 [I 2023-12-04 18:57:23,402] Trial 3 finished with value: 0.07813731803469284 and parameters: {'weight': 0.3197073587023759}. Best is trial 3 with value: 0.07813731803469284.
588.2s 54 ScoresHybridRecommender: URM Detected 348 ( 2.8%) users with no interactions.
588.2s 55 ScoresHybridRecommender: URM Detected 188 ( 0.8%) items with no interactions.
625.5s 56 [I 2023-12-04 18:58:00,921] Trial 4 finished with value: 0.07752256687582917 and parameters: {'weight': 0.8128961754274833}. Best is trial 3 with value: 0.07813731803469284.
625.7s 57 ScoresHybridRecommender: URM Detected 348 ( 2.8%) users with no interactions.
625.7s 58 ScoresHybridRecommender: URM Detected 188 ( 0.8%) items with no interactions.
663.2s 59 [I 2023-12-04 18:58:38,592] Trial 5 finished with value: 0.07841612197576858 and parameters: {'weight': 0.4836656814261364}. Best is trial 5 with value: 0.07841612197576858.
663.4s 60 ScoresHybridRecommender: URM Detected 348 ( 2.8%) users with no interactions.
663.4s 61 ScoresHybridRecommender: URM Detected 188 ( 0.8%) items with no interactions.
700.8s 62 [I 2023-12-04 18:59:16,156] Trial 6 finished with value: 0.07448076032681668 and parameters: {'weight': 0.03828399669460447}. Best is trial 5 with value: 0.07841612197576858.
700.9s 63 ScoresHybridRecommender: URM Detected 348 ( 2.8%) users with no interactions.
700.9s 64 ScoresHybridRecommender: URM Detected 188 ( 0.8%) items with no interactions.
738.5s 65 [I 2023-12-04 18:59:53,912] Trial 7 finished with value: 0.07770969053059651 and parameters: {'weight': 0.7336677039304993}. Best is trial 5 with value: 0.07841612197576858.
738.7s 66 ScoresHybridRecommender: URM Detected 348 ( 2.8%) users with no interactions.
738.7s 67 ScoresHybridRecommender: URM Detected 188 ( 0.8%) items with no interactions.
775.3s 68 [I 2023-12-04 19:00:30,694] Trial 8 finished with value: 0.07807323948509795 and parameters: {'weight': 0.6458991135097105}. Best is trial 5 with value: 0.07841612197576858.
775.5s 69 ScoresHybridRecommender: URM Detected 348 ( 2.8%) users with no interactions.
775.5s 70 ScoresHybridRecommender: URM Detected 188 ( 0.8%) items with no interactions.
812.1s 71 [I 2023-12-04 19:01:07,526] Trial 9 finished with value: 0.07710823427211641 and parameters: {'weight': 0.919073269927577}. Best is trial 5 with value: 0.07841612197576858.
812.4s 72 ScoresHybridRecommender: URM Detected 348 ( 2.8%) users with no interactions.
812.4s 73 ScoresHybridRecommender: URM Detected 188 ( 0.8%) items with no interactions.
849.2s 74 [I 2023-12-04 19:01:44,595] Trial 10 finished with value: 0.07838782012248943 and parameters: {'weight': 0.48910461083521684}. Best is trial 5 with value: 0.07841612197576858.
849.4s 75 ScoresHybridRecommender: URM Detected 348 ( 2.8%) users with no interactions.
849.4s 76 ScoresHybridRecommender: URM Detected 188 ( 0.8%) items with no interactions.
885.8s 77 [I 2023-12-04 19:02:21,162] Trial 11 finished with value: 0.07841245249939612 and parameters: {'weight': 0.48424236471619014}. Best is trial 5 with value: 0.07841612197576858.
886.0s 78 ScoresHybridRecommender: URM Detected 348 ( 2.8%) users with no interactions.
886.0s 79 ScoresHybridRecommender: URM Detected 188 ( 0.8%) items with no interactions.
922.5s 80 [I 2023-12-04 19:02:57,887] Trial 12 finished with value: 0.07825370923050849 and parameters: {'weight': 0.457135488522798}. Best is trial 5 with value: 0.07841612197576858.
922.7s 81 ScoresHybridRecommender: URM Detected 348 ( 2.8%) users with no interactions.
922.7s 82 ScoresHybridRecommender: URM Detected 188 ( 0.8%) items with no interactions.
959.3s 83 [I 2023-12-04 19:03:34,755] Trial 13 finished with value: 0.078192643832805 and parameters: {'weight': 0.5523266727200306}. Best is trial 5 with value: 0.07841612197576858.
959.5s 84 ScoresHybridRecommender: URM Detected 348 ( 2.8%) users with no interactions.
959.5s 85 ScoresHybridRecommender: URM Detected 188 ( 0.8%) items with no interactions.
995.8s 86 [I 2023-12-04 19:04:11,179] Trial 14 finished with value: 0.0782414604258255 and parameters: {'weight': 0.38985811038049334}. Best is trial 5 with value: 0.07841612197576858.
996.0s 87 ScoresHybridRecommender: URM Detected 348 ( 2.8%) users with no interactions.
996.0s 88 ScoresHybridRecommender: URM Detected 188 ( 0.8%) items with no interactions.
1032.6s 89 [I 2023-12-04 19:04:47,965] Trial 15 finished with value: 0.07822073019416953 and parameters: {'weight': 0.5457820693044722}. Best is trial 5 with value: 0.07841612197576858.
1032.8s 90 ScoresHybridRecommender: URM Detected 348 ( 2.8%) users with no interactions.
1032.8s 91 ScoresHybridRecommender: URM Detected 188 ( 0.8%) items with no interactions.
1069.4s 92 [I 2023-12-04 19:05:24,778] Trial 16 finished with value: 0.07814833722640897 and parameters: {'weight': 0.3315960453751979}. Best is trial 5 with value: 0.07841612197576858.
1069.6s 93 ScoresHybridRecommender: URM Detected 348 ( 2.8%) users with no interactions.
1069.6s 94 ScoresHybridRecommender: URM Detected 188 ( 0.8%) items with no interactions.
1106.6s 95 [I 2023-12-04 19:06:01,996] Trial 17 finished with value: 0.07819346993132498 and parameters: {'weight': 0.6244098393231571}. Best is trial 5 with value: 0.07841612197576858.
1106.8s 96 ScoresHybridRecommender: URM Detected 348 ( 2.8%) users with no interactions.
1106.8s 97 ScoresHybridRecommender: URM Detected 188 ( 0.8%) items with no interactions.
1144.2s 98 [I 2023-12-04 19:06:39,631] Trial 18 finished with value: 0.07828544704312762 and parameters: {'weight': 0.45036708262885755}. Best is trial 5 with value: 0.07841612197576858.
1144.4s 99 ScoresHybridRecommender: URM Detected 348 ( 2.8%) users with no interactions.
1144.4s 100 ScoresHybridRecommender: URM Detected 188 ( 0.8%) items with no interactions.
1181.7s 101 [I 2023-12-04 19:07:17,148] Trial 19 finished with value: 0.07674024161277558 and parameters: {'weight': 0.9863989217070751}. Best is trial 5 with value: 0.07841612197576858.
1181.9s 102 ScoresHybridRecommender: URM Detected 348 ( 2.8%) users with no interactions.
1181.9s 103 ScoresHybridRecommender: URM Detected 188 ( 0.8%) items with no interactions.
1219.5s 104 [I 2023-12-04 19:07:54,901] Trial 20 finished with value: 0.0775420769387519 and parameters: {'weight': 0.250032865209281}. Best is trial 5 with value: 0.07841612197576858.
1219.7s 105 ScoresHybridRecommender: URM Detected 348 ( 2.8%) users with no interactions.
1219.7s 106 ScoresHybridRecommender: URM Detected 188 ( 0.8%) items with no interactions.
1257.2s 107 [I 2023-12-04 19:08:32,606] Trial 21 finished with value: 0.07830770322593092 and parameters: {'weight': 0.5052429270955083}. Best is trial 5 with value: 0.07841612197576858.
1257.4s 108 ScoresHybridRecommender: URM Detected 348 ( 2.8%) users with no interactions.
1257.4s 109 ScoresHybridRecommender: URM Detected 188 ( 0.8%) items with no interactions.
1294.3s 110 [I 2023-12-04 19:09:09,750] Trial 22 finished with value: 0.07824207462953718 and parameters: {'weight': 0.4290403978271206}. Best is trial 5 with value: 0.07841612197576858.
1294.5s 111 ScoresHybridRecommender: URM Detected 348 ( 2.8%) users with no interactions.
1294.5s 112 ScoresHybridRecommender: URM Detected 188 ( 0.8%) items with no interactions.
1331.9s 113 [I 2023-12-04 19:09:47,255] Trial 23 finished with value: 0.07827949420127142 and parameters: {'weight': 0.583979803700233}. Best is trial 5 with value: 0.07841612197576858.
1332.0s 114 ScoresHybridRecommender: URM Detected 348 ( 2.8%) users with no interactions.
1332.0s 115 ScoresHybridRecommender: URM Detected 188 ( 0.8%) items with no interactions.
1369.7s 116 [I 2023-12-04 19:10:25,121] Trial 24 finished with value: 0.07829706744251472 and parameters: {'weight': 0.5178455180924703}. Best is trial 5 with value: 0.07841612197576858.
1369.9s 117 ScoresHybridRecommender: URM Detected 348 ( 2.8%) users with no interactions.
1369.9s 118 ScoresHybridRecommender: URM Detected 188 ( 0.8%) items with no interactions.
1407.8s 119 [I 2023-12-04 19:11:03,234] Trial 25 finished with value: 0.0782047579485809 and parameters: {'weight': 0.39537409258433853}. Best is trial 5 with value: 0.07841612197576858.
1408.0s 120 ScoresHybridRecommender: URM Detected 348 ( 2.8%) users with no interactions.
1408.0s 121 ScoresHybridRecommender: URM Detected 188 ( 0.8%) items with no interactions.
1445.6s 122 [I 2023-12-04 19:11:40,981] Trial 26 finished with value: 0.07812905525417649 and parameters: {'weight': 0.6269812336426988}. Best is trial 5 with value: 0.07841612197576858.
1445.8s 123 ScoresHybridRecommender: URM Detected 348 ( 2.8%) users with no interactions.
1445.8s 124 ScoresHybridRecommender: URM Detected 188 ( 0.8%) items with no interactions.
1482.6s 125 [I 2023-12-04 19:12:17,995] Trial 27 finished with value: 0.07838965514981153 and parameters: {'weight': 0.47333435078413527}. Best is trial 5 with value: 0.07841612197576858.
1482.8s 126 ScoresHybridRecommender: URM Detected 348 ( 2.8%) users with no interactions.
1482.8s 127 ScoresHybridRecommender: URM Detected 188 ( 0.8%) items with no interactions.
1519.2s 128 [I 2023-12-04 19:12:54,563] Trial 28 finished with value: 0.0782857307493367 and parameters: {'weight': 0.3779408806627379}. Best is trial 5 with value: 0.07841612197576858.
1519.4s 129 ScoresHybridRecommender: URM Detected 348 ( 2.8%) users with no interactions.
1519.4s 130 ScoresHybridRecommender: URM Detected 188 ( 0.8%) items with no interactions.
1556.1s 131 [I 2023-12-04 19:13:31,489] Trial 29 finished with value: 0.07798336919900253 and parameters: {'weight': 0.2804622651476439}. Best is trial 5 with value: 0.07841612197576858.
1556.3s 132 ScoresHybridRecommender: URM Detected 348 ( 2.8%) users with no interactions.
1556.3s 133 ScoresHybridRecommender: URM Detected 188 ( 0.8%) items with no interactions.
1592.8s 134 [I 2023-12-04 19:14:08,247] Trial 30 finished with value: 0.07706191383251086 and parameters: {'weight': 0.1872815140371663}. Best is trial 5 with value: 0.07841612197576858.
1593.0s 135 ScoresHybridRecommender: URM Detected 348 ( 2.8%) users with no interactions.
1593.0s 136 ScoresHybridRecommender: URM Detected 188 ( 0.8%) items with no interactions.
1629.4s 137 [I 2023-12-04 19:14:44,813] Trial 31 finished with value: 0.07838980075995611 and parameters: {'weight': 0.4768759722449128}. Best is trial 5 with value: 0.07841612197576858.
1629.6s 138 ScoresHybridRecommender: URM Detected 348 ( 2.8%) users with no interactions.
1629.6s 139 ScoresHybridRecommender: URM Detected 188 ( 0.8%) items with no interactions.
1665.7s 140 [I 2023-12-04 19:15:21,059] Trial 32 finished with value: 0.07838020796480868 and parameters: {'weight': 0.46613045238450845}. Best is trial 5 with value: 0.07841612197576858.
1665.9s 141 ScoresHybridRecommender: URM Detected 348 ( 2.8%) users with no interactions.
1665.9s 142 ScoresHybridRecommender: URM Detected 188 ( 0.8%) items with no interactions.
1701.5s 143 [I 2023-12-04 19:15:56,914] Trial 33 finished with value: 0.07817436972324644 and parameters: {'weight': 0.5586996791845555}. Best is trial 5 with value: 0.07841612197576858.
1701.7s 144 ScoresHybridRecommender: URM Detected 348 ( 2.8%) users with no interactions.
1701.7s 145 ScoresHybridRecommender: URM Detected 188 ( 0.8%) items with no interactions.
1737.4s 146 [I 2023-12-04 19:16:32,853] Trial 34 finished with value: 0.07832496004421016 and parameters: {'weight': 0.5011892244446404}. Best is trial 5 with value: 0.07841612197576858.
1737.6s 147 ScoresHybridRecommender: URM Detected 348 ( 2.8%) users with no interactions.
1737.6s 148 ScoresHybridRecommender: URM Detected 188 ( 0.8%) items with no interactions.
1773.5s 149 [I 2023-12-04 19:17:08,865] Trial 35 finished with value: 0.07821511013140582 and parameters: {'weight': 0.353724958989737}. Best is trial 5 with value: 0.07841612197576858.
1773.7s 150 ScoresHybridRecommender: URM Detected 348 ( 2.8%) users with no interactions.
1773.7s 151 ScoresHybridRecommender: URM Detected 188 ( 0.8%) items with no interactions.
1809.5s 152 [I 2023-12-04 19:17:44,932] Trial 36 finished with value: 0.07824578468272815 and parameters: {'weight': 0.42848709926469264}. Best is trial 5 with value: 0.07841612197576858.
1809.7s 153 ScoresHybridRecommender: URM Detected 348 ( 2.8%) users with no interactions.
1809.7s 154 ScoresHybridRecommender: URM Detected 188 ( 0.8%) items with no interactions.
1845.4s 155 [I 2023-12-04 19:18:20,848] Trial 37 finished with value: 0.07790968922122643 and parameters: {'weight': 0.660329513813231}. Best is trial 5 with value: 0.07841612197576858.
1845.6s 156 ScoresHybridRecommender: URM Detected 348 ( 2.8%) users with no interactions.
1845.6s 157 ScoresHybridRecommender: URM Detected 188 ( 0.8%) items with no interactions.
1881.4s 158 [I 2023-12-04 19:18:56,755] Trial 38 finished with value: 0.07832159772749855 and parameters: {'weight': 0.5932062824347748}. Best is trial 5 with value: 0.07841612197576858.
1881.5s 159 ScoresHybridRecommender: URM Detected 348 ( 2.8%) users with no interactions.
1881.5s 160 ScoresHybridRecommender: URM Detected 188 ( 0.8%) items with no interactions.
1917.3s 161 [I 2023-12-04 19:19:32,693] Trial 39 finished with value: 0.07785622490723555 and parameters: {'weight': 0.6814411647333731}. Best is trial 5 with value: 0.07841612197576858.
1917.5s 162 ScoresHybridRecommender: URM Detected 348 ( 2.8%) users with no interactions.
1917.5s 163 ScoresHybridRecommender: URM Detected 188 ( 0.8%) items with no interactions.
1953.2s 164 [I 2023-12-04 19:20:08,605] Trial 40 finished with value: 0.07832869925308805 and parameters: {'weight': 0.5160290717464704}. Best is trial 5 with value: 0.07841612197576858.
1953.4s 165 ScoresHybridRecommender: URM Detected 348 ( 2.8%) users with no interactions.
1953.4s 166 ScoresHybridRecommender: URM Detected 188 ( 0.8%) items with no interactions.
1989.2s 167 [I 2023-12-04 19:20:44,607] Trial 41 finished with value: 0.07840263338185435 and parameters: {'weight': 0.4851881976446907}. Best is trial 5 with value: 0.07841612197576858.
1989.4s 168 ScoresHybridRecommender: URM Detected 348 ( 2.8%) users with no interactions.
1989.4s 169 ScoresHybridRecommender: URM Detected 188 ( 0.8%) items with no interactions.
2025.1s 170 [I 2023-12-04 19:21:20,495] Trial 42 finished with value: 0.07818269377119728 and parameters: {'weight': 0.41567438450284605}. Best is trial 5 with value: 0.07841612197576858.
2025.3s 171 ScoresHybridRecommender: URM Detected 348 ( 2.8%) users with no interactions.
2025.3s 172 ScoresHybridRecommender: URM Detected 188 ( 0.8%) items with no interactions.
2061.1s 173 [I 2023-12-04 19:21:56,477] Trial 43 finished with value: 0.07837167522211712 and parameters: {'weight': 0.4684536056297506}. Best is trial 5 with value: 0.07841612197576858.
2061.3s 174 ScoresHybridRecommender: URM Detected 348 ( 2.8%) users with no interactions.
2061.3s 175 ScoresHybridRecommender: URM Detected 188 ( 0.8%) items with no interactions.
2097.0s 176 [I 2023-12-04 19:22:32,376] Trial 44 finished with value: 0.07820845048645486 and parameters: {'weight': 0.570086175756854}. Best is trial 5 with value: 0.07841612197576858.
2097.2s 177 ScoresHybridRecommender: URM Detected 348 ( 2.8%) users with no interactions.
2097.2s 178 ScoresHybridRecommender: URM Detected 188 ( 0.8%) items with no interactions.
2132.9s 179 [I 2023-12-04 19:23:08,278] Trial 45 finished with value: 0.07830185794577756 and parameters: {'weight': 0.5264582097666355}. Best is trial 5 with value: 0.07841612197576858.
2133.1s 180 ScoresHybridRecommender: URM Detected 348 ( 2.8%) users with no interactions.
2133.1s 181 ScoresHybridRecommender: URM Detected 188 ( 0.8%) items with no interactions.
2168.7s 182 [I 2023-12-04 19:23:44,092] Trial 46 finished with value: 0.07838314461724098 and parameters: {'weight': 0.4700934559191565}. Best is trial 5 with value: 0.07841612197576858.
2168.9s 183 ScoresHybridRecommender: URM Detected 348 ( 2.8%) users with no interactions.
2168.9s 184 ScoresHybridRecommender: URM Detected 188 ( 0.8%) items with no interactions.
2204.6s 185 [I 2023-12-04 19:24:19,988] Trial 47 finished with value: 0.07824492426007466 and parameters: {'weight': 0.3878768464351444}. Best is trial 5 with value: 0.07841612197576858.
2204.8s 186 ScoresHybridRecommender: URM Detected 348 ( 2.8%) users with no interactions.
2204.8s 187 ScoresHybridRecommender: URM Detected 188 ( 0.8%) items with no interactions.
2240.3s 188 [I 2023-12-04 19:24:55,661] Trial 48 finished with value: 0.07830100026896004 and parameters: {'weight': 0.5963059185113687}. Best is trial 5 with value: 0.07841612197576858.
2240.5s 189 ScoresHybridRecommender: URM Detected 348 ( 2.8%) users with no interactions.
2240.5s 190 ScoresHybridRecommender: URM Detected 188 ( 0.8%) items with no interactions.
2276.1s 191 [I 2023-12-04 19:25:31,477] Trial 49 finished with value: 0.07820683552432714 and parameters: {'weight': 0.3542870240534238}. Best is trial 5 with value: 0.07841612197576858.
2276.3s 192 ScoresHybridRecommender: URM Detected 348 ( 2.8%) users with no interactions.
2276.3s 193 ScoresHybridRecommender: URM Detected 188 ( 0.8%) items with no interactions.
2311.8s 194 [I 2023-12-04 19:26:07,223] Trial 50 finished with value: 0.07778718742614744 and parameters: {'weight': 0.715689375167511}. Best is trial 5 with value: 0.07841612197576858.
2312.0s 195 ScoresHybridRecommender: URM Detected 348 ( 2.8%) users with no interactions.
2312.0s 196 ScoresHybridRecommender: URM Detected 188 ( 0.8%) items with no interactions.
2347.6s 197 [I 2023-12-04 19:26:42,983] Trial 51 finished with value: 0.07841694168328742 and parameters: {'weight': 0.48332197782663133}. Best is trial 51 with value: 0.07841694168328742.
2347.8s 198 ScoresHybridRecommender: URM Detected 348 ( 2.8%) users with no interactions.
2347.8s 199 ScoresHybridRecommender: URM Detected 188 ( 0.8%) items with no interactions.
2383.3s 200 [I 2023-12-04 19:27:18,666] Trial 52 finished with value: 0.07821111649709435 and parameters: {'weight': 0.4385127627972586}. Best is trial 51 with value: 0.07841694168328742.
2383.5s 201 ScoresHybridRecommender: URM Detected 348 ( 2.8%) users with no interactions.
2383.5s 202 ScoresHybridRecommender: URM Detected 188 ( 0.8%) items with no interactions.
2419.0s 203 [I 2023-12-04 19:27:54,356] Trial 53 finished with value: 0.07838634183757927 and parameters: {'weight': 0.48852086751469986}. Best is trial 51 with value: 0.07841694168328742.
2419.1s 204 ScoresHybridRecommender: URM Detected 348 ( 2.8%) users with no interactions.
2419.1s 205 ScoresHybridRecommender: URM Detected 188 ( 0.8%) items with no interactions.
2454.7s 206 [I 2023-12-04 19:28:30,086] Trial 54 finished with value: 0.07828266344256733 and parameters: {'weight': 0.5373937468896692}. Best is trial 51 with value: 0.07841694168328742.
2454.9s 207 ScoresHybridRecommender: URM Detected 348 ( 2.8%) users with no interactions.
2454.9s 208 ScoresHybridRecommender: URM Detected 188 ( 0.8%) items with no interactions.
2490.5s 209 [I 2023-12-04 19:29:05,928] Trial 55 finished with value: 0.0782397896330946 and parameters: {'weight': 0.428833873955216}. Best is trial 51 with value: 0.07841694168328742.
2490.7s 210 ScoresHybridRecommender: URM Detected 348 ( 2.8%) users with no interactions.
2490.7s 211 ScoresHybridRecommender: URM Detected 188 ( 0.8%) items with no interactions.
2526.3s 212 [I 2023-12-04 19:29:41,683] Trial 56 finished with value: 0.07840635435012354 and parameters: {'weight': 0.4816652393445779}. Best is trial 51 with value: 0.07841694168328742.
2526.5s 213 ScoresHybridRecommender: URM Detected 348 ( 2.8%) users with no interactions.
2526.5s 214 ScoresHybridRecommender: URM Detected 188 ( 0.8%) items with no interactions.
2562.0s 215 [I 2023-12-04 19:30:17,393] Trial 57 finished with value: 0.07821920189462347 and parameters: {'weight': 0.5574886892985937}. Best is trial 51 with value: 0.07841694168328742.
2562.2s 216 ScoresHybridRecommender: URM Detected 348 ( 2.8%) users with no interactions.
2562.2s 217 ScoresHybridRecommender: URM Detected 188 ( 0.8%) items with no interactions.
2597.8s 218 [I 2023-12-04 19:30:53,185] Trial 58 finished with value: 0.07824434252141374 and parameters: {'weight': 0.6096260467008702}. Best is trial 51 with value: 0.07841694168328742.
2598.0s 219 ScoresHybridRecommender: URM Detected 348 ( 2.8%) users with no interactions.
2598.0s 220 ScoresHybridRecommender: URM Detected 188 ( 0.8%) items with no interactions.
