2633.5s 221 [I 2023-12-04 19:31:28,907] Trial 59 finished with value: 0.07831153009755858 and parameters: {'weight': 0.5217638731595929}. Best is trial 51 with value: 0.07841694168328742.
2633.7s 222 ScoresHybridRecommender: URM Detected 348 ( 2.8%) users with no interactions.
2633.7s 223 ScoresHybridRecommender: URM Detected 188 ( 0.8%) items with no interactions.
2669.2s 224 [I 2023-12-04 19:32:04,637] Trial 60 finished with value: 0.0783687009744839 and parameters: {'weight': 0.4916882501848795}. Best is trial 51 with value: 0.07841694168328742.
2669.4s 225 ScoresHybridRecommender: URM Detected 348 ( 2.8%) users with no interactions.
2669.4s 226 ScoresHybridRecommender: URM Detected 188 ( 0.8%) items with no interactions.
2704.9s 227 [I 2023-12-04 19:32:40,297] Trial 61 finished with value: 0.07835802941781338 and parameters: {'weight': 0.4624951103741366}. Best is trial 51 with value: 0.07841694168328742.
2705.1s 228 ScoresHybridRecommender: URM Detected 348 ( 2.8%) users with no interactions.
2705.1s 229 ScoresHybridRecommender: URM Detected 188 ( 0.8%) items with no interactions.
2740.7s 230 [I 2023-12-04 19:33:16,120] Trial 62 finished with value: 0.07816769834267812 and parameters: {'weight': 0.41875929118267735}. Best is trial 51 with value: 0.07841694168328742.
2740.9s 231 ScoresHybridRecommender: URM Detected 348 ( 2.8%) users with no interactions.
2740.9s 232 ScoresHybridRecommender: URM Detected 188 ( 0.8%) items with no interactions.
2776.5s 233 [I 2023-12-04 19:33:51,864] Trial 63 finished with value: 0.07827620620821385 and parameters: {'weight': 0.5407224488422877}. Best is trial 51 with value: 0.07841694168328742.
2776.7s 234 ScoresHybridRecommender: URM Detected 348 ( 2.8%) users with no interactions.
2776.7s 235 ScoresHybridRecommender: URM Detected 188 ( 0.8%) items with no interactions.
2812.3s 236 [I 2023-12-04 19:34:27,656] Trial 64 finished with value: 0.0783459163630695 and parameters: {'weight': 0.49515257067073937}. Best is trial 51 with value: 0.07841694168328742.
2812.4s 237 ScoresHybridRecommender: URM Detected 348 ( 2.8%) users with no interactions.
2812.4s 238 ScoresHybridRecommender: URM Detected 188 ( 0.8%) items with no interactions.
2848.0s 239 [I 2023-12-04 19:35:03,409] Trial 65 finished with value: 0.07818126487546884 and parameters: {'weight': 0.565210909126149}. Best is trial 51 with value: 0.07841694168328742.
2848.2s 240 ScoresHybridRecommender: URM Detected 348 ( 2.8%) users with no interactions.
2848.2s 241 ScoresHybridRecommender: URM Detected 188 ( 0.8%) items with no interactions.
2883.9s 242 [I 2023-12-04 19:35:39,331] Trial 66 finished with value: 0.07829788142158707 and parameters: {'weight': 0.4521975433560841}. Best is trial 51 with value: 0.07841694168328742.
2884.1s 243 ScoresHybridRecommender: URM Detected 348 ( 2.8%) users with no interactions.
2884.1s 244 ScoresHybridRecommender: URM Detected 188 ( 0.8%) items with no interactions.
2919.8s 245 [I 2023-12-04 19:36:15,211] Trial 67 finished with value: 0.07817553407727079 and parameters: {'weight': 0.4012986310168122}. Best is trial 51 with value: 0.07841694168328742.
2920.0s 246 ScoresHybridRecommender: URM Detected 348 ( 2.8%) users with no interactions.
2920.0s 247 ScoresHybridRecommender: URM Detected 188 ( 0.8%) items with no interactions.
2955.8s 248 [I 2023-12-04 19:36:51,174] Trial 68 finished with value: 0.07826650509686989 and parameters: {'weight': 0.37330683804723586}. Best is trial 51 with value: 0.07841694168328742.
2956.0s 249 ScoresHybridRecommender: URM Detected 348 ( 2.8%) users with no interactions.
2956.0s 250 ScoresHybridRecommender: URM Detected 188 ( 0.8%) items with no interactions.
2991.5s 251 [I 2023-12-04 19:37:26,930] Trial 69 finished with value: 0.07841270309529974 and parameters: {'weight': 0.48426868043032695}. Best is trial 51 with value: 0.07841694168328742.
2991.7s 252 ScoresHybridRecommender: URM Detected 348 ( 2.8%) users with no interactions.
2991.7s 253 ScoresHybridRecommender: URM Detected 188 ( 0.8%) items with no interactions.
3027.2s 254 [I 2023-12-04 19:38:02,629] Trial 70 finished with value: 0.07833324459988857 and parameters: {'weight': 0.509860187684883}. Best is trial 51 with value: 0.07841694168328742.
3027.4s 255 ScoresHybridRecommender: URM Detected 348 ( 2.8%) users with no interactions.
3027.4s 256 ScoresHybridRecommender: URM Detected 188 ( 0.8%) items with no interactions.
3062.9s 257 [I 2023-12-04 19:38:38,331] Trial 71 finished with value: 0.07827511088282248 and parameters: {'weight': 0.44512659128322457}. Best is trial 51 with value: 0.07841694168328742.
3063.1s 258 ScoresHybridRecommender: URM Detected 348 ( 2.8%) users with no interactions.
3063.1s 259 ScoresHybridRecommender: URM Detected 188 ( 0.8%) items with no interactions.
3098.6s 260 [I 2023-12-04 19:39:13,989] Trial 72 finished with value: 0.07839648369286586 and parameters: {'weight': 0.48033043112971446}. Best is trial 51 with value: 0.07841694168328742.
3098.8s 261 ScoresHybridRecommender: URM Detected 348 ( 2.8%) users with no interactions.
3098.8s 262 ScoresHybridRecommender: URM Detected 188 ( 0.8%) items with no interactions.
3134.4s 263 [I 2023-12-04 19:39:49,766] Trial 73 finished with value: 0.07840807072033987 and parameters: {'weight': 0.4846070388011098}. Best is trial 51 with value: 0.07841694168328742.
3134.6s 264 ScoresHybridRecommender: URM Detected 348 ( 2.8%) users with no interactions.
3134.6s 265 ScoresHybridRecommender: URM Detected 188 ( 0.8%) items with no interactions.
3170.0s 266 [I 2023-12-04 19:40:25,431] Trial 74 finished with value: 0.07824514992752792 and parameters: {'weight': 0.5879105927207774}. Best is trial 51 with value: 0.07841694168328742.
3170.2s 267 ScoresHybridRecommender: URM Detected 348 ( 2.8%) users with no interactions.
3170.2s 268 ScoresHybridRecommender: URM Detected 188 ( 0.8%) items with no interactions.
3205.6s 269 [I 2023-12-04 19:41:00,970] Trial 75 finished with value: 0.07825407582805681 and parameters: {'weight': 0.5318027911797517}. Best is trial 51 with value: 0.07841694168328742.
3205.8s 270 ScoresHybridRecommender: URM Detected 348 ( 2.8%) users with no interactions.
3205.8s 271 ScoresHybridRecommender: URM Detected 188 ( 0.8%) items with no interactions.
3241.2s 272 [I 2023-12-04 19:41:36,569] Trial 76 finished with value: 0.07819490434802061 and parameters: {'weight': 0.40881758941838}. Best is trial 51 with value: 0.07841694168328742.
3241.4s 273 ScoresHybridRecommender: URM Detected 348 ( 2.8%) users with no interactions.
3241.4s 274 ScoresHybridRecommender: URM Detected 188 ( 0.8%) items with no interactions.
3276.9s 275 [I 2023-12-04 19:42:12,324] Trial 77 finished with value: 0.07833126474513007 and parameters: {'weight': 0.5019907265999667}. Best is trial 51 with value: 0.07841694168328742.
3277.1s 276 ScoresHybridRecommender: URM Detected 348 ( 2.8%) users with no interactions.
3277.1s 277 ScoresHybridRecommender: URM Detected 188 ( 0.8%) items with no interactions.
3312.8s 278 [I 2023-12-04 19:42:48,203] Trial 78 finished with value: 0.0782891536180386 and parameters: {'weight': 0.4529083544405372}. Best is trial 51 with value: 0.07841694168328742.
3313.0s 279 ScoresHybridRecommender: URM Detected 348 ( 2.8%) users with no interactions.
3313.0s 280 ScoresHybridRecommender: URM Detected 188 ( 0.8%) items with no interactions.
3348.8s 281 [I 2023-12-04 19:43:24,198] Trial 79 finished with value: 0.0782032887509675 and parameters: {'weight': 0.5517139252890992}. Best is trial 51 with value: 0.07841694168328742.
3349.0s 282 ScoresHybridRecommender: URM Detected 348 ( 2.8%) users with no interactions.
3349.0s 283 ScoresHybridRecommender: URM Detected 188 ( 0.8%) items with no interactions.
3384.6s 284 [I 2023-12-04 19:43:59,970] Trial 80 finished with value: 0.07840111652297024 and parameters: {'weight': 0.47921197448211883}. Best is trial 51 with value: 0.07841694168328742.
3384.8s 285 ScoresHybridRecommender: URM Detected 348 ( 2.8%) users with no interactions.
3384.8s 286 ScoresHybridRecommender: URM Detected 188 ( 0.8%) items with no interactions.
3420.3s 287 [I 2023-12-04 19:44:35,704] Trial 81 finished with value: 0.07840474866809115 and parameters: {'weight': 0.4786698681272521}. Best is trial 51 with value: 0.07841694168328742.
3420.5s 288 ScoresHybridRecommender: URM Detected 348 ( 2.8%) users with no interactions.
3420.5s 289 ScoresHybridRecommender: URM Detected 188 ( 0.8%) items with no interactions.
3456.1s 290 [I 2023-12-04 19:45:11,522] Trial 82 finished with value: 0.0782500976219225 and parameters: {'weight': 0.4323403367413833}. Best is trial 51 with value: 0.07841694168328742.
3456.3s 291 ScoresHybridRecommender: URM Detected 348 ( 2.8%) users with no interactions.
3456.3s 292 ScoresHybridRecommender: URM Detected 188 ( 0.8%) items with no interactions.
3491.9s 293 [I 2023-12-04 19:45:47,308] Trial 83 finished with value: 0.07828219321656184 and parameters: {'weight': 0.5286443736616931}. Best is trial 51 with value: 0.07841694168328742.
3492.1s 294 ScoresHybridRecommender: URM Detected 348 ( 2.8%) users with no interactions.
3492.1s 295 ScoresHybridRecommender: URM Detected 188 ( 0.8%) items with no interactions.
3527.8s 296 [I 2023-12-04 19:46:23,212] Trial 84 finished with value: 0.07823153079001759 and parameters: {'weight': 0.5743494045534973}. Best is trial 51 with value: 0.07841694168328742.
3528.0s 297 ScoresHybridRecommender: URM Detected 348 ( 2.8%) users with no interactions.
3528.0s 298 ScoresHybridRecommender: URM Detected 188 ( 0.8%) items with no interactions.
3563.7s 299 [I 2023-12-04 19:46:59,068] Trial 85 finished with value: 0.07838880126433057 and parameters: {'weight': 0.4779049717913602}. Best is trial 51 with value: 0.07841694168328742.
3563.9s 300 ScoresHybridRecommender: URM Detected 348 ( 2.8%) users with no interactions.
3563.9s 301 ScoresHybridRecommender: URM Detected 188 ( 0.8%) items with no interactions.
3599.5s 302 [I 2023-12-04 19:47:34,851] Trial 86 finished with value: 0.07826877911345868 and parameters: {'weight': 0.44711984895100143}. Best is trial 51 with value: 0.07841694168328742.
3599.6s 303 ScoresHybridRecommender: URM Detected 348 ( 2.8%) users with no interactions.
3599.6s 304 ScoresHybridRecommender: URM Detected 188 ( 0.8%) items with no interactions.
3635.2s 305 [I 2023-12-04 19:48:10,575] Trial 87 finished with value: 0.07830829070625361 and parameters: {'weight': 0.5052595793860226}. Best is trial 51 with value: 0.07841694168328742.
3635.4s 306 ScoresHybridRecommender: URM Detected 348 ( 2.8%) users with no interactions.
3635.4s 307 ScoresHybridRecommender: URM Detected 188 ( 0.8%) items with no interactions.
3671.0s 308 [I 2023-12-04 19:48:46,351] Trial 88 finished with value: 0.07824692122319028 and parameters: {'weight': 0.3881775706446944}. Best is trial 51 with value: 0.07841694168328742.
3671.1s 309 ScoresHybridRecommender: URM Detected 348 ( 2.8%) users with no interactions.
3671.1s 310 ScoresHybridRecommender: URM Detected 188 ( 0.8%) items with no interactions.
3706.8s 311 [I 2023-12-04 19:49:22,187] Trial 89 finished with value: 0.07817424040454675 and parameters: {'weight': 0.41819737087609715}. Best is trial 51 with value: 0.07841694168328742.
3707.0s 312 ScoresHybridRecommender: URM Detected 348 ( 2.8%) users with no interactions.
3707.0s 313 ScoresHybridRecommender: URM Detected 188 ( 0.8%) items with no interactions.
3742.6s 314 [I 2023-12-04 19:49:57,952] Trial 90 finished with value: 0.07840370141713614 and parameters: {'weight': 0.47870331012626055}. Best is trial 51 with value: 0.07841694168328742.
3742.7s 315 ScoresHybridRecommender: URM Detected 348 ( 2.8%) users with no interactions.
3742.7s 316 ScoresHybridRecommender: URM Detected 188 ( 0.8%) items with no interactions.
3778.3s 317 [I 2023-12-04 19:50:33,742] Trial 91 finished with value: 0.07839060414340751 and parameters: {'weight': 0.4767421462947157}. Best is trial 51 with value: 0.07841694168328742.
3778.5s 318 ScoresHybridRecommender: URM Detected 348 ( 2.8%) users with no interactions.
3778.5s 319 ScoresHybridRecommender: URM Detected 188 ( 0.8%) items with no interactions.
3814.1s 320 [I 2023-12-04 19:51:09,461] Trial 92 finished with value: 0.07830496327465482 and parameters: {'weight': 0.5181298662174605}. Best is trial 51 with value: 0.07841694168328742.
3814.3s 321 ScoresHybridRecommender: URM Detected 348 ( 2.8%) users with no interactions.
3814.3s 322 ScoresHybridRecommender: URM Detected 188 ( 0.8%) items with no interactions.
3849.8s 323 [I 2023-12-04 19:51:45,196] Trial 93 finished with value: 0.07821967993882617 and parameters: {'weight': 0.5456445120937087}. Best is trial 51 with value: 0.07841694168328742.
3850.0s 324 ScoresHybridRecommender: URM Detected 348 ( 2.8%) users with no interactions.
3850.0s 325 ScoresHybridRecommender: URM Detected 188 ( 0.8%) items with no interactions.
3885.5s 326 [I 2023-12-04 19:52:20,894] Trial 94 finished with value: 0.07830835361966798 and parameters: {'weight': 0.45908505408041606}. Best is trial 51 with value: 0.07841694168328742.
3885.7s 327 ScoresHybridRecommender: URM Detected 348 ( 2.8%) users with no interactions.
3885.7s 328 ScoresHybridRecommender: URM Detected 188 ( 0.8%) items with no interactions.
3921.2s 329 [I 2023-12-04 19:52:56,633] Trial 95 finished with value: 0.07831895527960478 and parameters: {'weight': 0.5030326361415308}. Best is trial 51 with value: 0.07841694168328742.
3921.4s 330 ScoresHybridRecommender: URM Detected 348 ( 2.8%) users with no interactions.
3921.4s 331 ScoresHybridRecommender: URM Detected 188 ( 0.8%) items with no interactions.
3957.0s 332 [I 2023-12-04 19:53:32,391] Trial 96 finished with value: 0.07841855067628427 and parameters: {'weight': 0.48297880759531375}. Best is trial 96 with value: 0.07841855067628427.
3957.2s 333 ScoresHybridRecommender: URM Detected 348 ( 2.8%) users with no interactions.
3957.2s 334 ScoresHybridRecommender: URM Detected 188 ( 0.8%) items with no interactions.
3992.7s 335 [I 2023-12-04 19:54:08,126] Trial 97 finished with value: 0.07824731327835897 and parameters: {'weight': 0.4312675346568759}. Best is trial 96 with value: 0.07841855067628427.
3992.9s 336 ScoresHybridRecommender: URM Detected 348 ( 2.8%) users with no interactions.
3992.9s 337 ScoresHybridRecommender: URM Detected 188 ( 0.8%) items with no interactions.
4028.5s 338 [I 2023-12-04 19:54:43,911] Trial 98 finished with value: 0.07818321317192525 and parameters: {'weight': 0.5650643239579372}. Best is trial 96 with value: 0.07841855067628427.
4028.7s 339 ScoresHybridRecommender: URM Detected 348 ( 2.8%) users with no interactions.
4028.7s 340 ScoresHybridRecommender: URM Detected 188 ( 0.8%) items with no interactions.
4064.3s 341 [I 2023-12-04 19:55:19,623] Trial 99 finished with value: 0.07827635936168581 and parameters: {'weight': 0.5394925259468943}. Best is trial 96 with value: 0.07841855067628427.
4064.4s 342 ScoresHybridRecommender: URM Detected 348 ( 2.8%) users with no interactions.
4064.4s 343 ScoresHybridRecommender: URM Detected 188 ( 0.8%) items with no interactions.
4099.9s 344 [I 2023-12-04 19:55:55,333] Trial 100 finished with value: 0.07817726242247816 and parameters: {'weight': 0.40394194717455584}. Best is trial 96 with value: 0.07841855067628427.
4100.1s 345 ScoresHybridRecommender: URM Detected 348 ( 2.8%) users with no interactions.
4100.1s 346 ScoresHybridRecommender: URM Detected 188 ( 0.8%) items with no interactions.
4135.6s 347 [I 2023-12-04 19:56:31,031] Trial 101 finished with value: 0.07838709990606074 and parameters: {'weight': 0.4774676522341107}. Best is trial 96 with value: 0.07841855067628427.
4135.8s 348 ScoresHybridRecommender: URM Detected 348 ( 2.8%) users with no interactions.
4135.8s 349 ScoresHybridRecommender: URM Detected 188 ( 0.8%) items with no interactions.
4171.4s 350 [I 2023-12-04 19:57:06,822] Trial 102 finished with value: 0.07827310330646257 and parameters: {'weight': 0.4537033608352984}. Best is trial 96 with value: 0.07841855067628427.
4171.6s 351 ScoresHybridRecommender: URM Detected 348 ( 2.8%) users with no interactions.
4171.6s 352 ScoresHybridRecommender: URM Detected 188 ( 0.8%) items with no interactions.
4207.1s 353 [I 2023-12-04 19:57:42,463] Trial 103 finished with value: 0.0783900343904859 and parameters: {'weight': 0.4863517515247213}. Best is trial 96 with value: 0.07841855067628427.
4207.3s 354 ScoresHybridRecommender: URM Detected 348 ( 2.8%) users with no interactions.
4207.3s 355 ScoresHybridRecommender: URM Detected 188 ( 0.8%) items with no interactions.
4242.8s 356 [I 2023-12-04 19:58:18,154] Trial 104 finished with value: 0.07831133826779056 and parameters: {'weight': 0.5066856877982372}. Best is trial 96 with value: 0.07841855067628427.
4242.9s 357 ScoresHybridRecommender: URM Detected 348 ( 2.8%) users with no interactions.
4242.9s 358 ScoresHybridRecommender: URM Detected 188 ( 0.8%) items with no interactions.
4278.4s 359 [I 2023-12-04 19:58:53,771] Trial 105 finished with value: 0.07828863934681098 and parameters: {'weight': 0.5226325867160163}. Best is trial 96 with value: 0.07841855067628427.
4278.6s 360 ScoresHybridRecommender: URM Detected 348 ( 2.8%) users with no interactions.
4278.6s 361 ScoresHybridRecommender: URM Detected 188 ( 0.8%) items with no interactions.
4314.1s 362 [I 2023-12-04 19:59:29,452] Trial 106 finished with value: 0.07826417803822353 and parameters: {'weight': 0.4329998787395487}. Best is trial 96 with value: 0.07841855067628427.
4314.2s 363 ScoresHybridRecommender: URM Detected 348 ( 2.8%) users with no interactions.
4314.2s 364 ScoresHybridRecommender: URM Detected 188 ( 0.8%) items with no interactions.
4349.7s 365 [I 2023-12-04 20:00:05,102] Trial 107 finished with value: 0.07837558957995475 and parameters: {'weight': 0.46484154014092993}. Best is trial 96 with value: 0.07841855067628427.
4349.9s 366 ScoresHybridRecommender: URM Detected 348 ( 2.8%) users with no interactions.
4349.9s 367 ScoresHybridRecommender: URM Detected 188 ( 0.8%) items with no interactions.
4385.4s 368 [I 2023-12-04 20:00:40,799] Trial 108 finished with value: 0.07838069960949155 and parameters: {'weight': 0.48576718863678814}. Best is trial 96 with value: 0.07841855067628427.
4385.6s 369 ScoresHybridRecommender: URM Detected 348 ( 2.8%) users with no interactions.
4385.6s 370 ScoresHybridRecommender: URM Detected 188 ( 0.8%) items with no interactions.
4421.0s 371 [I 2023-12-04 20:01:16,440] Trial 109 finished with value: 0.07819815640966843 and parameters: {'weight': 0.4082575947526712}. Best is trial 96 with value: 0.07841855067628427.
4421.2s 372 ScoresHybridRecommender: URM Detected 348 ( 2.8%) users with no interactions.
4421.2s 373 ScoresHybridRecommender: URM Detected 188 ( 0.8%) items with no interactions.
4456.8s 374 [I 2023-12-04 20:01:52,159] Trial 110 finished with value: 0.0783461370225174 and parameters: {'weight': 0.49526083417891703}. Best is trial 96 with value: 0.07841855067628427.
4457.0s 375 ScoresHybridRecommender: URM Detected 348 ( 2.8%) users with no interactions.
4457.0s 376 ScoresHybridRecommender: URM Detected 188 ( 0.8%) items with no interactions.
4492.5s 377 [I 2023-12-04 20:02:27,856] Trial 111 finished with value: 0.07835520567129377 and parameters: {'weight': 0.4622718223312429}. Best is trial 96 with value: 0.07841855067628427.
4492.6s 378 ScoresHybridRecommender: URM Detected 348 ( 2.8%) users with no interactions.
4492.6s 379 ScoresHybridRecommender: URM Detected 188 ( 0.8%) items with no interactions.
4528.1s 380 [I 2023-12-04 20:03:03,471] Trial 112 finished with value: 0.07830353841918869 and parameters: {'weight': 0.5271116791533971}. Best is trial 96 with value: 0.07841855067628427.
4528.3s 381 ScoresHybridRecommender: URM Detected 348 ( 2.8%) users with no interactions.
4528.3s 382 ScoresHybridRecommender: URM Detected 188 ( 0.8%) items with no interactions.
4563.8s 383 [I 2023-12-04 20:03:39,147] Trial 113 finished with value: 0.07838245363436448 and parameters: {'weight': 0.48718750019541374}. Best is trial 96 with value: 0.07841855067628427.
4563.9s 384 ScoresHybridRecommender: URM Detected 348 ( 2.8%) users with no interactions.
4563.9s 385 ScoresHybridRecommender: URM Detected 188 ( 0.8%) items with no interactions.
4599.5s 386 [I 2023-12-04 20:04:14,893] Trial 114 finished with value: 0.0782756759882703 and parameters: {'weight': 0.4493588609800654}. Best is trial 96 with value: 0.07841855067628427.
4599.7s 387 ScoresHybridRecommender: URM Detected 348 ( 2.8%) users with no interactions.
4599.7s 388 ScoresHybridRecommender: URM Detected 188 ( 0.8%) items with no interactions.
4635.2s 389 [I 2023-12-04 20:04:50,548] Trial 115 finished with value: 0.07820677306962476 and parameters: {'weight': 0.5490928735132528}. Best is trial 96 with value: 0.07841855067628427.
4635.3s 390 ScoresHybridRecommender: URM Detected 348 ( 2.8%) users with no interactions.
4635.3s 391 ScoresHybridRecommender: URM Detected 188 ( 0.8%) items with no interactions.
4670.9s 392 [I 2023-12-04 20:05:26,249] Trial 116 finished with value: 0.07825203210152769 and parameters: {'weight': 0.4368504386496998}. Best is trial 96 with value: 0.07841855067628427.
4671.0s 393 ScoresHybridRecommender: URM Detected 348 ( 2.8%) users with no interactions.
4671.0s 394 ScoresHybridRecommender: URM Detected 188 ( 0.8%) items with no interactions.
4706.5s 395 [I 2023-12-04 20:06:01,915] Trial 117 finished with value: 0.07834120973128898 and parameters: {'weight': 0.5132576605218294}. Best is trial 96 with value: 0.07841855067628427.
4706.7s 396 ScoresHybridRecommender: URM Detected 348 ( 2.8%) users with no interactions.
4706.7s 397 ScoresHybridRecommender: URM Detected 188 ( 0.8%) items with no interactions.
