4742.2s 398 [I 2023-12-04 20:06:37,603] Trial 118 finished with value: 0.07837650606464548 and parameters: {'weight': 0.47127159534176244}. Best is trial 96 with value: 0.07841855067628427.
4742.4s 399 ScoresHybridRecommender: URM Detected 348 ( 2.8%) users with no interactions.
4742.4s 400 ScoresHybridRecommender: URM Detected 188 ( 0.8%) items with no interactions.
4778.0s 401 [I 2023-12-04 20:07:13,346] Trial 119 finished with value: 0.07828122118229444 and parameters: {'weight': 0.37162953975228047}. Best is trial 96 with value: 0.07841855067628427.
4778.1s 402 ScoresHybridRecommender: URM Detected 348 ( 2.8%) users with no interactions.
4778.1s 403 ScoresHybridRecommender: URM Detected 188 ( 0.8%) items with no interactions.
4813.7s 404 [I 2023-12-04 20:07:49,115] Trial 120 finished with value: 0.07828756360095125 and parameters: {'weight': 0.5834664027017084}. Best is trial 96 with value: 0.07841855067628427.
4813.9s 405 ScoresHybridRecommender: URM Detected 348 ( 2.8%) users with no interactions.
4813.9s 406 ScoresHybridRecommender: URM Detected 188 ( 0.8%) items with no interactions.
4849.4s 407 [I 2023-12-04 20:08:24,827] Trial 121 finished with value: 0.0783706689526865 and parameters: {'weight': 0.49129066949023775}. Best is trial 96 with value: 0.07841855067628427.
4849.6s 408 ScoresHybridRecommender: URM Detected 348 ( 2.8%) users with no interactions.
4849.6s 409 ScoresHybridRecommender: URM Detected 188 ( 0.8%) items with no interactions.
4885.2s 410 [I 2023-12-04 20:09:00,558] Trial 122 finished with value: 0.07839366565202964 and parameters: {'weight': 0.4759658078691369}. Best is trial 96 with value: 0.07841855067628427.
4885.3s 411 ScoresHybridRecommender: URM Detected 348 ( 2.8%) users with no interactions.
4885.3s 412 ScoresHybridRecommender: URM Detected 188 ( 0.8%) items with no interactions.
4921.1s 413 [I 2023-12-04 20:09:36,511] Trial 123 finished with value: 0.07819365861608107 and parameters: {'weight': 0.41737300444514}. Best is trial 96 with value: 0.07841855067628427.
4921.3s 414 ScoresHybridRecommender: URM Detected 348 ( 2.8%) users with no interactions.
4921.3s 415 ScoresHybridRecommender: URM Detected 188 ( 0.8%) items with no interactions.
4956.9s 416 [I 2023-12-04 20:10:12,299] Trial 124 finished with value: 0.07833888687790906 and parameters: {'weight': 0.5129023016035714}. Best is trial 96 with value: 0.07841855067628427.
4957.1s 417 ScoresHybridRecommender: URM Detected 348 ( 2.8%) users with no interactions.
4957.1s 418 ScoresHybridRecommender: URM Detected 188 ( 0.8%) items with no interactions.
4992.7s 419 [I 2023-12-04 20:10:48,053] Trial 125 finished with value: 0.07837421389582623 and parameters: {'weight': 0.46869888677122146}. Best is trial 96 with value: 0.07841855067628427.
4992.8s 420 ScoresHybridRecommender: URM Detected 348 ( 2.8%) users with no interactions.
4992.8s 421 ScoresHybridRecommender: URM Detected 188 ( 0.8%) items with no interactions.
5028.5s 422 [I 2023-12-04 20:11:23,903] Trial 126 finished with value: 0.0782844827322158 and parameters: {'weight': 0.44554853563855684}. Best is trial 96 with value: 0.07841855067628427.
5028.7s 423 ScoresHybridRecommender: URM Detected 348 ( 2.8%) users with no interactions.
5028.7s 424 ScoresHybridRecommender: URM Detected 188 ( 0.8%) items with no interactions.
5064.3s 425 [I 2023-12-04 20:11:59,678] Trial 127 finished with value: 0.07827630995259278 and parameters: {'weight': 0.5395430906089422}. Best is trial 96 with value: 0.07841855067628427.
5064.5s 426 ScoresHybridRecommender: URM Detected 348 ( 2.8%) users with no interactions.
5064.5s 427 ScoresHybridRecommender: URM Detected 188 ( 0.8%) items with no interactions.
5100.0s 428 [I 2023-12-04 20:12:35,419] Trial 128 finished with value: 0.07838639325059293 and parameters: {'weight': 0.48937503450646325}. Best is trial 96 with value: 0.07841855067628427.
5100.2s 429 ScoresHybridRecommender: URM Detected 348 ( 2.8%) users with no interactions.
5100.2s 430 ScoresHybridRecommender: URM Detected 188 ( 0.8%) items with no interactions.
5135.8s 431 [I 2023-12-04 20:13:11,154] Trial 129 finished with value: 0.07830046091210077 and parameters: {'weight': 0.5237331201764894}. Best is trial 96 with value: 0.07841855067628427.
5135.9s 432 ScoresHybridRecommender: URM Detected 348 ( 2.8%) users with no interactions.
5135.9s 433 ScoresHybridRecommender: URM Detected 188 ( 0.8%) items with no interactions.
5171.5s 434 [I 2023-12-04 20:13:46,888] Trial 130 finished with value: 0.0782187388513472 and parameters: {'weight': 0.4249365532122445}. Best is trial 96 with value: 0.07841855067628427.
5171.7s 435 ScoresHybridRecommender: URM Detected 348 ( 2.8%) users with no interactions.
5171.7s 436 ScoresHybridRecommender: URM Detected 188 ( 0.8%) items with no interactions.
5207.2s 437 [I 2023-12-04 20:14:22,544] Trial 131 finished with value: 0.07836624168683726 and parameters: {'weight': 0.4668555707913449}. Best is trial 96 with value: 0.07841855067628427.
5207.3s 438 ScoresHybridRecommender: URM Detected 348 ( 2.8%) users with no interactions.
5207.3s 439 ScoresHybridRecommender: URM Detected 188 ( 0.8%) items with no interactions.
5242.8s 440 [I 2023-12-04 20:14:58,246] Trial 132 finished with value: 0.07839050794829752 and parameters: {'weight': 0.4732151023899363}. Best is trial 96 with value: 0.07841855067628427.
5243.0s 441 ScoresHybridRecommender: URM Detected 348 ( 2.8%) users with no interactions.
5243.0s 442 ScoresHybridRecommender: URM Detected 188 ( 0.8%) items with no interactions.
5278.6s 443 [I 2023-12-04 20:15:33,997] Trial 133 finished with value: 0.0783394795193849 and parameters: {'weight': 0.49655010439704467}. Best is trial 96 with value: 0.07841855067628427.
5278.8s 444 ScoresHybridRecommender: URM Detected 348 ( 2.8%) users with no interactions.
5278.8s 445 ScoresHybridRecommender: URM Detected 188 ( 0.8%) items with no interactions.
5314.3s 446 [I 2023-12-04 20:16:09,676] Trial 134 finished with value: 0.07818890286324957 and parameters: {'weight': 0.5632357522663376}. Best is trial 96 with value: 0.07841855067628427.
5314.5s 447 ScoresHybridRecommender: URM Detected 348 ( 2.8%) users with no interactions.
5314.5s 448 ScoresHybridRecommender: URM Detected 188 ( 0.8%) items with no interactions.
5349.9s 449 [I 2023-12-04 20:16:45,328] Trial 135 finished with value: 0.07830559939346181 and parameters: {'weight': 0.45154726754670527}. Best is trial 96 with value: 0.07841855067628427.
5350.1s 450 ScoresHybridRecommender: URM Detected 348 ( 2.8%) users with no interactions.
5350.1s 451 ScoresHybridRecommender: URM Detected 188 ( 0.8%) items with no interactions.
5385.3s 452 [I 2023-12-04 20:17:20,650] Trial 136 finished with value: 0.07841387093056715 and parameters: {'weight': 0.4838802247315345}. Best is trial 96 with value: 0.07841855067628427.
5385.4s 453 ScoresHybridRecommender: URM Detected 348 ( 2.8%) users with no interactions.
5385.4s 454 ScoresHybridRecommender: URM Detected 188 ( 0.8%) items with no interactions.
5420.7s 455 [I 2023-12-04 20:17:56,123] Trial 137 finished with value: 0.07831174913208241 and parameters: {'weight': 0.5066581883290981}. Best is trial 96 with value: 0.07841855067628427.
5420.9s 456 ScoresHybridRecommender: URM Detected 348 ( 2.8%) users with no interactions.
5420.9s 457 ScoresHybridRecommender: URM Detected 188 ( 0.8%) items with no interactions.
5456.2s 458 [I 2023-12-04 20:18:31,639] Trial 138 finished with value: 0.07819192511303347 and parameters: {'weight': 0.39858332896708737}. Best is trial 96 with value: 0.07841855067628427.
5456.4s 459 ScoresHybridRecommender: URM Detected 348 ( 2.8%) users with no interactions.
5456.4s 460 ScoresHybridRecommender: URM Detected 188 ( 0.8%) items with no interactions.
5491.8s 461 [I 2023-12-04 20:19:07,205] Trial 139 finished with value: 0.0782748911620285 and parameters: {'weight': 0.5348625485605557}. Best is trial 96 with value: 0.07841855067628427.
5492.0s 462 ScoresHybridRecommender: URM Detected 348 ( 2.8%) users with no interactions.
5492.0s 463 ScoresHybridRecommender: URM Detected 188 ( 0.8%) items with no interactions.
5527.6s 464 [I 2023-12-04 20:19:42,947] Trial 140 finished with value: 0.07821168220102893 and parameters: {'weight': 0.4392510580387061}. Best is trial 96 with value: 0.07841855067628427.
5527.7s 465 ScoresHybridRecommender: URM Detected 348 ( 2.8%) users with no interactions.
5527.7s 466 ScoresHybridRecommender: URM Detected 188 ( 0.8%) items with no interactions.
5563.3s 467 [I 2023-12-04 20:20:18,698] Trial 141 finished with value: 0.07841713288302352 and parameters: {'weight': 0.4824473002231963}. Best is trial 96 with value: 0.07841855067628427.
5563.5s 468 ScoresHybridRecommender: URM Detected 348 ( 2.8%) users with no interactions.
5563.5s 469 ScoresHybridRecommender: URM Detected 188 ( 0.8%) items with no interactions.
5599.0s 470 [I 2023-12-04 20:20:54,394] Trial 142 finished with value: 0.07838668763056446 and parameters: {'weight': 0.4774521436701432}. Best is trial 96 with value: 0.07841855067628427.
5599.2s 471 ScoresHybridRecommender: URM Detected 348 ( 2.8%) users with no interactions.
5599.2s 472 ScoresHybridRecommender: URM Detected 188 ( 0.8%) items with no interactions.
5634.8s 473 [I 2023-12-04 20:21:30,148] Trial 143 finished with value: 0.07830701749201477 and parameters: {'weight': 0.5039359722993508}. Best is trial 96 with value: 0.07841855067628427.
5634.9s 474 ScoresHybridRecommender: URM Detected 348 ( 2.8%) users with no interactions.
5634.9s 475 ScoresHybridRecommender: URM Detected 188 ( 0.8%) items with no interactions.
5670.5s 476 [I 2023-12-04 20:22:05,868] Trial 144 finished with value: 0.07830744060539156 and parameters: {'weight': 0.4591363690649451}. Best is trial 96 with value: 0.07841855067628427.
5670.7s 477 ScoresHybridRecommender: URM Detected 348 ( 2.8%) users with no interactions.
5670.7s 478 ScoresHybridRecommender: URM Detected 188 ( 0.8%) items with no interactions.
5706.2s 479 [I 2023-12-04 20:22:41,638] Trial 145 finished with value: 0.07838839339952176 and parameters: {'weight': 0.48671063345605325}. Best is trial 96 with value: 0.07841855067628427.
5706.4s 480 ScoresHybridRecommender: URM Detected 348 ( 2.8%) users with no interactions.
5706.4s 481 ScoresHybridRecommender: URM Detected 188 ( 0.8%) items with no interactions.
5742.0s 482 [I 2023-12-04 20:23:17,356] Trial 146 finished with value: 0.07832676724783344 and parameters: {'weight': 0.5158383978143999}. Best is trial 96 with value: 0.07841855067628427.
5742.2s 483 ScoresHybridRecommender: URM Detected 348 ( 2.8%) users with no interactions.
5742.2s 484 ScoresHybridRecommender: URM Detected 188 ( 0.8%) items with no interactions.
5777.7s 485 [I 2023-12-04 20:23:53,056] Trial 147 finished with value: 0.07821795450043854 and parameters: {'weight': 0.4227389782980488}. Best is trial 96 with value: 0.07841855067628427.
5777.8s 486 ScoresHybridRecommender: URM Detected 348 ( 2.8%) users with no interactions.
5777.8s 487 ScoresHybridRecommender: URM Detected 188 ( 0.8%) items with no interactions.
5813.3s 488 [I 2023-12-04 20:24:28,731] Trial 148 finished with value: 0.07826555305338342 and parameters: {'weight': 0.5333927336706646}. Best is trial 96 with value: 0.07841855067628427.
5813.5s 489 ScoresHybridRecommender: URM Detected 348 ( 2.8%) users with no interactions.
5813.5s 490 ScoresHybridRecommender: URM Detected 188 ( 0.8%) items with no interactions.
5849.0s 491 [I 2023-12-04 20:25:04,388] Trial 149 finished with value: 0.07823258261448945 and parameters: {'weight': 0.4420574894419655}. Best is trial 96 with value: 0.07841855067628427.
5849.2s 492 ScoresHybridRecommender: URM Detected 348 ( 2.8%) users with no interactions.
5849.2s 493 ScoresHybridRecommender: URM Detected 188 ( 0.8%) items with no interactions.
5884.7s 494 [I 2023-12-04 20:25:40,136] Trial 150 finished with value: 0.07820392871799232 and parameters: {'weight': 0.5518294398242849}. Best is trial 96 with value: 0.07841855067628427.
5884.9s 495 ScoresHybridRecommender: URM Detected 348 ( 2.8%) users with no interactions.
5884.9s 496 ScoresHybridRecommender: URM Detected 188 ( 0.8%) items with no interactions.
5920.4s 497 [I 2023-12-04 20:26:15,783] Trial 151 finished with value: 0.07839132895277212 and parameters: {'weight': 0.4731463921060998}. Best is trial 96 with value: 0.07841855067628427.
5920.6s 498 ScoresHybridRecommender: URM Detected 348 ( 2.8%) users with no interactions.
5920.6s 499 ScoresHybridRecommender: URM Detected 188 ( 0.8%) items with no interactions.
5956.1s 500 [I 2023-12-04 20:26:51,449] Trial 152 finished with value: 0.0784029324603014 and parameters: {'weight': 0.4851343777603381}. Best is trial 96 with value: 0.07841855067628427.
5956.2s 501 ScoresHybridRecommender: URM Detected 348 ( 2.8%) users with no interactions.
5956.2s 502 ScoresHybridRecommender: URM Detected 188 ( 0.8%) items with no interactions.
5991.7s 503 [I 2023-12-04 20:27:27,123] Trial 153 finished with value: 0.0783655083111552 and parameters: {'weight': 0.49301220097304543}. Best is trial 96 with value: 0.07841855067628427.
5991.9s 504 ScoresHybridRecommender: URM Detected 348 ( 2.8%) users with no interactions.
5991.9s 505 ScoresHybridRecommender: URM Detected 188 ( 0.8%) items with no interactions.
6027.4s 506 [I 2023-12-04 20:28:02,818] Trial 154 finished with value: 0.07834984781720558 and parameters: {'weight': 0.5113952528828766}. Best is trial 96 with value: 0.07841855067628427.
6027.6s 507 ScoresHybridRecommender: URM Detected 348 ( 2.8%) users with no interactions.
6027.6s 508 ScoresHybridRecommender: URM Detected 188 ( 0.8%) items with no interactions.
6063.1s 509 [I 2023-12-04 20:28:38,445] Trial 155 finished with value: 0.07836214482645125 and parameters: {'weight': 0.461558587585922}. Best is trial 96 with value: 0.07841855067628427.
6063.2s 510 ScoresHybridRecommender: URM Detected 348 ( 2.8%) users with no interactions.
6063.2s 511 ScoresHybridRecommender: URM Detected 188 ( 0.8%) items with no interactions.
6098.7s 512 [I 2023-12-04 20:29:14,061] Trial 156 finished with value: 0.0784123086847205 and parameters: {'weight': 0.48394534470167455}. Best is trial 96 with value: 0.07841855067628427.
6098.9s 513 ScoresHybridRecommender: URM Detected 348 ( 2.8%) users with no interactions.
6098.9s 514 ScoresHybridRecommender: URM Detected 188 ( 0.8%) items with no interactions.
6134.3s 515 [I 2023-12-04 20:29:49,707] Trial 157 finished with value: 0.07826485973370928 and parameters: {'weight': 0.4470006002985124}. Best is trial 96 with value: 0.07841855067628427.
6134.5s 516 ScoresHybridRecommender: URM Detected 348 ( 2.8%) users with no interactions.
6134.5s 517 ScoresHybridRecommender: URM Detected 188 ( 0.8%) items with no interactions.
6170.0s 518 [I 2023-12-04 20:30:25,363] Trial 158 finished with value: 0.07831980298975319 and parameters: {'weight': 0.49920840141523254}. Best is trial 96 with value: 0.07841855067628427.
6170.2s 519 ScoresHybridRecommender: URM Detected 348 ( 2.8%) users with no interactions.
6170.2s 520 ScoresHybridRecommender: URM Detected 188 ( 0.8%) items with no interactions.
6205.7s 521 [I 2023-12-04 20:31:01,114] Trial 159 finished with value: 0.0783059681208437 and parameters: {'weight': 0.5257527710600565}. Best is trial 96 with value: 0.07841855067628427.
6205.9s 522 ScoresHybridRecommender: URM Detected 348 ( 2.8%) users with no interactions.
6205.9s 523 ScoresHybridRecommender: URM Detected 188 ( 0.8%) items with no interactions.
6241.5s 524 [I 2023-12-04 20:31:36,874] Trial 160 finished with value: 0.07821440863374615 and parameters: {'weight': 0.42428090828178344}. Best is trial 96 with value: 0.07841855067628427.
6241.7s 525 ScoresHybridRecommender: URM Detected 348 ( 2.8%) users with no interactions.
6241.7s 526 ScoresHybridRecommender: URM Detected 188 ( 0.8%) items with no interactions.
6277.2s 527 [I 2023-12-04 20:32:12,576] Trial 161 finished with value: 0.07839055357543356 and parameters: {'weight': 0.4794466332283426}. Best is trial 96 with value: 0.07841855067628427.
6277.4s 528 ScoresHybridRecommender: URM Detected 348 ( 2.8%) users with no interactions.
6277.4s 529 ScoresHybridRecommender: URM Detected 188 ( 0.8%) items with no interactions.
6312.9s 530 [I 2023-12-04 20:32:48,265] Trial 162 finished with value: 0.07841664259753305 and parameters: {'weight': 0.4831588513701627}. Best is trial 96 with value: 0.07841855067628427.
6313.1s 531 ScoresHybridRecommender: URM Detected 348 ( 2.8%) users with no interactions.
6313.1s 532 ScoresHybridRecommender: URM Detected 188 ( 0.8%) items with no interactions.
6348.6s 533 [I 2023-12-04 20:33:23,991] Trial 163 finished with value: 0.0782571731893308 and parameters: {'weight': 0.4552002490696982}. Best is trial 96 with value: 0.07841855067628427.
6348.8s 534 ScoresHybridRecommender: URM Detected 348 ( 2.8%) users with no interactions.
6348.8s 535 ScoresHybridRecommender: URM Detected 188 ( 0.8%) items with no interactions.
6384.2s 536 [I 2023-12-04 20:33:59,558] Trial 164 finished with value: 0.07835014276510384 and parameters: {'weight': 0.4945886796669603}. Best is trial 96 with value: 0.07841855067628427.
6384.3s 537 ScoresHybridRecommender: URM Detected 348 ( 2.8%) users with no interactions.
6384.3s 538 ScoresHybridRecommender: URM Detected 188 ( 0.8%) items with no interactions.
6419.8s 539 [I 2023-12-04 20:34:35,236] Trial 165 finished with value: 0.07833416055735479 and parameters: {'weight': 0.5140749829416804}. Best is trial 96 with value: 0.07841855067628427.
6420.0s 540 ScoresHybridRecommender: URM Detected 348 ( 2.8%) users with no interactions.
6420.0s 541 ScoresHybridRecommender: URM Detected 188 ( 0.8%) items with no interactions.
6455.6s 542 [I 2023-12-04 20:35:10,983] Trial 166 finished with value: 0.0784175659340514 and parameters: {'weight': 0.4824951653811031}. Best is trial 96 with value: 0.07841855067628427.
6455.8s 543 ScoresHybridRecommender: URM Detected 348 ( 2.8%) users with no interactions.
6455.8s 544 ScoresHybridRecommender: URM Detected 188 ( 0.8%) items with no interactions.
6491.1s 545 [I 2023-12-04 20:35:46,455] Trial 167 finished with value: 0.07822491818498978 and parameters: {'weight': 0.5463913397303441}. Best is trial 96 with value: 0.07841855067628427.
6491.2s 546 ScoresHybridRecommender: URM Detected 348 ( 2.8%) users with no interactions.
6491.2s 547 ScoresHybridRecommender: URM Detected 188 ( 0.8%) items with no interactions.
6526.8s 548 [I 2023-12-04 20:36:22,203] Trial 168 finished with value: 0.07824312376137897 and parameters: {'weight': 0.4582317890690512}. Best is trial 96 with value: 0.07841855067628427.
6527.0s 549 ScoresHybridRecommender: URM Detected 348 ( 2.8%) users with no interactions.
6527.0s 550 ScoresHybridRecommender: URM Detected 188 ( 0.8%) items with no interactions.
6562.6s 551 [I 2023-12-04 20:36:57,987] Trial 169 finished with value: 0.07838818083843684 and parameters: {'weight': 0.4868077037993205}. Best is trial 96 with value: 0.07841855067628427.
6562.8s 552 ScoresHybridRecommender: URM Detected 348 ( 2.8%) users with no interactions.
6562.8s 553 ScoresHybridRecommender: URM Detected 188 ( 0.8%) items with no interactions.
6598.3s 554 [I 2023-12-04 20:37:33,732] Trial 170 finished with value: 0.07822667234787697 and parameters: {'weight': 0.43782575785301064}. Best is trial 96 with value: 0.07841855067628427.
6598.5s 555 ScoresHybridRecommender: URM Detected 348 ( 2.8%) users with no interactions.
6598.5s 556 ScoresHybridRecommender: URM Detected 188 ( 0.8%) items with no interactions.
6634.2s 557 [I 2023-12-04 20:38:09,582] Trial 171 finished with value: 0.07838851932616041 and parameters: {'weight': 0.48065844914941575}. Best is trial 96 with value: 0.07841855067628427.
6634.4s 558 ScoresHybridRecommender: URM Detected 348 ( 2.8%) users with no interactions.
6634.4s 559 ScoresHybridRecommender: URM Detected 188 ( 0.8%) items with no interactions.
6669.8s 560 [I 2023-12-04 20:38:45,174] Trial 172 finished with value: 0.07831276950922376 and parameters: {'weight': 0.5070737596078716}. Best is trial 96 with value: 0.07841855067628427.
6670.0s 561 ScoresHybridRecommender: URM Detected 348 ( 2.8%) users with no interactions.
6670.0s 562 ScoresHybridRecommender: URM Detected 188 ( 0.8%) items with no interactions.
6705.5s 563 [I 2023-12-04 20:39:20,911] Trial 173 finished with value: 0.07836662573832807 and parameters: {'weight': 0.46386656153109684}. Best is trial 96 with value: 0.07841855067628427.
6705.7s 564 ScoresHybridRecommender: URM Detected 348 ( 2.8%) users with no interactions.
6705.7s 565 ScoresHybridRecommender: URM Detected 188 ( 0.8%) items with no interactions.
6741.2s 566 [I 2023-12-04 20:39:56,592] Trial 174 finished with value: 0.07828872365349952 and parameters: {'weight': 0.5293215671053818}. Best is trial 96 with value: 0.07841855067628427.
6741.4s 567 ScoresHybridRecommender: URM Detected 348 ( 2.8%) users with no interactions.
6741.4s 568 ScoresHybridRecommender: URM Detected 188 ( 0.8%) items with no interactions.
6776.9s 569 [I 2023-12-04 20:40:32,271] Trial 175 finished with value: 0.07833925163095705 and parameters: {'weight': 0.4964229746089428}. Best is trial 96 with value: 0.07841855067628427.
6777.1s 570 ScoresHybridRecommender: URM Detected 348 ( 2.8%) users with no interactions.
6777.1s 571 ScoresHybridRecommender: URM Detected 188 ( 0.8%) items with no interactions.
6812.5s 572 [I 2023-12-04 20:41:07,867] Trial 176 finished with value: 0.0783872746672676 and parameters: {'weight': 0.47702484860666994}. Best is trial 96 with value: 0.07841855067628427.
6812.7s 573 ScoresHybridRecommender: URM Detected 348 ( 2.8%) users with no interactions.
6812.7s 574 ScoresHybridRecommender: URM Detected 188 ( 0.8%) items with no interactions.
